Looking for git in: git
Using git 2.7.4 from git
> git rev-parse --show-toplevel
> git config --get commit.template
Open repository: /var/www/html/code1/codeigniter
> git status -z -u
> git show :ng6/src/app/login/login.component.ts
> git check-ignore -z --stdin
> git symbolic-ref --short HEAD
> git rev-parse master
> git rev-parse --symbolic-full-name master@{u}
fatal: no upstream configured for branch 'master'
> git for-each-ref --format %(refname) %(objectname) --sort -committerdate
> git remote --verbose
> git show :ng6/src/app/login/login.component.ts
> git show :ng6/src/app/FundooNotes/FundooNotes.component.html
> git status -z -u
> git symbolic-ref --short HEAD
> git rev-parse master
> git rev-parse --symbolic-full-name master@{u}
fatal: no upstream configured for branch 'master'
> git for-each-ref --format %(refname) %(objectname) --sort -committerdate
> git remote --verbose
> git show :ng6/src/app/FundooNotes/FundooNotes.component.ts
> git check-ignore -z --stdin
> git check-ignore -z --stdin
> git check-ignore -z --stdin
> git check-ignore -z --stdin
> git check-ignore -z --stdin
> git show :ng6/src/app/search-pipe.pipe.ts
> git ls-files --stage -- ng6/src/app/
> git show :ng6/src/app/FundooNotes/FundooNotes.component.ts
> git check-ignore -z --stdin
> git check-ignore -z --stdin
> git show :ng6/src/app/notes/search-pipe.pipe.ts
> git ls-files --stage -- ng6/src/app/notes/
> git show :ng6/src/app/FundooNotes/FundooNotes.component.ts
> git check-ignore -z --stdin
> git show :ng6/src/app/notes/search.pipe.ts
> git ls-files --stage -- ng6/src/app/notes/
> git show :ng6/src/app/FundooNotes/FundooNotes.component.ts
> git show :ng6/src/app/service/view.service.ts
> git show :ng6/src/app/service/notes.service.ts
> git show :ng6/src/app/service/view.service.ts
> git show :ng6/src/app/notes/search.pipe.ts
> git ls-files --stage -- ng6/src/app/notes/
> git show :ng6/src/app/FundooNotes/FundooNotes.component.ts
> git show :ng6/src/app/notes/notes.component.html
> git show :ng6/src/app/notes/notes.component.ts
> git show :ng6/src/app/notes/search.pipe.ts
> git ls-files --stage -- ng6/src/app/notes/
> git show :ng6/src/app/FundooNotes/FundooNotes.component.ts
> git check-ignore -z --stdin
> git check-ignore -z --stdin
> git check-ignore -z --stdin
> git show :ng6/src/app/app.module.ts
> git show :ng6/src/app/notes/notes.component.html
> git show :ng6/src/app/notes/search.pipe.ts
> git ls-files --stage -- ng6/src/app/notes/
> git show :ng6/src/app/notes/notes.component.html
> git show :ng6/src/app/notes/search.pipe.spec.ts
> git ls-files --stage -- ng6/src/app/notes/
> git show :ng6/src/app/notes/search.pipe.ts
> git ls-files --stage -- ng6/src/app/notes/
> git show :ng6/src/app/notes/search.pipe.spec.ts
> git ls-files --stage -- ng6/src/app/notes/
> git show :ng6/src/app/notes/search.pipe.ts
> git ls-files --stage -- ng6/src/app/notes/
> git show :ng6/src/app/notes/search.pipe.spec.ts
> git ls-files --stage -- ng6/src/app/notes/
> git show :ng6/src/app/notes/notes.component.html
> git show :ng6/src/app/notes/search.pipe.spec.ts
> git ls-files --stage -- ng6/src/app/notes/
> git show :ng6/src/app/notes/notes.component.html
> git show :ng6/src/app/notes/search.pipe.spec.ts
> git ls-files --stage -- ng6/src/app/notes/
> git show :ng6/src/app/notes/notes.component.html
> git show :ng6/src/app/notes/search.pipe.spec.ts
> git ls-files --stage -- ng6/src/app/notes/
> git show :ng6/src/app/notes/notes.component.html
> git show :ng6/src/app/notes/search.pipe.ts
> git ls-files --stage -- ng6/src/app/notes/
> git show :ng6/src/app/notes/notes.component.html
> git show :ng6/src/app/notes/notes.component.ts
> git show :ng6/src/app/notes/notes.component.html
> git show :ng6/src/app/notes/search.pipe.ts
> git ls-files --stage -- ng6/src/app/notes/
> git show :ng6/src/app/notes/notes.component.html
> git show :ng6/src/app/ForgotPassword/ForgotPassword.component.ts
> git show :ng6/src/app/notes/notes.component.html
> git show :ng6/src/app/archive/archive.component.html
> git show :ng6/src/app/notes/notes.component.html
> git show :ng6/src/app/collaborator/collaborator.component.html
> git show :ng6/src/app/notes/notes.component.html
> git show :ng6/src/app/reminder/reminder.component.ts
> git show :ng6/src/app/collaborator/collaborator.component.css
> git show :ng6/src/app/notes/notes.component.html
> git show :application/config/routes.php
> git show :ng6/src/app/notes/notes.component.html
> git show :ng6/src/app/notes/search.pipe.ts
> git ls-files --stage -- ng6/src/app/notes/
> git show :ng6/src/app/app.module.ts
> git show :ng6/src/app/notes/search.pipe.ts
> git ls-files --stage -- ng6/src/app/notes/
> git show :ng6/src/app/notes/notes.component.ts
> git show :ng6/src/app/notes/notes.component.html
> git show :ng6/src/app/notes/search.pipe.ts
> git ls-files --stage -- ng6/src/app/notes/
> git show :ng6/src/app/notes/notes.component.html
> git show :ng6/src/app/notes/search.pipe.ts
> git ls-files --stage -- ng6/src/app/notes/
> git show :ng6/src/app/FundooNotes/FundooNotes.component.ts
> git show :ng6/src/app/service/view.service.ts
> git check-ignore -z --stdin
> git show :application/controllers/Accountcontroller.php
> git show :application/controllers/Notescontroller.php
> git show :application/controllers/Accountcontroller.php
> git show :application/controllers/Notescontroller.php
> git show :application/controllers/Manage_Accounts.php
> git show :application/controllers/Notescontroller.php
> git show :application/controllers/Welcome.php
> git show :application/controllers/testingcontroller.php
> git show :application/controllers/TestCase.php
> git show :application/controllers/test.html
> git show :application/controllers/Notescontroller.php
> git show :application/controllers/Main.php
> git show :application/controllers/Accountcontroller.php
> git show :ng6/src/environments/environment.ts
> git show :ng6/src/app/service/dataservice.service.ts
> git show :ng6/src/environments/environment.ts
> git show :ng6/src/app/service/dataservice.service.spec.ts
> git show :ng6/src/app/service/dataservice.service.ts
> git show :ng6/src/app/login/login.component.ts
> git show :ng6/src/app/notes/notes.component.ts
> git show :ng6/src/app/service/view.service.ts
> git show :ng6/src/app/login/login.component.ts
> git show :ng6/src/app/service/view.service.ts
> git show :ng6/src/app/login/login.component.ts
> git show :application/controllers/Accountcontroller.php
> git show :application/controllers/Notescontroller.php
> git show :application/controllers/Accountcontroller.php
> git show :application/controllers/Notescontroller.php
> git show :application/controllers/Accountcontroller.php
> git show :application/controllers/Notescontroller.php
> git show :application/controllers/Accountcontroller.php
> git show :ng6/src/app/login/login.component.ts
> git show :ng6/src/app/login/login.component.html
> git show :ng6/src/app/app.module.ts
> git show :ng6/src/app/service/dataservice.service.ts
> git show :ng6/src/app/service/notes.service.ts
> git show :ng6/src/app/notes/notes.component.ts
> git show :ng6/src/app/service/notes.service.ts
> git show :ng6/src/app/notes/notes.component.ts
> git show :ng6/src/app/service/notes.service.ts
> git show :ng6/src/app/app.module.ts
> git show :ng6/src/app/service/notes.service.ts
> git show :ng6/src/app/notes/notes.component.ts
> git show :ng6/src/app/service/notes.service.ts
> git show :application/config/routes.php
> git show :application/controllers/Notescontroller.php
> git show :application/config/routes.php
> git show :ng6/src/app/service/notes.service.ts
> git show :application/controllers/Notescontroller.php
> git show :ng6/src/app/notes/notes.component.ts
> git show :ng6/src/app/app.component.ts
> git show :ng6/src/app/app.module.ts
> git show :ng6/src/app/notes/notes.component.ts
> git show :ng6/src/environments/environment.ts
> git show :ng6/src/app/notes/notes.component.ts
> git show :ng6/src/app/app.module.ts
> git show :ng6/src/app/app-routing.module.ts
> git show :ng6/src/app/notes/notes.component.ts
> git show :ng6/src/app/service/notes.service.ts
> git show :application/controllers/Accountcontroller.php
> git show :application/controllers/Notescontroller.php
> git show :ng6/src/app/notes/notes.component.html
> git show :application/controllers/Notescontroller.php
> git show :ng6/src/app/login/login.component.html
> git show :ng6/src/app/login/login.component.ts
> git show :ng6/src/app/notes/notes.component.ts
> git show :ng6/src/app/notes/notes.component.html
> git show :ng6/src/app/notes/notes.component.ts
> git show :ng6/src/app/service/view.service.ts
> git show :ng6/src/app/notes/notes.component.ts
> git show :ng6/src/app/notes/notes.component.html
> git show :ng6/src/app/notes/search.pipe.ts
> git ls-files --stage -- ng6/src/app/notes/
> git show :ng6/src/app/notes/notes.component.ts
> git show :ng6/src/app/sociallogin-config.service.ts
> git ls-files --stage -- ng6/src/app/
> git show :ng6/src/app/login/login.component.ts
> git show :ng6/src/app/login/login.component.html
> git show :ng6/src/app/login/login.component.ts
> git show :ng6/src/app/notes/notes.component.html
> git show :ng6/src/app/notes/notes.component.css
> git show :ng6/src/app/notes/notes.component.html
> git show :ng6/src/app/notes/notes.component.ts
> git show :ng6/src/app/login/login.component.ts
> git show :ng6/src/app/service/dataservice.service.ts
> git show :ng6/src/app/login/login.component.ts
> git show :ng6/src/app/notes/notes.component.ts
> git show :ng6/src/app/login/login.component.ts
> git show :ng6/src/app/service/dataservice.service.ts
> git show :ng6/src/app/notes/notes.component.ts
> git show :ng6/src/app/login/login.component.ts
> git show :ng6/src/app/service/dataservice.service.ts
> git show :application/config/routes.php
> git show :application/controllers/Accountcontroller.php
> git show :application/controllers/SocialLoginController.php
> git ls-files --stage -- application/controllers/
> git check-ignore -z --stdin
> git show :application/controllers/Accountcontroller.php
> git show :application/controllers/SocialLoginController.php
> git ls-files --stage -- application/controllers/
> git show :application/controllers/Accountcontroller.php
> git show :application/controllers/SocialLoginController.php
> git ls-files --stage -- application/controllers/
> git show :application/controllers/Accountcontroller.php
> git show :application/controllers/SocialLoginController.php
> git ls-files --stage -- application/controllers/
> git show :application/config/routes.php
> git show :application/controllers/Accountcontroller.php
> git show :application/controllers/SocialLoginController.php
> git ls-files --stage -- application/controllers/
> git show :application/controllers/Accountcontroller.php
> git show :ng6/src/app/login/login.component.spec.ts
> git show :ng6/src/app/login/login.component.ts
> git show :ng6/src/app/service/dataservice.service.ts
> git show :application/controllers/Accountcontroller.php
> git show :ng6/src/app/login/login.component.ts
> git show :application/controllers/SocialLoginController.php
> git ls-files --stage -- application/controllers/
> git show :application/controllers/Accountcontroller.php
> git show :ng6/src/app/login/login.component.ts
> git show :application/controllers/Accountcontroller.php
> git show :ng6/src/app/login/login.component.ts
> git show :ng6/src/app/service/dataservice.service.ts
> git show :ng6/src/app/login/login.component.ts
> git show :application/controllers/Accountcontroller.php
> git show :ng6/src/app/login/login.component.ts
> git show :ng6/src/app/service/dataservice.service.ts
> git show :application/controllers/Accountcontroller.php
> git show :ng6/src/app/service/notes.service.ts
> git show :ng6/src/app/service/dataservice.service.ts
> git show :application/controllers/Accountcontroller.php
> git check-ignore -z --stdin
> git show :application/service/Account
> git ls-files --stage -- application/service/
> git check-ignore -z --stdin
> git show :application/controllers/Accountcontroller.php
> git show :application/service/AccountControllerService.php
> git ls-files --stage -- application/service/
> git check-ignore -z --stdin
> git show :application/controllers/Notescontroller.php
> git show :application/service/NoteControllerService.php
> git ls-files --stage -- application/service/
> git check-ignore -z --stdin
> git show :application/service/AccountControllerService.php
> git ls-files --stage -- application/service/
> git show :application/controllers/Accountcontroller.php
> git show :application/service/AccountControllerService.php
> git ls-files --stage -- application/service/
> git show :application/controllers/Accountcontroller.php
> git show :application/service/AccountControllerService.php
> git ls-files --stage -- application/service/
> git show :application/controllers/Accountcontroller.php
> git show :application/service/AccountControllerService.php
> git ls-files --stage -- application/service/
> git show :application/controllers/Accountcontroller.php
> git show :application/service/AccountControllerService.php
> git ls-files --stage -- application/service/
> git show :application/controllers/Accountcontroller.php
> git show :application/service/AccountControllerService.php
> git ls-files --stage -- application/service/
> git show :application/controllers/Accountcontroller.php
> git show :application/service/AccountControllerService.php
> git ls-files --stage -- application/service/
> git show :application/controllers/Notescontroller.php
> git show :application/controllers/Accountcontroller.php
> git show :application/service/AccountControllerService.php
> git ls-files --stage -- application/service/
> git show :application/controllers/Accountcontroller.php
> git show :application/service/AccountControllerService.php
> git ls-files --stage -- application/service/
> git show :application/controllers/Accountcontroller.php
> git show :application/service/AccountControllerService.php
> git ls-files --stage -- application/service/
> git show :application/controllers/Accountcontroller.php
> git show :application/service/AccountControllerService.php
> git ls-files --stage -- application/service/
> git show :ng6/src/app/login/login.component.html
> git show :ng6/src/app/login/login.component.ts
> git show :application/service/AccountControllerService.php
> git ls-files --stage -- application/service/
> git show :application/controllers/Accountcontroller.php
> git show :application/service/AccountControllerService.php
> git ls-files --stage -- application/service/
> git show :system/core/Common.php
> git show :application/service/AccountControllerService.php
> git ls-files --stage -- application/service/
> git show :application/controllers/Accountcontroller.php
> git show :application/service/AccountControllerService.php
> git ls-files --stage -- application/service/
> git show :application/controllers/Notescontroller.php
> git show :application/service/AccountControllerService.php
> git ls-files --stage -- application/service/
> git show :application/controllers/Accountcontroller.php
> git show :application/service/AccountControllerService.php
> git ls-files --stage -- application/service/
> git show :application/controllers/Accountcontroller.php
> git show :system/core/CodeIgniter.php
> git check-ignore -z --stdin
> git show :application/controllers/Accountcontroller.php
> git show :application/service/AccountControllerService.php
> git ls-files --stage -- application/service/
> git show :application/controllers/Accountcontroller.php
> git show :application/service/AccountControllerService.php
> git ls-files --stage -- application/service/
> git show :application/controllers/Accountcontroller.php
> git show :application/service/AccountControllerService.php
> git ls-files --stage -- application/service/
> git show :application/controllers/Accountcontroller.php
> git show :application/service/AccountControllerService.php
> git ls-files --stage -- application/service/
> git show :application/controllers/Accountcontroller.php
> git show :ng6/src/app/app.module.ts
> git show :application/controllers/Accountcontroller.php
> git show :application/service/AccountControllerService.php
> git ls-files --stage -- application/service/
> git show :application/controllers/Accountcontroller.php
> git show :application/service/AccountControllerService.php
> git ls-files --stage -- application/service/
> git show :application/controllers/Accountcontroller.php
> git show :application/service/AccountControllerService.php
> git ls-files --stage -- application/service/
> git show :application/service/NoteControllerService.php
> git ls-files --stage -- application/service/
> git show :application/controllers/Accountcontroller.php
> git show :ng6/src/app/login/login.component.ts
> git show :application/service/NoteControllerService.php
> git ls-files --stage -- application/service/
> git show :application/controllers/Accountcontroller.php
> git show :application/controllers/Notescontroller.php
> git show :application/controllers/Accountcontroller.php
> git show :application/controllers/Notescontroller.php
> git show :application/controllers/Accountcontroller.php
> git show :application/controllers/Notescontroller.php
> git show :application/controllers/Accountcontroller.php
> git show :application/service/NoteControllerService.php
> git ls-files --stage -- application/service/
> git check-ignore -z --stdin
> git show :application/controllers/Accountcontroller.php
> git show :application/controllers/Notescontroller.php
> git show :application/service/NoteControllerService.php
> git ls-files --stage -- application/service/
> git show :application/service/AccountControllerService.php
> git ls-files --stage -- application/service/
> git show :application/controllers/Notescontroller.php
> git show :application/controllers/Accountcontroller.php
> git show :application/controllers/Notescontroller.php
> git show :application/service/NoteControllerService.php
> git ls-files --stage -- application/service/
> git show :application/controllers/Notescontroller.php
> git show :application/service/NoteControllerService.php
> git ls-files --stage -- application/service/
> git show :application/controllers/Notescontroller.php
> git show :application/service/NoteControllerService.php
> git ls-files --stage -- application/service/
> git show :application/controllers/Notescontroller.php
> git show :application/service/NoteControllerService.php
> git ls-files --stage -- application/service/
> git show :application/controllers/Notescontroller.php
> git show :application/service/NoteControllerService.php
> git ls-files --stage -- application/service/
> git show :application/controllers/Notescontroller.php
> git show :application/service/NoteControllerService.php
> git ls-files --stage -- application/service/
> git show :application/controllers/Notescontroller.php
> git check-ignore -z --stdin
> git show :ng6/src/app/login/login.component.ts
> git show :application/controllers/Notescontroller.php
> git show :application/service/NoteControllerService.php
> git ls-files --stage -- application/service/
> git show :application/controllers/Notescontroller.php
> git show :application/service/NoteControllerService.php
> git ls-files --stage -- application/service/
> git show :application/controllers/Notescontroller.php
> git show :ng6/src/app/login/login.component.ts
> git show :application/service/NoteControllerService.php
> git ls-files --stage -- application/service/
> git show :application/controllers/Notescontroller.php
> git show :application/service/NoteControllerService.php
> git ls-files --stage -- application/service/
> git show :application/controllers/Notescontroller.php
> git show :application/service/NoteControllerService.php
> git ls-files --stage -- application/service/
> git show :application/controllers/Notescontroller.php
> git show :application/service/NoteControllerService.php
> git ls-files --stage -- application/service/
> git show :application/controllers/Notescontroller.php
> git show :application/service/NoteControllerService.php
> git ls-files --stage -- application/service/
> git show :application/controllers/Notescontroller.php
> git show :application/service/NoteControllerService.php
> git ls-files --stage -- application/service/
> git show :application/controllers/Notescontroller.php
> git show :application/service/NoteControllerService.php
> git ls-files --stage -- application/service/
> git show :application/controllers/Notescontroller.php
> git show :application/service/NoteControllerService.php
> git ls-files --stage -- application/service/
> git show :application/controllers/Notescontroller.php
> git show :application/service/NoteControllerService.php
> git ls-files --stage -- application/service/
> git show :application/controllers/Notescontroller.php
> git show :application/service/NoteControllerService.php
> git ls-files --stage -- application/service/
> git show :application/controllers/Notescontroller.php
> git show :application/service/NoteControllerService.php
> git ls-files --stage -- application/service/
> git show :application/controllers/Notescontroller.php
> git show :application/service/NoteControllerService.php
> git ls-files --stage -- application/service/
> git show :application/controllers/Notescontroller.php
> git show :application/service/NoteControllerService.php
> git ls-files --stage -- application/service/
> git show :application/controllers/Notescontroller.php
> git show :application/service/NoteControllerService.php
> git ls-files --stage -- application/service/
> git show :application/controllers/Notescontroller.php
> git show :application/service/NoteControllerService.php
> git ls-files --stage -- application/service/
> git show :application/controllers/Notescontroller.php
> git show :application/service/NoteControllerService.php
> git ls-files --stage -- application/service/
> git show :application/controllers/Notescontroller.php
> git show :application/service/NoteControllerService.php
> git ls-files --stage -- application/service/
> git show :application/controllers/Notescontroller.php
> git show :application/service/NoteControllerService.php
> git ls-files --stage -- application/service/
> git show :application/controllers/Notescontroller.php
> git show :application/service/NoteControllerService.php
> git ls-files --stage -- application/service/
> git show :application/controllers/Notescontroller.php
> git show :application/service/NoteControllerService.php
> git ls-files --stage -- application/service/
> git show :application/controllers/Notescontroller.php
> git show :application/service/NoteControllerService.php
> git ls-files --stage -- application/service/
> git show :application/controllers/Notescontroller.php
> git show :application/service/NoteControllerService.php
> git ls-files --stage -- application/service/
> git show :application/controllers/Notescontroller.php
> git show :ng6/src/app/login/login.component.ts
> git show :ng6/src/app/service/dataservice.service.ts
> git show :ng6/src/app/login/login.component.ts
> git show :ng6/src/app/service/dataservice.service.ts
> git show :ng6/src/app/login/login.component.ts
> git show :ng6/src/app/notes/notes.component.ts
> git show :ng6/src/app/login/login.component.ts
> git check-ignore -z --stdin
> git check-ignore -z --stdin
> git show :application/rabitMQ/send.php
> git ls-files --stage -- application/rabitMQ/
> git check-ignore -z --stdin
> git show :application/rabitMQ/receive.php
> git ls-files --stage -- application/rabitMQ/
> git check-ignore -z --stdin
> git show :application/rabitMQ/send.php
> git ls-files --stage -- application/rabitMQ/
> git show :application/controllers/Accountcontroller.php
> git show :application/service/AccountControllerService.php
> git show :application/rabitMQ/send.php
> git ls-files --stage -- application/rabitMQ/
> git show :application/rabitMQ/receive.php
> git ls-files --stage -- application/rabitMQ/
> git check-ignore -z --stdin
> git show :application/rabitMQ/send.php
> git ls-files --stage -- application/rabitMQ/
> git show :application/rabitMQ/receive.php
> git ls-files --stage -- application/rabitMQ/
> git show :application/service/AccountControllerService.php
> git show :application/rabitMQ/send.php
> git ls-files --stage -- application/rabitMQ/
> git show :application/service/AccountControllerService.php
> git show :application/controllers/mail_configuration.php
> git check-ignore -z --stdin
> git check-ignore -z --stdin
> git show :application/vendor/autoload.php
> git show :application/vendor/core.php
> git check-ignore -z --stdin
> git check-ignore -z --stdin
> git check-ignore -z --stdin
> git show :application/vendor/phpmailer/phpmailer/src/PHPMailer.php
> git show :application/controllers/SocialLoginController.php
> git show :application/service/AccountControllerService.php
> git show :application/vendor/phpmailer/phpmailer/src/PHPMailer.php
> git show :application/vendor/autoload.php
> git show :application/vendor/core.php
> git show :application/vendor/autoload.php
> git show :application/vendor/phpmailer/phpmailer/get_oauth_token.php
> git check-ignore -z --stdin
> git check-ignore -z --stdin
> git check-ignore -z --stdin
> git show :application/vendor/phpmailer/phpmailer/src/SMTP.php
> git show :application/vendor/phpmailer/phpmailer/src/POP3.php
> git show :application/vendor/phpmailer/phpmailer/src/PHPMailer.php
> git show :application/DbTestCase.php
> git show :application/Bootstrap.php
> git show :application/rabitMQ/send.php
> git ls-files --stage -- application/rabitMQ/
> git show :application/rabitMQ/receive.php
> git ls-files --stage -- application/rabitMQ/
> git show :application/rabitMQ/send.php
> git ls-files --stage -- application/rabitMQ/
> git show :application/service/NoteControllerService.php
> git show :application/service/AccountControllerService.php
> git check-ignore -z --stdin
> git show :application/vendor/phpmailer/phpmailer/src/PHPMailer.php
> git show :application/service/AccountControllerService.php
> git check-ignore -z --stdin
> git check-ignore -z --stdin
> git show :application/vendor/composer/ClassLoader.php
> git show :application/controllers/mail_configuration.php
> git show :application/service/AccountControllerService.php
> git show :application/rabitMQ/send.php
> git ls-files --stage -- application/rabitMQ/
> git show :application/service/AccountControllerService.php
> git show :application/rabitMQ/receive.php
> git ls-files --stage -- application/rabitMQ/
> git show :application/service/AccountControllerService.php
> git show :application/vendor/composer/ClassLoader.php
> git show :application/rabitMQ/send.php
> git ls-files --stage -- application/rabitMQ/
> git show :application/rabitMQ/receive.php
> git ls-files --stage -- application/rabitMQ/
> git show :application/service/AccountControllerService.php
> git show :application/rabitMQ/send.php
> git ls-files --stage -- application/rabitMQ/
> git show :application/rabitMQ/vendor/php-amqplib/php-amqplib/PhpAmqpLib/Connection/AbstractConnection.php
> git ls-files --stage -- application/rabitMQ/vendor/php-amqplib/php-amqplib/PhpAmqpLib/Connection/
> git check-ignore -z --stdin
> git show :application/service/AccountControllerService.php
> git show :application/rabitMQ/send.php
> git ls-files --stage -- application/rabitMQ/
> git show :application/rabitMQ/vendor/php-amqplib/php-amqplib/PhpAmqpLib/Connection/AbstractConnection.php
> git ls-files --stage -- application/rabitMQ/vendor/php-amqplib/php-amqplib/PhpAmqpLib/Connection/
> git show :application/service/AccountControllerService.php
> git show :application/rabitMQ/send.php
> git ls-files --stage -- application/rabitMQ/
> git show :application/rabitMQ/receive.php
> git ls-files --stage -- application/rabitMQ/
> git show :application/rabitMQ/send.php
> git ls-files --stage -- application/rabitMQ/
> git show :application/service/AccountControllerService.php
> git show :application/rabitMQ/send.php
> git ls-files --stage -- application/rabitMQ/
> git show :application/controllers/vendor/composer/ClassLoader.php
> git check-ignore -z --stdin
> git show :application/rabitMQ/vendor/php-amqplib/php-amqplib/PhpAmqpLib/Connection/AMQPStreamConnection.php
> git ls-files --stage -- application/rabitMQ/vendor/php-amqplib/php-amqplib/PhpAmqpLib/Connection/
> git show :application/rabitMQ/vendor/php-amqplib/php-amqplib/PhpAmqpLib/Connection/AbstractConnection.php
> git ls-files --stage -- application/rabitMQ/vendor/php-amqplib/php-amqplib/PhpAmqpLib/Connection/
> git show :application/rabitMQ/send.php
> git ls-files --stage -- application/rabitMQ/
> git show :application/service/AccountControllerService.php
> git show :application/rabitMQ/send.php
> git ls-files --stage -- application/rabitMQ/
> git show :application/rabitMQ/vendor/php-amqplib/php-amqplib/PhpAmqpLib/Wire/AMQPWriter.php
> git ls-files --stage -- application/rabitMQ/vendor/php-amqplib/php-amqplib/PhpAmqpLib/Wire/
> git check-ignore -z --stdin
> git show :application/rabitMQ/receive.php
> git ls-files --stage -- application/rabitMQ/
> git show :application/service/AccountControllerService.php
> git show :application/rabitMQ/send.php
> git ls-files --stage -- application/rabitMQ/
> git show :application/controllers/vendor/composer/ClassLoader.php
> git show :application/rabitMQ/vendor/php-amqplib/php-amqplib/PhpAmqpLib/Connection/AMQPStreamConnection.php
> git ls-files --stage -- application/rabitMQ/vendor/php-amqplib/php-amqplib/PhpAmqpLib/Connection/
> git show :application/rabitMQ/send.php
> git ls-files --stage -- application/rabitMQ/
> git show :application/rabitMQ/vendor/php-amqplib/php-amqplib/PhpAmqpLib/Connection/AbstractConnection.php
> git ls-files --stage -- application/rabitMQ/vendor/php-amqplib/php-amqplib/PhpAmqpLib/Connection/
> git show :application/rabitMQ/send.php
> git ls-files --stage -- application/rabitMQ/
> git show :application/rabitMQ/vendor/php-amqplib/php-amqplib/PhpAmqpLib/Channel/AMQPChannel.php
> git ls-files --stage -- application/rabitMQ/vendor/php-amqplib/php-amqplib/PhpAmqpLib/Channel/
> git check-ignore -z --stdin
> git show :application/rabitMQ/send.php
> git ls-files --stage -- application/rabitMQ/
> git show :application/rabitMQ/vendor/php-amqplib/php-amqplib/PhpAmqpLib/Wire/AMQPWriter.php
> git ls-files --stage -- application/rabitMQ/vendor/php-amqplib/php-amqplib/PhpAmqpLib/Wire/
> git show :application/rabitMQ/send.php
> git ls-files --stage -- application/rabitMQ/
> git show :application/service/AccountControllerService.php
> git show :application/rabitMQ/send.php
> git ls-files --stage -- application/rabitMQ/
> git show :application/controllers/vendor/composer/ClassLoader.php
> git show :application/rabitMQ/vendor/php-amqplib/php-amqplib/PhpAmqpLib/Connection/AMQPStreamConnection.php
> git ls-files --stage -- application/rabitMQ/vendor/php-amqplib/php-amqplib/PhpAmqpLib/Connection/
> git show :application/rabitMQ/send.php
> git ls-files --stage -- application/rabitMQ/
> git show :application/rabitMQ/vendor/php-amqplib/php-amqplib/PhpAmqpLib/Wire/AMQPWriter.php
> git ls-files --stage -- application/rabitMQ/vendor/php-amqplib/php-amqplib/PhpAmqpLib/Wire/
> git show :application/rabitMQ/send.php
> git ls-files --stage -- application/rabitMQ/
> git show :application/rabitMQ/vendor/php-amqplib/php-amqplib/PhpAmqpLib/Channel/AMQPChannel.php
> git ls-files --stage -- application/rabitMQ/vendor/php-amqplib/php-amqplib/PhpAmqpLib/Channel/
> git show :application/rabitMQ/send.php
> git ls-files --stage -- application/rabitMQ/
> git show :system/core/Common.php
> git show :application/service/AccountControllerService.php
> git show :application/rabitMQ/send.php
> git ls-files --stage -- application/rabitMQ/
> git show :application/rabitMQ/vendor/php-amqplib/php-amqplib/PhpAmqpLib/Channel/AMQPChannel.php
> git ls-files --stage -- application/rabitMQ/vendor/php-amqplib/php-amqplib/PhpAmqpLib/Channel/
> git show :application/rabitMQ/vendor/php-amqplib/php-amqplib/PhpAmqpLib/Wire/AMQPWriter.php
> git ls-files --stage -- application/rabitMQ/vendor/php-amqplib/php-amqplib/PhpAmqpLib/Wire/
> git show :application/rabitMQ/vendor/php-amqplib/php-amqplib/PhpAmqpLib/Channel/AMQPChannel.php
> git ls-files --stage -- application/rabitMQ/vendor/php-amqplib/php-amqplib/PhpAmqpLib/Channel/
> git show :application/rabitMQ/vendor/php-amqplib/php-amqplib/PhpAmqpLib/Wire/AMQPWriter.php
> git ls-files --stage -- application/rabitMQ/vendor/php-amqplib/php-amqplib/PhpAmqpLib/Wire/
> git show :application/rabitMQ/send.php
> git ls-files --stage -- application/rabitMQ/
> git show :application/rabitMQ/vendor/php-amqplib/php-amqplib/PhpAmqpLib/Channel/AMQPChannel.php
> git ls-files --stage -- application/rabitMQ/vendor/php-amqplib/php-amqplib/PhpAmqpLib/Channel/
> git show :application/rabitMQ/vendor/php-amqplib/php-amqplib/PhpAmqpLib/Connection/AbstractConnection.php
> git ls-files --stage -- application/rabitMQ/vendor/php-amqplib/php-amqplib/PhpAmqpLib/Connection/
> git show :system/core/Common.php
> git show :application/service/AccountControllerService.php
> git show :application/rabitMQ/send.php
> git ls-files --stage -- application/rabitMQ/
> git show :application/rabitMQ/vendor/php-amqplib/php-amqplib/PhpAmqpLib/Channel/AMQPChannel.php
> git ls-files --stage -- application/rabitMQ/vendor/php-amqplib/php-amqplib/PhpAmqpLib/Channel/
> git show :application/rabitMQ/vendor/php-amqplib/php-amqplib/PhpAmqpLib/Wire/AMQPWriter.php
> git ls-files --stage -- application/rabitMQ/vendor/php-amqplib/php-amqplib/PhpAmqpLib/Wire/
> git show :application/service/AccountControllerService.php
> git show :application/rabitMQ/send.php
> git ls-files --stage -- application/rabitMQ/
> git show :application/service/AccountControllerService.php
> git show :application/rabitMQ/send.php
> git ls-files --stage -- application/rabitMQ/
> git show :application/rabitMQ/vendor/php-amqplib/php-amqplib/PhpAmqpLib/Channel/AMQPChannel.php
> git ls-files --stage -- application/rabitMQ/vendor/php-amqplib/php-amqplib/PhpAmqpLib/Channel/
> git show :application/rabitMQ/send.php
> git ls-files --stage -- application/rabitMQ/
> git show :application/rabitMQ/receive.php
> git ls-files --stage -- application/rabitMQ/
> git show :application/rabitMQ/vendor/php-amqplib/php-amqplib/PhpAmqpLib/Channel/AMQPChannel.php
> git ls-files --stage -- application/rabitMQ/vendor/php-amqplib/php-amqplib/PhpAmqpLib/Channel/
> git show :application/rabitMQ/receive.php
> git ls-files --stage -- application/rabitMQ/
> git show :application/rabitMQ/send.php
> git ls-files --stage -- application/rabitMQ/
> git show :application/service/AccountControllerService.php
> git show :application/rabitMQ/send.php
> git ls-files --stage -- application/rabitMQ/
> git show :application/controllers/vendor/composer/ClassLoader.php
> git show :application/rabitMQ/vendor/php-amqplib/php-amqplib/PhpAmqpLib/Connection/AMQPStreamConnection.php
> git ls-files --stage -- application/rabitMQ/vendor/php-amqplib/php-amqplib/PhpAmqpLib/Connection/
> git show :application/rabitMQ/send.php
> git ls-files --stage -- application/rabitMQ/
> git show :application/service/AccountControllerService.php
> git show :application/controllers/Accountcontroller.php
> git show :system/core/CodeIgniter.php
> git show :system/core/Common.php
> git show :application/rabitMQ/vendor/php-amqplib/php-amqplib/PhpAmqpLib/Connection/AbstractConnection.php
> git ls-files --stage -- application/rabitMQ/vendor/php-amqplib/php-amqplib/PhpAmqpLib/Connection/
> git show :application/controllers/Accountcontroller.php
> git show :application/service/AccountControllerService.php
> git show :application/rabitMQ/send.php
> git ls-files --stage -- application/rabitMQ/
> git show :application/rabitMQ/receive.php
> git ls-files --stage -- application/rabitMQ/
> git show :application/rabitMQ/send.php
> git ls-files --stage -- application/rabitMQ/
> git show :application/service/AccountControllerService.php
> git show :application/rabitMQ/send.php
> git ls-files --stage -- application/rabitMQ/
> git show :application/controllers/vendor/composer/ClassLoader.php
> git show :application/rabitMQ/send.php
> git ls-files --stage -- application/rabitMQ/
> git show :application/rabitMQ/receive.php
> git ls-files --stage -- application/rabitMQ/
> git show :application/rabitMQ/send.php
> git ls-files --stage -- application/rabitMQ/
> git show :application/rabitMQ/receive.php
> git ls-files --stage -- application/rabitMQ/
> git show :application/rabitMQ/send.php
> git ls-files --stage -- application/rabitMQ/
> git show :application/rabitMQ/receive.php
> git ls-files --stage -- application/rabitMQ/
> git show :application/controllers/Notescontroller.php
> git show :application/service/AccountControllerService.php
> git show :application/rabitMQ/send.php
> git ls-files --stage -- application/rabitMQ/
> git show :application/controllers/vendor/composer/ClassLoader.php
> git show :application/rabitMQ/vendor/php-amqplib/php-amqplib/PhpAmqpLib/Connection/AMQPStreamConnection.php
> git ls-files --stage -- application/rabitMQ/vendor/php-amqplib/php-amqplib/PhpAmqpLib/Connection/
> git show :application/rabitMQ/send.php
> git ls-files --stage -- application/rabitMQ/
> git show :application/rabitMQ/vendor/php-amqplib/php-amqplib/PhpAmqpLib/Connection/AMQPStreamConnection.php
> git ls-files --stage -- application/rabitMQ/vendor/php-amqplib/php-amqplib/PhpAmqpLib/Connection/
> git show :application/rabitMQ/vendor/php-amqplib/php-amqplib/PhpAmqpLib/Wire/IO/StreamIO.php
> git ls-files --stage -- application/rabitMQ/vendor/php-amqplib/php-amqplib/PhpAmqpLib/Wire/IO/
> git show :application/rabitMQ/receive.php
> git ls-files --stage -- application/rabitMQ/
> git show :application/rabitMQ/send.php
> git ls-files --stage -- application/rabitMQ/
> git show :ng6/src/app/notes/notes.component.html
> git show :application/rabitMQ/send.php
> git ls-files --stage -- application/rabitMQ/
> git show :ng6/src/app/login/login.component.spec.ts
> git show :ng6/src/app/app.module.ts
> git show :ng6/src/app/login/login.component.spec.ts
> git show :application/rabitMQ/send.php
> git ls-files --stage -- application/rabitMQ/
> git show :application/service/AccountControllerService.php
> git show :application/rabitMQ/send.php
> git ls-files --stage -- application/rabitMQ/
> git show :application/rabitMQ/receive.php
> git ls-files --stage -- application/rabitMQ/
> git check-ignore -z --stdin
> git show :application/service/AccountControllerService.php
> git show :application/rabitMQ/send.php
> git ls-files --stage -- application/rabitMQ/
> git show :application/rabitMQ/receive.php
> git ls-files --stage -- application/rabitMQ/
> git show :application/rabitMQ/send.php
> git ls-files --stage -- application/rabitMQ/
> git show :application/service/AccountControllerService.php
> git show :application/rabitMQ/receive.php
> git ls-files --stage -- application/rabitMQ/
> git show :application/rabitMQ/send.php
> git ls-files --stage -- application/rabitMQ/
> git show :application/service/AccountControllerService.php
> git show :application/rabitMQ/send.php
> git ls-files --stage -- application/rabitMQ/
> git show :application/rabitMQ/receive.php
> git ls-files --stage -- application/rabitMQ/
> git show :application/service/AccountControllerService.php
> git show :application/rabitMQ/send.php
> git ls-files --stage -- application/rabitMQ/
> git show :application/controllers/vendor/composer/ClassLoader.php
> git show :application/rabitMQ/vendor/php-amqplib/php-amqplib/PhpAmqpLib/Connection/AMQPStreamConnection.php
> git ls-files --stage -- application/rabitMQ/vendor/php-amqplib/php-amqplib/PhpAmqpLib/Connection/
> git show :application/rabitMQ/send.php
> git ls-files --stage -- application/rabitMQ/
> git show :application/service/AccountControllerService.php
> git show :application/rabitMQ/receive.php
> git ls-files --stage -- application/rabitMQ/
> git show :application/rabitMQ/send.php
> git ls-files --stage -- application/rabitMQ/
> git show :application/service/AccountControllerService.php
> git show :application/rabitMQ/send.php
> git ls-files --stage -- application/rabitMQ/
> git show :application/rabitMQ/receive.php
> git ls-files --stage -- application/rabitMQ/
> git show :application/rabitMQ/send.php
> git ls-files --stage -- application/rabitMQ/
> git show :application/rabitMQ/receive.php
> git ls-files --stage -- application/rabitMQ/
> git show :application/service/AccountControllerService.php
> git show :application/rabitMQ/send.php
> git ls-files --stage -- application/rabitMQ/
> git show :application/service/AccountControllerService.php
> git show :application/controllers/Accountcontroller.php
> git show :application/rabitMQ/receive.php
> git ls-files --stage -- application/rabitMQ/
> git show :application/rabitMQ/send.php
> git ls-files --stage -- application/rabitMQ/
> git show :application/service/AccountControllerService.php
> git show :application/controllers/Accountcontroller.php
> git show :application/controllers/vendor/composer/ClassLoader.php
> git show :application/service/AccountControllerService.php
> git show :application/rabitMQ/send.php
> git ls-files --stage -- application/rabitMQ/
> git show :application/service/AccountControllerService.php
> git show :application/controllers/Accountcontroller.php
> git show :system/core/CodeIgniter.php
> git show :application/service/AccountControllerService.php
> git show :application/rabitMQ/send.php
> git ls-files --stage -- application/rabitMQ/
> git show :application/service/AccountControllerService.php
> git show :application/rabitMQ/send.php
> git ls-files --stage -- application/rabitMQ/
> git show :application/service/AccountControllerService.php
> git show :application/rabitMQ/receive.php
> git ls-files --stage -- application/rabitMQ/
> git show :application/rabitMQ/send.php
> git ls-files --stage -- application/rabitMQ/
> git show :application/service/AccountControllerService.php
> git show :application/rabitMQ/receive.php
> git ls-files --stage -- application/rabitMQ/
> git show :application/service/AccountControllerService.php
> git show :application/controllers/Accountcontroller.php
> git show :application/rabitMQ/send.php
> git ls-files --stage -- application/rabitMQ/
> git show :application/rabitMQ/receive.php
> git ls-files --stage -- application/rabitMQ/
> git show :application/rabitMQ/send.php
> git ls-files --stage -- application/rabitMQ/
> git check-ignore -z --stdin
