Looking for git in: git
Using git 2.7.4 from git
> git rev-parse --show-toplevel
> git config --get commit.template
Open repository: /var/www/html/code1/codeigniter
> git status -z -u
> git show :application/controllers/testingcontroller.php
> git ls-files --stage -- application/controllers/
> git check-ignore -z --stdin
> git check-ignore -z --stdin
> git check-ignore -z --stdin
> git check-ignore -z --stdin
> git check-ignore -z --stdin
> git check-ignore -z --stdin
> git check-ignore -z --stdin
> git show :ng6/src/app/app.module.ts
> git show :ng6/src/app/app-routing.module.ts
> git show :ng6/src/app/app.module.ts
> git check-ignore -z --stdin
> git show :ng6/src/app/service/view.service.ts
> git check-ignore -z --stdin
> git show :ng6/src/app/notes/notes.component.html
> git status -z -u
> git status -z -u
> git status -z -u
> git status -z -u
> git show :ng6/src/app/notes/notes.component.ts
> git show :ng6/src/app/notes/notes.component.html
> git show :ng6/src/app/notes/notes.component.ts
> git show :ng6/src/app/service/auth.service.ts
> git ls-files --stage -- ng6/src/app/service/
> git show :ng6/src/app/notes/notes.component.ts
> git show :ng6/src/app/auth.guard.ts
> git ls-files --stage -- ng6/src/app/
> git show :ng6/src/app/notes/notes.component.ts
> git show :ng6/src/app/notes/notes.component.html
> git show :ng6/src/app/login/login.component.ts
> git check-ignore -z --stdin
> git show :ng6/src/app/notes/notes.component.ts
