[2018-11-03 10:22:40.104] [renderer1] [info] no standard startup: panel is active
[2018-11-03 10:54:54.094] [renderer1] [error] Inotify limit reached (ENOSPC)
[2018-11-03 11:51:24.226] [renderer1] [error] ioctl(2) failed.: Error: ioctl(2) failed.
    at UnixTerminal.resize (/usr/share/code/resources/app/node_modules.asar/node-pty/lib/unixTerminal.js:227:13)
    at e.resize (file:///usr/share/code/resources/app/out/vs/workbench/workbench.main.js:2832:831)
    at e.setDimensions (file:///usr/share/code/resources/app/out/vs/workbench/workbench.main.js:3364:649)
    at file:///usr/share/code/resources/app/out/vs/workbench/workbench.main.js:3521:655
    at Object.g [as _notify] (file:///usr/share/code/resources/app/out/vs/workbench/workbench.main.js:154:729)
    at Object.enter (file:///usr/share/code/resources/app/out/vs/workbench/workbench.main.js:158:61)
    at n.Class.derive._oncancel._run (file:///usr/share/code/resources/app/out/vs/workbench/workbench.main.js:159:902)
    at n.Class.derive._oncancel._completed (file:///usr/share/code/resources/app/out/vs/workbench/workbench.main.js:159:343)
    at file:///usr/share/code/resources/app/out/vs/workbench/workbench.main.js:3362:86
    at e.fire (file:///usr/share/code/resources/app/out/vs/workbench/workbench.main.js:175:76)
    at file:///usr/share/code/resources/app/out/vs/workbench/workbench.main.js:3364:191
    at e.fire (file:///usr/share/code/resources/app/out/vs/workbench/workbench.main.js:175:76)
    at e._sendProcessId (file:///usr/share/code/resources/app/out/vs/workbench/workbench.main.js:2832:483)
    at file:///usr/share/code/resources/app/out/vs/workbench/workbench.main.js:2831:127
[2018-11-03 11:55:43.563] [renderer1] [error] File not found (file:///var/www/html/code1/phpunittest/vendor/phpunit/phpunit/src/Framework/TestCase.php): Error: File not found (file:///var/www/html/code1/phpunittest/vendor/phpunit/phpunit/src/Framework/TestCase.php)
    at new t (file:///usr/share/code/resources/app/out/vs/workbench/workbench.main.js:1384:653)
    at file:///usr/share/code/resources/app/out/vs/workbench/workbench.main.js:3286:514
    at Object.v [as _notify] (file:///usr/share/code/resources/app/out/vs/workbench/workbench.main.js:155:302)
    at Object.enter (file:///usr/share/code/resources/app/out/vs/workbench/workbench.main.js:158:568)
    at n.Class.derive._oncancel._run (file:///usr/share/code/resources/app/out/vs/workbench/workbench.main.js:159:902)
    at n.Class.derive._oncancel._error (file:///usr/share/code/resources/app/out/vs/workbench/workbench.main.js:159:419)
    at file:///usr/share/code/resources/app/out/vs/workbench/workbench.main.js:200:243
    at file:///usr/share/code/resources/app/out/vs/workbench/workbench.main.js:291:919
    at /usr/share/code/resources/app/node_modules.asar/graceful-fs/polyfills.js:284:29
    at FSReqWrap.oncomplete (original-fs.js:152:21)
[2018-11-03 12:05:43.526] [renderer1] [error] File not found (file:///var/www/html/code1/phpunittest/vendor/phpunit/phpunit/src/Framework/TestCase.php): Error: File not found (file:///var/www/html/code1/phpunittest/vendor/phpunit/phpunit/src/Framework/TestCase.php)
    at new t (file:///usr/share/code/resources/app/out/vs/workbench/workbench.main.js:1384:653)
    at file:///usr/share/code/resources/app/out/vs/workbench/workbench.main.js:3286:514
    at Object.v [as _notify] (file:///usr/share/code/resources/app/out/vs/workbench/workbench.main.js:155:302)
    at Object.enter (file:///usr/share/code/resources/app/out/vs/workbench/workbench.main.js:158:568)
    at n.Class.derive._oncancel._run (file:///usr/share/code/resources/app/out/vs/workbench/workbench.main.js:159:902)
    at n.Class.derive._oncancel._error (file:///usr/share/code/resources/app/out/vs/workbench/workbench.main.js:159:419)
    at file:///usr/share/code/resources/app/out/vs/workbench/workbench.main.js:200:243
    at file:///usr/share/code/resources/app/out/vs/workbench/workbench.main.js:291:919
    at /usr/share/code/resources/app/node_modules.asar/graceful-fs/polyfills.js:284:29
    at FSReqWrap.oncomplete (original-fs.js:152:21)
[2018-11-03 12:07:16.973] [renderer1] [error] File not found (file:///var/www/html/code1/phpunittest/vendor/phpunit/phpunit/src/Framework/TestCase.php): Error: File not found (file:///var/www/html/code1/phpunittest/vendor/phpunit/phpunit/src/Framework/TestCase.php)
    at new t (file:///usr/share/code/resources/app/out/vs/workbench/workbench.main.js:1384:653)
    at file:///usr/share/code/resources/app/out/vs/workbench/workbench.main.js:3286:514
    at Object.v [as _notify] (file:///usr/share/code/resources/app/out/vs/workbench/workbench.main.js:155:302)
    at Object.enter (file:///usr/share/code/resources/app/out/vs/workbench/workbench.main.js:158:568)
    at n.Class.derive._oncancel._run (file:///usr/share/code/resources/app/out/vs/workbench/workbench.main.js:159:902)
    at n.Class.derive._oncancel._error (file:///usr/share/code/resources/app/out/vs/workbench/workbench.main.js:159:419)
    at file:///usr/share/code/resources/app/out/vs/workbench/workbench.main.js:200:243
    at file:///usr/share/code/resources/app/out/vs/workbench/workbench.main.js:291:919
    at /usr/share/code/resources/app/node_modules.asar/graceful-fs/polyfills.js:284:29
    at FSReqWrap.oncomplete (original-fs.js:152:21)
[2018-11-03 12:07:20.893] [renderer1] [error] File not found (file:///var/www/html/code1/phpunittest/vendor/phpunit/phpunit/src/Framework/TestCase.php): Error: File not found (file:///var/www/html/code1/phpunittest/vendor/phpunit/phpunit/src/Framework/TestCase.php)
    at new t (file:///usr/share/code/resources/app/out/vs/workbench/workbench.main.js:1384:653)
    at file:///usr/share/code/resources/app/out/vs/workbench/workbench.main.js:3286:514
    at Object.v [as _notify] (file:///usr/share/code/resources/app/out/vs/workbench/workbench.main.js:155:302)
    at Object.enter (file:///usr/share/code/resources/app/out/vs/workbench/workbench.main.js:158:568)
    at n.Class.derive._oncancel._run (file:///usr/share/code/resources/app/out/vs/workbench/workbench.main.js:159:902)
    at n.Class.derive._oncancel._error (file:///usr/share/code/resources/app/out/vs/workbench/workbench.main.js:159:419)
    at file:///usr/share/code/resources/app/out/vs/workbench/workbench.main.js:200:243
    at file:///usr/share/code/resources/app/out/vs/workbench/workbench.main.js:291:919
    at /usr/share/code/resources/app/node_modules.asar/graceful-fs/polyfills.js:284:29
    at FSReqWrap.oncomplete (original-fs.js:152:21)
[2018-11-03 13:05:10.575] [renderer1] [error] File not found (file:///var/www/html/code1/phpunittest/vendor/phpunit/phpunit/src/Framework/TestCase.php): Error: File not found (file:///var/www/html/code1/phpunittest/vendor/phpunit/phpunit/src/Framework/TestCase.php)
    at new t (file:///usr/share/code/resources/app/out/vs/workbench/workbench.main.js:1384:653)
    at file:///usr/share/code/resources/app/out/vs/workbench/workbench.main.js:3286:514
    at Object.v [as _notify] (file:///usr/share/code/resources/app/out/vs/workbench/workbench.main.js:155:302)
    at Object.enter (file:///usr/share/code/resources/app/out/vs/workbench/workbench.main.js:158:568)
    at n.Class.derive._oncancel._run (file:///usr/share/code/resources/app/out/vs/workbench/workbench.main.js:159:902)
    at n.Class.derive._oncancel._error (file:///usr/share/code/resources/app/out/vs/workbench/workbench.main.js:159:419)
    at file:///usr/share/code/resources/app/out/vs/workbench/workbench.main.js:200:243
    at file:///usr/share/code/resources/app/out/vs/workbench/workbench.main.js:291:919
    at /usr/share/code/resources/app/node_modules.asar/graceful-fs/polyfills.js:284:29
    at FSReqWrap.oncomplete (original-fs.js:152:21)
[2018-11-03 13:17:37.196] [renderer1] [error] File not found (file:///var/www/html/code1/phpunittest/vendor/phpunit/phpunit/src/Framework/TestCase.php): Error: File not found (file:///var/www/html/code1/phpunittest/vendor/phpunit/phpunit/src/Framework/TestCase.php)
    at new t (file:///usr/share/code/resources/app/out/vs/workbench/workbench.main.js:1384:653)
    at file:///usr/share/code/resources/app/out/vs/workbench/workbench.main.js:3286:514
    at Object.v [as _notify] (file:///usr/share/code/resources/app/out/vs/workbench/workbench.main.js:155:302)
    at Object.enter (file:///usr/share/code/resources/app/out/vs/workbench/workbench.main.js:158:568)
    at n.Class.derive._oncancel._run (file:///usr/share/code/resources/app/out/vs/workbench/workbench.main.js:159:902)
    at n.Class.derive._oncancel._error (file:///usr/share/code/resources/app/out/vs/workbench/workbench.main.js:159:419)
    at file:///usr/share/code/resources/app/out/vs/workbench/workbench.main.js:200:243
    at file:///usr/share/code/resources/app/out/vs/workbench/workbench.main.js:291:919
    at /usr/share/code/resources/app/node_modules.asar/graceful-fs/polyfills.js:284:29
    at FSReqWrap.oncomplete (original-fs.js:152:21)
[2018-11-03 16:09:58.928] [renderer1] [error] Cannot read property 'lineNumber' of null: TypeError: Cannot read property 'lineNumber' of null
	at Object.e.to (/usr/share/code/resources/app/out/vs/workbench/node/extensionHostProcess.js:692:25)
	at e.provideHover (/usr/share/code/resources/app/out/vs/workbench/node/extensionHostProcess.js:749:117)
	at /usr/share/code/resources/app/out/vs/workbench/node/extensionHostProcess.js:763:824
	at e._withAdapter (/usr/share/code/resources/app/out/vs/workbench/node/extensionHostProcess.js:761:91)
	at e.$provideHover (/usr/share/code/resources/app/out/vs/workbench/node/extensionHostProcess.js:763:786)
	at e._doInvokeHandler (/usr/share/code/resources/app/out/vs/workbench/node/extensionHostProcess.js:681:309)
	at e._invokeHandler (/usr/share/code/resources/app/out/vs/workbench/node/extensionHostProcess.js:681:27)
	at e._receiveRequest (/usr/share/code/resources/app/out/vs/workbench/node/extensionHostProcess.js:679:802)
	at e._receiveOneMessage (/usr/share/code/resources/app/out/vs/workbench/node/extensionHostProcess.js:678:993)
	at /usr/share/code/resources/app/out/vs/workbench/node/extensionHostProcess.js:677:791
	at /usr/share/code/resources/app/out/vs/workbench/node/extensionHostProcess.js:98:597
	at e.fire (/usr/share/code/resources/app/out/vs/workbench/node/extensionHostProcess.js:99:917)
	at a (/usr/share/code/resources/app/out/vs/workbench/node/extensionHostProcess.js:164:787)
	at Socket._socketDataListener (/usr/share/code/resources/app/out/vs/workbench/node/extensionHostProcess.js:164:1006)
	at emitOne (events.js:116:13)
	at Socket.emit (events.js:211:7)
	at addChunk (_stream_readable.js:263:12)
	at readableAddChunk (_stream_readable.js:250:11)
	at Socket.Readable.push (_stream_readable.js:208:10)
	at Pipe.onread (net.js:594:20)
