[2018-11-03 10:22:27.642] [sharedprocess] [info] main {"machineId":"bc6780d3df07958fd8265e1f2de50453f8eb6c8632bd6d10c08d9ff36801141a"}
[2018-11-03 10:22:27.808] [sharedprocess] [info] Scanned user extensions: 8
[2018-11-03 10:22:30.925] [sharedprocess] [info] Deleted from disk vscjava.vscode-java-debug-0.14.0
[2018-11-03 10:22:31.682] [sharedprocess] [info] Scanned system extensions: 71
[2018-11-03 10:22:39.231] [sharedprocess] [info] Scanned user extensions: 8
[2018-11-03 10:22:39.239] [sharedprocess] [info] Scanned user extensions: 8
[2018-11-03 10:22:39.269] [sharedprocess] [info] Scanned system extensions: 71
[2018-11-03 10:22:42.876] [sharedprocess] [info] Scanned user extensions: 8
[2018-11-03 10:23:07.646] [sharedprocess] [info] Starting to clean up unused language packs.
[2018-11-03 10:27:42.904] [sharedprocess] [info] Scanned user extensions: 8
[2018-11-03 10:32:42.921] [sharedprocess] [info] Scanned user extensions: 8
[2018-11-03 10:37:42.936] [sharedprocess] [info] Scanned user extensions: 8
[2018-11-03 10:42:42.953] [sharedprocess] [info] Scanned user extensions: 8
[2018-11-03 10:47:42.968] [sharedprocess] [info] Scanned user extensions: 8
[2018-11-03 10:52:42.979] [sharedprocess] [info] Scanned user extensions: 8
[2018-11-03 10:57:42.992] [sharedprocess] [info] Scanned user extensions: 8
[2018-11-03 11:02:43.006] [sharedprocess] [info] Scanned user extensions: 8
[2018-11-03 11:07:43.021] [sharedprocess] [info] Scanned user extensions: 8
[2018-11-03 11:12:43.036] [sharedprocess] [info] Scanned user extensions: 8
[2018-11-03 11:17:43.050] [sharedprocess] [info] Scanned user extensions: 8
[2018-11-03 11:22:43.084] [sharedprocess] [info] Scanned user extensions: 8
[2018-11-03 11:27:43.099] [sharedprocess] [info] Scanned user extensions: 8
[2018-11-03 11:32:43.109] [sharedprocess] [info] Scanned user extensions: 8
[2018-11-03 11:37:43.124] [sharedprocess] [info] Scanned user extensions: 8
[2018-11-03 11:42:43.139] [sharedprocess] [info] Scanned user extensions: 8
[2018-11-03 11:47:43.159] [sharedprocess] [info] Scanned user extensions: 8
[2018-11-03 11:52:43.173] [sharedprocess] [info] Scanned user extensions: 8
[2018-11-03 11:57:43.187] [sharedprocess] [info] Scanned user extensions: 8
[2018-11-03 12:02:43.207] [sharedprocess] [info] Scanned user extensions: 8
[2018-11-03 12:07:43.222] [sharedprocess] [info] Scanned user extensions: 8
[2018-11-03 12:12:43.236] [sharedprocess] [info] Scanned user extensions: 8
[2018-11-03 12:17:43.251] [sharedprocess] [info] Scanned user extensions: 8
[2018-11-03 12:22:43.325] [sharedprocess] [info] Scanned user extensions: 8
[2018-11-03 12:27:43.341] [sharedprocess] [info] Scanned user extensions: 8
[2018-11-03 12:32:43.357] [sharedprocess] [info] Scanned user extensions: 8
[2018-11-03 12:37:43.372] [sharedprocess] [info] Scanned user extensions: 8
[2018-11-03 12:42:43.387] [sharedprocess] [info] Scanned user extensions: 8
[2018-11-03 12:47:43.402] [sharedprocess] [info] Scanned user extensions: 8
[2018-11-03 12:52:43.417] [sharedprocess] [info] Scanned user extensions: 8
[2018-11-03 12:57:43.432] [sharedprocess] [info] Scanned user extensions: 8
[2018-11-03 13:02:43.447] [sharedprocess] [info] Scanned user extensions: 8
[2018-11-03 13:07:43.463] [sharedprocess] [info] Scanned user extensions: 8
[2018-11-03 13:12:43.480] [sharedprocess] [info] Scanned user extensions: 8
[2018-11-03 13:17:43.497] [sharedprocess] [info] Scanned user extensions: 8
[2018-11-03 13:22:43.637] [sharedprocess] [info] Scanned user extensions: 8
[2018-11-03 13:27:43.654] [sharedprocess] [info] Scanned user extensions: 8
[2018-11-03 13:32:43.669] [sharedprocess] [info] Scanned user extensions: 8
[2018-11-03 13:37:43.682] [sharedprocess] [info] Scanned user extensions: 8
[2018-11-03 13:42:43.697] [sharedprocess] [info] Scanned user extensions: 8
[2018-11-03 13:47:43.711] [sharedprocess] [info] Scanned user extensions: 8
[2018-11-03 13:52:43.726] [sharedprocess] [info] Scanned user extensions: 8
[2018-11-03 13:57:43.741] [sharedprocess] [info] Scanned user extensions: 8
[2018-11-03 14:02:43.757] [sharedprocess] [info] Scanned user extensions: 8
[2018-11-03 14:07:43.773] [sharedprocess] [info] Scanned user extensions: 8
[2018-11-03 14:12:43.787] [sharedprocess] [info] Scanned user extensions: 8
[2018-11-03 14:17:43.804] [sharedprocess] [info] Scanned user extensions: 8
[2018-11-03 14:22:43.892] [sharedprocess] [info] Scanned user extensions: 8
[2018-11-03 14:27:43.906] [sharedprocess] [info] Scanned user extensions: 8
[2018-11-03 14:32:43.919] [sharedprocess] [info] Scanned user extensions: 8
[2018-11-03 14:37:43.935] [sharedprocess] [info] Scanned user extensions: 8
[2018-11-03 14:42:43.952] [sharedprocess] [info] Scanned user extensions: 8
[2018-11-03 14:47:44.042] [sharedprocess] [info] Scanned user extensions: 8
[2018-11-03 14:52:44.060] [sharedprocess] [info] Scanned user extensions: 8
[2018-11-03 14:57:44.076] [sharedprocess] [info] Scanned user extensions: 8
[2018-11-03 15:02:44.092] [sharedprocess] [info] Scanned user extensions: 8
[2018-11-03 15:07:44.107] [sharedprocess] [info] Scanned user extensions: 8
[2018-11-03 15:12:44.121] [sharedprocess] [info] Scanned user extensions: 8
[2018-11-03 15:17:44.135] [sharedprocess] [info] Scanned user extensions: 8
[2018-11-03 15:22:44.191] [sharedprocess] [info] Scanned user extensions: 8
[2018-11-03 15:27:44.200] [sharedprocess] [info] Scanned user extensions: 8
[2018-11-03 15:32:44.213] [sharedprocess] [info] Scanned user extensions: 8
[2018-11-03 15:37:44.229] [sharedprocess] [info] Scanned user extensions: 8
[2018-11-03 15:42:44.248] [sharedprocess] [info] Scanned user extensions: 8
[2018-11-03 15:47:44.265] [sharedprocess] [info] Scanned user extensions: 8
[2018-11-03 15:52:44.279] [sharedprocess] [info] Scanned user extensions: 8
[2018-11-03 15:57:44.292] [sharedprocess] [info] Scanned user extensions: 8
[2018-11-03 16:02:44.303] [sharedprocess] [info] Scanned user extensions: 8
[2018-11-03 16:07:44.530] [sharedprocess] [info] Scanned user extensions: 8
[2018-11-03 16:12:44.546] [sharedprocess] [info] Scanned user extensions: 8
[2018-11-03 16:17:44.561] [sharedprocess] [info] Scanned user extensions: 8
[2018-11-03 16:22:44.646] [sharedprocess] [info] Scanned user extensions: 8
[2018-11-03 16:27:44.664] [sharedprocess] [info] Scanned user extensions: 8
[2018-11-03 16:32:44.691] [sharedprocess] [info] Scanned user extensions: 8
[2018-11-03 16:37:44.705] [sharedprocess] [info] Scanned user extensions: 8
[2018-11-03 16:42:44.720] [sharedprocess] [info] Scanned user extensions: 8
[2018-11-03 16:47:44.731] [sharedprocess] [info] Scanned user extensions: 8
[2018-11-03 16:52:44.742] [sharedprocess] [info] Scanned user extensions: 8
[2018-11-03 16:57:44.760] [sharedprocess] [info] Scanned user extensions: 8
[2018-11-03 17:02:44.788] [sharedprocess] [info] Scanned user extensions: 8
[2018-11-03 17:07:44.802] [sharedprocess] [info] Scanned user extensions: 8
[2018-11-03 17:12:44.816] [sharedprocess] [info] Scanned user extensions: 8
[2018-11-03 17:17:44.831] [sharedprocess] [info] Scanned user extensions: 8
[2018-11-03 17:22:44.869] [sharedprocess] [info] Scanned user extensions: 8
[2018-11-03 17:27:44.886] [sharedprocess] [info] Scanned user extensions: 8
[2018-11-03 17:32:45.199] [sharedprocess] [info] Scanned user extensions: 8
[2018-11-03 17:37:45.217] [sharedprocess] [info] Scanned user extensions: 8
[2018-11-03 17:42:45.230] [sharedprocess] [info] Scanned user extensions: 8
[2018-11-03 17:47:45.244] [sharedprocess] [info] Scanned user extensions: 8
[2018-11-03 17:52:45.257] [sharedprocess] [info] Scanned user extensions: 8
[2018-11-03 17:57:45.272] [sharedprocess] [info] Scanned user extensions: 8
[2018-11-03 18:02:45.287] [sharedprocess] [info] Scanned user extensions: 8
[2018-11-03 18:07:45.301] [sharedprocess] [info] Scanned user extensions: 8
[2018-11-03 18:12:45.316] [sharedprocess] [info] Scanned user extensions: 8
[2018-11-03 18:17:45.330] [sharedprocess] [info] Scanned user extensions: 8
[2018-11-03 18:22:45.691] [sharedprocess] [info] Scanned user extensions: 8
[2018-11-03 18:27:45.705] [sharedprocess] [info] Scanned user extensions: 8
