[2018-11-19 10:21:37.757] [sharedprocess] [info] main {"machineId":"bc6780d3df07958fd8265e1f2de50453f8eb6c8632bd6d10c08d9ff36801141a"}
[2018-11-19 10:21:38.007] [sharedprocess] [info] Scanned user extensions: 8
[2018-11-19 10:21:39.275] [sharedprocess] [info] Scanned user extensions: 8
[2018-11-19 10:21:39.280] [sharedprocess] [info] Scanned user extensions: 8
[2018-11-19 10:21:39.643] [sharedprocess] [info] Deleted from disk redhat.java-0.33.0
[2018-11-19 10:21:40.461] [sharedprocess] [info] Scanned system extensions: 71
[2018-11-19 10:21:40.461] [sharedprocess] [info] Scanned system extensions: 71
[2018-11-19 10:21:41.989] [sharedprocess] [info] Scanned user extensions: 8
[2018-11-19 10:22:17.762] [sharedprocess] [info] Starting to clean up unused language packs.
[2018-11-19 10:26:42.020] [sharedprocess] [info] Scanned user extensions: 8
[2018-11-19 10:31:42.040] [sharedprocess] [info] Scanned user extensions: 8
[2018-11-19 10:36:42.059] [sharedprocess] [info] Scanned user extensions: 8
[2018-11-19 10:41:42.076] [sharedprocess] [info] Scanned user extensions: 8
[2018-11-19 10:46:42.092] [sharedprocess] [info] Scanned user extensions: 8
[2018-11-19 10:51:42.107] [sharedprocess] [info] Scanned user extensions: 8
[2018-11-19 10:56:42.123] [sharedprocess] [info] Scanned user extensions: 8
[2018-11-19 11:01:42.140] [sharedprocess] [info] Scanned user extensions: 8
[2018-11-19 11:06:42.172] [sharedprocess] [info] Scanned user extensions: 8
[2018-11-19 11:11:42.189] [sharedprocess] [info] Scanned user extensions: 8
[2018-11-19 11:16:42.205] [sharedprocess] [info] Scanned user extensions: 8
[2018-11-19 11:21:42.312] [sharedprocess] [info] Scanned user extensions: 8
[2018-11-19 11:26:42.326] [sharedprocess] [info] Scanned user extensions: 8
[2018-11-19 11:31:42.342] [sharedprocess] [info] Scanned user extensions: 8
[2018-11-19 11:36:42.358] [sharedprocess] [info] Scanned user extensions: 8
[2018-11-19 11:41:42.373] [sharedprocess] [info] Scanned user extensions: 8
[2018-11-19 11:46:42.391] [sharedprocess] [info] Scanned user extensions: 8
[2018-11-19 11:51:42.404] [sharedprocess] [info] Scanned user extensions: 8
[2018-11-19 11:56:42.420] [sharedprocess] [info] Scanned user extensions: 8
[2018-11-19 12:01:42.432] [sharedprocess] [info] Scanned user extensions: 8
[2018-11-19 12:06:42.446] [sharedprocess] [info] Scanned user extensions: 8
[2018-11-19 12:11:42.461] [sharedprocess] [info] Scanned user extensions: 8
[2018-11-19 12:16:42.479] [sharedprocess] [info] Scanned user extensions: 8
[2018-11-19 12:21:42.518] [sharedprocess] [info] Scanned user extensions: 8
[2018-11-19 12:26:42.536] [sharedprocess] [info] Scanned user extensions: 8
[2018-11-19 12:31:42.552] [sharedprocess] [info] Scanned user extensions: 8
[2018-11-19 12:36:42.567] [sharedprocess] [info] Scanned user extensions: 8
[2018-11-19 12:41:42.583] [sharedprocess] [info] Scanned user extensions: 8
[2018-11-19 12:46:42.599] [sharedprocess] [info] Scanned user extensions: 8
[2018-11-19 12:51:42.612] [sharedprocess] [info] Scanned user extensions: 8
[2018-11-19 12:56:42.629] [sharedprocess] [info] Scanned user extensions: 8
[2018-11-19 13:01:42.650] [sharedprocess] [info] Scanned user extensions: 8
[2018-11-19 13:06:42.668] [sharedprocess] [info] Scanned user extensions: 8
[2018-11-19 13:11:42.684] [sharedprocess] [info] Scanned user extensions: 8
[2018-11-19 13:16:42.699] [sharedprocess] [info] Scanned user extensions: 8
[2018-11-19 13:21:42.739] [sharedprocess] [info] Scanned user extensions: 8
[2018-11-19 13:26:42.752] [sharedprocess] [info] Scanned user extensions: 8
[2018-11-19 13:31:42.767] [sharedprocess] [info] Scanned user extensions: 8
[2018-11-19 13:36:42.781] [sharedprocess] [info] Scanned user extensions: 8
[2018-11-19 13:41:42.796] [sharedprocess] [info] Scanned user extensions: 8
[2018-11-19 13:46:42.812] [sharedprocess] [info] Scanned user extensions: 8
[2018-11-19 13:51:42.826] [sharedprocess] [info] Scanned user extensions: 8
[2018-11-19 13:56:42.842] [sharedprocess] [info] Scanned user extensions: 8
[2018-11-19 14:01:42.857] [sharedprocess] [info] Scanned user extensions: 8
[2018-11-19 14:06:42.870] [sharedprocess] [info] Scanned user extensions: 8
[2018-11-19 14:11:42.885] [sharedprocess] [info] Scanned user extensions: 8
[2018-11-19 14:16:42.901] [sharedprocess] [info] Scanned user extensions: 8
[2018-11-19 14:21:42.948] [sharedprocess] [info] Scanned user extensions: 8
[2018-11-19 14:26:42.962] [sharedprocess] [info] Scanned user extensions: 8
[2018-11-19 14:31:42.975] [sharedprocess] [info] Scanned user extensions: 8
[2018-11-19 14:36:42.990] [sharedprocess] [info] Scanned user extensions: 8
[2018-11-19 14:41:43.000] [sharedprocess] [info] Scanned user extensions: 8
[2018-11-19 14:46:43.013] [sharedprocess] [info] Scanned user extensions: 8
[2018-11-19 14:51:43.028] [sharedprocess] [info] Scanned user extensions: 8
[2018-11-19 14:56:43.174] [sharedprocess] [info] Scanned user extensions: 8
[2018-11-19 15:01:43.209] [sharedprocess] [info] Scanned user extensions: 8
[2018-11-19 15:06:43.221] [sharedprocess] [info] Scanned user extensions: 8
[2018-11-19 15:11:43.233] [sharedprocess] [info] Scanned user extensions: 8
[2018-11-19 15:16:43.247] [sharedprocess] [info] Scanned user extensions: 8
[2018-11-19 15:21:43.427] [sharedprocess] [info] Scanned user extensions: 8
[2018-11-19 15:26:43.459] [sharedprocess] [info] Scanned user extensions: 8
[2018-11-19 15:31:43.474] [sharedprocess] [info] Scanned user extensions: 8
[2018-11-19 15:36:43.488] [sharedprocess] [info] Scanned user extensions: 8
[2018-11-19 15:41:43.505] [sharedprocess] [info] Scanned user extensions: 8
[2018-11-19 15:46:43.520] [sharedprocess] [info] Scanned user extensions: 8
[2018-11-19 15:51:43.535] [sharedprocess] [info] Scanned user extensions: 8
[2018-11-19 15:56:43.551] [sharedprocess] [info] Scanned user extensions: 8
[2018-11-19 16:01:43.565] [sharedprocess] [info] Scanned user extensions: 8
[2018-11-19 16:06:43.579] [sharedprocess] [info] Scanned user extensions: 8
[2018-11-19 16:11:43.595] [sharedprocess] [info] Scanned user extensions: 8
[2018-11-19 16:16:43.609] [sharedprocess] [info] Scanned user extensions: 8
[2018-11-19 16:21:43.702] [sharedprocess] [info] Scanned user extensions: 8
[2018-11-19 16:26:43.717] [sharedprocess] [info] Scanned user extensions: 8
[2018-11-19 16:31:43.731] [sharedprocess] [info] Scanned user extensions: 8
[2018-11-19 16:36:43.744] [sharedprocess] [info] Scanned user extensions: 8
[2018-11-19 16:41:43.759] [sharedprocess] [info] Scanned user extensions: 8
[2018-11-19 16:46:43.775] [sharedprocess] [info] Scanned user extensions: 8
[2018-11-19 16:51:43.798] [sharedprocess] [info] Scanned user extensions: 8
[2018-11-19 16:56:43.813] [sharedprocess] [info] Scanned user extensions: 8
[2018-11-19 17:01:43.827] [sharedprocess] [info] Scanned user extensions: 8
[2018-11-19 17:06:43.843] [sharedprocess] [info] Scanned user extensions: 8
[2018-11-19 17:11:43.858] [sharedprocess] [info] Scanned user extensions: 8
[2018-11-19 17:16:43.874] [sharedprocess] [info] Scanned user extensions: 8
[2018-11-19 17:21:43.980] [sharedprocess] [info] Scanned user extensions: 8
[2018-11-19 17:26:43.997] [sharedprocess] [info] Scanned user extensions: 8
[2018-11-19 17:31:44.012] [sharedprocess] [info] Scanned user extensions: 8
[2018-11-19 17:36:44.029] [sharedprocess] [info] Scanned user extensions: 8
[2018-11-19 17:41:44.043] [sharedprocess] [info] Scanned user extensions: 8
[2018-11-19 17:46:44.060] [sharedprocess] [info] Scanned user extensions: 8
[2018-11-19 17:51:44.074] [sharedprocess] [info] Scanned user extensions: 8
[2018-11-19 17:56:44.089] [sharedprocess] [info] Scanned user extensions: 8
[2018-11-19 18:01:44.105] [sharedprocess] [info] Scanned user extensions: 8
[2018-11-19 18:06:44.118] [sharedprocess] [info] Scanned user extensions: 8
[2018-11-19 18:11:44.135] [sharedprocess] [info] Scanned user extensions: 8
[2018-11-19 18:16:44.149] [sharedprocess] [info] Scanned user extensions: 8
[2018-11-19 18:21:44.194] [sharedprocess] [info] Scanned user extensions: 8
[2018-11-19 18:26:44.208] [sharedprocess] [info] Scanned user extensions: 8
[2018-11-19 18:31:44.223] [sharedprocess] [info] Scanned user extensions: 8
[2018-11-19 18:36:44.238] [sharedprocess] [info] Scanned user extensions: 8
[2018-11-19 18:41:44.253] [sharedprocess] [info] Scanned user extensions: 8
[2018-11-19 18:46:44.268] [sharedprocess] [info] Scanned user extensions: 8
[2018-11-19 18:51:44.285] [sharedprocess] [info] Scanned user extensions: 8
[2018-11-19 18:56:44.299] [sharedprocess] [info] Scanned user extensions: 8
[2018-11-19 19:01:44.313] [sharedprocess] [info] Scanned user extensions: 8
[2018-11-19 19:06:44.330] [sharedprocess] [info] Scanned user extensions: 8
[2018-11-19 19:11:44.343] [sharedprocess] [info] Scanned user extensions: 8
[2018-11-19 19:16:44.358] [sharedprocess] [info] Scanned user extensions: 8
[2018-11-19 19:21:44.398] [sharedprocess] [info] Scanned user extensions: 8
[2018-11-19 19:26:44.411] [sharedprocess] [info] Scanned user extensions: 8
[2018-11-19 19:31:44.427] [sharedprocess] [info] Scanned user extensions: 8
[2018-11-19 19:36:44.443] [sharedprocess] [info] Scanned user extensions: 8
[2018-11-19 19:41:44.460] [sharedprocess] [info] Scanned user extensions: 8
[2018-11-19 19:46:44.476] [sharedprocess] [info] Scanned user extensions: 8
[2018-11-19 19:51:44.496] [sharedprocess] [info] Scanned user extensions: 8
