[2018-12-05 10:59:24.068] [exthost1] [info] extension host started
[2018-12-05 10:59:24.089] [exthost1] [info] ExtensionService#_doActivateExtension vscode.debug-auto-launch {"startup":true,"activationEvent":"*"}
[2018-12-05 10:59:24.089] [exthost1] [info] ExtensionService#loadCommonJSModule /usr/share/code/resources/app/extensions/debug-auto-launch/out/extension
[2018-12-05 10:59:24.198] [exthost1] [info] ExtensionService#_doActivateExtension vscode.emmet {"startup":true,"activationEvent":"*"}
[2018-12-05 10:59:24.198] [exthost1] [info] ExtensionService#loadCommonJSModule /usr/share/code/resources/app/extensions/emmet/dist/extension
[2018-12-05 10:59:24.287] [exthost1] [info] ExtensionService#_doActivateExtension vscode.git {"startup":true,"activationEvent":"*"}
[2018-12-05 10:59:24.287] [exthost1] [info] ExtensionService#loadCommonJSModule /usr/share/code/resources/app/extensions/git/dist/main
[2018-12-05 10:59:26.742] [exthost1] [info] ExtensionService#_doActivateExtension vscode.merge-conflict {"startup":true,"activationEvent":"*"}
[2018-12-05 10:59:26.742] [exthost1] [info] ExtensionService#loadCommonJSModule /usr/share/code/resources/app/extensions/merge-conflict/out/extension
[2018-12-05 10:59:26.782] [exthost1] [info] ExtensionService#_doActivateExtension vscode.search-rg {"startup":true,"activationEvent":"*"}
[2018-12-05 10:59:26.782] [exthost1] [info] ExtensionService#loadCommonJSModule /usr/share/code/resources/app/extensions/search-rg/out/extension
[2018-12-05 10:59:26.892] [exthost1] [info] ExtensionService#_doActivateExtension vscode.php-language-features {"startup":false,"activationEvent":"onLanguage:php"}
[2018-12-05 10:59:26.892] [exthost1] [info] ExtensionService#loadCommonJSModule /usr/share/code/resources/app/extensions/php-language-features/out/phpMain
[2018-12-05 10:59:27.556] [exthost1] [info] ExtensionService#_doActivateExtension felixfbecker.php-intellisense {"startup":false,"activationEvent":"onLanguage:php"}
[2018-12-05 10:59:27.556] [exthost1] [info] ExtensionService#loadCommonJSModule /home/bridgeit/.vscode/extensions/felixfbecker.php-intellisense-2.3.10/out/extension
[2018-12-05 10:59:33.432] [exthost1] [info] ExtensionService#_doActivateExtension vscode.extension-editing {"startup":false,"activationEvent":"onLanguage:typescript"}
[2018-12-05 10:59:33.433] [exthost1] [info] ExtensionService#loadCommonJSModule /usr/share/code/resources/app/extensions/extension-editing/out/extension
[2018-12-05 10:59:33.939] [exthost1] [info] ExtensionService#_doActivateExtension vscode.typescript-language-features {"startup":false,"activationEvent":"onLanguage:typescript"}
[2018-12-05 10:59:33.939] [exthost1] [info] ExtensionService#loadCommonJSModule /usr/share/code/resources/app/extensions/typescript-language-features/dist/extension
[2018-12-05 10:59:44.215] [exthost1] [info] ExtensionService#_doActivateExtension eternalphane.tsfmt-vscode {"startup":false,"activationEvent":"onLanguage:typescript"}
[2018-12-05 10:59:44.215] [exthost1] [info] ExtensionService#loadCommonJSModule /home/bridgeit/.vscode/extensions/eternalphane.tsfmt-vscode-0.2.1/out/extension
[2018-12-05 11:00:18.388] [exthost1] [info] eager extensions activated
[2018-12-05 11:00:29.714] [exthost1] [info] ExtensionService#_doActivateExtension vscode.configuration-editing {"startup":false,"activationEvent":"onLanguage:jsonc"}
[2018-12-05 11:00:29.714] [exthost1] [info] ExtensionService#loadCommonJSModule /usr/share/code/resources/app/extensions/configuration-editing/out/extension
[2018-12-05 11:00:29.795] [exthost1] [info] ExtensionService#_doActivateExtension vscode.json-language-features {"startup":false,"activationEvent":"onLanguage:jsonc"}
[2018-12-05 11:00:29.795] [exthost1] [info] ExtensionService#loadCommonJSModule /usr/share/code/resources/app/extensions/json-language-features/client/dist/jsonMain
[2018-12-05 11:12:58.487] [exthost1] [info] ExtensionService#_doActivateExtension vscode.html-language-features {"startup":false,"activationEvent":"onLanguage:html"}
[2018-12-05 11:12:58.487] [exthost1] [info] ExtensionService#loadCommonJSModule /usr/share/code/resources/app/extensions/html-language-features/client/dist/htmlMain
[2018-12-05 11:34:10.717] [exthost1] [info] ExtensionService#_doActivateExtension vscode.css-language-features {"startup":false,"activationEvent":"onLanguage:css"}
[2018-12-05 11:34:10.717] [exthost1] [info] ExtensionService#loadCommonJSModule /usr/share/code/resources/app/extensions/css-language-features/client/dist/cssMain
[2018-12-05 12:14:29.318] [exthost1] [info] ExtensionService#_doActivateExtension vscode.npm {"startup":false,"activationEvent":"onLanguage:json"}
[2018-12-05 12:14:29.318] [exthost1] [info] ExtensionService#loadCommonJSModule /usr/share/code/resources/app/extensions/npm/out/main
