[2018-12-05 10:59:20.512] [sharedprocess] [info] main {"machineId":"bc6780d3df07958fd8265e1f2de50453f8eb6c8632bd6d10c08d9ff36801141a"}
[2018-12-05 10:59:20.940] [sharedprocess] [info] Scanned user extensions: 9
[2018-12-05 10:59:21.888] [sharedprocess] [info] Deleted from disk calebporzio.better-phpunit-1.2.1
[2018-12-05 10:59:22.135] [sharedprocess] [info] Scanned system extensions: 71
[2018-12-05 10:59:22.312] [sharedprocess] [info] Scanned user extensions: 9
[2018-12-05 10:59:22.314] [sharedprocess] [info] Scanned user extensions: 9
[2018-12-05 10:59:22.340] [sharedprocess] [info] Scanned system extensions: 71
[2018-12-05 10:59:55.553] [sharedprocess] [info] Scanned user extensions: 9
[2018-12-05 11:00:00.519] [sharedprocess] [info] Starting to clean up unused language packs.
[2018-12-05 11:05:06.148] [sharedprocess] [info] Scanned user extensions: 9
[2018-12-05 11:10:06.172] [sharedprocess] [info] Scanned user extensions: 9
[2018-12-05 11:15:06.190] [sharedprocess] [info] Scanned user extensions: 9
[2018-12-05 11:20:06.204] [sharedprocess] [info] Scanned user extensions: 9
[2018-12-05 11:25:06.215] [sharedprocess] [info] Scanned user extensions: 9
[2018-12-05 11:30:06.233] [sharedprocess] [info] Scanned user extensions: 9
[2018-12-05 11:35:06.247] [sharedprocess] [info] Scanned user extensions: 9
[2018-12-05 11:40:06.259] [sharedprocess] [info] Scanned user extensions: 9
[2018-12-05 11:45:06.271] [sharedprocess] [info] Scanned user extensions: 9
[2018-12-05 11:50:06.286] [sharedprocess] [info] Scanned user extensions: 9
[2018-12-05 11:55:06.300] [sharedprocess] [info] Scanned user extensions: 9
[2018-12-05 12:00:06.315] [sharedprocess] [info] Scanned user extensions: 9
[2018-12-05 12:05:06.447] [sharedprocess] [info] Scanned user extensions: 9
[2018-12-05 12:10:06.464] [sharedprocess] [info] Scanned user extensions: 9
[2018-12-05 12:15:06.483] [sharedprocess] [info] Scanned user extensions: 9
[2018-12-05 12:20:06.501] [sharedprocess] [info] Scanned user extensions: 9
[2018-12-05 12:25:06.517] [sharedprocess] [info] Scanned user extensions: 9
[2018-12-05 12:30:06.536] [sharedprocess] [info] Scanned user extensions: 9
[2018-12-05 12:35:06.557] [sharedprocess] [info] Scanned user extensions: 9
[2018-12-05 12:40:06.573] [sharedprocess] [info] Scanned user extensions: 9
[2018-12-05 12:45:06.589] [sharedprocess] [info] Scanned user extensions: 9
[2018-12-05 12:50:06.604] [sharedprocess] [info] Scanned user extensions: 9
[2018-12-05 12:55:06.618] [sharedprocess] [info] Scanned user extensions: 9
[2018-12-05 13:00:06.634] [sharedprocess] [info] Scanned user extensions: 9
[2018-12-05 13:05:06.675] [sharedprocess] [info] Scanned user extensions: 9
[2018-12-05 13:10:06.694] [sharedprocess] [info] Scanned user extensions: 9
[2018-12-05 13:15:06.710] [sharedprocess] [info] Scanned user extensions: 9
[2018-12-05 13:20:06.724] [sharedprocess] [info] Scanned user extensions: 9
[2018-12-05 13:25:06.742] [sharedprocess] [info] Scanned user extensions: 9
[2018-12-05 13:30:06.760] [sharedprocess] [info] Scanned user extensions: 9
[2018-12-05 13:35:06.784] [sharedprocess] [info] Scanned user extensions: 9
[2018-12-05 13:40:06.798] [sharedprocess] [info] Scanned user extensions: 9
[2018-12-05 13:45:06.813] [sharedprocess] [info] Scanned user extensions: 9
[2018-12-05 13:50:06.831] [sharedprocess] [info] Scanned user extensions: 9
[2018-12-05 13:55:06.847] [sharedprocess] [info] Scanned user extensions: 9
[2018-12-05 14:00:06.862] [sharedprocess] [info] Scanned user extensions: 9
[2018-12-05 14:05:06.949] [sharedprocess] [info] Scanned user extensions: 9
[2018-12-05 14:10:06.965] [sharedprocess] [info] Scanned user extensions: 9
[2018-12-05 14:15:06.981] [sharedprocess] [info] Scanned user extensions: 9
[2018-12-05 14:20:06.996] [sharedprocess] [info] Scanned user extensions: 9
[2018-12-05 14:25:07.018] [sharedprocess] [info] Scanned user extensions: 9
[2018-12-05 14:30:07.035] [sharedprocess] [info] Scanned user extensions: 9
[2018-12-05 14:35:07.057] [sharedprocess] [info] Scanned user extensions: 9
[2018-12-05 14:40:07.080] [sharedprocess] [info] Scanned user extensions: 9
[2018-12-05 14:45:07.095] [sharedprocess] [info] Scanned user extensions: 9
[2018-12-05 14:50:07.111] [sharedprocess] [info] Scanned user extensions: 9
[2018-12-05 14:55:07.127] [sharedprocess] [info] Scanned user extensions: 9
[2018-12-05 15:00:07.142] [sharedprocess] [info] Scanned user extensions: 9
[2018-12-05 15:05:07.186] [sharedprocess] [info] Scanned user extensions: 9
[2018-12-05 15:10:07.201] [sharedprocess] [info] Scanned user extensions: 9
[2018-12-05 15:15:07.218] [sharedprocess] [info] Scanned user extensions: 9
[2018-12-05 15:20:07.232] [sharedprocess] [info] Scanned user extensions: 9
[2018-12-05 15:25:07.242] [sharedprocess] [info] Scanned user extensions: 9
[2018-12-05 15:30:07.255] [sharedprocess] [info] Scanned user extensions: 9
[2018-12-05 15:35:07.273] [sharedprocess] [info] Scanned user extensions: 9
[2018-12-05 15:40:07.287] [sharedprocess] [info] Scanned user extensions: 9
[2018-12-05 15:45:07.304] [sharedprocess] [info] Scanned user extensions: 9
[2018-12-05 15:50:07.316] [sharedprocess] [info] Scanned user extensions: 9
[2018-12-05 15:55:07.339] [sharedprocess] [info] Scanned user extensions: 9
[2018-12-05 16:00:07.360] [sharedprocess] [info] Scanned user extensions: 9
[2018-12-05 16:05:07.429] [sharedprocess] [info] Scanned user extensions: 9
[2018-12-05 16:10:07.468] [sharedprocess] [info] Scanned user extensions: 9
[2018-12-05 16:15:07.485] [sharedprocess] [info] Scanned user extensions: 9
[2018-12-05 16:20:07.506] [sharedprocess] [info] Scanned user extensions: 9
[2018-12-05 16:25:07.522] [sharedprocess] [info] Scanned user extensions: 9
[2018-12-05 16:30:07.541] [sharedprocess] [info] Scanned user extensions: 9
[2018-12-05 16:35:07.566] [sharedprocess] [info] Scanned user extensions: 9
[2018-12-05 16:40:07.579] [sharedprocess] [info] Scanned user extensions: 9
[2018-12-05 16:45:07.592] [sharedprocess] [info] Scanned user extensions: 9
[2018-12-05 16:50:07.607] [sharedprocess] [info] Scanned user extensions: 9
[2018-12-05 16:55:07.622] [sharedprocess] [info] Scanned user extensions: 9
[2018-12-05 17:00:07.637] [sharedprocess] [info] Scanned user extensions: 9
[2018-12-05 17:05:07.684] [sharedprocess] [info] Scanned user extensions: 9
[2018-12-05 17:10:07.700] [sharedprocess] [info] Scanned user extensions: 9
[2018-12-05 17:15:07.717] [sharedprocess] [info] Scanned user extensions: 9
[2018-12-05 17:20:07.734] [sharedprocess] [info] Scanned user extensions: 9
[2018-12-05 17:25:07.749] [sharedprocess] [info] Scanned user extensions: 9
[2018-12-05 17:30:07.765] [sharedprocess] [info] Scanned user extensions: 9
[2018-12-05 17:35:07.780] [sharedprocess] [info] Scanned user extensions: 9
[2018-12-05 17:40:07.796] [sharedprocess] [info] Scanned user extensions: 9
[2018-12-05 17:45:07.808] [sharedprocess] [info] Scanned user extensions: 9
[2018-12-05 17:50:07.822] [sharedprocess] [info] Scanned user extensions: 9
[2018-12-05 17:55:07.838] [sharedprocess] [info] Scanned user extensions: 9
[2018-12-05 18:00:07.854] [sharedprocess] [info] Scanned user extensions: 9
[2018-12-05 18:05:07.905] [sharedprocess] [info] Scanned user extensions: 9
[2018-12-05 18:10:07.919] [sharedprocess] [info] Scanned user extensions: 9
[2018-12-05 18:15:07.934] [sharedprocess] [info] Scanned user extensions: 9
[2018-12-05 18:20:07.948] [sharedprocess] [info] Scanned user extensions: 9
[2018-12-05 18:25:07.964] [sharedprocess] [info] Scanned user extensions: 9
[2018-12-05 18:30:07.976] [sharedprocess] [info] Scanned user extensions: 9
[2018-12-05 18:35:07.989] [sharedprocess] [info] Scanned user extensions: 9
[2018-12-05 18:40:08.005] [sharedprocess] [info] Scanned user extensions: 9
[2018-12-05 18:45:08.019] [sharedprocess] [info] Scanned user extensions: 9
[2018-12-05 18:50:08.037] [sharedprocess] [info] Scanned user extensions: 9
[2018-12-05 18:55:08.050] [sharedprocess] [info] Scanned user extensions: 9
[2018-12-05 19:00:08.066] [sharedprocess] [info] Scanned user extensions: 9
[2018-12-05 19:05:08.108] [sharedprocess] [info] Scanned user extensions: 9
[2018-12-05 19:10:08.120] [sharedprocess] [info] Scanned user extensions: 9
[2018-12-05 19:15:08.131] [sharedprocess] [info] Scanned user extensions: 9
[2018-12-05 19:20:08.150] [sharedprocess] [info] Scanned user extensions: 9
[2018-12-05 19:25:08.162] [sharedprocess] [info] Scanned user extensions: 9
[2018-12-05 19:30:08.173] [sharedprocess] [info] Scanned user extensions: 9
[2018-12-05 19:35:08.190] [sharedprocess] [info] Scanned user extensions: 9
[2018-12-05 19:40:08.204] [sharedprocess] [info] Scanned user extensions: 9
[2018-12-05 19:45:08.219] [sharedprocess] [info] Scanned user extensions: 9
[2018-12-05 19:50:08.234] [sharedprocess] [info] Scanned user extensions: 9
