[2018-11-01 09:46:28.946] [sharedprocess] [info] main {"machineId":"bc6780d3df07958fd8265e1f2de50453f8eb6c8632bd6d10c08d9ff36801141a"}
[2018-11-01 09:46:29.055] [sharedprocess] [info] Scanned user extensions: 8
[2018-11-01 09:46:29.393] [sharedprocess] [info] Scanned user extensions: 8
[2018-11-01 09:46:29.398] [sharedprocess] [info] Scanned user extensions: 8
[2018-11-01 09:46:30.223] [sharedprocess] [info] Scanned system extensions: 71
[2018-11-01 09:46:30.223] [sharedprocess] [info] Scanned system extensions: 71
[2018-11-01 09:46:31.488] [sharedprocess] [info] Scanned user extensions: 8
[2018-11-01 09:46:34.370] [sharedprocess] [info] Installing extension: better-phpunit
[2018-11-01 09:46:34.377] [sharedprocess] [info] Scanned user extensions: 8
[2018-11-01 09:47:08.952] [sharedprocess] [info] Starting to clean up unused language packs.
[2018-11-01 09:48:32.774] [sharedprocess] [info] Downloaded extension: better-phpunit /tmp/0079d5a9-af08-4108-bebc-6bd7784f51f7
[2018-11-01 09:48:32.920] [sharedprocess] [info] Extracted extension to /home/bridgeit/.vscode/extensions/.calebporzio.better-phpunit-1.1.1: calebporzio.better-phpunit-1.1.1
[2018-11-01 09:48:32.920] [sharedprocess] [info] Renamed to /home/bridgeit/.vscode/extensions/calebporzio.better-phpunit-1.1.1
[2018-11-01 09:48:32.920] [sharedprocess] [info] Installation completed. calebporzio.better-phpunit-1.1.1
[2018-11-01 09:48:32.970] [sharedprocess] [info] Extensions installed successfully: calebporzio.better-phpunit
[2018-11-01 09:48:33.094] [sharedprocess] [info] Scanned user extensions: 8
[2018-11-01 09:48:33.131] [sharedprocess] [info] Scanned system extensions: 71
[2018-11-01 09:51:31.506] [sharedprocess] [info] Scanned user extensions: 8
[2018-11-01 09:56:31.524] [sharedprocess] [info] Scanned user extensions: 8
[2018-11-01 10:01:31.541] [sharedprocess] [info] Scanned user extensions: 8
[2018-11-01 10:06:31.559] [sharedprocess] [info] Scanned user extensions: 8
[2018-11-01 10:11:31.583] [sharedprocess] [info] Scanned user extensions: 8
[2018-11-01 10:16:31.598] [sharedprocess] [info] Scanned user extensions: 8
[2018-11-01 10:21:31.614] [sharedprocess] [info] Scanned user extensions: 8
[2018-11-01 10:26:31.637] [sharedprocess] [info] Scanned user extensions: 8
[2018-11-01 10:31:31.652] [sharedprocess] [info] Scanned user extensions: 8
[2018-11-01 10:36:31.675] [sharedprocess] [info] Scanned user extensions: 8
[2018-11-01 10:41:31.692] [sharedprocess] [info] Scanned user extensions: 8
[2018-11-01 10:46:32.080] [sharedprocess] [info] Scanned user extensions: 8
[2018-11-01 10:51:32.098] [sharedprocess] [info] Scanned user extensions: 8
[2018-11-01 10:56:32.114] [sharedprocess] [info] Scanned user extensions: 8
[2018-11-01 11:01:32.130] [sharedprocess] [info] Scanned user extensions: 8
[2018-11-01 11:06:32.146] [sharedprocess] [info] Scanned user extensions: 8
[2018-11-01 11:11:32.162] [sharedprocess] [info] Scanned user extensions: 8
[2018-11-01 11:16:32.181] [sharedprocess] [info] Scanned user extensions: 8
[2018-11-01 11:21:32.196] [sharedprocess] [info] Scanned user extensions: 8
[2018-11-01 11:26:32.208] [sharedprocess] [info] Scanned user extensions: 8
[2018-11-01 11:31:32.223] [sharedprocess] [info] Scanned user extensions: 8
[2018-11-01 11:36:32.243] [sharedprocess] [info] Scanned user extensions: 8
[2018-11-01 11:41:32.260] [sharedprocess] [info] Scanned user extensions: 8
[2018-11-01 11:46:32.303] [sharedprocess] [info] Scanned user extensions: 8
[2018-11-01 11:51:32.319] [sharedprocess] [info] Scanned user extensions: 8
[2018-11-01 11:56:32.334] [sharedprocess] [info] Scanned user extensions: 8
[2018-11-01 12:01:32.348] [sharedprocess] [info] Scanned user extensions: 8
[2018-11-01 12:06:32.367] [sharedprocess] [info] Scanned user extensions: 8
[2018-11-01 12:11:32.383] [sharedprocess] [info] Scanned user extensions: 8
[2018-11-01 12:16:32.396] [sharedprocess] [info] Scanned user extensions: 8
[2018-11-01 12:21:32.413] [sharedprocess] [info] Scanned user extensions: 8
[2018-11-01 12:26:32.430] [sharedprocess] [info] Scanned user extensions: 8
[2018-11-01 12:31:32.444] [sharedprocess] [info] Scanned user extensions: 8
[2018-11-01 12:36:32.457] [sharedprocess] [info] Scanned user extensions: 8
[2018-11-01 12:41:32.470] [sharedprocess] [info] Scanned user extensions: 8
[2018-11-01 12:46:32.536] [sharedprocess] [info] Scanned user extensions: 8
[2018-11-01 12:51:32.547] [sharedprocess] [info] Scanned user extensions: 8
[2018-11-01 12:56:32.563] [sharedprocess] [info] Scanned user extensions: 8
[2018-11-01 13:01:32.582] [sharedprocess] [info] Scanned user extensions: 8
[2018-11-01 13:06:32.598] [sharedprocess] [info] Scanned user extensions: 8
[2018-11-01 13:11:32.613] [sharedprocess] [info] Scanned user extensions: 8
[2018-11-01 13:16:32.627] [sharedprocess] [info] Scanned user extensions: 8
[2018-11-01 13:21:32.641] [sharedprocess] [info] Scanned user extensions: 8
[2018-11-01 13:26:32.657] [sharedprocess] [info] Scanned user extensions: 8
[2018-11-01 13:31:32.672] [sharedprocess] [info] Scanned user extensions: 8
[2018-11-01 13:36:32.691] [sharedprocess] [info] Scanned user extensions: 8
[2018-11-01 13:41:32.708] [sharedprocess] [info] Scanned user extensions: 8
[2018-11-01 13:46:32.749] [sharedprocess] [info] Scanned user extensions: 8
[2018-11-01 13:51:32.764] [sharedprocess] [info] Scanned user extensions: 8
[2018-11-01 13:56:32.781] [sharedprocess] [info] Scanned user extensions: 8
[2018-11-01 14:01:32.793] [sharedprocess] [info] Scanned user extensions: 8
[2018-11-01 14:06:32.812] [sharedprocess] [info] Scanned user extensions: 8
[2018-11-01 14:11:32.828] [sharedprocess] [info] Scanned user extensions: 8
[2018-11-01 14:16:32.842] [sharedprocess] [info] Scanned user extensions: 8
[2018-11-01 14:21:32.859] [sharedprocess] [info] Scanned user extensions: 8
[2018-11-01 14:26:32.874] [sharedprocess] [info] Scanned user extensions: 8
[2018-11-01 14:31:32.891] [sharedprocess] [info] Scanned user extensions: 8
[2018-11-01 14:36:32.904] [sharedprocess] [info] Scanned user extensions: 8
[2018-11-01 14:41:32.919] [sharedprocess] [info] Scanned user extensions: 8
[2018-11-01 14:46:32.959] [sharedprocess] [info] Scanned user extensions: 8
[2018-11-01 14:51:32.974] [sharedprocess] [info] Scanned user extensions: 8
[2018-11-01 14:56:32.991] [sharedprocess] [info] Scanned user extensions: 8
[2018-11-01 15:01:33.006] [sharedprocess] [info] Scanned user extensions: 8
[2018-11-01 15:06:33.021] [sharedprocess] [info] Scanned user extensions: 8
[2018-11-01 15:11:33.036] [sharedprocess] [info] Scanned user extensions: 8
[2018-11-01 15:16:33.051] [sharedprocess] [info] Scanned user extensions: 8
[2018-11-01 15:21:33.065] [sharedprocess] [info] Scanned user extensions: 8
[2018-11-01 15:26:33.079] [sharedprocess] [info] Scanned user extensions: 8
[2018-11-01 15:31:33.093] [sharedprocess] [info] Scanned user extensions: 8
[2018-11-01 15:36:33.110] [sharedprocess] [info] Scanned user extensions: 8
[2018-11-01 15:41:33.128] [sharedprocess] [info] Scanned user extensions: 8
[2018-11-01 15:46:33.161] [sharedprocess] [info] Scanned user extensions: 8
[2018-11-01 15:51:33.174] [sharedprocess] [info] Scanned user extensions: 8
[2018-11-01 15:56:33.191] [sharedprocess] [info] Scanned user extensions: 8
[2018-11-01 16:01:33.206] [sharedprocess] [info] Scanned user extensions: 8
[2018-11-01 16:06:33.219] [sharedprocess] [info] Scanned user extensions: 8
[2018-11-01 16:11:33.231] [sharedprocess] [info] Scanned user extensions: 8
[2018-11-01 16:16:33.247] [sharedprocess] [info] Scanned user extensions: 8
[2018-11-01 16:21:33.261] [sharedprocess] [info] Scanned user extensions: 8
[2018-11-01 16:26:33.276] [sharedprocess] [info] Scanned user extensions: 8
[2018-11-01 16:31:33.292] [sharedprocess] [info] Scanned user extensions: 8
[2018-11-01 16:36:33.307] [sharedprocess] [info] Scanned user extensions: 8
[2018-11-01 16:41:33.322] [sharedprocess] [info] Scanned user extensions: 8
[2018-11-01 16:46:33.363] [sharedprocess] [info] Scanned user extensions: 8
[2018-11-01 16:51:33.376] [sharedprocess] [info] Scanned user extensions: 8
[2018-11-01 16:56:33.389] [sharedprocess] [info] Scanned user extensions: 8
[2018-11-01 17:01:33.401] [sharedprocess] [info] Scanned user extensions: 8
[2018-11-01 17:06:33.419] [sharedprocess] [info] Scanned user extensions: 8
[2018-11-01 17:11:33.436] [sharedprocess] [info] Scanned user extensions: 8
[2018-11-01 17:16:33.450] [sharedprocess] [info] Scanned user extensions: 8
[2018-11-01 17:21:33.465] [sharedprocess] [info] Scanned user extensions: 8
[2018-11-01 17:26:33.482] [sharedprocess] [info] Scanned user extensions: 8
[2018-11-01 17:31:33.500] [sharedprocess] [info] Scanned user extensions: 8
[2018-11-01 17:36:33.515] [sharedprocess] [info] Scanned user extensions: 8
[2018-11-01 17:41:33.529] [sharedprocess] [info] Scanned user extensions: 8
[2018-11-01 17:46:33.587] [sharedprocess] [info] Scanned user extensions: 8
[2018-11-01 17:51:33.603] [sharedprocess] [info] Scanned user extensions: 8
[2018-11-01 17:56:33.628] [sharedprocess] [info] Scanned user extensions: 8
[2018-11-01 18:01:33.643] [sharedprocess] [info] Scanned user extensions: 8
[2018-11-01 18:06:33.658] [sharedprocess] [info] Scanned user extensions: 8
[2018-11-01 18:11:33.672] [sharedprocess] [info] Scanned user extensions: 8
[2018-11-01 18:16:33.689] [sharedprocess] [info] Scanned user extensions: 8
[2018-11-01 18:21:33.703] [sharedprocess] [info] Scanned user extensions: 8
[2018-11-01 18:26:33.719] [sharedprocess] [info] Scanned user extensions: 8
[2018-11-01 18:31:33.734] [sharedprocess] [info] Scanned user extensions: 8
[2018-11-01 18:36:33.752] [sharedprocess] [info] Scanned user extensions: 8
[2018-11-01 18:41:33.793] [sharedprocess] [info] Scanned user extensions: 8
[2018-11-01 18:46:33.824] [sharedprocess] [info] Scanned user extensions: 8
[2018-11-01 18:51:33.839] [sharedprocess] [info] Scanned user extensions: 8
[2018-11-01 18:56:33.851] [sharedprocess] [info] Scanned user extensions: 8
[2018-11-01 19:01:33.884] [sharedprocess] [info] Scanned user extensions: 8
[2018-11-01 19:06:33.897] [sharedprocess] [info] Scanned user extensions: 8
[2018-11-01 19:11:33.909] [sharedprocess] [info] Scanned user extensions: 8
[2018-11-01 19:16:33.923] [sharedprocess] [info] Scanned user extensions: 8
[2018-11-01 19:21:33.937] [sharedprocess] [info] Scanned user extensions: 8
[2018-11-01 19:26:33.949] [sharedprocess] [info] Scanned user extensions: 8
[2018-11-01 19:31:33.977] [sharedprocess] [info] Scanned user extensions: 8
[2018-11-01 19:36:33.991] [sharedprocess] [info] Scanned user extensions: 8
[2018-11-01 19:41:34.005] [sharedprocess] [info] Scanned user extensions: 8
[2018-11-01 19:46:34.066] [sharedprocess] [info] Scanned user extensions: 8
[2018-11-01 19:51:34.081] [sharedprocess] [info] Scanned user extensions: 8
[2018-11-01 19:56:34.097] [sharedprocess] [info] Scanned user extensions: 8
[2018-11-01 20:01:34.113] [sharedprocess] [info] Scanned user extensions: 8
[2018-11-01 20:06:34.128] [sharedprocess] [info] Scanned user extensions: 8
