[2018-11-23 09:57:54.535] [sharedprocess] [info] main {"machineId":"bc6780d3df07958fd8265e1f2de50453f8eb6c8632bd6d10c08d9ff36801141a"}
[2018-11-23 09:57:55.054] [sharedprocess] [info] Scanned user extensions: 8
[2018-11-23 09:57:55.077] [sharedprocess] [info] Scanned user extensions: 8
[2018-11-23 09:57:55.081] [sharedprocess] [info] Scanned user extensions: 8
[2018-11-23 09:57:56.535] [sharedprocess] [info] Scanned system extensions: 71
[2018-11-23 09:57:56.535] [sharedprocess] [info] Deleted from disk vscjava.vscode-java-test-0.10.0
[2018-11-23 09:57:56.539] [sharedprocess] [info] Scanned system extensions: 71
[2018-11-23 09:57:59.112] [sharedprocess] [info] Scanned user extensions: 8
[2018-11-23 09:58:34.540] [sharedprocess] [info] Starting to clean up unused language packs.
[2018-11-23 10:02:59.128] [sharedprocess] [info] Scanned user extensions: 8
[2018-11-23 10:07:59.143] [sharedprocess] [info] Scanned user extensions: 8
[2018-11-23 10:12:59.155] [sharedprocess] [info] Scanned user extensions: 8
[2018-11-23 10:17:59.166] [sharedprocess] [info] Scanned user extensions: 8
[2018-11-23 10:22:59.179] [sharedprocess] [info] Scanned user extensions: 8
[2018-11-23 10:27:59.190] [sharedprocess] [info] Scanned user extensions: 8
[2018-11-23 10:32:59.200] [sharedprocess] [info] Scanned user extensions: 8
[2018-11-23 10:37:59.213] [sharedprocess] [info] Scanned user extensions: 8
[2018-11-23 10:42:59.225] [sharedprocess] [info] Scanned user extensions: 8
[2018-11-23 10:47:59.240] [sharedprocess] [info] Scanned user extensions: 8
[2018-11-23 10:52:59.249] [sharedprocess] [info] Scanned user extensions: 8
[2018-11-23 10:57:59.320] [sharedprocess] [info] Scanned user extensions: 8
[2018-11-23 11:02:59.332] [sharedprocess] [info] Scanned user extensions: 8
[2018-11-23 11:07:59.344] [sharedprocess] [info] Scanned user extensions: 8
[2018-11-23 11:12:59.357] [sharedprocess] [info] Scanned user extensions: 8
[2018-11-23 11:17:59.369] [sharedprocess] [info] Scanned user extensions: 8
[2018-11-23 11:22:59.381] [sharedprocess] [info] Scanned user extensions: 8
[2018-11-23 11:27:59.398] [sharedprocess] [info] Scanned user extensions: 8
[2018-11-23 11:32:59.411] [sharedprocess] [info] Scanned user extensions: 8
[2018-11-23 11:37:59.422] [sharedprocess] [info] Scanned user extensions: 8
[2018-11-23 11:42:59.437] [sharedprocess] [info] Scanned user extensions: 8
[2018-11-23 11:47:59.450] [sharedprocess] [info] Scanned user extensions: 8
[2018-11-23 11:52:59.465] [sharedprocess] [info] Scanned user extensions: 8
[2018-11-23 11:57:59.501] [sharedprocess] [info] Scanned user extensions: 8
[2018-11-23 12:02:59.516] [sharedprocess] [info] Scanned user extensions: 8
[2018-11-23 12:07:59.530] [sharedprocess] [info] Scanned user extensions: 8
[2018-11-23 12:12:59.544] [sharedprocess] [info] Scanned user extensions: 8
[2018-11-23 12:17:59.558] [sharedprocess] [info] Scanned user extensions: 8
[2018-11-23 12:22:59.572] [sharedprocess] [info] Scanned user extensions: 8
[2018-11-23 12:27:59.586] [sharedprocess] [info] Scanned user extensions: 8
[2018-11-23 12:32:59.602] [sharedprocess] [info] Scanned user extensions: 8
[2018-11-23 12:37:59.615] [sharedprocess] [info] Scanned user extensions: 8
[2018-11-23 12:42:59.628] [sharedprocess] [info] Scanned user extensions: 8
[2018-11-23 12:47:59.646] [sharedprocess] [info] Scanned user extensions: 8
[2018-11-23 12:52:59.664] [sharedprocess] [info] Scanned user extensions: 8
[2018-11-23 12:57:59.701] [sharedprocess] [info] Scanned user extensions: 8
[2018-11-23 13:02:59.717] [sharedprocess] [info] Scanned user extensions: 8
[2018-11-23 13:07:59.731] [sharedprocess] [info] Scanned user extensions: 8
[2018-11-23 13:12:59.744] [sharedprocess] [info] Scanned user extensions: 8
[2018-11-23 13:17:59.759] [sharedprocess] [info] Scanned user extensions: 8
[2018-11-23 13:22:59.774] [sharedprocess] [info] Scanned user extensions: 8
[2018-11-23 13:27:59.787] [sharedprocess] [info] Scanned user extensions: 8
[2018-11-23 13:32:59.805] [sharedprocess] [info] Scanned user extensions: 8
[2018-11-23 13:37:59.818] [sharedprocess] [info] Scanned user extensions: 8
[2018-11-23 13:42:59.833] [sharedprocess] [info] Scanned user extensions: 8
[2018-11-23 13:47:59.849] [sharedprocess] [info] Scanned user extensions: 8
[2018-11-23 13:52:59.864] [sharedprocess] [info] Scanned user extensions: 8
[2018-11-23 13:57:59.905] [sharedprocess] [info] Scanned user extensions: 8
[2018-11-23 14:02:59.919] [sharedprocess] [info] Scanned user extensions: 8
[2018-11-23 14:07:59.934] [sharedprocess] [info] Scanned user extensions: 8
[2018-11-23 14:12:59.946] [sharedprocess] [info] Scanned user extensions: 8
[2018-11-23 14:17:59.962] [sharedprocess] [info] Scanned user extensions: 8
[2018-11-23 14:22:59.977] [sharedprocess] [info] Scanned user extensions: 8
[2018-11-23 14:27:59.992] [sharedprocess] [info] Scanned user extensions: 8
[2018-11-23 14:33:00.006] [sharedprocess] [info] Scanned user extensions: 8
[2018-11-23 14:38:00.020] [sharedprocess] [info] Scanned user extensions: 8
[2018-11-23 14:43:00.034] [sharedprocess] [info] Scanned user extensions: 8
[2018-11-23 14:48:00.050] [sharedprocess] [info] Scanned user extensions: 8
[2018-11-23 14:53:00.064] [sharedprocess] [info] Scanned user extensions: 8
[2018-11-23 14:58:00.101] [sharedprocess] [info] Scanned user extensions: 8
[2018-11-23 15:03:00.116] [sharedprocess] [info] Scanned user extensions: 8
[2018-11-23 15:08:00.130] [sharedprocess] [info] Scanned user extensions: 8
[2018-11-23 15:13:00.145] [sharedprocess] [info] Scanned user extensions: 8
[2018-11-23 15:18:00.162] [sharedprocess] [info] Scanned user extensions: 8
[2018-11-23 15:23:00.175] [sharedprocess] [info] Scanned user extensions: 8
[2018-11-23 15:28:00.185] [sharedprocess] [info] Scanned user extensions: 8
[2018-11-23 15:33:00.199] [sharedprocess] [info] Scanned user extensions: 8
[2018-11-23 15:38:00.215] [sharedprocess] [info] Scanned user extensions: 8
[2018-11-23 15:43:00.229] [sharedprocess] [info] Scanned user extensions: 8
[2018-11-23 15:48:00.244] [sharedprocess] [info] Scanned user extensions: 8
[2018-11-23 15:53:00.260] [sharedprocess] [info] Scanned user extensions: 8
[2018-11-23 15:58:00.301] [sharedprocess] [info] Scanned user extensions: 8
[2018-11-23 16:03:00.316] [sharedprocess] [info] Scanned user extensions: 8
[2018-11-23 16:08:00.330] [sharedprocess] [info] Scanned user extensions: 8
[2018-11-23 16:13:00.344] [sharedprocess] [info] Scanned user extensions: 8
[2018-11-23 16:18:00.357] [sharedprocess] [info] Scanned user extensions: 8
[2018-11-23 16:23:00.369] [sharedprocess] [info] Scanned user extensions: 8
[2018-11-23 16:28:00.381] [sharedprocess] [info] Scanned user extensions: 8
[2018-11-23 16:33:00.399] [sharedprocess] [info] Scanned user extensions: 8
[2018-11-23 16:38:00.412] [sharedprocess] [info] Scanned user extensions: 8
[2018-11-23 16:43:00.425] [sharedprocess] [info] Scanned user extensions: 8
[2018-11-23 16:48:00.442] [sharedprocess] [info] Scanned user extensions: 8
[2018-11-23 16:53:00.456] [sharedprocess] [info] Scanned user extensions: 8
[2018-11-23 16:58:05.502] [sharedprocess] [info] Scanned user extensions: 8
[2018-11-23 17:03:05.517] [sharedprocess] [info] Scanned user extensions: 8
[2018-11-23 17:08:05.528] [sharedprocess] [info] Scanned user extensions: 8
[2018-11-23 17:13:05.550] [sharedprocess] [info] Scanned user extensions: 8
[2018-11-23 17:18:05.564] [sharedprocess] [info] Scanned user extensions: 8
[2018-11-23 17:23:05.577] [sharedprocess] [info] Scanned user extensions: 8
[2018-11-23 17:28:05.588] [sharedprocess] [info] Scanned user extensions: 8
[2018-11-23 17:33:05.603] [sharedprocess] [info] Scanned user extensions: 8
