Looking for git in: git
Using git 2.7.4 from git
> git rev-parse --show-toplevel
> git config --get commit.template
Open repository: /var/www/html/code1/codeigniter
> git status -z -u
> git show :application/controllers/Accountcontroller.php
> git check-ignore -z --stdin
> git symbolic-ref --short HEAD
> git rev-parse master
> git rev-parse --symbolic-full-name master@{u}
fatal: no upstream configured for branch 'master'
> git for-each-ref --format %(refname) %(objectname) --sort -committerdate
> git remote --verbose
> git show :application/controllers/Accountcontroller.php
> git check-ignore -z --stdin
> git check-ignore -z --stdin
> git check-ignore -z --stdin
> git check-ignore -z --stdin
> git check-ignore -z --stdin
> git show :ng6/src/app/service/notes.service.ts
> git show :ng6/src/app/login/login.component.ts
> git check-ignore -z --stdin
> git show :ng6/src/main.ts
> git show :ng6/src/app/app.module.ts
> git check-ignore -z --stdin
> git show :ng6/src/main.ts
> git check-ignore -z --stdin
> git check-ignore -z --stdin
> git show :ng6/src/environments/environment.prod.ts
> git show :ng6/src/environments/environment.ts
> git show :ng6/src/environments/environment.prod.ts
> git check-ignore -z --stdin
> git show :ng6/src/app/notes/notes.component.ts
> git check-ignore -z --stdin
> git check-ignore -z --stdin
> git check-ignore -z --stdin
> git check-ignore -z --stdin
> git check-ignore -z --stdin
> git check-ignore -z --stdin
> git check-ignore -z --stdin
> git check-ignore -z --stdin
> git check-ignore -z --stdin
> git show :application/views/test.php
> git show :application/views/tests.php
> git show :application/views/welcome_message.php
> git show :phpunittest/phpunit.xml
> git check-ignore -z --stdin
> git check-ignore -z --stdin
