[2018-11-22 14:48:02.097] [sharedprocess] [info] main {"machineId":"bc6780d3df07958fd8265e1f2de50453f8eb6c8632bd6d10c08d9ff36801141a"}
[2018-11-22 14:48:02.324] [sharedprocess] [info] Scanned user extensions: 8
[2018-11-22 14:48:02.412] [sharedprocess] [info] Scanned user extensions: 8
[2018-11-22 14:48:02.415] [sharedprocess] [info] Scanned user extensions: 8
[2018-11-22 14:48:03.436] [sharedprocess] [info] Scanned system extensions: 71
[2018-11-22 14:48:03.436] [sharedprocess] [info] Scanned system extensions: 71
[2018-11-22 14:48:03.584] [sharedprocess] [info] Scanned user extensions: 8
[2018-11-22 14:48:04.842] [sharedprocess] [info] Installing extension: vscode-java-test
[2018-11-22 14:48:04.849] [sharedprocess] [info] Scanned user extensions: 8
[2018-11-22 14:48:25.093] [sharedprocess] [info] Downloaded extension: vscode-java-test /tmp/f05d5ab2-6e1b-4e2a-9ace-b5821aab2fb9
[2018-11-22 14:48:30.362] [sharedprocess] [info] Extracted extension to /home/bridgeit/.vscode/extensions/.vscjava.vscode-java-test-0.11.0: vscjava.vscode-java-test-0.11.0
[2018-11-22 14:48:30.362] [sharedprocess] [info] Renamed to /home/bridgeit/.vscode/extensions/vscjava.vscode-java-test-0.11.0
[2018-11-22 14:48:30.362] [sharedprocess] [info] Installation completed. vscjava.vscode-java-test-0.11.0
[2018-11-22 14:48:30.481] [sharedprocess] [info] Scanned user extensions: 8
[2018-11-22 14:48:30.515] [sharedprocess] [info] Scanned system extensions: 71
[2018-11-22 14:48:30.516] [sharedprocess] [info] Extensions installed successfully: vscjava.vscode-java-test
[2018-11-22 14:48:30.630] [sharedprocess] [info] Scanned user extensions: 8
[2018-11-22 14:48:30.645] [sharedprocess] [info] Scanned system extensions: 71
[2018-11-22 14:48:42.103] [sharedprocess] [info] Starting to clean up unused language packs.
[2018-11-22 14:53:03.598] [sharedprocess] [info] Scanned user extensions: 8
[2018-11-22 14:58:03.612] [sharedprocess] [info] Scanned user extensions: 8
[2018-11-22 15:03:03.628] [sharedprocess] [info] Scanned user extensions: 8
[2018-11-22 15:08:03.643] [sharedprocess] [info] Scanned user extensions: 8
[2018-11-22 15:13:03.658] [sharedprocess] [info] Scanned user extensions: 8
[2018-11-22 15:18:03.673] [sharedprocess] [info] Scanned user extensions: 8
[2018-11-22 15:23:03.687] [sharedprocess] [info] Scanned user extensions: 8
[2018-11-22 15:28:03.701] [sharedprocess] [info] Scanned user extensions: 8
[2018-11-22 15:33:03.717] [sharedprocess] [info] Scanned user extensions: 8
[2018-11-22 15:38:03.732] [sharedprocess] [info] Scanned user extensions: 8
[2018-11-22 15:43:03.747] [sharedprocess] [info] Scanned user extensions: 8
[2018-11-22 15:48:03.789] [sharedprocess] [info] Scanned user extensions: 8
[2018-11-22 15:53:03.804] [sharedprocess] [info] Scanned user extensions: 8
[2018-11-22 15:58:03.819] [sharedprocess] [info] Scanned user extensions: 8
[2018-11-22 16:03:03.834] [sharedprocess] [info] Scanned user extensions: 8
[2018-11-22 16:08:03.849] [sharedprocess] [info] Scanned user extensions: 8
[2018-11-22 16:13:03.865] [sharedprocess] [info] Scanned user extensions: 8
[2018-11-22 16:18:03.882] [sharedprocess] [info] Scanned user extensions: 8
[2018-11-22 16:23:03.897] [sharedprocess] [info] Scanned user extensions: 8
[2018-11-22 16:28:03.912] [sharedprocess] [info] Scanned user extensions: 8
[2018-11-22 16:33:03.927] [sharedprocess] [info] Scanned user extensions: 8
[2018-11-22 16:38:03.944] [sharedprocess] [info] Scanned user extensions: 8
[2018-11-22 16:43:03.960] [sharedprocess] [info] Scanned user extensions: 8
[2018-11-22 16:48:04.001] [sharedprocess] [info] Scanned user extensions: 8
[2018-11-22 16:53:04.016] [sharedprocess] [info] Scanned user extensions: 8
[2018-11-22 16:58:04.032] [sharedprocess] [info] Scanned user extensions: 8
[2018-11-22 17:03:04.048] [sharedprocess] [info] Scanned user extensions: 8
[2018-11-22 17:08:04.065] [sharedprocess] [info] Scanned user extensions: 8
[2018-11-22 17:13:04.079] [sharedprocess] [info] Scanned user extensions: 8
[2018-11-22 17:18:04.097] [sharedprocess] [info] Scanned user extensions: 8
[2018-11-22 17:23:04.111] [sharedprocess] [info] Scanned user extensions: 8
[2018-11-22 17:28:04.125] [sharedprocess] [info] Scanned user extensions: 8
[2018-11-22 17:33:04.139] [sharedprocess] [info] Scanned user extensions: 8
[2018-11-22 17:38:04.155] [sharedprocess] [info] Scanned user extensions: 8
[2018-11-22 17:43:04.177] [sharedprocess] [info] Scanned user extensions: 8
[2018-11-22 17:48:04.220] [sharedprocess] [info] Scanned user extensions: 8
[2018-11-22 17:53:04.235] [sharedprocess] [info] Scanned user extensions: 8
[2018-11-22 17:58:04.251] [sharedprocess] [info] Scanned user extensions: 8
[2018-11-22 18:03:04.263] [sharedprocess] [info] Scanned user extensions: 8
[2018-11-22 18:08:04.277] [sharedprocess] [info] Scanned user extensions: 8
[2018-11-22 18:13:04.291] [sharedprocess] [info] Scanned user extensions: 8
[2018-11-22 18:18:04.308] [sharedprocess] [info] Scanned user extensions: 8
[2018-11-22 18:23:04.322] [sharedprocess] [info] Scanned user extensions: 8
[2018-11-22 18:28:04.338] [sharedprocess] [info] Scanned user extensions: 8
[2018-11-22 18:33:04.352] [sharedprocess] [info] Scanned user extensions: 8
[2018-11-22 18:38:04.366] [sharedprocess] [info] Scanned user extensions: 8
[2018-11-22 18:43:04.378] [sharedprocess] [info] Scanned user extensions: 8
[2018-11-22 18:48:04.473] [sharedprocess] [info] Scanned user extensions: 8
[2018-11-22 18:53:04.486] [sharedprocess] [info] Scanned user extensions: 8
[2018-11-22 18:58:04.497] [sharedprocess] [info] Scanned user extensions: 8
[2018-11-22 19:03:04.508] [sharedprocess] [info] Scanned user extensions: 8
[2018-11-22 19:08:04.522] [sharedprocess] [info] Scanned user extensions: 8
[2018-11-22 19:13:04.535] [sharedprocess] [info] Scanned user extensions: 8
