[2018-11-29 10:09:41.036] [sharedprocess] [info] main {"machineId":"bc6780d3df07958fd8265e1f2de50453f8eb6c8632bd6d10c08d9ff36801141a"}
[2018-11-29 10:09:41.728] [sharedprocess] [info] Scanned user extensions: 9
[2018-11-29 10:09:47.080] [sharedprocess] [info] Scanned user extensions: 9
[2018-11-29 10:09:47.088] [sharedprocess] [info] Scanned user extensions: 9
[2018-11-29 10:09:47.279] [sharedprocess] [info] Scanned user extensions: 9
[2018-11-29 10:09:47.285] [sharedprocess] [info] Scanned system extensions: 71
[2018-11-29 10:09:47.313] [sharedprocess] [info] Deleted from disk vscjava.vscode-maven-0.11.2
[2018-11-29 10:09:47.320] [sharedprocess] [info] Scanned system extensions: 71
[2018-11-29 10:09:47.363] [sharedprocess] [info] Deleted from disk vscjava.vscode-java-test-0.11.0
[2018-11-29 10:09:48.614] [sharedprocess] [info] Installing extension: better-phpunit
[2018-11-29 10:09:48.619] [sharedprocess] [info] Scanned user extensions: 9
[2018-11-29 10:09:52.659] [sharedprocess] [info] Downloaded extension: better-phpunit /tmp/9a6d6478-c367-4900-b051-827f8b271a65
[2018-11-29 10:09:52.836] [sharedprocess] [info] Extracted extension to /home/bridgeit/.vscode/extensions/.calebporzio.better-phpunit-1.2.1: calebporzio.better-phpunit-1.2.1
[2018-11-29 10:09:52.836] [sharedprocess] [info] Renamed to /home/bridgeit/.vscode/extensions/calebporzio.better-phpunit-1.2.1
[2018-11-29 10:09:52.836] [sharedprocess] [info] Installation completed. calebporzio.better-phpunit-1.2.1
[2018-11-29 10:09:53.850] [sharedprocess] [info] Extensions installed successfully: calebporzio.better-phpunit
[2018-11-29 10:09:53.961] [sharedprocess] [info] Scanned user extensions: 9
[2018-11-29 10:09:53.982] [sharedprocess] [info] Scanned system extensions: 71
[2018-11-29 10:10:21.042] [sharedprocess] [info] Starting to clean up unused language packs.
[2018-11-29 10:14:47.299] [sharedprocess] [info] Scanned user extensions: 9
[2018-11-29 10:19:47.334] [sharedprocess] [info] Scanned user extensions: 9
[2018-11-29 10:24:47.350] [sharedprocess] [info] Scanned user extensions: 9
[2018-11-29 10:29:47.369] [sharedprocess] [info] Scanned user extensions: 9
[2018-11-29 10:34:47.385] [sharedprocess] [info] Scanned user extensions: 9
[2018-11-29 10:39:47.402] [sharedprocess] [info] Scanned user extensions: 9
[2018-11-29 10:44:47.419] [sharedprocess] [info] Scanned user extensions: 9
[2018-11-29 10:49:47.434] [sharedprocess] [info] Scanned user extensions: 9
[2018-11-29 10:54:47.450] [sharedprocess] [info] Scanned user extensions: 9
[2018-11-29 10:59:47.464] [sharedprocess] [info] Scanned user extensions: 9
[2018-11-29 11:04:47.475] [sharedprocess] [info] Scanned user extensions: 9
[2018-11-29 11:09:47.514] [sharedprocess] [info] Scanned user extensions: 9
[2018-11-29 11:14:47.530] [sharedprocess] [info] Scanned user extensions: 9
[2018-11-29 11:19:47.549] [sharedprocess] [info] Scanned user extensions: 9
[2018-11-29 11:24:47.562] [sharedprocess] [info] Scanned user extensions: 9
[2018-11-29 11:29:47.577] [sharedprocess] [info] Scanned user extensions: 9
[2018-11-29 11:34:47.596] [sharedprocess] [info] Scanned user extensions: 9
[2018-11-29 11:39:47.612] [sharedprocess] [info] Scanned user extensions: 9
[2018-11-29 11:44:47.630] [sharedprocess] [info] Scanned user extensions: 9
[2018-11-29 11:49:47.647] [sharedprocess] [info] Scanned user extensions: 9
[2018-11-29 11:54:47.659] [sharedprocess] [info] Scanned user extensions: 9
[2018-11-29 11:59:47.675] [sharedprocess] [info] Scanned user extensions: 9
[2018-11-29 12:04:47.692] [sharedprocess] [info] Scanned user extensions: 9
[2018-11-29 12:09:48.050] [sharedprocess] [info] Scanned user extensions: 9
[2018-11-29 12:14:48.067] [sharedprocess] [info] Scanned user extensions: 9
[2018-11-29 12:19:48.087] [sharedprocess] [info] Scanned user extensions: 9
[2018-11-29 12:24:48.099] [sharedprocess] [info] Scanned user extensions: 9
[2018-11-29 12:29:48.115] [sharedprocess] [info] Scanned user extensions: 9
[2018-11-29 12:34:48.133] [sharedprocess] [info] Scanned user extensions: 9
[2018-11-29 12:39:48.147] [sharedprocess] [info] Scanned user extensions: 9
[2018-11-29 12:44:48.166] [sharedprocess] [info] Scanned user extensions: 9
[2018-11-29 12:49:48.179] [sharedprocess] [info] Scanned user extensions: 9
[2018-11-29 12:54:48.191] [sharedprocess] [info] Scanned user extensions: 9
[2018-11-29 12:59:48.202] [sharedprocess] [info] Scanned user extensions: 9
[2018-11-29 13:04:48.220] [sharedprocess] [info] Scanned user extensions: 9
[2018-11-29 13:09:48.286] [sharedprocess] [info] Scanned user extensions: 9
[2018-11-29 13:14:48.303] [sharedprocess] [info] Scanned user extensions: 9
[2018-11-29 13:19:48.323] [sharedprocess] [info] Scanned user extensions: 9
[2018-11-29 13:24:48.338] [sharedprocess] [info] Scanned user extensions: 9
[2018-11-29 13:29:48.356] [sharedprocess] [info] Scanned user extensions: 9
[2018-11-29 13:34:48.373] [sharedprocess] [info] Scanned user extensions: 9
[2018-11-29 13:39:48.388] [sharedprocess] [info] Scanned user extensions: 9
[2018-11-29 13:44:48.404] [sharedprocess] [info] Scanned user extensions: 9
[2018-11-29 13:49:48.420] [sharedprocess] [info] Scanned user extensions: 9
[2018-11-29 13:54:48.435] [sharedprocess] [info] Scanned user extensions: 9
[2018-11-29 13:59:48.450] [sharedprocess] [info] Scanned user extensions: 9
[2018-11-29 14:04:48.465] [sharedprocess] [info] Scanned user extensions: 9
[2018-11-29 14:09:48.504] [sharedprocess] [info] Scanned user extensions: 9
[2018-11-29 14:14:48.519] [sharedprocess] [info] Scanned user extensions: 9
[2018-11-29 14:19:48.537] [sharedprocess] [info] Scanned user extensions: 9
[2018-11-29 14:24:48.555] [sharedprocess] [info] Scanned user extensions: 9
[2018-11-29 14:29:48.569] [sharedprocess] [info] Scanned user extensions: 9
[2018-11-29 14:34:48.614] [sharedprocess] [info] Scanned user extensions: 9
[2018-11-29 14:39:48.631] [sharedprocess] [info] Scanned user extensions: 9
[2018-11-29 14:44:48.643] [sharedprocess] [info] Scanned user extensions: 9
[2018-11-29 14:49:48.658] [sharedprocess] [info] Scanned user extensions: 9
[2018-11-29 14:54:48.679] [sharedprocess] [info] Scanned user extensions: 9
[2018-11-29 14:59:48.695] [sharedprocess] [info] Scanned user extensions: 9
[2018-11-29 15:04:48.711] [sharedprocess] [info] Scanned user extensions: 9
[2018-11-29 15:09:48.750] [sharedprocess] [info] Scanned user extensions: 9
[2018-11-29 15:14:48.765] [sharedprocess] [info] Scanned user extensions: 9
[2018-11-29 15:19:48.782] [sharedprocess] [info] Scanned user extensions: 9
[2018-11-29 15:24:48.796] [sharedprocess] [info] Scanned user extensions: 9
[2018-11-29 15:29:48.810] [sharedprocess] [info] Scanned user extensions: 9
[2018-11-29 15:34:48.823] [sharedprocess] [info] Scanned user extensions: 9
[2018-11-29 15:39:48.838] [sharedprocess] [info] Scanned user extensions: 9
[2018-11-29 15:44:48.856] [sharedprocess] [info] Scanned user extensions: 9
[2018-11-29 15:49:48.872] [sharedprocess] [info] Scanned user extensions: 9
[2018-11-29 15:54:48.886] [sharedprocess] [info] Scanned user extensions: 9
[2018-11-29 15:59:48.901] [sharedprocess] [info] Scanned user extensions: 9
[2018-11-29 16:04:48.916] [sharedprocess] [info] Scanned user extensions: 9
[2018-11-29 16:09:49.067] [sharedprocess] [info] Scanned user extensions: 9
[2018-11-29 16:14:49.082] [sharedprocess] [info] Scanned user extensions: 9
[2018-11-29 16:19:49.096] [sharedprocess] [info] Scanned user extensions: 9
[2018-11-29 16:24:49.186] [sharedprocess] [info] Scanned user extensions: 9
[2018-11-29 16:29:49.204] [sharedprocess] [info] Scanned user extensions: 9
[2018-11-29 16:34:49.217] [sharedprocess] [info] Scanned user extensions: 9
[2018-11-29 16:39:49.240] [sharedprocess] [info] Scanned user extensions: 9
[2018-11-29 16:44:49.261] [sharedprocess] [info] Scanned user extensions: 9
[2018-11-29 16:49:49.279] [sharedprocess] [info] Scanned user extensions: 9
[2018-11-29 16:54:49.292] [sharedprocess] [info] Scanned user extensions: 9
[2018-11-29 16:59:49.309] [sharedprocess] [info] Scanned user extensions: 9
[2018-11-29 17:04:49.328] [sharedprocess] [info] Scanned user extensions: 9
[2018-11-29 17:09:49.368] [sharedprocess] [info] Scanned user extensions: 9
[2018-11-29 17:14:49.378] [sharedprocess] [info] Scanned user extensions: 9
[2018-11-29 17:19:49.395] [sharedprocess] [info] Scanned user extensions: 9
[2018-11-29 17:24:49.414] [sharedprocess] [info] Scanned user extensions: 9
[2018-11-29 17:29:49.432] [sharedprocess] [info] Scanned user extensions: 9
[2018-11-29 17:34:49.446] [sharedprocess] [info] Scanned user extensions: 9
[2018-11-29 17:39:49.466] [sharedprocess] [info] Scanned user extensions: 9
[2018-11-29 17:44:49.497] [sharedprocess] [info] Scanned user extensions: 9
[2018-11-29 17:49:49.516] [sharedprocess] [info] Scanned user extensions: 9
[2018-11-29 17:54:49.532] [sharedprocess] [info] Scanned user extensions: 9
[2018-11-29 17:59:49.547] [sharedprocess] [info] Scanned user extensions: 9
[2018-11-29 18:04:49.562] [sharedprocess] [info] Scanned user extensions: 9
[2018-11-29 18:09:49.688] [sharedprocess] [info] Scanned user extensions: 9
[2018-11-29 18:14:49.734] [sharedprocess] [info] Scanned user extensions: 9
[2018-11-29 18:19:49.757] [sharedprocess] [info] Scanned user extensions: 9
[2018-11-29 18:24:49.769] [sharedprocess] [info] Scanned user extensions: 9
[2018-11-29 18:29:49.785] [sharedprocess] [info] Scanned user extensions: 9
[2018-11-29 18:34:49.802] [sharedprocess] [info] Scanned user extensions: 9
[2018-11-29 18:39:49.816] [sharedprocess] [info] Scanned user extensions: 9
[2018-11-29 18:44:49.833] [sharedprocess] [info] Scanned user extensions: 9
[2018-11-29 18:49:49.856] [sharedprocess] [info] Scanned user extensions: 9
[2018-11-29 18:54:49.873] [sharedprocess] [info] Scanned user extensions: 9
[2018-11-29 18:59:49.891] [sharedprocess] [info] Scanned user extensions: 9
[2018-11-29 19:04:49.905] [sharedprocess] [info] Scanned user extensions: 9
[2018-11-29 19:09:49.948] [sharedprocess] [info] Scanned user extensions: 9
[2018-11-29 19:14:49.962] [sharedprocess] [info] Scanned user extensions: 9
[2018-11-29 19:19:49.973] [sharedprocess] [info] Scanned user extensions: 9
[2018-11-29 19:24:49.984] [sharedprocess] [info] Scanned user extensions: 9
[2018-11-29 19:29:49.997] [sharedprocess] [info] Scanned user extensions: 9
[2018-11-29 19:34:50.014] [sharedprocess] [info] Scanned user extensions: 9
[2018-11-29 19:39:50.029] [sharedprocess] [info] Scanned user extensions: 9
[2018-11-29 19:44:50.054] [sharedprocess] [info] Scanned user extensions: 9
[2018-11-29 19:49:50.072] [sharedprocess] [info] Scanned user extensions: 9
[2018-11-29 19:54:50.089] [sharedprocess] [info] Scanned user extensions: 9
[2018-11-29 19:59:50.106] [sharedprocess] [info] Scanned user extensions: 9
[2018-11-29 20:04:50.124] [sharedprocess] [info] Scanned user extensions: 9
[2018-11-29 20:09:50.193] [sharedprocess] [info] Scanned user extensions: 9
[2018-11-29 20:14:50.210] [sharedprocess] [info] Scanned user extensions: 9
[2018-11-29 20:19:50.225] [sharedprocess] [info] Scanned user extensions: 9
[2018-11-29 20:24:50.237] [sharedprocess] [info] Scanned user extensions: 9
[2018-11-29 20:29:50.259] [sharedprocess] [info] Scanned user extensions: 9
[2018-11-29 20:34:50.279] [sharedprocess] [info] Scanned user extensions: 9
