Looking for git in: git
Using git 2.7.4 from git
> git rev-parse --show-toplevel
> git config --get commit.template
Open repository: /var/www/html/code1/codeigniter
> git status -z -u
> git show :ng6/src/app/login/login.component.ts
> git check-ignore -z --stdin
> git symbolic-ref --short HEAD
> git rev-parse master
> git rev-parse --symbolic-full-name master@{u}
fatal: no upstream configured for branch 'master'
> git for-each-ref --format %(refname) %(objectname) --sort -committerdate
> git remote --verbose
> git show :ng6/src/app/login/login.component.ts
> git status -z -u
> git symbolic-ref --short HEAD
> git rev-parse master
> git rev-parse --symbolic-full-name master@{u}
fatal: no upstream configured for branch 'master'
> git for-each-ref --format %(refname) %(objectname) --sort -committerdate
> git remote --verbose
> git check-ignore -z --stdin
> git check-ignore -z --stdin
> git check-ignore -z --stdin
> git show :application/controllers/Accountcontroller.php
> git show :application/controllers/Notescontroller.php
> git show :application/controllers/Accountcontroller.php
> git show :application/controllers/Notescontroller.php
> git show :application/controllers/Manage_Accounts.php
> git show :application/controllers/Notescontroller.php
> git show :application/controllers/testingcontroller.php
> git show :application/controllers/Notescontroller.php
> git show :application/DbTestCase.php
> git show :ng6/src/app/login/login.component.ts
> git check-ignore -z --stdin
> git show :ng6/src/app/notes/notes.component.ts
> git show :ng6/src/app/notes/notes.component.html
> git check-ignore -z --stdin
> git show :ng6/src/app/reminder/reminder.component.ts
> git show :ng6/src/app/reminder/reminder.component.html
> git show :ng6/src/app/login/login.component.ts
> git show :ng6/src/app/login/login.component.html
> git show :ng6/src/app/login/login.component.ts
> git check-ignore -z --stdin
> git show :ng6/src/app/registration/registration.component.ts
> git check-ignore -z --stdin
> git show :ng6/src/app/bin/bin.component.ts
> git check-ignore -z --stdin
> git show :ng6/src/app/editnote/editnote.component.ts
> git check-ignore -z --stdin
> git show :ng6/src/app/archive/archive.component.ts
> git check-ignore -z --stdin
> git show :ng6/src/app/service/createlabel.service.ts
> git show :ng6/src/app/service/dataservice.service.ts
> git show :ng6/src/app/service/createlabel.service.ts
> git show :ng6/src/app/service/dataservice.service.ts
> git show :ng6/src/app/service/notes.service.ts
> git show :application/controllers/Accountcontroller.php
> git show :application/controllers/Accountcontroller.php
