[2018-10-26 11:47:23.549] [sharedprocess] [info] main {"machineId":"bc6780d3df07958fd8265e1f2de50453f8eb6c8632bd6d10c08d9ff36801141a"}
[2018-10-26 11:47:24.028] [sharedprocess] [info] Scanned user extensions: 8
[2018-10-26 11:47:24.107] [sharedprocess] [info] Scanned user extensions: 8
[2018-10-26 11:47:24.110] [sharedprocess] [info] Scanned user extensions: 8
[2018-10-26 11:47:25.724] [sharedprocess] [info] Deleted from disk redhat.java-0.32.0
[2018-10-26 11:47:25.974] [sharedprocess] [info] Scanned system extensions: 71
[2018-10-26 11:47:25.975] [sharedprocess] [info] Scanned system extensions: 71
[2018-10-26 11:47:26.032] [sharedprocess] [info] Scanned user extensions: 8
[2018-10-26 11:48:03.554] [sharedprocess] [info] Starting to clean up unused language packs.
[2018-10-26 11:52:26.047] [sharedprocess] [info] Scanned user extensions: 8
[2018-10-26 11:57:26.062] [sharedprocess] [info] Scanned user extensions: 8
[2018-10-26 12:02:26.078] [sharedprocess] [info] Scanned user extensions: 8
[2018-10-26 12:07:26.094] [sharedprocess] [info] Scanned user extensions: 8
[2018-10-26 12:12:26.109] [sharedprocess] [info] Scanned user extensions: 8
[2018-10-26 12:17:26.133] [sharedprocess] [info] Scanned user extensions: 8
[2018-10-26 12:22:26.150] [sharedprocess] [info] Scanned user extensions: 8
[2018-10-26 12:27:26.166] [sharedprocess] [info] Scanned user extensions: 8
[2018-10-26 12:32:26.178] [sharedprocess] [info] Scanned user extensions: 8
[2018-10-26 12:37:26.195] [sharedprocess] [info] Scanned user extensions: 8
[2018-10-26 12:42:26.209] [sharedprocess] [info] Scanned user extensions: 8
[2018-10-26 12:47:26.307] [sharedprocess] [info] Scanned user extensions: 8
[2018-10-26 12:52:26.324] [sharedprocess] [info] Scanned user extensions: 8
[2018-10-26 12:57:26.342] [sharedprocess] [info] Scanned user extensions: 8
[2018-10-26 13:02:26.360] [sharedprocess] [info] Scanned user extensions: 8
[2018-10-26 13:07:26.377] [sharedprocess] [info] Scanned user extensions: 8
[2018-10-26 13:12:26.393] [sharedprocess] [info] Scanned user extensions: 8
[2018-10-26 13:17:26.410] [sharedprocess] [info] Scanned user extensions: 8
[2018-10-26 13:22:26.425] [sharedprocess] [info] Scanned user extensions: 8
[2018-10-26 13:27:26.441] [sharedprocess] [info] Scanned user extensions: 8
[2018-10-26 13:32:26.456] [sharedprocess] [info] Scanned user extensions: 8
[2018-10-26 13:37:26.471] [sharedprocess] [info] Scanned user extensions: 8
[2018-10-26 13:42:26.486] [sharedprocess] [info] Scanned user extensions: 8
[2018-10-26 13:47:26.528] [sharedprocess] [info] Scanned user extensions: 8
[2018-10-26 13:52:26.545] [sharedprocess] [info] Scanned user extensions: 8
[2018-10-26 13:57:26.560] [sharedprocess] [info] Scanned user extensions: 8
[2018-10-26 14:02:26.575] [sharedprocess] [info] Scanned user extensions: 8
[2018-10-26 14:07:26.591] [sharedprocess] [info] Scanned user extensions: 8
[2018-10-26 14:12:26.606] [sharedprocess] [info] Scanned user extensions: 8
[2018-10-26 14:17:26.620] [sharedprocess] [info] Scanned user extensions: 8
[2018-10-26 14:22:26.635] [sharedprocess] [info] Scanned user extensions: 8
[2018-10-26 14:27:26.651] [sharedprocess] [info] Scanned user extensions: 8
[2018-10-26 14:32:26.669] [sharedprocess] [info] Scanned user extensions: 8
[2018-10-26 14:37:26.685] [sharedprocess] [info] Scanned user extensions: 8
[2018-10-26 14:42:26.700] [sharedprocess] [info] Scanned user extensions: 8
[2018-10-26 14:47:26.741] [sharedprocess] [info] Scanned user extensions: 8
[2018-10-26 14:52:26.755] [sharedprocess] [info] Scanned user extensions: 8
[2018-10-26 14:57:26.771] [sharedprocess] [info] Scanned user extensions: 8
[2018-10-26 15:02:26.785] [sharedprocess] [info] Scanned user extensions: 8
[2018-10-26 15:07:26.801] [sharedprocess] [info] Scanned user extensions: 8
[2018-10-26 15:12:26.816] [sharedprocess] [info] Scanned user extensions: 8
[2018-10-26 15:17:26.829] [sharedprocess] [info] Scanned user extensions: 8
[2018-10-26 15:22:26.844] [sharedprocess] [info] Scanned user extensions: 8
[2018-10-26 15:27:26.861] [sharedprocess] [info] Scanned user extensions: 8
[2018-10-26 15:32:26.876] [sharedprocess] [info] Scanned user extensions: 8
[2018-10-26 15:37:26.891] [sharedprocess] [info] Scanned user extensions: 8
[2018-10-26 15:42:26.906] [sharedprocess] [info] Scanned user extensions: 8
[2018-10-26 15:47:26.940] [sharedprocess] [info] Scanned user extensions: 8
[2018-10-26 15:52:26.952] [sharedprocess] [info] Scanned user extensions: 8
[2018-10-26 15:57:26.962] [sharedprocess] [info] Scanned user extensions: 8
[2018-10-26 16:02:26.976] [sharedprocess] [info] Scanned user extensions: 8
[2018-10-26 16:07:26.990] [sharedprocess] [info] Scanned user extensions: 8
[2018-10-26 16:12:27.001] [sharedprocess] [info] Scanned user extensions: 8
[2018-10-26 16:17:27.014] [sharedprocess] [info] Scanned user extensions: 8
[2018-10-26 16:22:27.028] [sharedprocess] [info] Scanned user extensions: 8
[2018-10-26 16:27:27.049] [sharedprocess] [info] Scanned user extensions: 8
[2018-10-26 16:32:27.064] [sharedprocess] [info] Scanned user extensions: 8
[2018-10-26 16:37:27.080] [sharedprocess] [info] Scanned user extensions: 8
[2018-10-26 16:42:27.095] [sharedprocess] [info] Scanned user extensions: 8
[2018-10-26 16:47:27.307] [sharedprocess] [info] Scanned user extensions: 8
[2018-10-26 16:52:27.325] [sharedprocess] [info] Scanned user extensions: 8
[2018-10-26 16:57:27.342] [sharedprocess] [info] Scanned user extensions: 8
[2018-10-26 17:02:27.357] [sharedprocess] [info] Scanned user extensions: 8
[2018-10-26 17:07:27.373] [sharedprocess] [info] Scanned user extensions: 8
[2018-10-26 17:12:27.387] [sharedprocess] [info] Scanned user extensions: 8
[2018-10-26 17:17:27.403] [sharedprocess] [info] Scanned user extensions: 8
[2018-10-26 17:22:27.416] [sharedprocess] [info] Scanned user extensions: 8
[2018-10-26 17:27:27.431] [sharedprocess] [info] Scanned user extensions: 8
[2018-10-26 17:32:27.448] [sharedprocess] [info] Scanned user extensions: 8
[2018-10-26 17:37:27.463] [sharedprocess] [info] Scanned user extensions: 8
[2018-10-26 17:42:27.480] [sharedprocess] [info] Scanned user extensions: 8
[2018-10-26 17:47:27.519] [sharedprocess] [info] Scanned user extensions: 8
[2018-10-26 17:52:27.533] [sharedprocess] [info] Scanned user extensions: 8
[2018-10-26 17:57:27.548] [sharedprocess] [info] Scanned user extensions: 8
[2018-10-26 18:02:27.562] [sharedprocess] [info] Scanned user extensions: 8
[2018-10-26 18:07:27.577] [sharedprocess] [info] Scanned user extensions: 8
[2018-10-26 18:12:27.591] [sharedprocess] [info] Scanned user extensions: 8
[2018-10-26 18:17:27.607] [sharedprocess] [info] Scanned user extensions: 8
[2018-10-26 18:22:27.622] [sharedprocess] [info] Scanned user extensions: 8
[2018-10-26 18:27:27.637] [sharedprocess] [info] Scanned user extensions: 8
