[2018-10-24 09:50:40.383] [sharedprocess] [info] main {"machineId":"bc6780d3df07958fd8265e1f2de50453f8eb6c8632bd6d10c08d9ff36801141a"}
[2018-10-24 09:50:40.876] [sharedprocess] [info] Scanned user extensions: 8
[2018-10-24 09:50:41.256] [sharedprocess] [info] Scanned system extensions: 71
[2018-10-24 09:50:41.288] [sharedprocess] [info] Scanned user extensions: 8
[2018-10-24 09:50:41.295] [sharedprocess] [info] Scanned user extensions: 8
[2018-10-24 09:50:41.328] [sharedprocess] [info] Scanned system extensions: 71
[2018-10-24 09:50:44.017] [sharedprocess] [info] Installing extension: java
[2018-10-24 09:50:44.023] [sharedprocess] [info] Scanned user extensions: 8
[2018-10-24 09:50:45.089] [sharedprocess] [info] Scanned user extensions: 8
[2018-10-24 09:51:05.306] [sharedprocess] [info] Downloaded extension: java /tmp/fba3a631-9e77-4d93-b5a4-f748739cc206
[2018-10-24 09:51:06.338] [sharedprocess] [info] Extracted extension to /home/bridgeit/.vscode/extensions/.redhat.java-0.33.0: redhat.java-0.33.0
[2018-10-24 09:51:06.339] [sharedprocess] [info] Renamed to /home/bridgeit/.vscode/extensions/redhat.java-0.33.0
[2018-10-24 09:51:06.339] [sharedprocess] [info] Installation completed. redhat.java-0.33.0
[2018-10-24 09:51:06.454] [sharedprocess] [info] Extensions installed successfully: redhat.java
[2018-10-24 09:51:06.574] [sharedprocess] [info] Scanned user extensions: 8
[2018-10-24 09:51:06.617] [sharedprocess] [info] Scanned system extensions: 71
[2018-10-24 09:51:20.389] [sharedprocess] [info] Starting to clean up unused language packs.
[2018-10-24 09:55:45.145] [sharedprocess] [info] Scanned user extensions: 8
[2018-10-24 10:00:45.160] [sharedprocess] [info] Scanned user extensions: 8
[2018-10-24 10:05:45.177] [sharedprocess] [info] Scanned user extensions: 8
[2018-10-24 10:10:45.194] [sharedprocess] [info] Scanned user extensions: 8
[2018-10-24 10:15:45.211] [sharedprocess] [info] Scanned user extensions: 8
[2018-10-24 10:20:45.227] [sharedprocess] [info] Scanned user extensions: 8
[2018-10-24 10:25:45.244] [sharedprocess] [info] Scanned user extensions: 8
[2018-10-24 10:30:45.268] [sharedprocess] [info] Scanned user extensions: 8
[2018-10-24 10:35:45.285] [sharedprocess] [info] Scanned user extensions: 8
[2018-10-24 10:40:45.301] [sharedprocess] [info] Scanned user extensions: 8
[2018-10-24 10:45:45.317] [sharedprocess] [info] Scanned user extensions: 8
[2018-10-24 10:50:45.652] [sharedprocess] [info] Scanned user extensions: 8
[2018-10-24 10:55:45.669] [sharedprocess] [info] Scanned user extensions: 8
[2018-10-24 11:00:45.684] [sharedprocess] [info] Scanned user extensions: 8
[2018-10-24 11:05:45.701] [sharedprocess] [info] Scanned user extensions: 8
[2018-10-24 11:10:45.720] [sharedprocess] [info] Scanned user extensions: 8
[2018-10-24 11:15:45.736] [sharedprocess] [info] Scanned user extensions: 8
[2018-10-24 11:20:45.755] [sharedprocess] [info] Scanned user extensions: 8
[2018-10-24 11:25:45.772] [sharedprocess] [info] Scanned user extensions: 8
[2018-10-24 11:30:45.787] [sharedprocess] [info] Scanned user extensions: 8
[2018-10-24 11:35:45.803] [sharedprocess] [info] Scanned user extensions: 8
[2018-10-24 11:40:45.819] [sharedprocess] [info] Scanned user extensions: 8
[2018-10-24 11:45:45.834] [sharedprocess] [info] Scanned user extensions: 8
[2018-10-24 11:50:45.873] [sharedprocess] [info] Scanned user extensions: 8
[2018-10-24 11:55:45.888] [sharedprocess] [info] Scanned user extensions: 8
[2018-10-24 12:00:45.903] [sharedprocess] [info] Scanned user extensions: 8
[2018-10-24 12:05:45.918] [sharedprocess] [info] Scanned user extensions: 8
[2018-10-24 12:10:45.933] [sharedprocess] [info] Scanned user extensions: 8
[2018-10-24 12:15:45.947] [sharedprocess] [info] Scanned user extensions: 8
[2018-10-24 12:20:45.963] [sharedprocess] [info] Scanned user extensions: 8
[2018-10-24 12:25:45.979] [sharedprocess] [info] Scanned user extensions: 8
[2018-10-24 12:30:45.995] [sharedprocess] [info] Scanned user extensions: 8
[2018-10-24 12:35:46.010] [sharedprocess] [info] Scanned user extensions: 8
[2018-10-24 12:40:46.024] [sharedprocess] [info] Scanned user extensions: 8
[2018-10-24 12:45:46.039] [sharedprocess] [info] Scanned user extensions: 8
[2018-10-24 12:50:46.084] [sharedprocess] [info] Scanned user extensions: 8
[2018-10-24 12:55:46.098] [sharedprocess] [info] Scanned user extensions: 8
[2018-10-24 13:00:46.113] [sharedprocess] [info] Scanned user extensions: 8
[2018-10-24 13:05:46.128] [sharedprocess] [info] Scanned user extensions: 8
[2018-10-24 13:10:46.145] [sharedprocess] [info] Scanned user extensions: 8
[2018-10-24 13:15:46.160] [sharedprocess] [info] Scanned user extensions: 8
[2018-10-24 13:20:46.178] [sharedprocess] [info] Scanned user extensions: 8
[2018-10-24 13:25:46.195] [sharedprocess] [info] Scanned user extensions: 8
[2018-10-24 13:30:46.209] [sharedprocess] [info] Scanned user extensions: 8
[2018-10-24 13:35:46.224] [sharedprocess] [info] Scanned user extensions: 8
[2018-10-24 13:40:46.240] [sharedprocess] [info] Scanned user extensions: 8
[2018-10-24 13:45:46.257] [sharedprocess] [info] Scanned user extensions: 8
[2018-10-24 13:50:46.294] [sharedprocess] [info] Scanned user extensions: 8
[2018-10-24 13:55:46.308] [sharedprocess] [info] Scanned user extensions: 8
[2018-10-24 14:00:46.325] [sharedprocess] [info] Scanned user extensions: 8
[2018-10-24 14:05:46.339] [sharedprocess] [info] Scanned user extensions: 8
[2018-10-24 14:10:46.356] [sharedprocess] [info] Scanned user extensions: 8
[2018-10-24 14:15:46.375] [sharedprocess] [info] Scanned user extensions: 8
[2018-10-24 14:20:46.392] [sharedprocess] [info] Scanned user extensions: 8
[2018-10-24 14:25:46.409] [sharedprocess] [info] Scanned user extensions: 8
[2018-10-24 14:30:46.426] [sharedprocess] [info] Scanned user extensions: 8
[2018-10-24 14:35:46.441] [sharedprocess] [info] Scanned user extensions: 8
[2018-10-24 14:40:46.457] [sharedprocess] [info] Scanned user extensions: 8
[2018-10-24 14:45:46.473] [sharedprocess] [info] Scanned user extensions: 8
[2018-10-24 14:50:46.526] [sharedprocess] [info] Scanned user extensions: 8
[2018-10-24 14:55:46.541] [sharedprocess] [info] Scanned user extensions: 8
[2018-10-24 15:00:46.555] [sharedprocess] [info] Scanned user extensions: 8
[2018-10-24 15:05:46.572] [sharedprocess] [info] Scanned user extensions: 8
[2018-10-24 15:10:46.587] [sharedprocess] [info] Scanned user extensions: 8
[2018-10-24 15:15:46.605] [sharedprocess] [info] Scanned user extensions: 8
[2018-10-24 15:20:46.620] [sharedprocess] [info] Scanned user extensions: 8
[2018-10-24 15:25:46.636] [sharedprocess] [info] Scanned user extensions: 8
[2018-10-24 15:30:46.654] [sharedprocess] [info] Scanned user extensions: 8
[2018-10-24 15:35:46.670] [sharedprocess] [info] Scanned user extensions: 8
[2018-10-24 15:40:46.685] [sharedprocess] [info] Scanned user extensions: 8
[2018-10-24 15:45:46.701] [sharedprocess] [info] Scanned user extensions: 8
[2018-10-24 15:50:46.763] [sharedprocess] [info] Scanned user extensions: 8
[2018-10-24 15:55:46.777] [sharedprocess] [info] Scanned user extensions: 8
[2018-10-24 16:00:46.795] [sharedprocess] [info] Scanned user extensions: 8
[2018-10-24 16:05:46.810] [sharedprocess] [info] Scanned user extensions: 8
[2018-10-24 16:10:46.826] [sharedprocess] [info] Scanned user extensions: 8
[2018-10-24 16:15:46.841] [sharedprocess] [info] Scanned user extensions: 8
[2018-10-24 16:20:46.855] [sharedprocess] [info] Scanned user extensions: 8
[2018-10-24 16:25:46.872] [sharedprocess] [info] Scanned user extensions: 8
[2018-10-24 16:30:47.052] [sharedprocess] [info] Scanned user extensions: 8
[2018-10-24 16:35:47.068] [sharedprocess] [info] Scanned user extensions: 8
[2018-10-24 16:40:47.082] [sharedprocess] [info] Scanned user extensions: 8
[2018-10-24 16:45:47.098] [sharedprocess] [info] Scanned user extensions: 8
[2018-10-24 16:50:47.170] [sharedprocess] [info] Scanned user extensions: 8
[2018-10-24 16:55:47.187] [sharedprocess] [info] Scanned user extensions: 8
[2018-10-24 17:00:47.214] [sharedprocess] [info] Scanned user extensions: 8
[2018-10-24 17:05:47.231] [sharedprocess] [info] Scanned user extensions: 8
[2018-10-24 17:10:47.247] [sharedprocess] [info] Scanned user extensions: 8
[2018-10-24 17:15:47.263] [sharedprocess] [info] Scanned user extensions: 8
[2018-10-24 17:20:47.283] [sharedprocess] [info] Scanned user extensions: 8
[2018-10-24 17:25:47.317] [sharedprocess] [info] Scanned user extensions: 8
[2018-10-24 17:30:47.335] [sharedprocess] [info] Scanned user extensions: 8
[2018-10-24 17:35:47.345] [sharedprocess] [info] Scanned user extensions: 8
[2018-10-24 17:40:47.390] [sharedprocess] [info] Scanned user extensions: 8
[2018-10-24 17:45:47.404] [sharedprocess] [info] Scanned user extensions: 8
[2018-10-24 17:50:47.455] [sharedprocess] [info] Scanned user extensions: 8
[2018-10-24 17:55:47.469] [sharedprocess] [info] Scanned user extensions: 8
[2018-10-24 18:00:47.484] [sharedprocess] [info] Scanned user extensions: 8
[2018-10-24 18:05:47.499] [sharedprocess] [info] Scanned user extensions: 8
[2018-10-24 18:10:47.514] [sharedprocess] [info] Scanned user extensions: 8
[2018-10-24 18:15:47.531] [sharedprocess] [info] Scanned user extensions: 8
[2018-10-24 18:20:47.919] [sharedprocess] [info] Scanned user extensions: 8
[2018-10-24 18:25:47.930] [sharedprocess] [info] Scanned user extensions: 8
[2018-10-24 18:30:47.944] [sharedprocess] [info] Scanned user extensions: 8
[2018-10-24 18:35:47.958] [sharedprocess] [info] Scanned user extensions: 8
[2018-10-24 18:40:47.972] [sharedprocess] [info] Scanned user extensions: 8
[2018-10-24 18:45:47.984] [sharedprocess] [info] Scanned user extensions: 8
[2018-10-24 18:50:48.264] [sharedprocess] [info] Scanned user extensions: 8
[2018-10-24 18:55:48.280] [sharedprocess] [info] Scanned user extensions: 8
[2018-10-24 19:00:48.296] [sharedprocess] [info] Scanned user extensions: 8
[2018-10-24 19:05:48.312] [sharedprocess] [info] Scanned user extensions: 8
[2018-10-24 19:10:48.328] [sharedprocess] [info] Scanned user extensions: 8
[2018-10-24 19:15:48.342] [sharedprocess] [info] Scanned user extensions: 8
[2018-10-24 19:20:48.357] [sharedprocess] [info] Scanned user extensions: 8
[2018-10-24 19:25:48.372] [sharedprocess] [info] Scanned user extensions: 8
