Looking for git in: git
Using git 2.7.4 from git
> git rev-parse --show-toplevel
> git config --get commit.template
Open repository: /var/www/html/code1/codeigniter
> git status -z -u
> git show :ng6/src/app/notes/notes.component.html
> git check-ignore -z --stdin
> git show :ng6/src/app/notes/notes.component.ts
> git status -z -u
> git check-ignore -z --stdin
> git check-ignore -z --stdin
> git show :ng6/src/app/collaborator/collaborator.component.ts
> git status -z -u
> git status -z -u
> git show :ng6/src/app/notes/notes.component.ts
> git show :ng6/src/app/notes/notes.component.css
> git status -z -u
> git status -z -u
> git status -z -u
> git status -z -u
> git show :ng6/src/app/notes/notes.component.ts
> git status -z -u
> git show :ng6/src/app/reminder/reminder.component.css
> git status -z -u
> git show :ng6/src/app/notes/notes.component.css
> git show :ng6/src/app/notes/notes.component.ts
> git show :ng6/src/app/notes/notes.component.css
> git show :ng6/src/app/reminder/reminder.component.html
> git show :ng6/src/app/reminder/reminder.component.css
> git check-ignore -z --stdin
> git show :ng6/src/app/editlabel/editlabel.component.html
> git show :ng6/src/app/editlabel/editlabel.component.ts
> git check-ignore -z --stdin
> git show :ng6/src/app/service/view.service.ts
> git show :ng6/src/app/reminder/reminder.component.html
> git show :ng6/src/app/reminder/reminder.component.ts
> git show :ng6/src/app/reminder/reminder.component.html
> git show :ng6/src/app/notes/notes.component.html
> git show :ng6/src/app/reminder/reminder.component.html
> git show :ng6/src/app/notes/notes.component.ts
> git show :ng6/src/app/notes/notes.component.html
> git show :ng6/src/app/notes/notes.component.ts
> git show :ng6/src/app/reminder/reminder.component.ts
> git show :ng6/src/app/notes/notes.component.html
> git show :ng6/src/app/reminder/reminder.component.html
> git show :ng6/src/app/notes/notes.component.ts
> git show :ng6/src/app/notes/notes.component.html
> git show :ng6/src/app/reminder/reminder.component.html
> git show :ng6/src/app/notes/notes.component.html
> git show :ng6/src/app/reminder/reminder.component.html
> git show :ng6/src/app/notes/notes.component.html
> git show :ng6/src/app/reminder/reminder.component.html
> git show :ng6/src/app/notes/notes.component.css
> git show :ng6/src/app/reminder/reminder.component.html
> git show :ng6/src/app/reminder/reminder.component.css
> git show :ng6/src/app/notes/notes.component.ts
> git show :ng6/src/app/reminder/reminder.component.ts
> git show :ng6/src/app/notes/notes.component.ts
> git show :ng6/src/app/reminder/reminder.component.ts
> git show :ng6/src/app/notes/notes.component.ts
> git show :ng6/src/app/reminder/reminder.component.ts
> git show :ng6/src/app/reminder/reminder.component.html
> git show :ng6/src/app/notes/notes.component.ts
> git show :ng6/src/app/reminder/reminder.component.html
> git show :ng6/src/app/reminder/reminder.component.ts
> git show :ng6/src/app/notes/notes.component.ts
> git show :ng6/src/app/reminder/reminder.component.ts
> git show :ng6/src/app/notes/notes.component.ts
> git show :ng6/src/app/reminder/reminder.component.ts
> git show :ng6/src/app/notes/notes.component.ts
> git show :ng6/src/app/reminder/reminder.component.ts
> git show :ng6/src/app/notes/notes.component.html
> git show :ng6/src/app/reminder/reminder.component.html
> git show :ng6/src/app/notes/notes.component.html
> git show :ng6/src/app/reminder/reminder.component.html
> git show :ng6/src/app/editlabel/editlabel.component.html
> git show :ng6/src/app/editlabel/editlabel.component.ts
> git show :ng6/src/app/notes/notes.component.html
> git show :ng6/src/app/editlabel/editlabel.component.html
> git show :ng6/src/app/reminder/reminder.component.html
> git show :ng6/src/app/notes/notes.component.html
> git show :ng6/src/app/notes/notes.component.ts
> git show :ng6/src/app/notes/notes.component.html
> git show :ng6/src/app/notes/notes.component.ts
> git show :ng6/src/app/notes/notes.component.html
> git show :ng6/src/app/notes/notes.component.ts
> git show :ng6/src/app/reminder/reminder.component.ts
> git show :ng6/src/app/reminder/reminder.component.html
> git show :ng6/src/app/notes/notes.component.ts
> git check-ignore -z --stdin
> git show :ng6/src/app/service/notes.service.ts
> git show :ng6/src/app/service/createlabel.service.ts
> git check-ignore -z --stdin
> git check-ignore -z --stdin
> git show :application/controllers/Notescontroller.php
> git show :ng6/src/app/notes/notes.component.ts
> git check-ignore -z --stdin
> git show :ng6/src/app/service/notes.service.ts
> git check-ignore -z --stdin
> git check-ignore -z --stdin
> git show :application/controllers/Notescontroller.php
> git show :ng6/src/app/notes/notes.component.html
> git show :ng6/src/app/notes/notes.component.ts
> git show :ng6/src/app/notes/notes.component.html
> git show :ng6/src/app/notes/notes.component.ts
> git show :ng6/src/app/notes/notes.component.html
> git show :ng6/src/app/notes/notes.component.ts
> git show :ng6/src/app/notes/notes.component.html
> git show :application/controllers/Notescontroller.php
> git show :application/controllers/Accountcontroller.php
> git show :application/controllers/Notescontroller.php
> git rev-parse --show-toplevel
fatal: Not a git repository (or any of the parent directories): .git
> git show :application/controllers/Notescontroller.php
> git show :ng6/src/app/service/auth.service.ts
> git show :ng6/src/app/service/auth.service.spec.ts
> git show :ng6/src/app/notes/notes.component.ts
> git show :ng6/src/app/notes/notes.component.html
> git show :ng6/src/app/notes/notes.component.ts
> git check-ignore -z --stdin
> git show :application/controllers/Notescontroller.php
> git show :ng6/src/app/notes/notes.component.ts
> git show :ng6/src/app/notes/notes.component.html
> git show :ng6/src/app/notes/notes.component.ts
> git show :ng6/src/app/notes/notes.component.html
> git show :ng6/src/app/notes/notes.component.ts
> git show :application/controllers/Notescontroller.php
> git show :system/core/CodeIgniter.php
> git show :system/core/Benchmark.php
> git show :system/core/CodeIgniter.php
> git check-ignore -z --stdin
> git check-ignore -z --stdin
> git check-ignore -z --stdin
> git check-ignore -z --stdin
> git show :ng6/src/app/notes/notes.component.html
> git show :ng6/src/app/notes/notes.component.ts
> git show :ng6/src/app/notes/notes.component.html
> git show :ng6/src/app/notes/notes.component.ts
> git show :ng6/src/app/notes/notes.component.html
> git show :ng6/src/app/notes/notes.component.ts
> git show :ng6/src/app/notes/notes.component.html
> git show :ng6/src/app/app-routing.module.ts
> git show :ng6/src/app/auth.guard.ts
> git check-ignore -z --stdin
> git check-ignore -z --stdin
> git show :ng6/src/app/FundooNotes/FundooNotes.component.ts
> git show :ng6/src/app/auth.guard.ts
> git show :ng6/src/app/app.component.css
> git show :ng6/src/app/app-routing.module.ts
> git show :ng6/src/app/label/label.component.ts
> git show :ng6/src/app/notes/notes.component.ts
> git show :ng6/src/app/FundooNotes/FundooNotes.component.ts
> git check-ignore -z --stdin
> git show :ng6/src/app/login/login.component.ts
> git show :ng6/src/app/FundooNotes/FundooNotes.component.ts
> git show :ng6/src/app/notes/notes.component.html
> git show :ng6/src/app/label/label.component.ts
> git show :ng6/src/app/notes/notes.component.ts
> git show :ng6/src/app/notes/notes.component.html
> git show :ng6/src/app/notes/notes.component.ts
> git show :ng6/src/app/service/notes.service.ts
> git show :application/controllers/Notescontroller.php
> git show :system/core/CodeIgniter.php
> git show :system/core/Benchmark.php
> git show :ng6/src/app/notes/notes.component.ts
> git show :ng6/src/app/notes/notes.component.html
> git show :ng6/src/app/notes/notes.component.ts
> git show :ng6/src/app/notes/notes.component.html
> git show :ng6/src/app/notes/notes.component.ts
> git show :ng6/src/app/notes/notes.component.html
> git show :ng6/src/app/notes/notes.component.ts
> git show :ng6/src/app/notes/notes.component.html
> git show :ng6/src/app/notes/notes.component.css
> git show :ng6/src/app/notes/notes.component.html
> git show :ng6/src/app/notes/notes.component.ts
> git show :ng6/src/app/notes/notes.component.html
> git show :ng6/src/app/notes/notes.component.ts
> git show :ng6/src/app/notes/notes.component.html
> git show :ng6/src/app/notes/notes.component.css
> git show :ng6/src/app/notes/notes.component.html
> git show :ng6/src/app/notes/notes.component.ts
> git show :ng6/src/app/notes/notes.component.html
> git show :ng6/src/app/notes/notes.component.ts
> git show :ng6/src/app/notes/notes.component.html
> git show :ng6/src/app/notes/notes.component.ts
> git show :ng6/src/app/service/auth.service.ts
> git show :ng6/src/app/auth.guard.ts
> git show :ng6/src/app/app-routing.module.ts
> git show :ng6/src/app/notes/notes.component.html
> git show :ng6/src/app/notes/notes.component.ts
> git show :ng6/src/app/service/notes.service.ts
> git show :application/controllers/test1.php
> git show :ng6/src/app/service/notes.service.ts
> git show :application/controllers/testingcontroller.php
> git show :ng6/src/app/service/notes.service.ts
> git show :ng6/src/app/notes/notes.component.html
> git show :ng6/src/app/notes/notes.component.ts
> git show :application/controllers/Notescontroller.php
> git show :ng6/src/app/notes/notes.component.html
> git show :ng6/src/app/notes/notes.component.ts
> git show :ng6/src/app/notes/notes.component.html
> git show :ng6/src/app/notes/notes.component.ts
> git show :ng6/src/app/notes/notes.component.html
> git show :ng6/src/app/notes/notes.component.ts
> git show :ng6/src/app/notes/notes.component.html
> git show :ng6/src/app/notes/notes.component.ts
