[2018-11-13 11:42:04.192] [sharedprocess] [info] main {"machineId":"bc6780d3df07958fd8265e1f2de50453f8eb6c8632bd6d10c08d9ff36801141a"}
[2018-11-13 11:42:05.051] [sharedprocess] [info] Scanned user extensions: 8
[2018-11-13 11:42:05.063] [sharedprocess] [info] Scanned user extensions: 8
[2018-11-13 11:42:05.067] [sharedprocess] [info] Scanned user extensions: 8
[2018-11-13 11:42:05.787] [sharedprocess] [info] Deleted from disk felixfbecker.php-intellisense-2.3.5
[2018-11-13 11:42:06.015] [sharedprocess] [info] Scanned system extensions: 71
[2018-11-13 11:42:06.019] [sharedprocess] [info] Scanned system extensions: 71
[2018-11-13 11:42:08.592] [sharedprocess] [info] Scanned user extensions: 8
[2018-11-13 11:42:44.197] [sharedprocess] [info] Starting to clean up unused language packs.
[2018-11-13 11:47:08.630] [sharedprocess] [info] Scanned user extensions: 8
[2018-11-13 11:52:08.644] [sharedprocess] [info] Scanned user extensions: 8
[2018-11-13 11:57:08.661] [sharedprocess] [info] Scanned user extensions: 8
[2018-11-13 12:02:08.676] [sharedprocess] [info] Scanned user extensions: 8
[2018-11-13 12:07:08.709] [sharedprocess] [info] Scanned user extensions: 8
[2018-11-13 12:12:08.724] [sharedprocess] [info] Scanned user extensions: 8
[2018-11-13 12:17:08.739] [sharedprocess] [info] Scanned user extensions: 8
[2018-11-13 12:22:08.755] [sharedprocess] [info] Scanned user extensions: 8
[2018-11-13 12:27:08.771] [sharedprocess] [info] Scanned user extensions: 8
[2018-11-13 12:32:08.786] [sharedprocess] [info] Scanned user extensions: 8
[2018-11-13 12:37:08.800] [sharedprocess] [info] Scanned user extensions: 8
[2018-11-13 12:42:08.893] [sharedprocess] [info] Scanned user extensions: 8
[2018-11-13 12:47:08.909] [sharedprocess] [info] Scanned user extensions: 8
[2018-11-13 12:52:08.923] [sharedprocess] [info] Scanned user extensions: 8
[2018-11-13 12:57:08.937] [sharedprocess] [info] Scanned user extensions: 8
[2018-11-13 13:02:08.953] [sharedprocess] [info] Scanned user extensions: 8
[2018-11-13 13:07:08.970] [sharedprocess] [info] Scanned user extensions: 8
[2018-11-13 13:12:08.987] [sharedprocess] [info] Scanned user extensions: 8
[2018-11-13 13:17:09.005] [sharedprocess] [info] Scanned user extensions: 8
[2018-11-13 13:22:09.021] [sharedprocess] [info] Scanned user extensions: 8
[2018-11-13 13:27:09.040] [sharedprocess] [info] Scanned user extensions: 8
[2018-11-13 13:32:09.054] [sharedprocess] [info] Scanned user extensions: 8
[2018-11-13 13:37:09.069] [sharedprocess] [info] Scanned user extensions: 8
[2018-11-13 13:42:09.159] [sharedprocess] [info] Scanned user extensions: 8
[2018-11-13 13:47:09.176] [sharedprocess] [info] Scanned user extensions: 8
[2018-11-13 13:52:09.191] [sharedprocess] [info] Scanned user extensions: 8
[2018-11-13 13:57:09.208] [sharedprocess] [info] Scanned user extensions: 8
[2018-11-13 14:02:09.223] [sharedprocess] [info] Scanned user extensions: 8
[2018-11-13 14:07:09.240] [sharedprocess] [info] Scanned user extensions: 8
[2018-11-13 14:12:09.255] [sharedprocess] [info] Scanned user extensions: 8
[2018-11-13 14:17:09.272] [sharedprocess] [info] Scanned user extensions: 8
[2018-11-13 14:22:09.291] [sharedprocess] [info] Scanned user extensions: 8
[2018-11-13 14:27:09.306] [sharedprocess] [info] Scanned user extensions: 8
[2018-11-13 14:32:09.321] [sharedprocess] [info] Scanned user extensions: 8
[2018-11-13 14:37:09.337] [sharedprocess] [info] Scanned user extensions: 8
[2018-11-13 14:42:09.451] [sharedprocess] [info] Scanned user extensions: 8
[2018-11-13 14:47:09.466] [sharedprocess] [info] Scanned user extensions: 8
[2018-11-13 14:52:09.479] [sharedprocess] [info] Scanned user extensions: 8
[2018-11-13 14:57:09.496] [sharedprocess] [info] Scanned user extensions: 8
[2018-11-13 15:02:09.514] [sharedprocess] [info] Scanned user extensions: 8
[2018-11-13 15:07:09.531] [sharedprocess] [info] Scanned user extensions: 8
[2018-11-13 15:12:09.544] [sharedprocess] [info] Scanned user extensions: 8
[2018-11-13 15:17:09.562] [sharedprocess] [info] Scanned user extensions: 8
[2018-11-13 15:22:09.577] [sharedprocess] [info] Scanned user extensions: 8
[2018-11-13 15:27:09.594] [sharedprocess] [info] Scanned user extensions: 8
[2018-11-13 15:32:09.610] [sharedprocess] [info] Scanned user extensions: 8
[2018-11-13 15:37:09.624] [sharedprocess] [info] Scanned user extensions: 8
[2018-11-13 15:42:09.727] [sharedprocess] [info] Scanned user extensions: 8
[2018-11-13 15:47:09.743] [sharedprocess] [info] Scanned user extensions: 8
[2018-11-13 15:52:09.759] [sharedprocess] [info] Scanned user extensions: 8
[2018-11-13 15:57:09.775] [sharedprocess] [info] Scanned user extensions: 8
[2018-11-13 16:02:09.791] [sharedprocess] [info] Scanned user extensions: 8
[2018-11-13 16:07:09.809] [sharedprocess] [info] Scanned user extensions: 8
[2018-11-13 16:12:09.827] [sharedprocess] [info] Scanned user extensions: 8
[2018-11-13 16:17:09.845] [sharedprocess] [info] Scanned user extensions: 8
[2018-11-13 16:22:09.860] [sharedprocess] [info] Scanned user extensions: 8
[2018-11-13 16:27:09.878] [sharedprocess] [info] Scanned user extensions: 8
[2018-11-13 16:32:09.892] [sharedprocess] [info] Scanned user extensions: 8
[2018-11-13 16:37:09.907] [sharedprocess] [info] Scanned user extensions: 8
[2018-11-13 16:42:10.093] [sharedprocess] [info] Scanned user extensions: 8
[2018-11-13 16:47:10.108] [sharedprocess] [info] Scanned user extensions: 8
[2018-11-13 16:52:10.123] [sharedprocess] [info] Scanned user extensions: 8
[2018-11-13 16:57:10.136] [sharedprocess] [info] Scanned user extensions: 8
[2018-11-13 17:02:10.152] [sharedprocess] [info] Scanned user extensions: 8
[2018-11-13 17:07:10.166] [sharedprocess] [info] Scanned user extensions: 8
[2018-11-13 17:12:10.182] [sharedprocess] [info] Scanned user extensions: 8
[2018-11-13 17:17:10.198] [sharedprocess] [info] Scanned user extensions: 8
