Looking for git in: git
Using git 2.7.4 from git
> git rev-parse --show-toplevel
> git config --get commit.template
Open repository: /var/www/html/code1/codeigniter
> git status -z -u
> git show :ng6/src/app/notes/notes.component.html
> git check-ignore -z --stdin
> git show :ng6/src/app/notes/notes.component.ts
> git show :ng6/src/app/notes/notes.component.html
> git check-ignore -z --stdin
> git check-ignore -z --stdin
> git check-ignore -z --stdin
> git show :ng6/src/app/notes/notes.component.ts
> git check-ignore -z --stdin
> git check-ignore -z --stdin
> git check-ignore -z --stdin
> git check-ignore -z --stdin
> git show :ng6/src/app/reminder/reminder.component.ts
> git show :ng6/src/app/notes/notes.component.ts
> git show :ng6/src/app/reminder/reminder.component.ts
> git show :ng6/src/app/notes/notes.component.ts
> git show :ng6/src/app/reminder/reminder.component.ts
> git status -z -u
> git show :ng6/src/app/notes/notes.component.html
> git show :ng6/src/app/reminder/reminder.component.html
> git status -z -u
> git status -z -u
> git show :ng6/src/app/reminder/reminder.component.css
> git show :ng6/src/app/reminder/reminder.component.html
> git show :ng6/src/app/reminder/reminder.component.css
> git show :ng6/src/app/notes/notes.component.css
> git show :ng6/src/app/reminder/reminder.component.css
> git show :ng6/src/app/notes/notes.component.html
> git show :ng6/src/app/reminder/reminder.component.html
> git show :ng6/src/app/reminder/reminder.component.css
> git show :ng6/src/app/reminder/reminder.component.html
> git show :ng6/src/app/notes/notes.component.css
> git show :ng6/src/app/reminder/reminder.component.css
> git show :ng6/src/app/reminder/reminder.component.html
> git show :ng6/src/app/reminder/reminder.component.css
> git show :ng6/src/app/reminder/reminder.component.html
> git show :ng6/src/app/reminder/reminder.component.ts
> git show :ng6/src/app/reminder/reminder.component.html
> git show :ng6/src/app/notes/notes.component.html
> git show :ng6/src/app/reminder/reminder.component.html
> git show :ng6/src/app/reminder/reminder.component.ts
> git show :ng6/src/app/notes/notes.component.ts
