Looking for git in: git
Using git 2.7.4 from git
> git rev-parse --show-toplevel
> git config --get commit.template
Open repository: /var/www/html/code1/codeigniter
> git status -z -u
> git show :ng6/src/app/notes/notes.component.ts
> git check-ignore -z --stdin
> git show :application/views/tests.php
> git ls-files --stage -- application/views/
> git check-ignore -z --stdin
> git show :application/controllers/testingcontroller.php
> git ls-files --stage -- application/controllers/
> git check-ignore -z --stdin
> git status -z -u
> git show :application/controllers/test.php
> git ls-files --stage -- application/controllers/
> git show :application/controllers/testingcontroller.php
> git ls-files --stage -- application/controllers/
> git show :application/controllers/test.php
> git ls-files --stage -- application/controllers/
> git show :application/controllers/testingcontroller.php
> git ls-files --stage -- application/controllers/
> git show :application/controllers/Notescontroller.php
> git show :application/controllers/testingcontroller.php
> git ls-files --stage -- application/controllers/
> git show :application/controllers/test.php
> git ls-files --stage -- application/controllers/
> git show :application/controllers/testingcontroller.php
> git ls-files --stage -- application/controllers/
> git show :ng6/src/app/notes/notes.component.html
> git show :ng6/src/app/notes/notes.component.ts
> git show :ng6/src/app/notes/notes.component.html
> git check-ignore -z --stdin
> git check-ignore -z --stdin
> git show :ng6/src/app/notes/notes.component.ts
> git show :ng6/src/app/notes/notes.component.html
> git show :ng6/src/app/notes/notes.component.ts
> git show :ng6/src/app/notes/notes.component.html
> git show :ng6/src/app/login/login.component.ts
> git show :ng6/src/app/notes/notes.component.html
> git show :ng6/src/app/notes/notes.component.ts
> git show :ng6/src/app/notes/notes.component.html
> git show :ng6/src/app/notes/notes.component.ts
> git show :ng6/src/app/notes/notes.component.html
> git show :ng6/src/app/notes/notes.component.ts
> git show :ng6/src/app/notes/notes.component.html
> git show :ng6/src/app/notes/notes.component.ts
> git show :ng6/src/app/notes/notes.component.html
> git show :ng6/src/app/notes/notes.component.ts
> git show :ng6/src/app/notes/notes.component.html
> git show :ng6/src/app/notes/notes.component.ts
> git show :ng6/src/app/notes/notes.component.html
> git show :ng6/src/app/notes/notes.component.ts
> git show :ng6/src/app/notes/notes.component.html
> git show :ng6/src/app/notes/notes.component.ts
> git show :ng6/src/app/notes/notes.component.html
> git show :ng6/src/app/notes/notes.component.ts
> git show :ng6/src/app/notes/notes.component.html
> git show :ng6/src/app/notes/notes.component.ts
> git show :ng6/src/app/notes/notes.component.html
> git show :ng6/src/app/notes/notes.component.ts
> git show :ng6/src/app/auth.guard.ts
> git ls-files --stage -- ng6/src/app/
> git show :ng6/src/app/notes/notes.component.ts
> git show :ng6/src/app/notes/notes.component.html
> git show :ng6/src/app/notes/notes.component.ts
> git show :ng6/src/app/notes/notes.component.html
> git show :ng6/src/app/notes/notes.component.ts
> git show :ng6/src/app/notes/notes.component.html
> git show :ng6/src/app/notes/notes.component.ts
> git show :ng6/src/app/notes/notes.component.html
> git show :ng6/src/app/notes/notes.component.css
> git show :ng6/src/app/notes/notes.component.html
> git show :ng6/src/app/notes/notes.component.css
> git show :ng6/src/app/notes/notes.component.html
> git show :ng6/src/app/notes/notes.component.ts
> git show :ng6/src/app/notes/notes.component.html
> git show :ng6/src/app/notes/notes.component.ts
> git show :ng6/src/app/notes/notes.component.html
> git show :ng6/src/app/notes/notes.component.ts
> git show :ng6/src/app/notes/notes.component.html
> git check-ignore -z --stdin
> git show :application/config/routes.php
> git show :application/controllers/test.php
> git ls-files --stage -- application/controllers/
> git show :application/config/routes.php
> git show :application/controllers/test.php
> git ls-files --stage -- application/controllers/
> git show :application/config/routes.php
> git show :application/controllers/test.php
> git ls-files --stage -- application/controllers/
> git show :application/controllers/test1.php
> git ls-files --stage -- application/controllers/
> git check-ignore -z --stdin
> git show :application/config/routes.php
> git show :application/controllers/testingcontroller.php
> git ls-files --stage -- application/controllers/
> git show :application/controllers/test1.php
> git ls-files --stage -- application/controllers/
> git show :ng6/src/app/notes/notes.component.html
> git show :ng6/src/app/notes/notes.component.ts
> git show :ng6/src/app/notes/notes.component.html
> git check-ignore -z --stdin
> git show :ng6/src/app/archive/archive.component.html
> git show :ng6/src/app/archive/archive.component.ts
> git show :ng6/src/app/archive/archive.component.html
> git show :ng6/src/app/archive/archive.component.ts
> git show :ng6/src/app/service/notes.service.ts
> git show :ng6/src/app/archive/archive.component.ts
> git show :ng6/src/app/archive/archive.component.html
> git show :ng6/src/app/archive/archive.component.ts
> git show :ng6/src/app/archive/archive.component.html
> git show :ng6/src/app/archive/archive.component.ts
> git show :ng6/src/app/service/notes.service.ts
> git show :application/controllers/Notescontroller.php
> git show :ng6/src/app/archive/archive.component.html
> git show :ng6/src/app/archive/archive.component.ts
> git show :ng6/src/app/archive/archive.component.html
> git show :ng6/src/app/login/login.component.ts
> git show :ng6/src/app/notes/notes.component.ts
> git show :ng6/src/app/archive/archive.component.ts
> git show :ng6/src/app/notes/notes.component.ts
> git show :ng6/src/app/archive/archive.component.html
> git show :ng6/src/app/notes/notes.component.html
> git show :ng6/src/app/notes/notes.component.ts
> git show :ng6/src/app/service/notes.service.ts
> git show :ng6/src/app/notes/notes.component.html
> git show :ng6/src/app/notes/notes.component.ts
> git show :ng6/src/app/notes/notes.component.html
> git show :ng6/src/app/notes/notes.component.ts
