Looking for git in: git
Using git 2.7.4 from git
> git rev-parse --show-toplevel
> git config --get commit.template
Open repository: /var/www/html/code1/codeigniter
> git status -z -u
> git show :ng6/src/app/service/jwttokwn.service.ts
> git check-ignore -z --stdin
> git ls-files --stage -- ng6/src/app/service/
> git symbolic-ref --short HEAD
> git rev-parse master
> git rev-parse --symbolic-full-name master@{u}
fatal: no upstream configured for branch 'master'
> git for-each-ref --format %(refname) %(objectname) --sort -committerdate
> git remote --verbose
> git show :ng6/src/app/service/jwttokwn.service.ts
> git ls-files --stage -- ng6/src/app/service/
> git check-ignore -z --stdin
> git show :application/controllers/Accountcontroller.php
> git status -z -u
> git symbolic-ref --short HEAD
> git rev-parse master
> git rev-parse --symbolic-full-name master@{u}
fatal: no upstream configured for branch 'master'
> git for-each-ref --format %(refname) %(objectname) --sort -committerdate
> git remote --verbose
> git show :ng6/src/app/login/login.component.ts
> git show :ng6/src/app/service/dataservice.service.ts
> git show :application/controllers/Accountcontroller.php
> git check-ignore -z --stdin
> git check-ignore -z --stdin
> git check-ignore -z --stdin
> git check-ignore -z --stdin
> git show :application/tests/controllers/Accountcontroller.php
> git ls-files --stage -- application/tests/controllers/
> git check-ignore -z --stdin
> git show :application/config/routes.php
> git show :application/config/config.php
> git show :application/config/database.php
> git show :application/config/routes.php
> git show :application/config/profiler.php
> git show :application/controllers/Notescontroller.php
> git show :application/controllers/Accountcontroller.php
> git check-ignore -z --stdin
> git check-ignore -z --stdin
> git check-ignore -z --stdin
> git check-ignore -z --stdin
> git show :application/tests/mocks/libraries/email.php
> git check-ignore -z --stdin
> git show :application/controllers/Accountcontroller.php
> git check-ignore -z --stdin
> git check-ignore -z --stdin
> git check-ignore -z --stdin
> git check-ignore -z --stdin
> git check-ignore -z --stdin
> git check-ignore -z --stdin
> git check-ignore -z --stdin
> git check-ignore -z --stdin
> git show :system/core/Common.php
> git show :application/controllers/Accountcontroller.php
> git show :application/controllers/vendor/autoload.php
> git ls-files --stage -- application/controllers/vendor/
> git show :application/controllers/Accountcontroller.php
> git rev-parse --show-toplevel
fatal: Not a git repository (or any of the parent directories): .git
> git show :application/controllers/vendor/composer/ClassLoader.php
> git ls-files --stage -- application/controllers/vendor/composer/
> git rev-parse --show-toplevel
fatal: Not a git repository (or any of the parent directories): .git
> git show :application/controllers/Accountcontroller.php
> git rev-parse --show-toplevel
fatal: Not a git repository (or any of the parent directories): .git
> git rev-parse --show-toplevel
fatal: Not a git repository (or any of the parent directories): .git
> git rev-parse --show-toplevel
fatal: Not a git repository (or any of the parent directories): .git
> git rev-parse --show-toplevel
fatal: Not a git repository (or any of the parent directories): .git
> git rev-parse --show-toplevel
fatal: Not a git repository (or any of the parent directories): .git
> git rev-parse --show-toplevel
fatal: Not a git repository (or any of the parent directories): .git
> git rev-parse --show-toplevel
fatal: Not a git repository (or any of the parent directories): .git
> git rev-parse --show-toplevel
fatal: Not a git repository (or any of the parent directories): .git
> git rev-parse --show-toplevel
fatal: Not a git repository (or any of the parent directories): .git
> git rev-parse --show-toplevel
fatal: Not a git repository (or any of the parent directories): .git
> git rev-parse --show-toplevel
fatal: Not a git repository (or any of the parent directories): .git
> git rev-parse --show-toplevel
fatal: Not a git repository (or any of the parent directories): .git
> git show :application/controllers/Accountcontroller.php
> git check-ignore -z --stdin
> git show :ng6/src/app/service/view.service.ts
> git show :ng6/src/app/notes/notes.component.html
> git check-ignore -z --stdin
> git check-ignore -z --stdin
> git show :application/controllers/Accountcontroller.php
> git show :ng6/src/app/auth.guard.ts
> git show :ng6/src/app/notes/notes.component.ts
> git show :application/controllers/Accountcontroller.php
> git show :application/controllers/vendor/autoload.php
> git ls-files --stage -- application/controllers/vendor/
> git show :application/controllers/Accountcontroller.php
> git show :application/controllers/Notescontroller.php
> git show :application/controllers/Accountcontroller.php
