Looking for git in: git
Using git 2.7.4 from git
> git rev-parse --show-toplevel
> git config --get commit.template
Open repository: /var/www/html/code1/codeigniter
> git status -z -u
> git show :application/controllers/Notescontroller.php
> git check-ignore -z --stdin
> git symbolic-ref --short HEAD
> git rev-parse master
> git rev-parse --symbolic-full-name master@{u}
fatal: no upstream configured for branch 'master'
> git for-each-ref --format %(refname) %(objectname) --sort -committerdate
> git remote --verbose
> git status -z -u
> git symbolic-ref --short HEAD
> git rev-parse master
> git rev-parse --symbolic-full-name master@{u}
fatal: no upstream configured for branch 'master'
> git for-each-ref --format %(refname) %(objectname) --sort -committerdate
> git remote --verbose
> git show :application/controllers/Notescontroller.php
> git check-ignore -z --stdin
> git show :application/controllers/Accountcontroller.php
> git show :application/controllers/ProfileUploadController.php
> git ls-files --stage -- application/controllers/
> git show :application/controllers/Notescontroller.php
> git show :application/service/NoteControllerService.php
> git show :application/service/NoteControllerService.php
> git show :application/controllers/Notescontroller.php
> git show :system/core/CodeIgniter.php
> git show :ng6/src/app/FundooNotes/FundooNotes.component.ts
> git show :ng6/src/app/service/dataservice.service.ts
> git show :ng6/src/app/service/auth.service.ts
> git show :application/controllers/Notescontroller.php
> git show :application/service/NoteControllerService.php
