Looking for git in: git
Using git 2.7.4 from git
> git rev-parse --show-toplevel
> git config --get commit.template
Open repository: /var/www/html/code1/codeigniter
> git status -z -u
> git show :application/controllers/Notescontroller.php
> git check-ignore -z --stdin
> git symbolic-ref --short HEAD
> git rev-parse master
> git rev-parse --symbolic-full-name master@{u}
fatal: no upstream configured for branch 'master'
> git for-each-ref --format %(refname) %(objectname) --sort -committerdate
> git remote --verbose
> git show :application/controllers/Notescontroller.php
> git status -z -u
> git symbolic-ref --short HEAD
> git rev-parse master
> git rev-parse --symbolic-full-name master@{u}
fatal: no upstream configured for branch 'master'
> git for-each-ref --format %(refname) %(objectname) --sort -committerdate
> git remote --verbose
> git show :application/controllers/Notescontroller.php
> git status -z -u
> git symbolic-ref --short HEAD
> git rev-parse master
> git rev-parse --symbolic-full-name master@{u}
fatal: no upstream configured for branch 'master'
> git for-each-ref --format %(refname) %(objectname) --sort -committerdate
> git remote --verbose
> git show :application/controllers/Labelcontroller.php
> git show :application/controllers/Accountcontroller.php
> git show :application/controllers/Labelcontroller.php
> git show :application/controllers/Accountcontroller.php
> git check-ignore -z --stdin
> git show :application/static/HardCode.php
> git ls-files --stage -- application/static/
> git check-ignore -z --stdin
> git show :application/service/LabelService.php
> git ls-files --stage -- application/service/
> git check-ignore -z --stdin
> git status -z -u
> git symbolic-ref --short HEAD
> git rev-parse master
> git rev-parse --symbolic-full-name master@{u}
fatal: no upstream configured for branch 'master'
> git for-each-ref --format %(refname) %(objectname) --sort -committerdate
> git remote --verbose
> git show :application/service/AccountControllerService.php
> git show :application/service/LabelService.php
> git ls-files --stage -- application/service/
> git show :application/service/AccountControllerService.php
> git show :application/service/LabelService.php
> git ls-files --stage -- application/service/
> git status -z -u
> git symbolic-ref --short HEAD
> git rev-parse master
> git rev-parse --symbolic-full-name master@{u}
fatal: no upstream configured for branch 'master'
> git for-each-ref --format %(refname) %(objectname) --sort -committerdate
> git remote --verbose
> git show :application/service/LabelService.php
> git ls-files --stage -- application/service/
> git show :application/service/AccountControllerService.php
> git status -z -u
> git symbolic-ref --short HEAD
> git rev-parse master
> git rev-parse --symbolic-full-name master@{u}
fatal: no upstream configured for branch 'master'
> git for-each-ref --format %(refname) %(objectname) --sort -committerdate
> git remote --verbose
> git check-ignore -z --stdin
> git show :application/service/LabelService.php
> git ls-files --stage -- application/service/
> git show :application/service/AccountControllerService.php
> git show :application/service/LabelService.php
> git ls-files --stage -- application/service/
> git status -z -u
> git symbolic-ref --short HEAD
> git rev-parse master
> git rev-parse --symbolic-full-name master@{u}
fatal: no upstream configured for branch 'master'
> git for-each-ref --format %(refname) %(objectname) --sort -committerdate
> git remote --verbose
> git status -z -u
> git symbolic-ref --short HEAD
> git rev-parse master
> git rev-parse --symbolic-full-name master@{u}
fatal: no upstream configured for branch 'master'
> git for-each-ref --format %(refname) %(objectname) --sort -committerdate
> git remote --verbose
> git show :application/service/AccountControllerService.php
> git show :application/service/LabelService.php
> git ls-files --stage -- application/service/
> git status -z -u
> git symbolic-ref --short HEAD
> git rev-parse master
> git rev-parse --symbolic-full-name master@{u}
fatal: no upstream configured for branch 'master'
> git for-each-ref --format %(refname) %(objectname) --sort -committerdate
> git remote --verbose
> git show :application/controllers/Accountcontroller.php
> git show :application/controllers/Labelcontroller.php
> git status -z -u
> git symbolic-ref --short HEAD
> git rev-parse master
> git rev-parse --symbolic-full-name master@{u}
fatal: no upstream configured for branch 'master'
> git for-each-ref --format %(refname) %(objectname) --sort -committerdate
> git remote --verbose
> git show :application/controllers/Accountcontroller.php
> git show :application/controllers/Labelcontroller.php
> git status -z -u
> git symbolic-ref --short HEAD
> git rev-parse master
> git rev-parse --symbolic-full-name master@{u}
fatal: no upstream configured for branch 'master'
> git for-each-ref --format %(refname) %(objectname) --sort -committerdate
> git remote --verbose
> git show :application/controllers/Labelcontroller.php
> git status -z -u
> git symbolic-ref --short HEAD
> git rev-parse master
> git rev-parse --symbolic-full-name master@{u}
fatal: no upstream configured for branch 'master'
> git for-each-ref --format %(refname) %(objectname) --sort -committerdate
> git remote --verbose
> git status -z -u
> git symbolic-ref --short HEAD
> git rev-parse master
> git rev-parse --symbolic-full-name master@{u}
fatal: no upstream configured for branch 'master'
> git for-each-ref --format %(refname) %(objectname) --sort -committerdate
> git remote --verbose
> git show :application/controllers/Accountcontroller.php
> git show :application/controllers/Labelcontroller.php
> git status -z -u
> git symbolic-ref --short HEAD
> git rev-parse master
> git rev-parse --symbolic-full-name master@{u}
fatal: no upstream configured for branch 'master'
> git for-each-ref --format %(refname) %(objectname) --sort -committerdate
> git remote --verbose
> git show :application/controllers/Accountcontroller.php
> git show :application/controllers/Labelcontroller.php
> git status -z -u
> git symbolic-ref --short HEAD
> git rev-parse master
> git rev-parse --symbolic-full-name master@{u}
fatal: no upstream configured for branch 'master'
> git for-each-ref --format %(refname) %(objectname) --sort -committerdate
> git remote --verbose
> git show :application/service/LabelService.php
> git ls-files --stage -- application/service/
> git status -z -u
> git symbolic-ref --short HEAD
> git rev-parse master
> git rev-parse --symbolic-full-name master@{u}
fatal: no upstream configured for branch 'master'
> git for-each-ref --format %(refname) %(objectname) --sort -committerdate
> git remote --verbose
> git show :application/service/LabelService.php
> git ls-files --stage -- application/service/
> git status -z -u
> git symbolic-ref --short HEAD
> git rev-parse master
> git rev-parse --symbolic-full-name master@{u}
fatal: no upstream configured for branch 'master'
> git for-each-ref --format %(refname) %(objectname) --sort -committerdate
> git remote --verbose
> git show :application/service/AccountControllerService.php
> git show :application/controllers/Labelcontroller.php
> git status -z -u
> git symbolic-ref --short HEAD
> git rev-parse master
> git rev-parse --symbolic-full-name master@{u}
fatal: no upstream configured for branch 'master'
> git for-each-ref --format %(refname) %(objectname) --sort -committerdate
> git remote --verbose
> git show :application/service/AccountControllerService.php
> git show :application/service/LabelService.php
> git ls-files --stage -- application/service/
> git show :application/service/AccountControllerService.php
> git show :application/service/LabelService.php
> git ls-files --stage -- application/service/
> git show :application/controllers/Labelcontroller.php
> git show :application/service/LabelService.php
> git ls-files --stage -- application/service/
> git show :application/service/AccountControllerService.php
> git show :application/controllers/Labelcontroller.php
> git show :application/service/LabelService.php
> git ls-files --stage -- application/service/
> git status -z -u
> git symbolic-ref --short HEAD
> git rev-parse master
> git rev-parse --symbolic-full-name master@{u}
fatal: no upstream configured for branch 'master'
> git for-each-ref --format %(refname) %(objectname) --sort -committerdate
> git remote --verbose
> git status -z -u
> git symbolic-ref --short HEAD
> git rev-parse master
> git rev-parse --symbolic-full-name master@{u}
fatal: no upstream configured for branch 'master'
> git for-each-ref --format %(refname) %(objectname) --sort -committerdate
> git remote --verbose
> git status -z -u
> git symbolic-ref --short HEAD
> git rev-parse master
> git rev-parse --symbolic-full-name master@{u}
fatal: no upstream configured for branch 'master'
> git for-each-ref --format %(refname) %(objectname) --sort -committerdate
> git remote --verbose
> git show :application/controllers/Labelcontroller.php
> git show :application/service/LabelService.php
> git ls-files --stage -- application/service/
> git show :application/controllers/Labelcontroller.php
> git status -z -u
> git symbolic-ref --short HEAD
> git rev-parse master
> git rev-parse --symbolic-full-name master@{u}
fatal: no upstream configured for branch 'master'
> git for-each-ref --format %(refname) %(objectname) --sort -committerdate
> git remote --verbose
> git status -z -u
> git symbolic-ref --short HEAD
> git rev-parse master
> git rev-parse --symbolic-full-name master@{u}
fatal: no upstream configured for branch 'master'
> git for-each-ref --format %(refname) %(objectname) --sort -committerdate
> git remote --verbose
> git status -z -u
> git symbolic-ref --short HEAD
> git rev-parse master
> git rev-parse --symbolic-full-name master@{u}
fatal: no upstream configured for branch 'master'
> git for-each-ref --format %(refname) %(objectname) --sort -committerdate
> git remote --verbose
> git status -z -u
> git symbolic-ref --short HEAD
> git rev-parse master
> git rev-parse --symbolic-full-name master@{u}
fatal: no upstream configured for branch 'master'
> git for-each-ref --format %(refname) %(objectname) --sort -committerdate
> git remote --verbose
> git show :application/service/LabelService.php
> git ls-files --stage -- application/service/
> git show :application/controllers/Labelcontroller.php
> git status -z -u
> git symbolic-ref --short HEAD
> git rev-parse master
> git rev-parse --symbolic-full-name master@{u}
fatal: no upstream configured for branch 'master'
> git for-each-ref --format %(refname) %(objectname) --sort -committerdate
> git remote --verbose
> git show :application/service/LabelService.php
> git ls-files --stage -- application/service/
> git show :application/service/LabelService.php
> git ls-files --stage -- application/service/
> git status -z -u
> git symbolic-ref --short HEAD
> git rev-parse master
> git rev-parse --symbolic-full-name master@{u}
fatal: no upstream configured for branch 'master'
> git for-each-ref --format %(refname) %(objectname) --sort -committerdate
> git remote --verbose
> git status -z -u
> git symbolic-ref --short HEAD
> git rev-parse master
> git rev-parse --symbolic-full-name master@{u}
fatal: no upstream configured for branch 'master'
> git for-each-ref --format %(refname) %(objectname) --sort -committerdate
> git remote --verbose
> git show :application/service/LabelService.php
> git ls-files --stage -- application/service/
> git status -z -u
> git symbolic-ref --short HEAD
> git rev-parse master
> git rev-parse --symbolic-full-name master@{u}
fatal: no upstream configured for branch 'master'
> git for-each-ref --format %(refname) %(objectname) --sort -committerdate
> git remote --verbose
> git status -z -u
> git symbolic-ref --short HEAD
> git rev-parse master
> git rev-parse --symbolic-full-name master@{u}
fatal: no upstream configured for branch 'master'
> git for-each-ref --format %(refname) %(objectname) --sort -committerdate
> git remote --verbose
> git show :application/service/NoteControllerService.php
> git show :application/service/LabelService.php
> git ls-files --stage -- application/service/
> git show :application/service/NoteControllerService.php
> git show :application/service/LabelService.php
> git ls-files --stage -- application/service/
> git status -z -u
> git symbolic-ref --short HEAD
> git rev-parse master
> git rev-parse --symbolic-full-name master@{u}
fatal: no upstream configured for branch 'master'
> git for-each-ref --format %(refname) %(objectname) --sort -committerdate
> git remote --verbose
> git status -z -u
> git symbolic-ref --short HEAD
> git rev-parse master
> git rev-parse --symbolic-full-name master@{u}
fatal: no upstream configured for branch 'master'
> git for-each-ref --format %(refname) %(objectname) --sort -committerdate
> git remote --verbose
> git show :application/service/AccountControllerService.php
> git show :application/static/HardCode.php
> git ls-files --stage -- application/static/
> git show :application/service/AccountControllerService.php
> git show :application/service/LabelService.php
> git ls-files --stage -- application/service/
> git status -z -u
> git symbolic-ref --short HEAD
> git rev-parse master
> git rev-parse --symbolic-full-name master@{u}
fatal: no upstream configured for branch 'master'
> git for-each-ref --format %(refname) %(objectname) --sort -committerdate
> git remote --verbose
> git show :application/controllers/Labelcontroller.php
> git status -z -u
> git symbolic-ref --short HEAD
> git rev-parse master
> git rev-parse --symbolic-full-name master@{u}
fatal: no upstream configured for branch 'master'
> git for-each-ref --format %(refname) %(objectname) --sort -committerdate
> git remote --verbose
> git show :application/controllers/Labelcontroller.php
> git status -z -u
> git symbolic-ref --short HEAD
> git rev-parse master
> git rev-parse --symbolic-full-name master@{u}
fatal: no upstream configured for branch 'master'
> git for-each-ref --format %(refname) %(objectname) --sort -committerdate
> git remote --verbose
> git status -z -u
> git symbolic-ref --short HEAD
> git rev-parse master
> git rev-parse --symbolic-full-name master@{u}
fatal: no upstream configured for branch 'master'
> git for-each-ref --format %(refname) %(objectname) --sort -committerdate
> git remote --verbose
> git show :application/controllers/Labelcontroller.php
> git status -z -u
> git symbolic-ref --short HEAD
> git rev-parse master
> git rev-parse --symbolic-full-name master@{u}
fatal: no upstream configured for branch 'master'
> git for-each-ref --format %(refname) %(objectname) --sort -committerdate
> git remote --verbose
> git status -z -u
> git symbolic-ref --short HEAD
> git rev-parse master
> git rev-parse --symbolic-full-name master@{u}
fatal: no upstream configured for branch 'master'
> git for-each-ref --format %(refname) %(objectname) --sort -committerdate
> git remote --verbose
> git show :application/static/HardCode.php
> git ls-files --stage -- application/static/
> git show :application/service/NoteControllerService.php
> git check-ignore -z --stdin
> git show :application/rabitMQ/send.php
> git show :application/rabitMQ/receive.php
> git show :application/rabitMQ/send.php
> git show :application/controllers/Notescontroller.php
> git show :application/controllers/Labelcontroller.php
> git check-ignore -z --stdin
> git check-ignore -z --stdin
> git check-ignore -z --stdin
> git check-ignore -z --stdin
> git show :ng6/src/app/serviceUrl/serviceUrl.ts
> git ls-files --stage -- ng6/src/app/serviceUrl/
> git check-ignore -z --stdin
> git show :application/static/HardCode.php
> git ls-files --stage -- application/static/
> git show :application/service/LabelService.php
> git ls-files --stage -- application/service/
> git show :application/service/AccountControllerService.php
> git show :application/service/LabelService.php
> git ls-files --stage -- application/service/
> git show :application/service/AccountControllerService.php
> git show :application/service/LabelService.php
> git ls-files --stage -- application/service/
> git show :application/service/AccountControllerService.php
> git show :application/service/LabelService.php
> git ls-files --stage -- application/service/
> git show :application/service/AccountControllerService.php
> git show :application/service/LabelService.php
> git ls-files --stage -- application/service/
> git show :application/service/AccountControllerService.php
> git show :application/service/LabelService.php
> git ls-files --stage -- application/service/
> git show :application/service/AccountControllerService.php
> git show :application/service/LabelService.php
> git ls-files --stage -- application/service/
> git show :application/service/AccountControllerService.php
> git show :application/controllers/Labelcontroller.php
> git show :application/controllers/Accountcontroller.php
> git show :application/controllers/Labelcontroller.php
> git show :application/controllers/Accountcontroller.php
> git show :application/controllers/Labelcontroller.php
> git show :application/controllers/Accountcontroller.php
> git show :application/controllers/Labelcontroller.php
> git show :application/service/AccountControllerService.php
> git show :application/service/LabelService.php
> git ls-files --stage -- application/service/
> git show :application/controllers/Labelcontroller.php
> git show :application/service/LabelService.php
> git ls-files --stage -- application/service/
> git show :application/controllers/Labelcontroller.php
> git show :application/controllers/Accountcontroller.php
> git show :application/service/AccountControllerService.php
> git show :application/service/LabelService.php
> git ls-files --stage -- application/service/
> git show :application/controllers/Labelcontroller.php
> git show :application/service/LabelService.php
> git ls-files --stage -- application/service/
> git show :application/controllers/Labelcontroller.php
> git show :application/service/LabelService.php
> git ls-files --stage -- application/service/
> git show :application/controllers/Notescontroller.php
> git show :application/service/AccountControllerService.php
> git show :application/service/LabelService.php
> git ls-files --stage -- application/service/
> git show :application/controllers/Labelcontroller.php
> git show :application/service/LabelService.php
> git ls-files --stage -- application/service/
> git show :application/controllers/Labelcontroller.php
> git show :system/core/CodeIgniter.php
> git check-ignore -z --stdin
> git show :application/controllers/Labelcontroller.php
> git show :application/service/LabelService.php
> git ls-files --stage -- application/service/
> git show :application/controllers/Labelcontroller.php
> git show :application/controllers/Accountcontroller.php
> git show :application/service/AccountControllerService.php
> git show :application/service/NoteControllerService.php
> git show :application/service/LabelService.php
> git ls-files --stage -- application/service/
> git show :application/controllers/Labelcontroller.php
> git show :application/service/LabelService.php
> git ls-files --stage -- application/service/
> git show :application/service/AccountControllerService.php
> git show :application/service/LabelService.php
> git ls-files --stage -- application/service/
> git show :application/controllers/Labelcontroller.php
> git show :application/service/LabelService.php
> git ls-files --stage -- application/service/
> git show :application/controllers/Labelcontroller.php
> git show :application/service/LabelService.php
> git ls-files --stage -- application/service/
> git show :application/controllers/Labelcontroller.php
> git show :application/service/LabelService.php
> git ls-files --stage -- application/service/
> git show :application/controllers/Labelcontroller.php
> git show :application/service/LabelService.php
> git ls-files --stage -- application/service/
> git show :application/controllers/Labelcontroller.php
> git show :application/service/LabelService.php
> git ls-files --stage -- application/service/
> git show :application/controllers/forgot-password-recovery-mail.php
> git show :application/controllers/test1.php
> git show :application/controllers/TestCase.php
> git show :application/controllers/testingcontroller.php
> git show :application/static/HardCode.php
> git ls-files --stage -- application/static/
> git show :application/controllers/Accountcontroller.php
> git show :application/config/config.php
> git show :application/config/routes.php
> git show :application/controllers/Accountcontroller.php
> git show :application/config/routes.php
> git show :application/controllers/Register.php
> git ls-files --stage -- application/controllers/
> git check-ignore -z --stdin
> git show :application/controllers/Accountcontroller.php
> git show :application/controllers/Register.php
> git ls-files --stage -- application/controllers/
> git show :application/controllers/Accountcontroller.php
> git show :application/config/routes.php
> git show :application/controllers/Login.php
> git ls-files --stage -- application/controllers/
> git check-ignore -z --stdin
> git show :application/controllers/Register.php
> git ls-files --stage -- application/controllers/
> git show :application/controllers/Login.php
> git ls-files --stage -- application/controllers/
> git show :application/controllers/Accountcontroller.php
> git show :application/controllers/Login.php
> git ls-files --stage -- application/controllers/
> git show :application/config/routes.php
> git show :application/controllers/UploadImage.PHP
> git ls-files --stage -- application/controllers/
> git check-ignore -z --stdin
> git show :application/controllers/Register.php
> git ls-files --stage -- application/controllers/
> git show :application/controllers/UploadImage.PHP
> git ls-files --stage -- application/controllers/
> git show :application/controllers/Accountcontroller.php
> git show :application/config/routes.php
> git show :application/controllers/Accountcontroller.php
> git show :application/config/routes.php
> git show :application/controllers/UploadImage.PHP
> git ls-files --stage -- application/controllers/
> git show :application/controllers/Accountcontroller.php
> git show :application/config/routes.php
> git show :application/controllers/UploadImage.PHP
> git ls-files --stage -- application/controllers/
> git show :application/config/routes.php
> git show :application/controllers/UploadImage.PHP
> git ls-files --stage -- application/controllers/
> git show :application/controllers/Forgotpassword.PHP
> git ls-files --stage -- application/controllers/
> git check-ignore -z --stdin
> git show :application/controllers/Accountcontroller.php
> git show :application/controllers/Forgotpassword.PHP
> git ls-files --stage -- application/controllers/
> git check-ignore -z --stdin
> git check-ignore -z --stdin
> git check-ignore -z --stdin
> git show :application/config/routes.php
> git show :application/controllers/Accountcontroller.php
> git show :application/controllers/Forgotpassword.PHP
> git ls-files --stage -- application/controllers/
> git show :application/config/routes.php
> git show :application/controllers/ResetPassword.php
> git ls-files --stage -- application/controllers/
> git check-ignore -z --stdin
> git show :application/controllers/Register.php
> git ls-files --stage -- application/controllers/
> git show :application/controllers/ResetPassword.php
> git ls-files --stage -- application/controllers/
> git show :application/controllers/Accountcontroller.php
> git show :application/controllers/ResetPassword.php
> git ls-files --stage -- application/controllers/
> git check-ignore -z --stdin
> git show :application/controllers/Register.php
> git ls-files --stage -- application/controllers/
> git show :application/config/routes.php
> git show :application/controllers/ResetPassword.php
> git ls-files --stage -- application/controllers/
> git show :application/config/routes.php
> git show :application/controllers/Accountcontroller.php
> git show :application/config/routes.php
> git show :application/controllers/ProfileUpload.php
> git ls-files --stage -- application/controllers/
> git check-ignore -z --stdin
> git show :application/controllers/Register.php
> git ls-files --stage -- application/controllers/
> git show :application/controllers/ProfileUpload.php
> git ls-files --stage -- application/controllers/
> git show :application/controllers/Accountcontroller.php
> git show :application/controllers/ProfileUpload.php
> git ls-files --stage -- application/controllers/
> git show :application/controllers/Register.php
> git ls-files --stage -- application/controllers/
> git show :application/controllers/ResetPassword.php
> git ls-files --stage -- application/controllers/
> git show :application/controllers/SocialLoginController.php
> git show :application/controllers/Login.php
> git ls-files --stage -- application/controllers/
> git show :application/controllers/Accountcontroller.php
> git show :application/config/routes.php
> git show :application/controllers/Accountcontroller.php
> git show :application/config/routes.php
> git show :application/controllers/Accountcontroller.php
> git show :application/controllers/Notescontroller.php
> git show :application/controllers/Accountcontroller.php
> git show :application/config/routes.php
> git show :application/controllers/Forgotpassword.PHP
> git ls-files --stage -- application/controllers/
> git show :application/controllers/ForgotpasswordController.PHP
> git ls-files --stage -- application/controllers/
> git check-ignore -z --stdin
> git show :application/controllers/Login.php
> git ls-files --stage -- application/controllers/
> git show :application/controllers/LoginController.php
> git ls-files --stage -- application/controllers/
> git check-ignore -z --stdin
> git show :application/controllers/ProfileUpload.php
> git ls-files --stage -- application/controllers/
> git show :application/controllers/ProfileUploadController.php
> git ls-files --stage -- application/controllers/
> git check-ignore -z --stdin
> git show :application/controllers/Register.php
> git ls-files --stage -- application/controllers/
> git show :application/controllers/RegisterController.php
> git ls-files --stage -- application/controllers/
> git check-ignore -z --stdin
> git show :application/controllers/ResetPassword.php
> git ls-files --stage -- application/controllers/
> git show :application/controllers/ResetPasswordController.php
> git ls-files --stage -- application/controllers/
> git check-ignore -z --stdin
> git show :application/controllers/Accountcontroller.php
> git show :application/controllers/ProfileUploadController.php
> git ls-files --stage -- application/controllers/
> git show :application/config/routes.php
> git show :application/controllers/Labelcontroller.php
> git show :application/controllers/RegisterController.php
> git ls-files --stage -- application/controllers/
> git show :application/config/routes.php
> git show :application/controllers/ProfileUploadController.php
> git ls-files --stage -- application/controllers/
> git show :application/controllers/RegisterController.php
> git ls-files --stage -- application/controllers/
> git show :application/controllers/ProfileUploadController.php
> git ls-files --stage -- application/controllers/
> git show :application/controllers/RegisterController.php
> git ls-files --stage -- application/controllers/
> git show :application/controllers/ProfileUploadController.php
> git ls-files --stage -- application/controllers/
> git check-ignore -z --stdin
> git show :ng6/src/app/login/login.component.ts
> git show :ng6/src/app/notes/notes.component.ts
> git check-ignore -z --stdin
> git show :ng6/src/app/bin/bin.component.ts
> git show :ng6/src/app/login/login.component.ts
> git show :ng6/src/app/login/login.component.html
> git show :ng6/src/app/login/login.component.ts
> git show :ng6/src/app/login/login.component.html
> git show :ng6/src/app/login/login.component.ts
> git show :ng6/src/app/notes/notes.component.ts
> git show :ng6/src/app/login/login.component.ts
> git show :ng6/src/app/notes/notes.component.ts
> git show :ng6/src/app/login/login.component.ts
> git check-ignore -z --stdin
> git show :ng6/src/app/registration/registration.component.ts
> git show :ng6/src/app/login/login.component.ts
> git show :ng6/src/app/registration/registration.component.ts
> git show :ng6/src/app/notes/notes.component.ts
> git show :ng6/src/app/login/login.component.ts
> git show :ng6/src/app/registration/registration.component.ts
> git show :ng6/src/app/notes/notes.component.ts
> git show :ng6/src/app/login/login.component.ts
> git show :ng6/src/app/notes/notes.component.ts
> git show :ng6/src/app/registration/registration.component.ts
> git show :ng6/src/app/login/login.component.ts
> git show :ng6/src/app/notes/notes.component.ts
> git show :ng6/src/app/registration/registration.component.ts
> git check-ignore -z --stdin
> git show :ng6/src/app/resetpassword/resetpassword.component.ts
> git check-ignore -z --stdin
> git show :ng6/src/app/reminder/reminder.component.ts
> git check-ignore -z --stdin
> git show :ng6/src/app/label/label.component.ts
> git show :ng6/src/app/login/login.component.ts
> git show :ng6/src/app/label/label.component.ts
> git show :ng6/src/app/login/login.component.ts
> git show :ng6/src/app/label/label.component.ts
> git check-ignore -z --stdin
> git show :ng6/src/app/FundooNotes/FundooNotes.component.ts
> git check-ignore -z --stdin
> git show :ng6/src/app/ForgotPassword/ForgotPassword.component.ts
> git check-ignore -z --stdin
> git show :ng6/src/app/editnote/editnote.component.ts
> git show :ng6/src/app/editlabel/editlabel.component.ts
> git check-ignore -z --stdin
> git show :ng6/src/app/collaborator/collaborator.component.ts
> git show :ng6/src/app/bin/bin.component.ts
> git check-ignore -z --stdin
> git show :ng6/src/app/archive/archive.component.ts
> git show :ng6/src/app/notes/notes.component.ts
> git show :ng6/src/app/archive/archive.component.ts
> git show :ng6/src/app/editlabel/editlabel.component.ts
> git show :ng6/src/app/collaborator/collaborator.component.ts
> git show :ng6/src/app/editlabel/editlabel.component.ts
> git show :ng6/src/app/collaborator/collaborator.component.ts
> git show :ng6/src/app/editlabel/editlabel.component.ts
> git show :ng6/src/app/FundooNotes/FundooNotes.component.ts
> git show :ng6/src/app/ForgotPassword/ForgotPassword.component.ts
> git show :application/controllers/ForgotpasswordController.PHP
> git ls-files --stage -- application/controllers/
> git show :application/config/routes.php
> git show :application/service/AccountControllerService.php
> git show :application/static/HardCode.php
> git ls-files --stage -- application/static/
> git check-ignore -z --stdin
> git check-ignore -z --stdin
> git show :ng6/src/app/serviceUrl/serviceUrl.ts
> git ls-files --stage -- ng6/src/app/serviceUrl/
> git show :ng6/src/app/service/dataservice.service.ts
> git show :ng6/src/app/serviceUrl/serviceUrl.ts
> git ls-files --stage -- ng6/src/app/serviceUrl/
> git show :application/config/routes.php
> git show :application/controllers/ForgotpasswordController.PHP
> git ls-files --stage -- application/controllers/
> git show :ng6/src/app/ForgotPassword/ForgotPassword.component.ts
> git show :ng6/src/app/service/dataservice.service.ts
> git show :ng6/src/app/serviceUrl/serviceUrl.ts
> git ls-files --stage -- ng6/src/app/serviceUrl/
> git check-ignore -z --stdin
> git show :application/service/AccountControllerService.php
> git show :ng6/src/app/ForgotPassword/ForgotPassword.component.ts
> git show :ng6/src/app/service/dataservice.service.ts
> git show :ng6/src/app/serviceUrl/serviceUrl.ts
> git ls-files --stage -- ng6/src/app/serviceUrl/
> git show :application/config/routes.php
> git show :application/controllers/ForgotpasswordController.PHP
> git ls-files --stage -- application/controllers/
> git show :ng6/src/app/ForgotPassword/ForgotPassword.component.ts
> git show :ng6/src/app/service/dataservice.service.ts
> git show :application/config/routes.php
> git show :application/controllers/ForgotpasswordController.PHP
> git ls-files --stage -- application/controllers/
> git show :application/config/routes.php
> git show :ng6/src/app/ForgotPassword/ForgotPassword.component.ts
> git show :ng6/src/app/service/dataservice.service.ts
> git show :ng6/src/app/serviceUrl/serviceUrl.ts
> git ls-files --stage -- ng6/src/app/serviceUrl/
> git show :application/config/routes.php
> git show :application/controllers/ForgotpasswordController.PHP
> git ls-files --stage -- application/controllers/
> git show :ng6/src/app/FundooNotes/FundooNotes.component.ts
> git show :ng6/src/app/ForgotPassword/ForgotPassword.component.ts
> git show :ng6/src/app/service/dataservice.service.ts
> git check-ignore -z --stdin
> git show :ng6/src/app/serviceUrl/serviceUrl.ts
> git ls-files --stage -- ng6/src/app/serviceUrl/
> git show :ng6/src/app/ForgotPassword/ForgotPassword.component.ts
> git check-ignore -z --stdin
> git show :ng6/src/app/reminder/reminder.component.ts
> git show :ng6/src/app/bin/bin.component.ts
> git show :ng6/src/app/archive/archive.component.ts
> git show :ng6/src/app/bin/bin.component.ts
> git show :ng6/src/app/archive/archive.component.ts
> git show :ng6/src/app/bin/bin.component.ts
> git show :ng6/node_modules/rxjs/internal/Observable.d.ts
> git ls-files --stage -- ng6/node_modules/rxjs/internal/
> git check-ignore -z --stdin
> git show :ng6/src/app/bin/bin.component.ts
> git check-ignore -z --stdin
> git show :ng6/src/app/notes/notes.component.html
> git show :ng6/src/app/login/login.component.html
> git show :ng6/src/app/login/login.component.ts
> git show :ng6/src/app/login/login.component.html
> git show :ng6/src/app/login/login.component.ts
> git show :ng6/src/app/login/login.component.html
> git show :ng6/src/app/login/login.component.ts
> git show :ng6/src/app/resetpassword/resetpassword.component.ts
> git show :ng6/src/app/editnote/editnote.component.ts
> git show :ng6/src/app/bin/bin.component.ts
> git show :ng6/src/app/editlabel/editlabel.component.ts
> git check-ignore -z --stdin
> git check-ignore -z --stdin
> git check-ignore -z --stdin
> git check-ignore -z --stdin
> git show :application/config/routes.php
> git show :ng6/src/app/ForgotPassword/ForgotPassword.component.ts
> git show :ng6/src/app/service/dataservice.service.ts
> git show :ng6/src/app/serviceUrl/serviceUrl.ts
> git ls-files --stage -- ng6/src/app/serviceUrl/
> git show :ng6/src/app/service/notes.service.ts
> git show :ng6/src/app/bin/bin.component.ts
> git show :ng6/src/app/FundooNotes/FundooNotes.component.ts
> git show :ng6/src/app/FundooNotes/FundooNotes.component.html
> git show :ng6/src/app/FundooNotes/FundooNotes.component.ts
> git show :ng6/src/app/service/notes.service.ts
> git show :ng6/src/app/FundooNotes/FundooNotes.component.ts
> git show :ng6/src/app/service/notes.service.ts
> git show :ng6/src/app/service/dataservice.service.spec.ts
> git show :ng6/src/app/service/dataservice.service.ts
> git show :application/controllers/Accountcontroller.php
> git show :application/controllers/Notescontroller.php
> git show :application/controllers/ProfileUploadController.php
> git ls-files --stage -- application/controllers/
> git show :ng6/src/app/notes/notes.component.ts
> git show :ng6/src/app/service/dataservice.service.ts
> git show :ng6/src/app/FundooNotes/FundooNotes.component.html
> git show :ng6/src/app/service/dataservice.service.ts
> git show :application/config/routes.php
> git show :application/controllers/ProfileUploadController.php
> git ls-files --stage -- application/controllers/
> git show :application/service/AccountControllerService.php
> git show :ng6/src/app/FundooNotes/FundooNotes.component.ts
> git show :application/controllers/Notescontroller.php
> git show :ng6/src/app/FundooNotes/FundooNotes.component.ts
> git show :ng6/src/app/service/dataservice.service.ts
> git show :ng6/src/app/FundooNotes/FundooNotes.component.ts
> git show :ng6/src/app/service/dataservice.service.ts
> git show :ng6/src/app/FundooNotes/FundooNotes.component.ts
> git show :ng6/src/app/service/dataservice.service.ts
> git show :ng6/src/app/FundooNotes/FundooNotes.component.ts
