Looking for git in: git
Using git 2.7.4 from git
> git rev-parse --show-toplevel
> git config --get commit.template
Open repository: /var/www/html/code1/codeigniter
> git status -z -u
> git symbolic-ref --short HEAD
> git rev-parse master
> git rev-parse --symbolic-full-name master@{u}
fatal: no upstream configured for branch 'master'
> git for-each-ref --format %(refname) %(objectname) --sort -committerdate
> git remote --verbose
> git show :application/service/NoteControllerService.php
> git check-ignore -z --stdin
> git status -z -u
> git symbolic-ref --short HEAD
> git rev-parse master
> git rev-parse --symbolic-full-name master@{u}
fatal: no upstream configured for branch 'master'
> git for-each-ref --format %(refname) %(objectname) --sort -committerdate
> git remote --verbose
> git show :application/service/NoteControllerService.php
> git show :application/service/NoteControllerService.php
> git status -z -u
> git symbolic-ref --short HEAD
> git rev-parse master
> git rev-parse --symbolic-full-name master@{u}
fatal: no upstream configured for branch 'master'
> git for-each-ref --format %(refname) %(objectname) --sort -committerdate
> git remote --verbose
> git show :application/service/NoteControllerService.php
> git check-ignore -z --stdin
> git check-ignore -z --stdin
> git check-ignore -z --stdin
> git status -z -u
> git symbolic-ref --short HEAD
> git rev-parse master
> git rev-parse --symbolic-full-name master@{u}
fatal: no upstream configured for branch 'master'
> git for-each-ref --format %(refname) %(objectname) --sort -committerdate
> git remote --verbose
> git show :ng6/src/app/FundooNotes/FundooNotes.component.ts
> git check-ignore -z --stdin
> git check-ignore -z --stdin
> git check-ignore -z --stdin
> git show :application/service/AccountControllerService.php
> git show :application/service/NoteControllerService.php
> git show :application/controllers/Notescontroller.php
> git show :application/service/NoteControllerService.php
> git show :application/controllers/Notescontroller.php
> git show :system/core/CodeIgniter.php
> git show :system/core/Common.php
> git check-ignore -z --stdin
> git check-ignore -z --stdin
> git check-ignore -z --stdin
> git check-ignore -z --stdin
> git show :ng6/src/app/notes/notes.component.ts
> git show :ng6/src/app/login/login.component.ts
> git show :ng6/src/app/FundooNotes/FundooNotes.component.ts
> git show :ng6/src/app/service/dataservice.service.ts
> git check-ignore -z --stdin
> git show :application/service/AccountControllerService.php
> git show :application/service/NoteControllerService.php
> git show :application/controllers/Notescontroller.php
> git show :application/service/NoteControllerService.php
> git show :application/service/AccountControllerService.php
> git show :application/service/NoteControllerService.php
> git status -z -u
> git symbolic-ref --short HEAD
> git rev-parse master
> git rev-parse --symbolic-full-name master@{u}
fatal: no upstream configured for branch 'master'
> git for-each-ref --format %(refname) %(objectname) --sort -committerdate
> git remote --verbose
> git show :application/controllers/ProfileUploadController.php
> git ls-files --stage -- application/controllers/
> git show :application/service/AccountControllerService.php
> git show :application/service/NoteControllerService.php
> git show :application/controllers/Notescontroller.php
> git show :application/service/NoteControllerService.php
> git show :system/core/Common.php
> git show :application/service/NoteControllerService.php
> git show :application/controllers/Notescontroller.php
> git show :application/service/NoteControllerService.php
> git show :application/service/AccountControllerService.php
> git show :ng6/src/app/core/model/note.ts
> git ls-files --stage -- ng6/src/app/core/model/
> git show :application/service/NoteControllerService.php
> git check-ignore -z --stdin
> git show :application/controllers/Notescontroller.php
> git show :ng6/src/app/notes/notes.component.ts
> git show :ng6/src/app/core/model/note.ts
> git ls-files --stage -- ng6/src/app/core/model/
> git show :ng6/src/app/notes/notes.component.ts
> git show :application/service/NoteControllerService.php
> git show :application/service/AccountControllerService.php
> git show :ng6/src/app/login/login.component.ts
> git show :ng6/src/app/service/dataservice.service.ts
> git show :ng6/src/app/login/login.component.ts
> git show :application/controllers/Accountcontroller.php
> git show :application/service/AccountControllerService.php
> git show :ng6/src/app/login/login.component.ts
> git show :application/controllers/Accountcontroller.php
> git show :application/service/AccountControllerService.php
> git show :application/controllers/Accountcontroller.php
> git show :application/service/AccountControllerService.php
> git show :system/core/CodeIgniter.php
> git show :ng6/src/app/login/login.component.ts
> git show :application/service/NoteControllerService.php
> git show :application/service/LabelService.php
> git show :application/service/NoteControllerService.php
> git show :application/service/AccountControllerService.php
> git show :ng6/src/app/login/login.component.ts
> git show :ng6/src/app/app.module.ts
> git show :ng6/src/app/notes/notes.component.ts
> git show :ng6/src/app/login/login.component.ts
> git show :application/service/NoteControllerService.php
> git show :application/controllers/Accountcontroller.php
> git show :application/service/AccountControllerService.php
> git show :application/controllers/Accountcontroller.php
> git show :system/core/CodeIgniter.php
> git show :application/controllers/Accountcontroller.php
> git show :application/service/AccountControllerService.php
> git show :application/controllers/Accountcontroller.php
> git show :system/core/CodeIgniter.php
> git show :application/controllers/Accountcontroller.php
> git show :ng6/src/app/login/login.component.ts
> git show :ng6/src/app/app-routing.module.ts
> git show :application/service/NoteControllerService.php
> git show :application/controllers/Accountcontroller.php
> git show :application/service/AccountControllerService.php
> git show :application/controllers/Accountcontroller.php
> git show :ng6/src/app/app-routing.module.ts
> git show :application/controllers/Accountcontroller.php
> git show :application/service/AccountControllerService.php
> git show :ng6/src/app/login/login.component.ts
> git show :application/service/AccountControllerService.php
> git show :application/controllers/Accountcontroller.php
> git show :application/service/AccountControllerService.php
> git show :ng6/src/app/login/login.component.ts
> git show :application/controllers/Accountcontroller.php
> git show :application/service/AccountControllerService.php
> git show :ng6/src/app/login/login.component.ts
> git show :application/service/AccountControllerService.php
> git show :ng6/src/app/login/login.component.ts
> git show :application/service/AccountControllerService.php
> git show :application/service/LabelService.php
> git show :application/service/NoteControllerService.php
> git show :application/service/LabelService.php
> git show :application/controllers/composer.json
> git show :application/controllers/Accountcontroller.php
> git show :application/controllers/ForgotpasswordController.PHP
> git show :application/controllers/Labelcontroller.php
> git show :application/controllers/LoginController.php
> git show :application/controllers/Notescontroller.php
> git show :application/controllers/ProfileUploadController.php
> git show :application/controllers/RegisterController.php
> git show :application/controllers/ResetPasswordController.php
> git show :application/controllers/SocialLoginController.php
> git show :ng6/src/app/login/login.component.ts
> git show :application/service/AccountControllerService.php
> git show :application/controllers/SocialLoginController.php
> git show :ng6/src/app/login/login.component.ts
> git show :ng6/src/app/auth.guard.ts
> git show :ng6/src/app/app-routing.module.spec.ts
> git show :ng6/src/app/app-routing.module.ts
> git show :ng6/src/app/app-routing.module.ts
> git show :ng6/src/app/login/login.component.ts
> git show :application/controllers/Accountcontroller.php
> git show :application/service/AccountControllerService.php
> git show :application/controllers/Accountcontroller.php
> git show :application/service/AccountControllerService.php
> git show :application/controllers/Accountcontroller.php
> git show :system/core/CodeIgniter.php
> git show :ng6/src/app/login/login.component.ts
> git show :ng6/src/app/service/auth.service.ts
> git show :ng6/src/app/auth.guard.ts
> git show :ng6/src/app/app-routing.module.spec.ts
> git show :ng6/src/app/app-routing.module.ts
> git show :ng6/src/app/login/login.component.ts
> git show :ng6/src/app/app-routing.module.ts
> git show :ng6/src/app/login/login.component.ts
> git show :ng6/src/app/app-routing.module.ts
> git show :ng6/src/app/login/login.component.ts
> git show :ng6/src/app/app-routing.module.ts
> git show :ng6/src/app/login/login.component.ts
> git show :ng6/src/app/app-routing.module.ts
> git show :ng6/src/app/login/login.component.ts
> git show :ng6/src/app/app.module.ts
> git show :ng6/src/app/app-routing.module.ts
> git show :ng6/src/app/login/login.component.ts
> git show :ng6/src/app/core/model/note.ts
> git show :ng6/src/app/notes/notes.component.ts
> git show :ng6/src/app/login/login.component.ts
> git show :ng6/src/app/app.module.ts
> git show :application/service/AccountControllerService.php
> git show :application/controllers/Accountcontroller.php
> git show :application/service/AccountControllerService.php
> git show :application/controllers/Accountcontroller.php
> git show :ng6/src/app/login/login.component.ts
> git show :ng6/src/app/FundooNotes/FundooNotes.component.ts
> git show :ng6/src/app/login/login.component.ts
> git show :application/service/AccountControllerService.php
> git show :application/controllers/Accountcontroller.php
> git show :application/service/AccountControllerService.php
> git show :application/service/NoteControllerService.php
> git show :application/service/AccountControllerService.php
> git show :ng6/src/app/login/login.component.ts
> git show :application/service/AccountControllerService.php
> git show :ng6/src/app/login/login.component.ts
> git show :ng6/src/app/notes/notes.component.ts
> git show :ng6/src/app/login/login.component.ts
> git show :application/service/AccountControllerService.php
> git show :ng6/src/app/login/login.component.ts
> git show :application/service/AccountControllerService.php
> git show :application/service/NoteControllerService.php
> git show :application/controllers/Accountcontroller.php
> git show :application/service/AccountControllerService.php
> git show :ng6/src/app/login/login.component.html
> git show :ng6/src/app/notes/notes.component.ts
> git show :ng6/src/app/collaborator/collaborator.component.ts
> git show :ng6/src/app/notes/notes.component.ts
> git show :ng6/src/app/login/login.component.ts
> git show :ng6/src/app/notes/notes.component.ts
> git show :application/service/AccountControllerService.php
> git show :application/service/NoteControllerService.php
> git show :ng6/src/app/notes/notes.component.ts
> git show :application/service/NoteControllerService.php
> git show :ng6/src/app/login/login.component.ts
> git show :ng6/src/app/notes/notes.component.ts
> git show :ng6/src/app/serviceUrl/serviceUrl.ts
> git show :ng6/src/app/notes/notes.component.ts
> git show :ng6/src/app/serviceUrl/serviceUrl.ts
> git show :ng6/src/app/notes/notes.component.ts
> git show :ng6/src/app/service/notes.service.ts
> git show :ng6/src/app/notes/notes.component.ts
> git show :application/service/AccountControllerService.php
> git show :application/service/NoteControllerService.php
> git show :ng6/src/app/notes/notes.component.html
> git show :ng6/src/app/notes/notes.component.ts
> git show :ng6/src/app/notes/notes.component.html
> git show :ng6/src/app/FundooNotes/FundooNotes.component.html
> git show :ng6/src/app/FundooNotes/FundooNotes.component.ts
> git show :ng6/src/app/notes/notes.component.ts
> git show :ng6/src/app/notes/notes.component.html
> git show :ng6/src/app/notes/notes.component.ts
> git show :ng6/src/app/notes/notes.component.html
> git show :ng6/src/app/notes/notes.component.ts
> git show :ng6/src/app/notes/notes.component.html
> git show :ng6/src/app/notes/notes.component.ts
> git show :ng6/src/app/notes/notes.component.html
> git show :ng6/src/app/notes/notes.component.ts
> git show :ng6/src/app/notes/notes.component.html
> git show :ng6/src/app/notes/notes.component.ts
> git show :ng6/src/app/notes/notes.component.html
> git show :ng6/src/app/notes/notes.component.ts
> git show :ng6/src/app/notes/notes.component.html
> git show :ng6/src/app/notes/notes.component.ts
> git show :ng6/src/app/FundooNotes/FundooNotes.component.ts
> git show :ng6/src/app/notes/notes.component.ts
> git show :ng6/src/app/service/notes.service.ts
> git show :ng6/src/app/notes/notes.component.ts
> git show :ng6/src/app/service/notes.service.ts
> git show :ng6/src/app/notes/notes.component.ts
> git show :ng6/src/app/service/notes.service.ts
> git show :ng6/src/app/notes/notes.component.ts
> git show :ng6/src/app/service/notes.service.ts
> git show :ng6/src/app/notes/notes.component.ts
> git show :ng6/src/app/service/notes.service.ts
> git show :ng6/src/app/serviceUrl/serviceUrl.ts
> git show :application/config/routes.php
> git show :application/controllers/Notescontroller.php
> git show :ng6/src/app/notes/notes.component.ts
> git show :ng6/src/app/service/notes.service.ts
> git show :ng6/src/app/notes/notes.component.ts
> git show :ng6/src/app/service/notes.service.ts
> git show :ng6/src/app/notes/notes.component.ts
> git show :ng6/src/app/service/notes.service.ts
> git show :ng6/src/app/notes/notes.component.ts
> git show :ng6/src/app/service/notes.service.ts
> git show :ng6/src/app/serviceUrl/serviceUrl.ts
> git show :ng6/src/app/service/notes.service.ts
> git show :ng6/src/app/serviceUrl/serviceUrl.ts
> git show :ng6/src/app/service/notes.service.ts
> git show :ng6/src/app/serviceUrl/serviceUrl.ts
> git show :ng6/src/app/notes/notes.component.ts
> git show :ng6/src/app/notes/notes.component.html
> git show :ng6/src/app/notes/notes.component.ts
> git show :ng6/src/app/notes/notes.component.html
> git show :ng6/src/app/notes/notes.component.ts
> git show :ng6/src/app/FundooNotes/FundooNotes.component.ts
> git show :ng6/src/app/notes/notes.component.ts
> git show :ng6/src/app/service/notes.service.ts
> git show :ng6/src/app/notes/notes.component.ts
> git show :ng6/src/app/service/notes.service.ts
> git show :ng6/src/app/notes/notes.component.ts
> git show :ng6/src/app/service/notes.service.ts
> git show :ng6/src/app/serviceUrl/serviceUrl.ts
> git show :ng6/src/app/service/dataservice.service.ts
> git show :ng6/src/app/notes/notes.component.ts
> git show :ng6/src/app/service/notes.service.ts
> git show :ng6/src/app/notes/notes.component.ts
> git show :ng6/src/app/service/notes.service.ts
> git show :ng6/src/app/serviceUrl/serviceUrl.ts
> git show :ng6/src/app/notes/notes.component.spec.ts
> git show :ng6/src/app/notes/notes.component.ts
> git show :ng6/src/app/notes/notes.component.html
> git show :ng6/src/app/notes/notes.component.ts
> git show :ng6/src/app/service/notes.service.ts
> git show :ng6/src/app/notes/notes.component.ts
> git show :ng6/src/app/service/notes.service.ts
> git show :ng6/src/app/notes/notes.component.ts
> git show :ng6/src/app/serviceUrl/serviceUrl.ts
> git show :ng6/src/app/service/notes.service.ts
> git show :ng6/src/app/serviceUrl/serviceUrl.ts
> git show :application/config/routes.php
> git show :application/controllers/Notescontroller.php
> git show :ng6/src/app/service/notes.service.ts
> git show :application/controllers/Notescontroller.php
> git show :application/service/NoteControllerService.php
> git show :application/controllers/Notescontroller.php
> git show :application/service/NoteControllerService.php
> git show :application/controllers/Notescontroller.php
> git show :application/service/NoteControllerService.php
> git show :ng6/src/app/notes/notes.component.ts
> git show :ng6/src/app/editlabel/editlabel.component.ts
> git show :ng6/src/app/label/label.component.ts
> git show :ng6/src/app/notes/notes.component.ts
> git show :application/controllers/Accountcontroller.php
> git show :application/controllers/Notescontroller.php
> git show :application/service/NoteControllerService.php
> git show :application/controllers/Notescontroller.php
> git show :application/service/NoteControllerService.php
> git show :application/controllers/Notescontroller.php
> git show :application/service/NoteControllerService.php
> git show :application/service/AccountControllerService.php
> git show :application/service/NoteControllerService.php
> git show :application/service/AccountControllerService.php
> git show :application/service/NoteControllerService.php
> git show :application/controllers/Notescontroller.php
> git show :application/service/NoteControllerService.php
> git show :application/service/AccountControllerService.php
> git show :application/service/NoteControllerService.php
> git show :application/service/AccountControllerService.php
> git show :application/service/NoteControllerService.php
> git show :application/controllers/Notescontroller.php
> git show :application/service/NoteControllerService.php
> git show :system/core/Common.php
> git show :application/service/NoteControllerService.php
> git show :application/service/AccountControllerService.php
> git show :application/controllers/Notescontroller.php
> git show :application/service/NoteControllerService.php
> git show :application/service/AccountControllerService.php
> git show :application/service/NoteControllerService.php
> git show :application/controllers/Notescontroller.php
> git show :application/service/NoteControllerService.php
> git show :application/service/AccountControllerService.php
> git show :application/service/NoteControllerService.php
> git show :application/controllers/Notescontroller.php
> git show :application/service/NoteControllerService.php
> git show :application/controllers/Notescontroller.php
> git show :application/service/NoteControllerService.php
> git show :application/service/AccountControllerService.php
> git show :application/service/NoteControllerService.php
> git show :application/service/AccountControllerService.php
> git show :application/service/NoteControllerService.php
> git show :application/controllers/Notescontroller.php
> git show :application/service/NoteControllerService.php
> git show :ng6/src/app/notes/notes.component.ts
> git show :ng6/src/app/service/notes.service.ts
> git show :ng6/src/app/FundooNotes/FundooNotes.component.ts
> git show :ng6/src/app/service/dataservice.service.ts
> git show :application/service/AccountControllerService.php
> git show :application/service/NoteControllerService.php
> git show :application/config/routes.php
> git show :ng6/src/app/serviceUrl/serviceUrl.ts
> git show :ng6/src/app/service/notes.service.ts
> git show :ng6/src/app/serviceUrl/serviceUrl.ts
> git show :ng6/src/app/service/notes.service.ts
> git show :ng6/src/app/serviceUrl/serviceUrl.ts
> git show :ng6/src/app/service/notes.service.ts
> git show :ng6/src/app/serviceUrl/serviceUrl.ts
> git show :application/config/routes.php
> git show :application/controllers/Notescontroller.php
> git show :application/service/NoteControllerService.php
> git show :ng6/src/app/notes/notes.component.ts
> git show :ng6/src/app/service/notes.service.ts
> git show :ng6/src/app/notes/notes.component.ts
> git show :ng6/src/app/service/notes.service.ts
> git show :ng6/src/app/notes/notes.component.ts
> git show :ng6/src/app/FundooNotes/FundooNotes.component.ts
> git show :ng6/src/app/notes/notes.component.ts
> git show :ng6/src/app/FundooNotes/FundooNotes.component.ts
> git show :ng6/src/app/notes/notes.component.ts
> git show :ng6/src/app/notes/notes.component.html
> git show :ng6/src/app/FundooNotes/FundooNotes.component.html
> git show :ng6/src/app/notes/notes.component.html
> git show :ng6/src/app/notes/notes.component.ts
> git show :application/controllers/Accountcontroller.php
> git show :application/controllers/Notescontroller.php
> git show :application/service/NoteControllerService.php
> git show :application/service/NoteControllerService.php
> git show :ng6/src/app/login/login.component.ts
> git show :ng6/src/app/notes/notes.component.ts
> git show :ng6/src/app/service/notes.service.ts
> git show :ng6/src/app/serviceUrl/serviceUrl.ts
> git show :ng6/src/app/service/notes.service.ts
> git show :ng6/src/app/serviceUrl/serviceUrl.ts
> git show :ng6/src/app/service/notes.service.ts
> git show :ng6/src/app/serviceUrl/serviceUrl.ts
> git show :ng6/src/app/service/notes.service.ts
> git show :ng6/src/app/label/label.component.ts
> git show :ng6/src/app/service/notes.service.ts
> git show :ng6/src/app/label/label.component.ts
> git show :ng6/src/app/notes/notes.component.ts
> git show :ng6/src/app/label/label.component.ts
> git show :ng6/src/app/notes/notes.component.ts
> git show :ng6/src/app/service/notes.service.ts
> git show :ng6/src/app/reminder/reminder.component.ts
> git show :ng6/src/app/label/label.component.ts
> git show :ng6/src/app/notes/notes.component.ts
> git show :ng6/src/app/reminder/reminder.component.ts
> git show :ng6/src/app/notes/notes.component.ts
> git show :ng6/src/app/label/label.component.ts
> git show :ng6/src/app/reminder/reminder.component.ts
