Looking for git in: git
Using git 2.7.4 from git
> git rev-parse --show-toplevel
> git config --get commit.template
Open repository: /var/www/html/code1/codeigniter
> git status -z -u
> git show :ng6/src/app/notes/notes.component.ts
> git check-ignore -z --stdin
> git check-ignore -z --stdin
> git check-ignore -z --stdin
> git check-ignore -z --stdin
> git show :application/controllers/testingcontroller.php
> git ls-files --stage -- application/controllers/
> git show :application/controllers/test1.php
> git ls-files --stage -- application/controllers/
> git show :application/controllers/testingcontroller.php
> git ls-files --stage -- application/controllers/
> git show :application/controllers/test1.php
> git ls-files --stage -- application/controllers/
> git show :application/controllers/Accountcontroller.php
> git check-ignore -z --stdin
> git check-ignore -z --stdin
> git show :ng6/src/app/notes/notes.component.ts
> git show :ng6/src/app/notes/notes.component.html
> git show :ng6/src/app/notes/notes.component.ts
> git show :ng6/src/app/notes/notes.component.html
> git show :ng6/src/app/notes/notes.component.ts
> git show :application/views/tests.php
> git ls-files --stage -- application/views/
> git show :application/controllers/test1.php
> git ls-files --stage -- application/controllers/
> git show :application/controllers/testingcontroller.php
> git ls-files --stage -- application/controllers/
> git show :application/controllers/test.html
> git show :application/controllers/test1.php
> git ls-files --stage -- application/controllers/
> git show :application/controllers/testingcontroller.php
> git ls-files --stage -- application/controllers/
> git show :application/controllers/Accountcontroller.php
> git show :application/controllers/test1.php
> git ls-files --stage -- application/controllers/
> git check-ignore -z --stdin
> git check-ignore -z --stdin
> git check-ignore -z --stdin
> git check-ignore -z --stdin
> git check-ignore -z --stdin
> git show :phpunittest/tests/unit/FirstTest.php
> git ls-files --stage -- phpunittest/tests/unit/
> git show :application/controllers/Accountcontroller.php
> git status -z -u
> git status -z -u
> git status -z -u
> git status -z -u
> git status -z -u
> git status -z -u
> git status -z -u
> git status -z -u
> git status -z -u
> git status -z -u
> git status -z -u
> git show :system/core/Common.php
> git show :application/controllers/Accountcontroller.php
> git status -z -u
> git status -z -u
> git show :application/controllers/Notescontroller.php
> git show :application/controllers/Accountcontroller.php
> git status -z -u
> git status -z -u
> git status -z -u
> git status -z -u
> git status -z -u
> git status -z -u
> git show :system/core/Common.php
> git show :application/controllers/Accountcontroller.php
> git status -z -u
> git status -z -u
> git status -z -u
> git status -z -u
> git status -z -u
> git status -z -u
> git status -z -u
> git status -z -u
> git show :system/core/Common.php
> git show :application/controllers/Accountcontroller.php
> git status -z -u
> git show :system/core/Common.php
> git show :application/controllers/Accountcontroller.php
> git show :system/core/Common.php
> git show :application/controllers/Accountcontroller.php
> git show :system/core/Common.php
> git show :application/controllers/Accountcontroller.php
> git status -z -u
> git show :system/core/Common.php
> git show :application/controllers/Accountcontroller.php
> git status -z -u
> git status -z -u
> git status -z -u
> git status -z -u
> git show :system/core/Common.php
> git show :application/controllers/Accountcontroller.php
> git status -z -u
> git status -z -u
> git status -z -u
> git status -z -u
> git show :system/core/CodeIgniter.php
> git check-ignore -z --stdin
> git show :application/controllers/Accountcontroller.php
> git status -z -u
> git status -z -u
> git status -z -u
> git rev-parse --show-toplevel
fatal: Not a git repository (or any of the parent directories): .git
> git show :application/controllers/Accountcontroller.php
> git status -z -u
> git show :system/core/Common.php
> git show :application/controllers/Accountcontroller.php
> git status -z -u
> git show :system/core/Common.php
> git show :application/controllers/Accountcontroller.php
> git status -z -u
> git status -z -u
> git status -z -u
> git status -z -u
> git status -z -u
> git status -z -u
> git status -z -u
> git status -z -u
> git status -z -u
> git status -z -u
> git status -z -u
> git status -z -u
> git status -z -u
> git status -z -u
> git status -z -u
> git status -z -u
> git status -z -u
> git status -z -u
> git status -z -u
> git status -z -u
> git status -z -u
> git status -z -u
> git status -z -u
> git show :system/core/CodeIgniter.php
> git show :application/controllers/Accountcontroller.php
> git status -z -u
> git status -z -u
> git status -z -u
> git status -z -u
> git status -z -u
> git show :system/core/Common.php
> git show :application/controllers/Accountcontroller.php
> git status -z -u
> git status -z -u
> git status -z -u
> git status -z -u
> git show :system/core/CodeIgniter.php
> git check-ignore -z --stdin
> git show :application/controllers/Accountcontroller.php
> git show :application/controllers/Notescontroller.php
> git show :application/controllers/Accountcontroller.php
> git show :application/controllers/Notescontroller.php
> git show :application/controllers/Accountcontroller.php
> git show :application/controllers/Notescontroller.php
> git status -z -u
> git status -z -u
> git show :system/core/CodeIgniter.php
> git show :application/controllers/Notescontroller.php
> git status -z -u
> git show :application/controllers/Accountcontroller.php
> git show :application/controllers/testingcontroller.php
> git ls-files --stage -- application/controllers/
> git show :application/controllers/Notescontroller.php
> git show :application/controllers/Accountcontroller.php
> git show :application/controllers/Notescontroller.php
> git status -z -u
> git status -z -u
> git show :system/core/CodeIgniter.php
> git show :system/core/Benchmark.php
> git show :system/core/CodeIgniter.php
> git show :system/core/Hooks.php
> git show :system/core/Hooks.php
> git show :system/core/CodeIgniter.php
> git show :system/core/Output.php
> git show :system/core/Common.php
> git show :system/core/Output.php
> git show :system/core/Common.php
> git show :system/core/Output.php
> git show :system/core/CodeIgniter.php
> git show :system/core/Output.php
> git show :system/core/Common.php
> git check-ignore -z --stdin
> git show :application/controllers/Notescontroller.php
> git show :system/core/CodeIgniter.php
> git show :application/controllers/Notescontroller.php
> git status -z -u
> git show :system/core/CodeIgniter.php
> git show :system/core/Benchmark.php
> git show :system/core/CodeIgniter.php
> git show :system/core/Hooks.php
> git show :application/controllers/Notescontroller.php
> git status -z -u
> git status -z -u
> git status -z -u
> git status -z -u
> git status -z -u
> git status -z -u
> git status -z -u
> git status -z -u
> git status -z -u
> git status -z -u
> git status -z -u
> git status -z -u
> git status -z -u
> git show :system/core/CodeIgniter.php
> git show :application/controllers/Notescontroller.php
> git status -z -u
> git status -z -u
> git show :application/controllers/Accountcontroller.php
> git show :system/core/CodeIgniter.php
> git show :system/core/Benchmark.php
> git show :system/core/CodeIgniter.php
> git show :application/controllers/Notescontroller.php
> git status -z -u
> git show :application/controllers/Accountcontroller.php
> git show :application/controllers/Notescontroller.php
> git show :application/controllers/Accountcontroller.php
> git show :application/controllers/Notescontroller.php
> git status -z -u
> git status -z -u
> git status -z -u
> git status -z -u
> git status -z -u
> git status -z -u
> git status -z -u
> git status -z -u
> git status -z -u
> git status -z -u
> git status -z -u
> git show :application/controllers/Accountcontroller.php
> git show :application/controllers/Notescontroller.php
> git status -z -u
> git show :system/core/CodeIgniter.php
> git show :system/core/Benchmark.php
> git show :application/controllers/Notescontroller.php
> git status -z -u
> git show :system/core/Common.php
> git show :application/controllers/Notescontroller.php
> git status -z -u
> git show :system/core/Common.php
> git show :application/controllers/Notescontroller.php
> git rev-parse --show-toplevel
fatal: Not a git repository (or any of the parent directories): .git
> git show :application/controllers/Notescontroller.php
> git check-ignore -z --stdin
> git show :ng6/src/app/service/notes.service.ts
> git show :ng6/src/app/notes/notes.component.ts
> git show :application/controllers/Notescontroller.php
> git show :ng6/src/app/service/notes.service.ts
> git show :ng6/src/app/notes/notes.component.ts
> git status -z -u
> git status -z -u
> git status -z -u
> git show :ng6/src/app/notes/notes.component.html
> git show :ng6/src/app/notes/notes.component.ts
> git show :ng6/src/app/notes/notes.component.html
> git show :ng6/src/app/notes/notes.component.ts
> git show :ng6/src/app/notes/notes.component.html
> git show :ng6/src/app/notes/notes.component.ts
> git show :ng6/src/app/service/notes.service.ts
> git check-ignore -z --stdin
> git show :ng6/src/app/notes/notes.component.ts
> git show :ng6/src/app/service/notes.service.ts
> git show :application/controllers/Notescontroller.php
> git show :system/core/Common.php
> git rev-parse --show-toplevel
fatal: Not a git repository (or any of the parent directories): .git
> git show :application/controllers/Notescontroller.php
> git status -z -u
> git status -z -u
> git status -z -u
> git status -z -u
> git status -z -u
