[2018-11-27 16:18:46.216] [sharedprocess] [info] main {"machineId":"bc6780d3df07958fd8265e1f2de50453f8eb6c8632bd6d10c08d9ff36801141a"}
[2018-11-27 16:18:46.479] [sharedprocess] [info] Scanned user extensions: 9
[2018-11-27 16:18:46.527] [sharedprocess] [info] Scanned user extensions: 9
[2018-11-27 16:18:46.537] [sharedprocess] [info] Scanned user extensions: 9
[2018-11-27 16:18:48.337] [sharedprocess] [info] Scanned system extensions: 71
[2018-11-27 16:18:48.344] [sharedprocess] [info] Scanned system extensions: 71
[2018-11-27 16:19:07.946] [sharedprocess] [info] Scanned user extensions: 9
[2018-11-27 16:19:14.283] [sharedprocess] [info] Installing extension: vscode-java-test
[2018-11-27 16:19:14.289] [sharedprocess] [info] Scanned user extensions: 9
[2018-11-27 16:19:26.221] [sharedprocess] [info] Starting to clean up unused language packs.
[2018-11-27 16:24:25.980] [sharedprocess] [info] Scanned user extensions: 9
[2018-11-27 16:29:26.006] [sharedprocess] [info] Scanned user extensions: 9
[2018-11-27 16:34:26.022] [sharedprocess] [info] Scanned user extensions: 9
[2018-11-27 16:34:36.670] [sharedprocess] [error] Failed to install extension: vscjava.vscode-java-test 
[2018-11-27 16:34:36.794] [sharedprocess] [info] Scanned user extensions: 9
[2018-11-27 16:34:36.828] [sharedprocess] [info] Scanned system extensions: 71
[2018-11-27 16:39:26.040] [sharedprocess] [info] Scanned user extensions: 9
[2018-11-27 16:44:26.056] [sharedprocess] [info] Scanned user extensions: 9
[2018-11-27 16:49:26.073] [sharedprocess] [info] Scanned user extensions: 9
[2018-11-27 16:54:26.084] [sharedprocess] [info] Scanned user extensions: 9
[2018-11-27 16:59:26.099] [sharedprocess] [info] Scanned user extensions: 9
[2018-11-27 17:04:26.115] [sharedprocess] [info] Scanned user extensions: 9
[2018-11-27 17:09:26.135] [sharedprocess] [info] Scanned user extensions: 9
[2018-11-27 17:14:26.149] [sharedprocess] [info] Scanned user extensions: 9
[2018-11-27 17:19:26.167] [sharedprocess] [info] Scanned user extensions: 9
[2018-11-27 17:24:26.217] [sharedprocess] [info] Scanned user extensions: 9
[2018-11-27 17:29:26.235] [sharedprocess] [info] Scanned user extensions: 9
[2018-11-27 17:34:26.252] [sharedprocess] [info] Scanned user extensions: 9
[2018-11-27 17:39:26.268] [sharedprocess] [info] Scanned user extensions: 9
[2018-11-27 17:44:26.285] [sharedprocess] [info] Scanned user extensions: 9
[2018-11-27 17:49:26.302] [sharedprocess] [info] Scanned user extensions: 9
[2018-11-27 17:54:26.317] [sharedprocess] [info] Scanned user extensions: 9
[2018-11-27 17:59:26.334] [sharedprocess] [info] Scanned user extensions: 9
[2018-11-27 18:04:26.351] [sharedprocess] [info] Scanned user extensions: 9
[2018-11-27 18:09:26.368] [sharedprocess] [info] Scanned user extensions: 9
[2018-11-27 18:14:26.383] [sharedprocess] [info] Scanned user extensions: 9
[2018-11-27 18:19:26.406] [sharedprocess] [info] Scanned user extensions: 9
[2018-11-27 18:24:26.536] [sharedprocess] [info] Scanned user extensions: 9
[2018-11-27 18:29:26.550] [sharedprocess] [info] Scanned user extensions: 9
[2018-11-27 18:34:26.564] [sharedprocess] [info] Scanned user extensions: 9
[2018-11-27 18:39:26.580] [sharedprocess] [info] Scanned user extensions: 9
[2018-11-27 18:44:26.597] [sharedprocess] [info] Scanned user extensions: 9
[2018-11-27 18:49:26.612] [sharedprocess] [info] Scanned user extensions: 9
[2018-11-27 18:54:26.628] [sharedprocess] [info] Scanned user extensions: 9
[2018-11-27 18:59:26.645] [sharedprocess] [info] Scanned user extensions: 9
[2018-11-27 19:04:26.658] [sharedprocess] [info] Scanned user extensions: 9
[2018-11-27 19:09:26.674] [sharedprocess] [info] Scanned user extensions: 9
[2018-11-27 19:14:26.690] [sharedprocess] [info] Scanned user extensions: 9
[2018-11-27 19:19:26.703] [sharedprocess] [info] Scanned user extensions: 9
[2018-11-27 19:24:26.744] [sharedprocess] [info] Scanned user extensions: 9
[2018-11-27 19:29:26.763] [sharedprocess] [info] Scanned user extensions: 9
[2018-11-27 19:34:26.784] [sharedprocess] [info] Scanned user extensions: 9
[2018-11-27 19:39:26.795] [sharedprocess] [info] Scanned user extensions: 9
[2018-11-27 19:44:26.810] [sharedprocess] [info] Scanned user extensions: 9
[2018-11-27 19:49:26.832] [sharedprocess] [info] Scanned user extensions: 9
[2018-11-27 19:54:26.847] [sharedprocess] [info] Scanned user extensions: 9
[2018-11-27 19:59:26.866] [sharedprocess] [info] Scanned user extensions: 9
[2018-11-27 20:04:26.885] [sharedprocess] [info] Scanned user extensions: 9
[2018-11-27 20:09:26.901] [sharedprocess] [info] Scanned user extensions: 9
[2018-11-27 20:14:26.915] [sharedprocess] [info] Scanned user extensions: 9
[2018-11-27 20:19:26.932] [sharedprocess] [info] Scanned user extensions: 9
[2018-11-27 20:24:26.973] [sharedprocess] [info] Scanned user extensions: 9
[2018-11-27 20:29:26.988] [sharedprocess] [info] Scanned user extensions: 9
[2018-11-27 20:34:27.005] [sharedprocess] [info] Scanned user extensions: 9
