[2018-11-12 09:49:34.089] [renderer1] [info] no standard startup: panel is active
[2018-11-12 09:52:59.943] [renderer1] [error] Inotify limit reached (ENOSPC)
[2018-11-12 10:00:50.171] [renderer1] [error] Illegal argument: character must be non-negative: Error: Illegal argument: character must be non-negative
	at Object.t.illegalArgument (/usr/share/code/resources/app/out/vs/workbench/node/extensionHostProcess.js:91:544)
	at new e (/usr/share/code/resources/app/out/vs/workbench/node/extensionHostProcess.js:475:904)
	at asPosition (/home/bridgeit/.vscode/extensions/felixfbecker.php-intellisense-2.3.5/node_modules/vscode-languageclient/lib/protocolConverter.js:53:16)
	at asRange (/home/bridgeit/.vscode/extensions/felixfbecker.php-intellisense-2.3.5/node_modules/vscode-languageclient/lib/protocolConverter.js:59:31)
	at asHover (/home/bridgeit/.vscode/extensions/felixfbecker.php-intellisense-2.3.5/node_modules/vscode-languageclient/lib/protocolConverter.js:134:63)
	at <anonymous>
[2018-11-12 11:00:07.958] [renderer1] [error] Illegal argument: character must be non-negative: Error: Illegal argument: character must be non-negative
	at Object.t.illegalArgument (/usr/share/code/resources/app/out/vs/workbench/node/extensionHostProcess.js:91:544)
	at new e (/usr/share/code/resources/app/out/vs/workbench/node/extensionHostProcess.js:475:904)
	at asPosition (/home/bridgeit/.vscode/extensions/felixfbecker.php-intellisense-2.3.5/node_modules/vscode-languageclient/lib/protocolConverter.js:53:16)
	at asRange (/home/bridgeit/.vscode/extensions/felixfbecker.php-intellisense-2.3.5/node_modules/vscode-languageclient/lib/protocolConverter.js:59:31)
	at asHover (/home/bridgeit/.vscode/extensions/felixfbecker.php-intellisense-2.3.5/node_modules/vscode-languageclient/lib/protocolConverter.js:134:63)
	at <anonymous>
[2018-11-12 11:10:55.205] [renderer1] [error] Illegal argument: character must be non-negative: Error: Illegal argument: character must be non-negative
	at Object.t.illegalArgument (/usr/share/code/resources/app/out/vs/workbench/node/extensionHostProcess.js:91:544)
	at new e (/usr/share/code/resources/app/out/vs/workbench/node/extensionHostProcess.js:475:904)
	at asPosition (/home/bridgeit/.vscode/extensions/felixfbecker.php-intellisense-2.3.5/node_modules/vscode-languageclient/lib/protocolConverter.js:53:16)
	at asRange (/home/bridgeit/.vscode/extensions/felixfbecker.php-intellisense-2.3.5/node_modules/vscode-languageclient/lib/protocolConverter.js:59:31)
	at asHover (/home/bridgeit/.vscode/extensions/felixfbecker.php-intellisense-2.3.5/node_modules/vscode-languageclient/lib/protocolConverter.js:134:63)
	at <anonymous>
[2018-11-12 11:11:23.288] [renderer1] [error] Illegal argument: character must be non-negative: Error: Illegal argument: character must be non-negative
	at Object.t.illegalArgument (/usr/share/code/resources/app/out/vs/workbench/node/extensionHostProcess.js:91:544)
	at new e (/usr/share/code/resources/app/out/vs/workbench/node/extensionHostProcess.js:475:904)
	at asPosition (/home/bridgeit/.vscode/extensions/felixfbecker.php-intellisense-2.3.5/node_modules/vscode-languageclient/lib/protocolConverter.js:53:16)
	at asRange (/home/bridgeit/.vscode/extensions/felixfbecker.php-intellisense-2.3.5/node_modules/vscode-languageclient/lib/protocolConverter.js:59:31)
	at asHover (/home/bridgeit/.vscode/extensions/felixfbecker.php-intellisense-2.3.5/node_modules/vscode-languageclient/lib/protocolConverter.js:134:63)
	at <anonymous>
[2018-11-12 11:16:54.087] [renderer1] [error] Illegal argument: character must be non-negative: Error: Illegal argument: character must be non-negative
	at Object.t.illegalArgument (/usr/share/code/resources/app/out/vs/workbench/node/extensionHostProcess.js:91:544)
	at new e (/usr/share/code/resources/app/out/vs/workbench/node/extensionHostProcess.js:475:904)
	at asPosition (/home/bridgeit/.vscode/extensions/felixfbecker.php-intellisense-2.3.5/node_modules/vscode-languageclient/lib/protocolConverter.js:53:16)
	at asRange (/home/bridgeit/.vscode/extensions/felixfbecker.php-intellisense-2.3.5/node_modules/vscode-languageclient/lib/protocolConverter.js:59:31)
	at asHover (/home/bridgeit/.vscode/extensions/felixfbecker.php-intellisense-2.3.5/node_modules/vscode-languageclient/lib/protocolConverter.js:134:63)
	at <anonymous>
[2018-11-12 11:17:01.627] [renderer1] [error] Illegal argument: character must be non-negative: Error: Illegal argument: character must be non-negative
	at Object.t.illegalArgument (/usr/share/code/resources/app/out/vs/workbench/node/extensionHostProcess.js:91:544)
	at new e (/usr/share/code/resources/app/out/vs/workbench/node/extensionHostProcess.js:475:904)
	at asPosition (/home/bridgeit/.vscode/extensions/felixfbecker.php-intellisense-2.3.5/node_modules/vscode-languageclient/lib/protocolConverter.js:53:16)
	at asRange (/home/bridgeit/.vscode/extensions/felixfbecker.php-intellisense-2.3.5/node_modules/vscode-languageclient/lib/protocolConverter.js:59:31)
	at asHover (/home/bridgeit/.vscode/extensions/felixfbecker.php-intellisense-2.3.5/node_modules/vscode-languageclient/lib/protocolConverter.js:134:63)
	at <anonymous>
