[2018-11-12 09:49:20.836] [sharedprocess] [info] main {"machineId":"bc6780d3df07958fd8265e1f2de50453f8eb6c8632bd6d10c08d9ff36801141a"}
[2018-11-12 09:49:22.906] [sharedprocess] [info] Scanned user extensions: 8
[2018-11-12 09:49:29.784] [sharedprocess] [info] Scanned system extensions: 71
[2018-11-12 09:49:32.743] [sharedprocess] [info] Scanned user extensions: 8
[2018-11-12 09:49:32.750] [sharedprocess] [info] Scanned user extensions: 8
[2018-11-12 09:49:32.789] [sharedprocess] [info] Scanned system extensions: 71
[2018-11-12 09:49:36.563] [sharedprocess] [info] Installing extension: php-intellisense
[2018-11-12 09:49:36.570] [sharedprocess] [info] Scanned user extensions: 8
[2018-11-12 09:49:37.022] [sharedprocess] [info] Scanned user extensions: 8
[2018-11-12 09:49:37.967] [sharedprocess] [info] Downloaded extension: php-intellisense /tmp/5e5db8e4-0bf5-42e7-9741-fcd5cf5292d1
[2018-11-12 09:49:41.422] [sharedprocess] [info] Extracted extension to /home/bridgeit/.vscode/extensions/.felixfbecker.php-intellisense-2.3.9: felixfbecker.php-intellisense-2.3.9
[2018-11-12 09:49:41.422] [sharedprocess] [info] Renamed to /home/bridgeit/.vscode/extensions/felixfbecker.php-intellisense-2.3.9
[2018-11-12 09:49:41.422] [sharedprocess] [info] Installation completed. felixfbecker.php-intellisense-2.3.9
[2018-11-12 09:49:41.504] [sharedprocess] [info] Extensions installed successfully: felixfbecker.php-intellisense
[2018-11-12 09:49:41.615] [sharedprocess] [info] Scanned user extensions: 8
[2018-11-12 09:49:41.639] [sharedprocess] [info] Scanned system extensions: 71
[2018-11-12 09:50:00.841] [sharedprocess] [info] Starting to clean up unused language packs.
[2018-11-12 09:54:37.040] [sharedprocess] [info] Scanned user extensions: 8
[2018-11-12 09:59:37.056] [sharedprocess] [info] Scanned user extensions: 8
[2018-11-12 10:04:37.067] [sharedprocess] [info] Scanned user extensions: 8
[2018-11-12 10:09:37.079] [sharedprocess] [info] Scanned user extensions: 8
[2018-11-12 10:14:37.099] [sharedprocess] [info] Scanned user extensions: 8
[2018-11-12 10:19:37.115] [sharedprocess] [info] Scanned user extensions: 8
[2018-11-12 10:24:37.134] [sharedprocess] [info] Scanned user extensions: 8
[2018-11-12 10:29:37.150] [sharedprocess] [info] Scanned user extensions: 8
[2018-11-12 10:34:37.167] [sharedprocess] [info] Scanned user extensions: 8
[2018-11-12 10:39:37.181] [sharedprocess] [info] Scanned user extensions: 8
[2018-11-12 10:44:37.195] [sharedprocess] [info] Scanned user extensions: 8
[2018-11-12 10:49:37.235] [sharedprocess] [info] Scanned user extensions: 8
[2018-11-12 10:54:37.247] [sharedprocess] [info] Scanned user extensions: 8
[2018-11-12 10:59:37.261] [sharedprocess] [info] Scanned user extensions: 8
[2018-11-12 11:04:37.274] [sharedprocess] [info] Scanned user extensions: 8
[2018-11-12 11:09:37.289] [sharedprocess] [info] Scanned user extensions: 8
[2018-11-12 11:14:37.306] [sharedprocess] [info] Scanned user extensions: 8
[2018-11-12 11:19:37.319] [sharedprocess] [info] Scanned user extensions: 8
[2018-11-12 11:24:37.333] [sharedprocess] [info] Scanned user extensions: 8
[2018-11-12 11:29:37.349] [sharedprocess] [info] Scanned user extensions: 8
[2018-11-12 11:34:37.365] [sharedprocess] [info] Scanned user extensions: 8
[2018-11-12 11:39:37.381] [sharedprocess] [info] Scanned user extensions: 8
[2018-11-12 11:44:37.397] [sharedprocess] [info] Scanned user extensions: 8
[2018-11-12 11:49:37.488] [sharedprocess] [info] Scanned user extensions: 8
[2018-11-12 11:54:37.504] [sharedprocess] [info] Scanned user extensions: 8
[2018-11-12 11:59:37.518] [sharedprocess] [info] Scanned user extensions: 8
[2018-11-12 12:04:37.533] [sharedprocess] [info] Scanned user extensions: 8
[2018-11-12 12:09:37.546] [sharedprocess] [info] Scanned user extensions: 8
[2018-11-12 12:14:37.557] [sharedprocess] [info] Scanned user extensions: 8
[2018-11-12 12:19:37.573] [sharedprocess] [info] Scanned user extensions: 8
[2018-11-12 12:24:37.588] [sharedprocess] [info] Scanned user extensions: 8
[2018-11-12 12:29:37.604] [sharedprocess] [info] Scanned user extensions: 8
[2018-11-12 12:34:37.618] [sharedprocess] [info] Scanned user extensions: 8
[2018-11-12 12:39:37.636] [sharedprocess] [info] Scanned user extensions: 8
[2018-11-12 12:44:37.651] [sharedprocess] [info] Scanned user extensions: 8
[2018-11-12 12:49:37.755] [sharedprocess] [info] Scanned user extensions: 8
[2018-11-12 12:54:37.770] [sharedprocess] [info] Scanned user extensions: 8
[2018-11-12 12:59:37.785] [sharedprocess] [info] Scanned user extensions: 8
[2018-11-12 13:04:37.801] [sharedprocess] [info] Scanned user extensions: 8
[2018-11-12 13:09:37.815] [sharedprocess] [info] Scanned user extensions: 8
[2018-11-12 13:14:37.830] [sharedprocess] [info] Scanned user extensions: 8
[2018-11-12 13:19:37.847] [sharedprocess] [info] Scanned user extensions: 8
[2018-11-12 13:24:37.861] [sharedprocess] [info] Scanned user extensions: 8
[2018-11-12 13:29:37.876] [sharedprocess] [info] Scanned user extensions: 8
[2018-11-12 13:34:37.892] [sharedprocess] [info] Scanned user extensions: 8
[2018-11-12 13:39:37.909] [sharedprocess] [info] Scanned user extensions: 8
[2018-11-12 13:44:37.924] [sharedprocess] [info] Scanned user extensions: 8
[2018-11-12 13:49:37.989] [sharedprocess] [info] Scanned user extensions: 8
[2018-11-12 13:54:38.006] [sharedprocess] [info] Scanned user extensions: 8
[2018-11-12 13:59:38.022] [sharedprocess] [info] Scanned user extensions: 8
[2018-11-12 14:04:38.037] [sharedprocess] [info] Scanned user extensions: 8
[2018-11-12 14:09:38.052] [sharedprocess] [info] Scanned user extensions: 8
[2018-11-12 14:14:38.068] [sharedprocess] [info] Scanned user extensions: 8
[2018-11-12 14:19:38.086] [sharedprocess] [info] Scanned user extensions: 8
[2018-11-12 14:24:38.100] [sharedprocess] [info] Scanned user extensions: 8
[2018-11-12 14:29:38.117] [sharedprocess] [info] Scanned user extensions: 8
[2018-11-12 14:34:38.131] [sharedprocess] [info] Scanned user extensions: 8
[2018-11-12 14:39:38.148] [sharedprocess] [info] Scanned user extensions: 8
[2018-11-12 14:44:38.161] [sharedprocess] [info] Scanned user extensions: 8
[2018-11-12 14:49:38.311] [sharedprocess] [info] Scanned user extensions: 8
[2018-11-12 14:54:38.326] [sharedprocess] [info] Scanned user extensions: 8
[2018-11-12 14:59:38.340] [sharedprocess] [info] Scanned user extensions: 8
[2018-11-12 15:04:38.356] [sharedprocess] [info] Scanned user extensions: 8
[2018-11-12 15:09:38.369] [sharedprocess] [info] Scanned user extensions: 8
[2018-11-12 15:14:38.385] [sharedprocess] [info] Scanned user extensions: 8
[2018-11-12 15:19:38.399] [sharedprocess] [info] Scanned user extensions: 8
[2018-11-12 15:24:38.413] [sharedprocess] [info] Scanned user extensions: 8
[2018-11-12 15:29:38.428] [sharedprocess] [info] Scanned user extensions: 8
[2018-11-12 15:34:38.446] [sharedprocess] [info] Scanned user extensions: 8
[2018-11-12 15:39:38.460] [sharedprocess] [info] Scanned user extensions: 8
[2018-11-12 15:44:38.485] [sharedprocess] [info] Scanned user extensions: 8
[2018-11-12 15:49:38.519] [sharedprocess] [info] Scanned user extensions: 8
[2018-11-12 15:54:38.535] [sharedprocess] [info] Scanned user extensions: 8
[2018-11-12 15:59:38.550] [sharedprocess] [info] Scanned user extensions: 8
[2018-11-12 16:04:38.566] [sharedprocess] [info] Scanned user extensions: 8
[2018-11-12 16:09:38.581] [sharedprocess] [info] Scanned user extensions: 8
[2018-11-12 16:14:38.598] [sharedprocess] [info] Scanned user extensions: 8
[2018-11-12 16:19:38.612] [sharedprocess] [info] Scanned user extensions: 8
[2018-11-12 16:24:38.629] [sharedprocess] [info] Scanned user extensions: 8
[2018-11-12 16:29:38.643] [sharedprocess] [info] Scanned user extensions: 8
[2018-11-12 16:34:38.660] [sharedprocess] [info] Scanned user extensions: 8
[2018-11-12 16:39:38.677] [sharedprocess] [info] Scanned user extensions: 8
[2018-11-12 16:44:38.694] [sharedprocess] [info] Scanned user extensions: 8
[2018-11-12 16:49:38.782] [sharedprocess] [info] Scanned user extensions: 8
[2018-11-12 16:54:38.800] [sharedprocess] [info] Scanned user extensions: 8
[2018-11-12 16:59:38.813] [sharedprocess] [info] Scanned user extensions: 8
[2018-11-12 17:04:38.831] [sharedprocess] [info] Scanned user extensions: 8
[2018-11-12 17:09:38.845] [sharedprocess] [info] Scanned user extensions: 8
[2018-11-12 17:14:38.863] [sharedprocess] [info] Scanned user extensions: 8
[2018-11-12 17:19:38.894] [sharedprocess] [info] Scanned user extensions: 8
[2018-11-12 17:24:38.932] [sharedprocess] [info] Scanned user extensions: 8
[2018-11-12 17:29:38.947] [sharedprocess] [info] Scanned user extensions: 8
[2018-11-12 17:34:38.961] [sharedprocess] [info] Scanned user extensions: 8
[2018-11-12 17:39:38.977] [sharedprocess] [info] Scanned user extensions: 8
[2018-11-12 17:44:38.993] [sharedprocess] [info] Scanned user extensions: 8
[2018-11-12 17:49:39.099] [sharedprocess] [info] Scanned user extensions: 8
[2018-11-12 17:54:39.116] [sharedprocess] [info] Scanned user extensions: 8
[2018-11-12 17:59:39.133] [sharedprocess] [info] Scanned user extensions: 8
[2018-11-12 18:04:39.281] [sharedprocess] [info] Scanned user extensions: 8
[2018-11-12 18:09:39.319] [sharedprocess] [info] Scanned user extensions: 8
[2018-11-12 18:14:39.333] [sharedprocess] [info] Scanned user extensions: 8
[2018-11-12 18:19:39.360] [sharedprocess] [info] Scanned user extensions: 8
[2018-11-12 18:24:39.374] [sharedprocess] [info] Scanned user extensions: 8
[2018-11-12 18:29:39.386] [sharedprocess] [info] Scanned user extensions: 8
[2018-11-12 18:34:39.400] [sharedprocess] [info] Scanned user extensions: 8
[2018-11-12 18:39:39.412] [sharedprocess] [info] Scanned user extensions: 8
[2018-11-12 18:44:39.427] [sharedprocess] [info] Scanned user extensions: 8
