[2018-11-09 10:49:09.778] [renderer1] [info] no standard startup: panel is active
[2018-11-09 11:04:19.836] [renderer1] [error] Inotify limit reached (ENOSPC)
[2018-11-09 11:50:20.425] [renderer1] [error] Illegal argument: character must be non-negative: Error: Illegal argument: character must be non-negative
	at Object.t.illegalArgument (/usr/share/code/resources/app/out/vs/workbench/node/extensionHostProcess.js:91:544)
	at new e (/usr/share/code/resources/app/out/vs/workbench/node/extensionHostProcess.js:475:904)
	at asPosition (/home/bridgeit/.vscode/extensions/felixfbecker.php-intellisense-2.3.5/node_modules/vscode-languageclient/lib/protocolConverter.js:53:16)
	at asRange (/home/bridgeit/.vscode/extensions/felixfbecker.php-intellisense-2.3.5/node_modules/vscode-languageclient/lib/protocolConverter.js:59:31)
	at asHover (/home/bridgeit/.vscode/extensions/felixfbecker.php-intellisense-2.3.5/node_modules/vscode-languageclient/lib/protocolConverter.js:134:63)
	at <anonymous>
[2018-11-09 11:52:50.107] [renderer1] [error] Illegal argument: character must be non-negative: Error: Illegal argument: character must be non-negative
	at Object.t.illegalArgument (/usr/share/code/resources/app/out/vs/workbench/node/extensionHostProcess.js:91:544)
	at new e (/usr/share/code/resources/app/out/vs/workbench/node/extensionHostProcess.js:475:904)
	at asPosition (/home/bridgeit/.vscode/extensions/felixfbecker.php-intellisense-2.3.5/node_modules/vscode-languageclient/lib/protocolConverter.js:53:16)
	at asRange (/home/bridgeit/.vscode/extensions/felixfbecker.php-intellisense-2.3.5/node_modules/vscode-languageclient/lib/protocolConverter.js:59:31)
	at asHover (/home/bridgeit/.vscode/extensions/felixfbecker.php-intellisense-2.3.5/node_modules/vscode-languageclient/lib/protocolConverter.js:134:63)
	at <anonymous>
[2018-11-09 11:52:56.583] [renderer1] [error] Illegal argument: character must be non-negative: Error: Illegal argument: character must be non-negative
	at Object.t.illegalArgument (/usr/share/code/resources/app/out/vs/workbench/node/extensionHostProcess.js:91:544)
	at new e (/usr/share/code/resources/app/out/vs/workbench/node/extensionHostProcess.js:475:904)
	at asPosition (/home/bridgeit/.vscode/extensions/felixfbecker.php-intellisense-2.3.5/node_modules/vscode-languageclient/lib/protocolConverter.js:53:16)
	at asRange (/home/bridgeit/.vscode/extensions/felixfbecker.php-intellisense-2.3.5/node_modules/vscode-languageclient/lib/protocolConverter.js:59:31)
	at asHover (/home/bridgeit/.vscode/extensions/felixfbecker.php-intellisense-2.3.5/node_modules/vscode-languageclient/lib/protocolConverter.js:134:63)
	at <anonymous>
[2018-11-09 12:22:17.178] [renderer1] [error] Illegal argument: character must be non-negative: Error: Illegal argument: character must be non-negative
	at Object.t.illegalArgument (/usr/share/code/resources/app/out/vs/workbench/node/extensionHostProcess.js:91:544)
	at new e (/usr/share/code/resources/app/out/vs/workbench/node/extensionHostProcess.js:475:904)
	at asPosition (/home/bridgeit/.vscode/extensions/felixfbecker.php-intellisense-2.3.5/node_modules/vscode-languageclient/lib/protocolConverter.js:53:16)
	at asRange (/home/bridgeit/.vscode/extensions/felixfbecker.php-intellisense-2.3.5/node_modules/vscode-languageclient/lib/protocolConverter.js:59:31)
	at asHover (/home/bridgeit/.vscode/extensions/felixfbecker.php-intellisense-2.3.5/node_modules/vscode-languageclient/lib/protocolConverter.js:134:63)
	at <anonymous>
[2018-11-09 12:27:04.055] [renderer1] [error] Illegal argument: character must be non-negative: Error: Illegal argument: character must be non-negative
	at Object.t.illegalArgument (/usr/share/code/resources/app/out/vs/workbench/node/extensionHostProcess.js:91:544)
	at new e (/usr/share/code/resources/app/out/vs/workbench/node/extensionHostProcess.js:475:904)
	at asPosition (/home/bridgeit/.vscode/extensions/felixfbecker.php-intellisense-2.3.5/node_modules/vscode-languageclient/lib/protocolConverter.js:53:16)
	at asRange (/home/bridgeit/.vscode/extensions/felixfbecker.php-intellisense-2.3.5/node_modules/vscode-languageclient/lib/protocolConverter.js:59:31)
	at asHover (/home/bridgeit/.vscode/extensions/felixfbecker.php-intellisense-2.3.5/node_modules/vscode-languageclient/lib/protocolConverter.js:134:63)
	at <anonymous>
[2018-11-09 12:28:34.016] [renderer1] [error] Illegal argument: character must be non-negative: Error: Illegal argument: character must be non-negative
	at Object.t.illegalArgument (/usr/share/code/resources/app/out/vs/workbench/node/extensionHostProcess.js:91:544)
	at new e (/usr/share/code/resources/app/out/vs/workbench/node/extensionHostProcess.js:475:904)
	at asPosition (/home/bridgeit/.vscode/extensions/felixfbecker.php-intellisense-2.3.5/node_modules/vscode-languageclient/lib/protocolConverter.js:53:16)
	at asRange (/home/bridgeit/.vscode/extensions/felixfbecker.php-intellisense-2.3.5/node_modules/vscode-languageclient/lib/protocolConverter.js:59:31)
	at asHover (/home/bridgeit/.vscode/extensions/felixfbecker.php-intellisense-2.3.5/node_modules/vscode-languageclient/lib/protocolConverter.js:134:63)
	at <anonymous>
[2018-11-09 12:28:40.291] [renderer1] [error] Illegal argument: character must be non-negative: Error: Illegal argument: character must be non-negative
	at Object.t.illegalArgument (/usr/share/code/resources/app/out/vs/workbench/node/extensionHostProcess.js:91:544)
	at new e (/usr/share/code/resources/app/out/vs/workbench/node/extensionHostProcess.js:475:904)
	at asPosition (/home/bridgeit/.vscode/extensions/felixfbecker.php-intellisense-2.3.5/node_modules/vscode-languageclient/lib/protocolConverter.js:53:16)
	at asRange (/home/bridgeit/.vscode/extensions/felixfbecker.php-intellisense-2.3.5/node_modules/vscode-languageclient/lib/protocolConverter.js:59:31)
	at asHover (/home/bridgeit/.vscode/extensions/felixfbecker.php-intellisense-2.3.5/node_modules/vscode-languageclient/lib/protocolConverter.js:134:63)
	at <anonymous>
[2018-11-09 12:29:07.699] [renderer1] [error] Illegal argument: character must be non-negative: Error: Illegal argument: character must be non-negative
	at Object.t.illegalArgument (/usr/share/code/resources/app/out/vs/workbench/node/extensionHostProcess.js:91:544)
	at new e (/usr/share/code/resources/app/out/vs/workbench/node/extensionHostProcess.js:475:904)
	at asPosition (/home/bridgeit/.vscode/extensions/felixfbecker.php-intellisense-2.3.5/node_modules/vscode-languageclient/lib/protocolConverter.js:53:16)
	at asRange (/home/bridgeit/.vscode/extensions/felixfbecker.php-intellisense-2.3.5/node_modules/vscode-languageclient/lib/protocolConverter.js:59:31)
	at asHover (/home/bridgeit/.vscode/extensions/felixfbecker.php-intellisense-2.3.5/node_modules/vscode-languageclient/lib/protocolConverter.js:134:63)
	at <anonymous>
[2018-11-09 12:31:42.731] [renderer1] [error] Illegal argument: character must be non-negative: Error: Illegal argument: character must be non-negative
	at Object.t.illegalArgument (/usr/share/code/resources/app/out/vs/workbench/node/extensionHostProcess.js:91:544)
	at new e (/usr/share/code/resources/app/out/vs/workbench/node/extensionHostProcess.js:475:904)
	at asPosition (/home/bridgeit/.vscode/extensions/felixfbecker.php-intellisense-2.3.5/node_modules/vscode-languageclient/lib/protocolConverter.js:53:16)
	at asRange (/home/bridgeit/.vscode/extensions/felixfbecker.php-intellisense-2.3.5/node_modules/vscode-languageclient/lib/protocolConverter.js:59:31)
	at asHover (/home/bridgeit/.vscode/extensions/felixfbecker.php-intellisense-2.3.5/node_modules/vscode-languageclient/lib/protocolConverter.js:134:63)
	at <anonymous>
[2018-11-09 12:48:34.303] [renderer1] [error] Illegal argument: character must be non-negative: Error: Illegal argument: character must be non-negative
	at Object.t.illegalArgument (/usr/share/code/resources/app/out/vs/workbench/node/extensionHostProcess.js:91:544)
	at new e (/usr/share/code/resources/app/out/vs/workbench/node/extensionHostProcess.js:475:904)
	at asPosition (/home/bridgeit/.vscode/extensions/felixfbecker.php-intellisense-2.3.5/node_modules/vscode-languageclient/lib/protocolConverter.js:53:16)
	at asRange (/home/bridgeit/.vscode/extensions/felixfbecker.php-intellisense-2.3.5/node_modules/vscode-languageclient/lib/protocolConverter.js:59:31)
	at asHover (/home/bridgeit/.vscode/extensions/felixfbecker.php-intellisense-2.3.5/node_modules/vscode-languageclient/lib/protocolConverter.js:134:63)
	at <anonymous>
[2018-11-09 12:48:37.056] [renderer1] [error] Illegal argument: character must be non-negative: Error: Illegal argument: character must be non-negative
	at Object.t.illegalArgument (/usr/share/code/resources/app/out/vs/workbench/node/extensionHostProcess.js:91:544)
	at new e (/usr/share/code/resources/app/out/vs/workbench/node/extensionHostProcess.js:475:904)
	at asPosition (/home/bridgeit/.vscode/extensions/felixfbecker.php-intellisense-2.3.5/node_modules/vscode-languageclient/lib/protocolConverter.js:53:16)
	at asRange (/home/bridgeit/.vscode/extensions/felixfbecker.php-intellisense-2.3.5/node_modules/vscode-languageclient/lib/protocolConverter.js:59:31)
	at asHover (/home/bridgeit/.vscode/extensions/felixfbecker.php-intellisense-2.3.5/node_modules/vscode-languageclient/lib/protocolConverter.js:134:63)
	at <anonymous>
[2018-11-09 12:48:38.375] [renderer1] [error] Illegal argument: character must be non-negative: Error: Illegal argument: character must be non-negative
	at Object.t.illegalArgument (/usr/share/code/resources/app/out/vs/workbench/node/extensionHostProcess.js:91:544)
	at new e (/usr/share/code/resources/app/out/vs/workbench/node/extensionHostProcess.js:475:904)
	at asPosition (/home/bridgeit/.vscode/extensions/felixfbecker.php-intellisense-2.3.5/node_modules/vscode-languageclient/lib/protocolConverter.js:53:16)
	at asRange (/home/bridgeit/.vscode/extensions/felixfbecker.php-intellisense-2.3.5/node_modules/vscode-languageclient/lib/protocolConverter.js:59:31)
	at asHover (/home/bridgeit/.vscode/extensions/felixfbecker.php-intellisense-2.3.5/node_modules/vscode-languageclient/lib/protocolConverter.js:134:63)
	at <anonymous>
[2018-11-09 12:49:52.267] [renderer1] [error] Illegal argument: character must be non-negative: Error: Illegal argument: character must be non-negative
	at Object.t.illegalArgument (/usr/share/code/resources/app/out/vs/workbench/node/extensionHostProcess.js:91:544)
	at new e (/usr/share/code/resources/app/out/vs/workbench/node/extensionHostProcess.js:475:904)
	at asPosition (/home/bridgeit/.vscode/extensions/felixfbecker.php-intellisense-2.3.5/node_modules/vscode-languageclient/lib/protocolConverter.js:53:16)
	at asRange (/home/bridgeit/.vscode/extensions/felixfbecker.php-intellisense-2.3.5/node_modules/vscode-languageclient/lib/protocolConverter.js:59:31)
	at asHover (/home/bridgeit/.vscode/extensions/felixfbecker.php-intellisense-2.3.5/node_modules/vscode-languageclient/lib/protocolConverter.js:134:63)
	at <anonymous>
[2018-11-09 12:52:50.403] [renderer1] [error] Illegal argument: character must be non-negative: Error: Illegal argument: character must be non-negative
	at Object.t.illegalArgument (/usr/share/code/resources/app/out/vs/workbench/node/extensionHostProcess.js:91:544)
	at new e (/usr/share/code/resources/app/out/vs/workbench/node/extensionHostProcess.js:475:904)
	at asPosition (/home/bridgeit/.vscode/extensions/felixfbecker.php-intellisense-2.3.5/node_modules/vscode-languageclient/lib/protocolConverter.js:53:16)
	at asRange (/home/bridgeit/.vscode/extensions/felixfbecker.php-intellisense-2.3.5/node_modules/vscode-languageclient/lib/protocolConverter.js:59:31)
	at asHover (/home/bridgeit/.vscode/extensions/felixfbecker.php-intellisense-2.3.5/node_modules/vscode-languageclient/lib/protocolConverter.js:134:63)
	at <anonymous>
[2018-11-09 12:52:53.995] [renderer1] [error] Illegal argument: character must be non-negative: Error: Illegal argument: character must be non-negative
	at Object.t.illegalArgument (/usr/share/code/resources/app/out/vs/workbench/node/extensionHostProcess.js:91:544)
	at new e (/usr/share/code/resources/app/out/vs/workbench/node/extensionHostProcess.js:475:904)
	at asPosition (/home/bridgeit/.vscode/extensions/felixfbecker.php-intellisense-2.3.5/node_modules/vscode-languageclient/lib/protocolConverter.js:53:16)
	at asRange (/home/bridgeit/.vscode/extensions/felixfbecker.php-intellisense-2.3.5/node_modules/vscode-languageclient/lib/protocolConverter.js:59:31)
	at asHover (/home/bridgeit/.vscode/extensions/felixfbecker.php-intellisense-2.3.5/node_modules/vscode-languageclient/lib/protocolConverter.js:134:63)
	at <anonymous>
