[2018-11-02 10:07:20.926] [sharedprocess] [info] main {"machineId":"bc6780d3df07958fd8265e1f2de50453f8eb6c8632bd6d10c08d9ff36801141a"}
[2018-11-02 10:07:21.047] [sharedprocess] [info] Scanned user extensions: 8
[2018-11-02 10:07:21.788] [sharedprocess] [info] Deleted from disk calebporzio.better-phpunit-1.1.0
[2018-11-02 10:07:21.863] [sharedprocess] [info] Scanned user extensions: 8
[2018-11-02 10:07:21.865] [sharedprocess] [info] Scanned user extensions: 8
[2018-11-02 10:07:22.349] [sharedprocess] [info] Scanned system extensions: 71
[2018-11-02 10:07:22.351] [sharedprocess] [info] Scanned system extensions: 71
[2018-11-02 10:07:24.168] [sharedprocess] [info] Scanned user extensions: 8
[2018-11-02 10:07:24.846] [sharedprocess] [info] Installing extension: vscode-java-debug
[2018-11-02 10:07:24.851] [sharedprocess] [info] Scanned user extensions: 8
[2018-11-02 10:07:27.527] [sharedprocess] [info] Downloaded extension: vscode-java-debug /tmp/36c7e622-82df-4ed0-8da2-059984fd915b
[2018-11-02 10:07:32.570] [sharedprocess] [info] Extracted extension to /home/bridgeit/.vscode/extensions/.vscjava.vscode-java-debug-0.15.0: vscjava.vscode-java-debug-0.15.0
[2018-11-02 10:07:32.570] [sharedprocess] [info] Renamed to /home/bridgeit/.vscode/extensions/vscjava.vscode-java-debug-0.15.0
[2018-11-02 10:07:32.570] [sharedprocess] [info] Installation completed. vscjava.vscode-java-debug-0.15.0
[2018-11-02 10:07:32.824] [sharedprocess] [info] Scanned user extensions: 8
[2018-11-02 10:07:32.845] [sharedprocess] [info] Scanned system extensions: 71
[2018-11-02 10:07:32.845] [sharedprocess] [info] Extensions installed successfully: vscjava.vscode-java-debug
[2018-11-02 10:07:32.954] [sharedprocess] [info] Scanned user extensions: 8
[2018-11-02 10:07:32.973] [sharedprocess] [info] Scanned system extensions: 71
[2018-11-02 10:08:00.931] [sharedprocess] [info] Starting to clean up unused language packs.
[2018-11-02 10:12:24.205] [sharedprocess] [info] Scanned user extensions: 8
[2018-11-02 10:17:24.223] [sharedprocess] [info] Scanned user extensions: 8
[2018-11-02 10:22:24.240] [sharedprocess] [info] Scanned user extensions: 8
[2018-11-02 10:27:24.255] [sharedprocess] [info] Scanned user extensions: 8
[2018-11-02 10:32:24.267] [sharedprocess] [info] Scanned user extensions: 8
[2018-11-02 10:37:24.281] [sharedprocess] [info] Scanned user extensions: 8
[2018-11-02 10:42:24.296] [sharedprocess] [info] Scanned user extensions: 8
[2018-11-02 10:47:24.312] [sharedprocess] [info] Scanned user extensions: 8
[2018-11-02 10:52:24.325] [sharedprocess] [info] Scanned user extensions: 8
[2018-11-02 10:57:24.338] [sharedprocess] [info] Scanned user extensions: 8
[2018-11-02 11:02:24.352] [sharedprocess] [info] Scanned user extensions: 8
[2018-11-02 11:07:24.388] [sharedprocess] [info] Scanned user extensions: 8
[2018-11-02 11:12:24.407] [sharedprocess] [info] Scanned user extensions: 8
[2018-11-02 11:17:24.419] [sharedprocess] [info] Scanned user extensions: 8
[2018-11-02 11:22:24.438] [sharedprocess] [info] Scanned user extensions: 8
[2018-11-02 11:27:24.456] [sharedprocess] [info] Scanned user extensions: 8
[2018-11-02 11:32:24.471] [sharedprocess] [info] Scanned user extensions: 8
[2018-11-02 11:37:24.490] [sharedprocess] [info] Scanned user extensions: 8
[2018-11-02 11:42:24.502] [sharedprocess] [info] Scanned user extensions: 8
[2018-11-02 11:47:24.540] [sharedprocess] [info] Scanned user extensions: 8
[2018-11-02 11:52:24.552] [sharedprocess] [info] Scanned user extensions: 8
[2018-11-02 11:57:24.572] [sharedprocess] [info] Scanned user extensions: 8
[2018-11-02 12:02:24.589] [sharedprocess] [info] Scanned user extensions: 8
[2018-11-02 12:07:24.633] [sharedprocess] [info] Scanned user extensions: 8
[2018-11-02 12:12:24.657] [sharedprocess] [info] Scanned user extensions: 8
[2018-11-02 12:17:24.671] [sharedprocess] [info] Scanned user extensions: 8
[2018-11-02 12:22:24.688] [sharedprocess] [info] Scanned user extensions: 8
[2018-11-02 12:27:24.704] [sharedprocess] [info] Scanned user extensions: 8
[2018-11-02 12:32:24.720] [sharedprocess] [info] Scanned user extensions: 8
[2018-11-02 12:37:24.738] [sharedprocess] [info] Scanned user extensions: 8
[2018-11-02 12:42:24.752] [sharedprocess] [info] Scanned user extensions: 8
[2018-11-02 12:47:24.763] [sharedprocess] [info] Scanned user extensions: 8
[2018-11-02 12:52:24.780] [sharedprocess] [info] Scanned user extensions: 8
[2018-11-02 12:57:24.799] [sharedprocess] [info] Scanned user extensions: 8
[2018-11-02 13:02:24.815] [sharedprocess] [info] Scanned user extensions: 8
[2018-11-02 13:07:24.855] [sharedprocess] [info] Scanned user extensions: 8
[2018-11-02 13:12:24.868] [sharedprocess] [info] Scanned user extensions: 8
[2018-11-02 13:17:24.879] [sharedprocess] [info] Scanned user extensions: 8
[2018-11-02 13:22:24.896] [sharedprocess] [info] Scanned user extensions: 8
[2018-11-02 13:27:24.911] [sharedprocess] [info] Scanned user extensions: 8
[2018-11-02 13:32:24.928] [sharedprocess] [info] Scanned user extensions: 8
[2018-11-02 13:37:24.942] [sharedprocess] [info] Scanned user extensions: 8
[2018-11-02 13:42:24.958] [sharedprocess] [info] Scanned user extensions: 8
[2018-11-02 13:47:24.974] [sharedprocess] [info] Scanned user extensions: 8
[2018-11-02 13:52:24.989] [sharedprocess] [info] Scanned user extensions: 8
[2018-11-02 13:57:25.015] [sharedprocess] [info] Scanned user extensions: 8
[2018-11-02 14:02:25.030] [sharedprocess] [info] Scanned user extensions: 8
[2018-11-02 14:07:25.072] [sharedprocess] [info] Scanned user extensions: 8
[2018-11-02 14:12:25.085] [sharedprocess] [info] Scanned user extensions: 8
[2018-11-02 14:17:25.102] [sharedprocess] [info] Scanned user extensions: 8
[2018-11-02 14:22:25.117] [sharedprocess] [info] Scanned user extensions: 8
[2018-11-02 14:27:25.138] [sharedprocess] [info] Scanned user extensions: 8
[2018-11-02 14:32:25.163] [sharedprocess] [info] Scanned user extensions: 8
[2018-11-02 14:37:25.183] [sharedprocess] [info] Scanned user extensions: 8
[2018-11-02 14:42:25.199] [sharedprocess] [info] Scanned user extensions: 8
[2018-11-02 14:47:25.214] [sharedprocess] [info] Scanned user extensions: 8
[2018-11-02 14:52:25.230] [sharedprocess] [info] Scanned user extensions: 8
[2018-11-02 14:57:25.245] [sharedprocess] [info] Scanned user extensions: 8
[2018-11-02 15:02:25.262] [sharedprocess] [info] Scanned user extensions: 8
[2018-11-02 15:07:25.341] [sharedprocess] [info] Scanned user extensions: 8
[2018-11-02 15:12:25.358] [sharedprocess] [info] Scanned user extensions: 8
[2018-11-02 15:17:25.373] [sharedprocess] [info] Scanned user extensions: 8
[2018-11-02 15:22:25.390] [sharedprocess] [info] Scanned user extensions: 8
[2018-11-02 15:27:25.410] [sharedprocess] [info] Scanned user extensions: 8
[2018-11-02 15:32:25.425] [sharedprocess] [info] Scanned user extensions: 8
[2018-11-02 15:37:25.444] [sharedprocess] [info] Scanned user extensions: 8
[2018-11-02 15:42:25.461] [sharedprocess] [info] Scanned user extensions: 8
[2018-11-02 15:47:25.475] [sharedprocess] [info] Scanned user extensions: 8
[2018-11-02 15:52:25.490] [sharedprocess] [info] Scanned user extensions: 8
[2018-11-02 15:57:25.505] [sharedprocess] [info] Scanned user extensions: 8
[2018-11-02 16:02:25.519] [sharedprocess] [info] Scanned user extensions: 8
[2018-11-02 16:07:25.720] [sharedprocess] [info] Scanned user extensions: 8
[2018-11-02 16:12:25.735] [sharedprocess] [info] Scanned user extensions: 8
[2018-11-02 16:17:25.751] [sharedprocess] [info] Scanned user extensions: 8
[2018-11-02 16:22:25.766] [sharedprocess] [info] Scanned user extensions: 8
[2018-11-02 16:27:25.780] [sharedprocess] [info] Scanned user extensions: 8
[2018-11-02 16:32:25.795] [sharedprocess] [info] Scanned user extensions: 8
[2018-11-02 16:37:25.809] [sharedprocess] [info] Scanned user extensions: 8
[2018-11-02 16:42:25.827] [sharedprocess] [info] Scanned user extensions: 8
[2018-11-02 16:47:25.844] [sharedprocess] [info] Scanned user extensions: 8
[2018-11-02 16:52:25.860] [sharedprocess] [info] Scanned user extensions: 8
[2018-11-02 16:57:25.875] [sharedprocess] [info] Scanned user extensions: 8
[2018-11-02 17:02:25.891] [sharedprocess] [info] Scanned user extensions: 8
[2018-11-02 17:07:25.982] [sharedprocess] [info] Scanned user extensions: 8
[2018-11-02 17:12:25.998] [sharedprocess] [info] Scanned user extensions: 8
[2018-11-02 17:17:26.013] [sharedprocess] [info] Scanned user extensions: 8
[2018-11-02 17:22:26.030] [sharedprocess] [info] Scanned user extensions: 8
[2018-11-02 17:27:26.046] [sharedprocess] [info] Scanned user extensions: 8
[2018-11-02 17:32:26.061] [sharedprocess] [info] Scanned user extensions: 8
