(node:9282) UnhandledPromiseRejectionWarning: Unhandled promise rejection (rejection id: 5): Error: socket not writable
(node:9282) [DEP0018] DeprecationWarning: Unhandled promise rejections are deprecated. In the future, promise rejections that are not handled will terminate the Node.js process with a non-zero exit code.
(node:9282) UnhandledPromiseRejectionWarning: Unhandled promise rejection (rejection id: 6): Error: socket not writable
(node:9282) UnhandledPromiseRejectionWarning: Unhandled promise rejection (rejection id: 7): Error: socket not writable
(node:9282) UnhandledPromiseRejectionWarning: Unhandled promise rejection (rejection id: 8): Error: socket not writable(node:9437) UnhandledPromiseRejectionWarning: Unhandled promise rejection (rejection id: 6): Error: socket not writable
(node:9437) [DEP0018] DeprecationWarning: Unhandled promise rejections are deprecated. In the future, promise rejections that are not handled will terminate the Node.js process with a non-zero exit code.
(node:9437) UnhandledPromiseRejectionWarning: Unhandled promise rejection (rejection id: 7): Error: socket not writable
(node:9437) UnhandledPromiseRejectionWarning: Unhandled promise rejection (rejection id: 8): Error: socket not writable
(node:9437) UnhandledPromiseRejectionWarning: Unhandled promise rejection (rejection id: 9): Error: socket not writable
(node:9437) UnhandledPromiseRejectionWarning: Unhandled promise rejection (rejection id: 10): Error: socket not writable(node:7425) UnhandledPromiseRejectionWarning: Unhandled promise rejection (rejection id: 3): Error: socket not writable
(node:7425) [DEP0018] DeprecationWarning: Unhandled promise rejections are deprecated. In the future, promise rejections that are not handled will terminate the Node.js process with a non-zero exit code.
(node:7425) UnhandledPromiseRejectionWarning: Unhandled promise rejection (rejection id: 4): Error: socket not writable(node:9922) UnhandledPromiseRejectionWarning: Unhandled promise rejection (rejection id: 3): Error: socket not writable
(node:9922) [DEP0018] DeprecationWarning: Unhandled promise rejections are deprecated. In the future, promise rejections that are not handled will terminate the Node.js process with a non-zero exit code.(node:9922) UnhandledPromiseRejectionWarning: Unhandled promise rejection (rejection id: 4): Error: socket not writable(node:10170) UnhandledPromiseRejectionWarning: Unhandled promise rejection (rejection id: 3): Error: socket not writable
(node:10170) [DEP0018] DeprecationWarning: Unhandled promise rejections are deprecated. In the future, promise rejections that are not handled will terminate the Node.js process with a non-zero exit code.
(node:10170) UnhandledPromiseRejectionWarning: Unhandled promise rejection (rejection id: 4): Error: socket not writable(node:10238) UnhandledPromiseRejectionWarning: Unhandled promise rejection (rejection id: 3): Error: socket not writable(node:10238) [DEP0018] DeprecationWarning: Unhandled promise rejections are deprecated. In the future, promise rejections that are not handled will terminate the Node.js process with a non-zero exit code.
(node:10238) UnhandledPromiseRejectionWarning: Unhandled promise rejection (rejection id: 4): Error: socket not writable(node:10370) UnhandledPromiseRejectionWarning: Unhandled promise rejection (rejection id: 2): Error: socket not writable
(node:10370) [DEP0018] DeprecationWarning: Unhandled promise rejections are deprecated. In the future, promise rejections that are not handled will terminate the Node.js process with a non-zero exit code.(node:10991) UnhandledPromiseRejectionWarning: Unhandled promise rejection (rejection id: 4): Error: socket not writable
(node:10991) [DEP0018] DeprecationWarning: Unhandled promise rejections are deprecated. In the future, promise rejections that are not handled will terminate the Node.js process with a non-zero exit code.
(node:10991) UnhandledPromiseRejectionWarning: Unhandled promise rejection (rejection id: 5): Error: socket not writable
(node:10991) UnhandledPromiseRejectionWarning: Unhandled promise rejection (rejection id: 6): Error: socket not writable(node:11232) UnhandledPromiseRejectionWarning: Unhandled promise rejection (rejection id: 3): Error: socket not writable
(node:11232) [DEP0018] DeprecationWarning: Unhandled promise rejections are deprecated. In the future, promise rejections that are not handled will terminate the Node.js process with a non-zero exit code.
(node:11232) UnhandledPromiseRejectionWarning: Unhandled promise rejection (rejection id: 4): Error: socket not writable(node:11232) UnhandledPromiseRejectionWarning: Unhandled promise rejection (rejection id: 6): Error: socket not writable(node:11619) UnhandledPromiseRejectionWarning: Unhandled promise rejection (rejection id: 2): Error: socket not writable
(node:11619) [DEP0018] DeprecationWarning: Unhandled promise rejections are deprecated. In the future, promise rejections that are not handled will terminate the Node.js process with a non-zero exit code.(node:12163) UnhandledPromiseRejectionWarning: Unhandled promise rejection (rejection id: 6): Error: socket not writable
(node:12163) [DEP0018] DeprecationWarning: Unhandled promise rejections are deprecated. In the future, promise rejections that are not handled will terminate the Node.js process with a non-zero exit code.
(node:12163) UnhandledPromiseRejectionWarning: Unhandled promise rejection (rejection id: 7): Error: socket not writable
(node:12163) UnhandledPromiseRejectionWarning: Unhandled promise rejection (rejection id: 8): Error: socket not writable
(node:12163) UnhandledPromiseRejectionWarning: Unhandled promise rejection (rejection id: 9): Error: socket not writable
(node:12163) UnhandledPromiseRejectionWarning: Unhandled promise rejection (rejection id: 10): Error: socket not writable(node:12470) UnhandledPromiseRejectionWarning: Unhandled promise rejection (rejection id: 2): Error: socket not writable(node:12470) [DEP0018] DeprecationWarning: Unhandled promise rejections are deprecated. In the future, promise rejections that are not handled will terminate the Node.js process with a non-zero exit code.