Looking for git in: git
Using git 2.7.4 from git
> git rev-parse --show-toplevel
> git config --get commit.template
Open repository: /var/www/html/code1/codeigniter
> git status -z -u
> git show :application/rabitMQ/send.php
> git check-ignore -z --stdin
> git show :application/rabitMQ/send.php
> git symbolic-ref --short HEAD
> git rev-parse master
> git rev-parse --symbolic-full-name master@{u}
fatal: no upstream configured for branch 'master'
> git for-each-ref --format %(refname) %(objectname) --sort -committerdate
> git remote --verbose
> git show :application/rabitMQ/send.php
> git show :application/service/AccountControllerService.php
> git check-ignore -z --stdin
> git show :application/controllers/Accountcontroller.php
> git check-ignore -z --stdin
> git show :application/rabitMQ/receive.php
> git show :application/service/AccountControllerService.php
> git status -z -u
> git symbolic-ref --short HEAD
> git rev-parse master
> git rev-parse --symbolic-full-name master@{u}
fatal: no upstream configured for branch 'master'
> git for-each-ref --format %(refname) %(objectname) --sort -committerdate
> git remote --verbose
> git show :application/service/AccountControllerService.php
> git status -z -u
> git symbolic-ref --short HEAD
> git rev-parse master
> git rev-parse --symbolic-full-name master@{u}
fatal: no upstream configured for branch 'master'
> git for-each-ref --format %(refname) %(objectname) --sort -committerdate
> git remote --verbose
> git show :application/rabitMQ/send.php
> git show :application/rabitMQ/receive.php
> git show :application/rabitMQ/send.php
> git show :application/service/AccountControllerService.php
> git show :application/controllers/Accountcontroller.php
> git show :application/controllers/vendor/composer/ClassLoader.php
> git rev-parse --show-toplevel
fatal: Not a git repository (or any of the parent directories): .git
> git rev-parse --show-toplevel
fatal: Not a git repository (or any of the parent directories): .git
> git rev-parse --show-toplevel
fatal: Not a git repository (or any of the parent directories): .git
> git rev-parse --show-toplevel
fatal: Not a git repository (or any of the parent directories): .git
> git rev-parse --show-toplevel
fatal: Not a git repository (or any of the parent directories): .git
> git show :application/service/AccountControllerService.php
> git show :application/rabitMQ/send.php
> git show :application/controllers/vendor/composer/ClassLoader.php
> git show :application/rabitMQ/vendor/php-amqplib/php-amqplib/PhpAmqpLib/Connection/AMQPStreamConnection.php
> git show :application/rabitMQ/send.php
> git show :application/rabitMQ/vendor/php-amqplib/php-amqplib/PhpAmqpLib/Channel/AMQPChannel.php
> git show :application/rabitMQ/send.php
> git show :application/controllers/vendor/composer/ClassLoader.php
> git show :application/rabitMQ/vendor/php-amqplib/php-amqplib/PhpAmqpLib/Message/AMQPMessage.php
> git show :application/rabitMQ/send.php
> git show :application/rabitMQ/receive.php
> git show :application/rabitMQ/vendor/php-amqplib/php-amqplib/PhpAmqpLib/Connection/AMQPStreamConnection.php
> git show :application/rabitMQ/vendor/php-amqplib/php-amqplib/PhpAmqpLib/Wire/IO/StreamIO.php
> git show :application/rabitMQ/vendor/php-amqplib/php-amqplib/PhpAmqpLib/Connection/AMQPStreamConnection.php
> git show :application/rabitMQ/receive.php
> git show :application/rabitMQ/send.php
> git show :application/service/AccountControllerService.php
> git show :application/controllers/Accountcontroller.php
> git show :system/core/CodeIgniter.php
> git show :application/rabitMQ/receive.php
> git status -z -u
> git symbolic-ref --short HEAD
> git rev-parse master
> git rev-parse --symbolic-full-name master@{u}
fatal: no upstream configured for branch 'master'
> git for-each-ref --format %(refname) %(objectname) --sort -committerdate
> git remote --verbose
> git show :application/rabitMQ/receive.php
> git status -z -u
> git symbolic-ref --short HEAD
> git rev-parse master
> git rev-parse --symbolic-full-name master@{u}
fatal: no upstream configured for branch 'master'
> git for-each-ref --format %(refname) %(objectname) --sort -committerdate
> git remote --verbose
> git show :application/rabitMQ/receive.php
> git status -z -u
> git symbolic-ref --short HEAD
> git rev-parse master
> git rev-parse --symbolic-full-name master@{u}
fatal: no upstream configured for branch 'master'
> git for-each-ref --format %(refname) %(objectname) --sort -committerdate
> git remote --verbose
> git show :application/rabitMQ/send.php
> git show :application/rabitMQ/receive.php
> git status -z -u
> git symbolic-ref --short HEAD
> git rev-parse master
> git rev-parse --symbolic-full-name master@{u}
fatal: no upstream configured for branch 'master'
> git for-each-ref --format %(refname) %(objectname) --sort -committerdate
> git remote --verbose
> git status -z -u
> git symbolic-ref --short HEAD
> git rev-parse master
> git rev-parse --symbolic-full-name master@{u}
fatal: no upstream configured for branch 'master'
> git for-each-ref --format %(refname) %(objectname) --sort -committerdate
> git remote --verbose
> git show :application/rabitMQ/receive.php
> git status -z -u
> git symbolic-ref --short HEAD
> git rev-parse master
> git rev-parse --symbolic-full-name master@{u}
fatal: no upstream configured for branch 'master'
> git for-each-ref --format %(refname) %(objectname) --sort -committerdate
> git remote --verbose
> git show :application/rabitMQ/send.php
> git show :application/service/AccountControllerService.php
> git show :application/controllers/Accountcontroller.php
> git show :application/service/AccountControllerService.php
> git show :application/rabitMQ/send.php
> git show :application/controllers/vendor/composer/ClassLoader.php
> git show :application/rabitMQ/vendor/php-amqplib/php-amqplib/PhpAmqpLib/Connection/AMQPStreamConnection.php
> git show :application/rabitMQ/send.php
> git show :application/controllers/vendor/composer/ClassLoader.php
> git show :application/rabitMQ/vendor/php-amqplib/php-amqplib/PhpAmqpLib/Message/AMQPMessage.php
> git show :application/rabitMQ/send.php
> git show :application/rabitMQ/receive.php
> git show :application/rabitMQ/vendor/php-amqplib/php-amqplib/PhpAmqpLib/Connection/AMQPStreamConnection.php
> git show :application/rabitMQ/vendor/php-amqplib/php-amqplib/PhpAmqpLib/Wire/IO/StreamIO.php
> git show :application/rabitMQ/vendor/php-amqplib/php-amqplib/PhpAmqpLib/Connection/AMQPStreamConnection.php
> git show :application/rabitMQ/receive.php
> git show :application/rabitMQ/vendor/php-amqplib/php-amqplib/PhpAmqpLib/Channel/AMQPChannel.php
> git show :application/rabitMQ/receive.php
> git show :application/rabitMQ/vendor/php-amqplib/php-amqplib/PhpAmqpLib/Channel/AMQPChannel.php
> git show :application/rabitMQ/receive.php
> git show :system/core/Common.php
> git show :application/rabitMQ/receive.php
> git show :application/rabitMQ/vendor/php-amqplib/php-amqplib/PhpAmqpLib/Wire/IO/StreamIO.php
> git show :application/rabitMQ/vendor/php-amqplib/php-amqplib/PhpAmqpLib/Wire/AMQPReader.php
> git check-ignore -z --stdin
> git show :application/rabitMQ/receive.php
> git check-ignore -z --stdin
> git check-ignore -z --stdin
> git check-ignore -z --stdin
> git check-ignore -z --stdin
> git check-ignore -z --stdin
> git check-ignore -z --stdin
> git check-ignore -z --stdin
> git check-ignore -z --stdin
> git show :application/service/AccountControllerService.php
> git check-ignore -z --stdin
> git check-ignore -z --stdin
> git check-ignore -z --stdin
> git show :ng6/src/app/ForgotPassword/ForgotPassword.component.ts
> git show :application/controllers/Accountcontroller.php
> git show :application/service/AccountControllerService.php
> git show :application/service/NoteControllerService.php
> git show :application/rabitMQ/receive.php
> git show :application/service/NoteControllerService.php
> git status -z -u
> git symbolic-ref --short HEAD
> git rev-parse master
> git rev-parse --symbolic-full-name master@{u}
fatal: no upstream configured for branch 'master'
> git for-each-ref --format %(refname) %(objectname) --sort -committerdate
> git remote --verbose
> git show :application/rabitMQ/receive.php
> git show :application/service/AccountControllerService.php
> git show :application/rabitMQ/receive.php
> git show :application/service/NoteControllerService.php
> git show :application/controllers/Notescontroller.php
> git show :system/core/Common.php
> git show :application/service/NoteControllerService.php
> git show :application/controllers/Notescontroller.php
> git show :application/service/NoteControllerService.php
> git show :application/controllers/Notescontroller.php
> git show :application/service/NoteControllerService.php
> git show :application/controllers/Notescontroller.php
> git show :application/service/NoteControllerService.php
> git show :application/controllers/Notescontroller.php
> git show :application/service/NoteControllerService.php
> git show :application/controllers/Notescontroller.php
> git show :application/service/NoteControllerService.php
> git show :application/controllers/Notescontroller.php
> git show :application/service/NoteControllerService.php
> git show :application/controllers/Notescontroller.php
> git show :application/service/NoteControllerService.php
> git show :application/controllers/Notescontroller.php
> git show :application/service/NoteControllerService.php
> git show :application/controllers/Notescontroller.php
> git show :system/core/CodeIgniter.php
> git check-ignore -z --stdin
> git show :application/service/NoteControllerService.php
> git show :application/controllers/Notescontroller.php
> git show :system/core/CodeIgniter.php
> git show :system/core/Benchmark.php
> git show :application/service/NoteControllerService.php
> git show :application/controllers/Notescontroller.php
> git show :application/controllers/Accountcontroller.php
> git show :application/controllers/Notescontroller.php
> git show :application/service/NoteControllerService.php
> git show :application/controllers/Notescontroller.php
> git show :application/service/NoteControllerService.php
> git show :application/controllers/Notescontroller.php
> git show :system/core/CodeIgniter.php
> git show :system/core/Benchmark.php
> git show :system/core/CodeIgniter.php
> git show :system/core/Common.php
> git check-ignore -z --stdin
> git show :application/controllers/Notescontroller.php
> git check-ignore -z --stdin
> git show :ng6/src/app/notes/notes.component.ts
> git show :ng6/src/app/notes/notes.component.html
> git show :ng6/src/app/notes/notes.component.ts
> git show :application/service/NoteControllerService.php
> git show :ng6/src/app/notes/notes.component.ts
> git show :ng6/src/app/service/notes.service.ts
> git check-ignore -z --stdin
> git show :application/controllers/Notescontroller.php
> git show :ng6/src/app/notes/notes.component.ts
> git show :ng6/src/app/service/notes.service.ts
> git show :application/controllers/Notescontroller.php
> git show :application/service/NoteControllerService.php
> git show :ng6/src/app/notes/notes.component.ts
> git show :ng6/src/app/notes/notes.component.html
> git show :ng6/src/app/notes/notes.component.ts
> git show :application/service/NoteControllerService.php
> git show :application/controllers/Notescontroller.php
> git show :application/service/NoteControllerService.php
> git show :application/controllers/Notescontroller.php
> git show :application/service/NoteControllerService.php
> git show :application/controllers/Notescontroller.php
> git show :application/service/NoteControllerService.php
> git show :application/controllers/Notescontroller.php
> git show :application/service/NoteControllerService.php
> git show :application/service/NoteControllerService.php
> git show :application/controllers/Notescontroller.php
> git show :application/service/NoteControllerService.php
> git show :ng6/src/app/notes/notes.component.html
> git check-ignore -z --stdin
> git show :ng6/src/app/FundooNotes/FundooNotes.component.html
> git show :ng6/src/app/FundooNotes/FundooNotes.component.ts
> git show :ng6/src/app/FundooNotes/FundooNotes.component.html
> git show :ng6/src/app/FundooNotes/FundooNotes.component.ts
> git show :ng6/src/app/service/dataservice.service.ts
> git show :ng6/src/app/FundooNotes/FundooNotes.component.ts
> git show :ng6/src/app/service/dataservice.service.ts
> git show :ng6/src/app/FundooNotes/FundooNotes.component.ts
> git show :ng6/src/app/service/dataservice.service.ts
> git check-ignore -z --stdin
> git show :application/config/routes.php
> git show :application/controllers/Accountcontroller.php
> git show :application/controllers/Notescontroller.php
> git show :ng6/src/app/notes/notes.component.ts
> git show :ng6/src/app/notes/notes.component.html
> git show :ng6/src/app/notes/notes.component.ts
> git show :application/controllers/Accountcontroller.php
> git show :ng6/src/app/service/dataservice.service.ts
> git show :application/controllers/Accountcontroller.php
> git show :application/service/AccountControllerService.php
> git show :application/controllers/Accountcontroller.php
> git show :application/controllers/Notescontroller.php
> git show :application/service/NoteControllerService.php
> git show :application/service/AccountControllerService.php
> git show :application/controllers/Accountcontroller.php
> git show :application/service/AccountControllerService.php
> git show :application/controllers/Accountcontroller.php
> git show :application/service/NoteControllerService.php
> git show :application/service/AccountControllerService.php
> git show :application/controllers/Accountcontroller.php
> git show :application/service/AccountControllerService.php
> git show :ng6/src/app/notes/notes.component.ts
> git show :ng6/src/app/FundooNotes/FundooNotes.component.ts
> git show :ng6/src/app/service/dataservice.service.ts
> git show :application/controllers/Accountcontroller.php
> git show :application/service/AccountControllerService.php
> git show :application/config/routes.php
> git show :application/controllers/Accountcontroller.php
> git show :ng6/src/app/FundooNotes/FundooNotes.component.ts
> git show :ng6/src/app/service/dataservice.service.ts
> git show :application/controllers/Notescontroller.php
> git show :application/config/routes.php
> git show :application/controllers/Notescontroller.php
> git show :application/service/AccountControllerService.php
> git show :application/controllers/Accountcontroller.php
> git show :application/service/NoteControllerService.php
> git show :application/controllers/Accountcontroller.php
> git show :ng6/src/app/service/dataservice.service.ts
> git show :application/controllers/Notescontroller.php
> git show :application/service/AccountControllerService.php
> git show :application/controllers/Accountcontroller.php
> git show :ng6/src/app/notes/notes.component.ts
> git show :ng6/src/app/service/dataservice.service.ts
> git show :application/controllers/Accountcontroller.php
> git show :system/core/Common.php
> git show :application/controllers/Accountcontroller.php
> git show :application/service/NoteControllerService.php
> git show :ng6/src/app/service/dataservice.service.ts
> git show :application/service/AccountControllerService.php
> git show :application/controllers/Accountcontroller.php
> git show :ng6/src/app/service/dataservice.service.ts
> git show :application/controllers/Accountcontroller.php
> git show :application/service/NoteControllerService.php
> git show :application/controllers/Accountcontroller.php
> git show :system/core/Common.php
> git check-ignore -z --stdin
> git show :ng6/src/app/FundooNotes/FundooNotes.component.ts
> git show :ng6/src/app/service/dataservice.service.ts
> git show :application/controllers/Accountcontroller.php
> git show :ng6/src/app/service/dataservice.service.ts
> git show :application/controllers/Accountcontroller.php
> git show :system/core/Common.php
> git show :application/controllers/Accountcontroller.php
> git show :ng6/src/app/service/dataservice.service.ts
> git show :application/service/NoteControllerService.php
> git show :ng6/src/app/service/dataservice.service.ts
> git show :application/service/NoteControllerService.php
> git show :application/controllers/Accountcontroller.php
> git show :system/core/Common.php
> git show :ng6/src/app/service/dataservice.service.ts
> git show :application/service/AccountControllerService.php
> git show :ng6/src/app/FundooNotes/FundooNotes.component.ts
> git show :ng6/src/app/FundooNotes/FundooNotes.component.html
> git show :ng6/src/app/notes/notes.component.spec.ts
> git show :ng6/src/app/notes/notes.component.html
> git show :ng6/src/app/FundooNotes/FundooNotes.component.html
> git show :ng6/src/app/FundooNotes/FundooNotes.component.ts
> git show :ng6/src/app/FundooNotes/FundooNotes.component.html
> git show :ng6/src/app/FundooNotes/FundooNotes.component.ts
> git show :ng6/src/app/FundooNotes/FundooNotes.component.html
> git show :ng6/src/app/FundooNotes/FundooNotes.component.ts
> git show :ng6/src/app/FundooNotes/FundooNotes.component.html
> git show :ng6/src/app/FundooNotes/FundooNotes.component.ts
> git show :ng6/src/app/service/dataservice.service.ts
> git show :application/controllers/Accountcontroller.php
> git show :system/core/Common.php
> git show :ng6/src/app/service/dataservice.service.ts
> git show :application/controllers/Notescontroller.php
> git show :application/controllers/Accountcontroller.php
> git show :application/service/AccountControllerService.php
> git show :system/core/Common.php
> git show :application/service/AccountControllerService.php
> git show :system/core/Common.php
> git show :application/service/AccountControllerService.php
> git show :application/controllers/Accountcontroller.php
> git show :application/service/AccountControllerService.php
> git show :system/core/Common.php
> git show :application/controllers/Accountcontroller.php
> git show :application/service/AccountControllerService.php
> git show :application/service/NoteControllerService.php
> git show :application/service/AccountControllerService.php
> git show :application/service/NoteControllerService.php
> git show :application/service/AccountControllerService.php
> git show :application/service/NoteControllerService.php
> git show :application/service/AccountControllerService.php
> git show :application/controllers/Accountcontroller.php
> git show :application/service/AccountControllerService.php
> git show :application/controllers/Accountcontroller.php
> git show :system/core/CodeIgniter.php
> git show :ng6/src/app/service/dataservice.service.ts
> git show :ng6/src/app/FundooNotes/FundooNotes.component.ts
> git show :ng6/src/app/FundooNotes/FundooNotes.component.html
> git show :ng6/src/app/FundooNotes/FundooNotes.component.ts
> git show :ng6/src/app/service/dataservice.service.ts
> git show :ng6/src/app/FundooNotes/FundooNotes.component.ts
> git show :ng6/src/app/service/dataservice.service.ts
> git show :ng6/src/app/FundooNotes/FundooNotes.component.ts
> git show :ng6/src/app/service/dataservice.service.ts
> git show :ng6/src/app/FundooNotes/FundooNotes.component.ts
> git show :ng6/src/app/service/dataservice.service.ts
> git show :application/config/routes.php
> git show :application/controllers/Notescontroller.php
> git show :application/service/NoteControllerService.php
> git show :application/controllers/Accountcontroller.php
> git show :ng6/src/app/FundooNotes/FundooNotes.component.html
> git show :application/controllers/Accountcontroller.php
> git show :application/controllers/Notescontroller.php
> git show :application/service/NoteControllerService.php
> git show :ng6/src/app/ForgotPassword/ForgotPassword.component.ts
> git show :ng6/src/app/FundooNotes/FundooNotes.component.ts
> git show :ng6/src/app/service/dataservice.service.ts
> git show :application/controllers/Notescontroller.php
> git show :application/service/AccountControllerService.php
> git show :ng6/src/app/service/dataservice.service.ts
> git show :application/controllers/Accountcontroller.php
> git show :application/service/AccountControllerService.php
> git show :application/controllers/Accountcontroller.php
> git show :ng6/src/app/service/dataservice.service.ts
> git show :ng6/src/app/FundooNotes/FundooNotes.component.ts
> git show :ng6/src/app/service/dataservice.service.ts
> git show :application/service/NoteControllerService.php
> git show :ng6/src/app/FundooNotes/FundooNotes.component.ts
> git show :ng6/src/app/service/dataservice.service.ts
> git show :application/service/NoteControllerService.php
> git show :application/controllers/Notescontroller.php
> git show :ng6/src/app/service/dataservice.service.ts
> git show :application/service/NoteControllerService.php
> git show :application/controllers/Notescontroller.php
> git show :application/service/NoteControllerService.php
> git show :system/core/Common.php
> git show :application/service/NoteControllerService.php
> git show :application/controllers/Notescontroller.php
> git show :application/service/NoteControllerService.php
> git show :system/core/CodeIgniter.php
> git show :system/core/Benchmark.php
> git show :system/core/CodeIgniter.php
> git show :system/core/Hooks.php
> git show :system/core/CodeIgniter.php
> git show :application/controllers/Notescontroller.php
> git show :application/service/NoteControllerService.php
> git show :ng6/src/app/FundooNotes/FundooNotes.component.ts
> git show :ng6/src/app/FundooNotes/FundooNotes.component.html
> git show :ng6/src/app/FundooNotes/FundooNotes.component.ts
> git show :ng6/src/app/FundooNotes/FundooNotes.component.html
> git show :ng6/src/app/FundooNotes/FundooNotes.component.ts
> git show :ng6/src/app/FundooNotes/FundooNotes.component.html
> git check-ignore -z --stdin
> git show :ng6/src/app/registration/registration.component.ts
> git show :ng6/src/app/registration/registration.component.html
> git show :ng6/src/app/registration/registration.component.ts
> git show :ng6/src/app/registration/registration.component.html
> git show :ng6/src/app/registration/registration.component.ts
> git show :ng6/src/app/registration/registration.component.html
> git show :ng6/src/app/registration/registration.component.ts
> git show :application/controllers/Accountcontroller.php
> git show :application/service/AccountControllerService.php
> git show :application/controllers/Accountcontroller.php
> git show :application/service/AccountControllerService.php
> git show :application/controllers/Accountcontroller.php
> git show :application/service/AccountControllerService.php
> git show :application/controllers/Accountcontroller.php
> git show :application/service/AccountControllerService.php
> git show :application/controllers/Accountcontroller.php
> git show :application/service/AccountControllerService.php
> git show :application/controllers/Accountcontroller.php
> git show :application/service/AccountControllerService.php
> git show :application/controllers/Accountcontroller.php
> git show :application/service/AccountControllerService.php
> git show :application/controllers/Accountcontroller.php
> git show :application/service/AccountControllerService.php
> git show :ng6/src/app/FundooNotes/FundooNotes.component.html
> git show :ng6/src/app/notes/notes.component.html
> git show :ng6/src/app/notes/notes.component.ts
> git show :application/controllers/Notescontroller.php
> git show :ng6/src/app/registration/registration.component.html
> git show :ng6/src/app/service/dataservice.service.ts
> git show :ng6/src/app/registration/registration.component.ts
> git show :ng6/src/app/registration/registration.component.html
> git show :ng6/src/app/registration/registration.component.ts
> git show :ng6/src/app/service/dataservice.service.ts
> git show :ng6/src/app/notes/notes.component.html
> git show :ng6/src/app/notes/notes.component.ts
> git show :ng6/src/app/service/notes.service.ts
> git show :ng6/src/app/notes/notes.component.ts
> git show :ng6/src/app/service/notes.service.ts
> git show :application/phpunit.xml
> git show :application/Bootstrap.php
> git show :application/TestCase.php
> git show :ng6/src/app/registration/registration.component.ts
> git show :ng6/src/app/service/dataservice.service.ts
> git show :ng6/src/app/registration/registration.component.ts
> git show :application/service/AccountControllerService.php
> git show :application/controllers/Accountcontroller.php
> git show :application/service/AccountControllerService.php
> git show :ng6/src/app/service/dataservice.service.ts
> git show :ng6/src/app/registration/registration.component.ts
> git show :application/service/AccountControllerService.php
> git show :application/controllers/Accountcontroller.php
> git show :application/service/AccountControllerService.php
> git show :application/controllers/Accountcontroller.php
> git show :application/service/AccountControllerService.php
> git show :application/controllers/Accountcontroller.php
> git show :application/service/AccountControllerService.php
> git show :application/controllers/Accountcontroller.php
> git show :application/service/AccountControllerService.php
> git show :application/controllers/Accountcontroller.php
> git show :application/service/AccountControllerService.php
> git show :application/controllers/Accountcontroller.php
> git show :application/service/AccountControllerService.php
> git show :application/service/NoteControllerService.php
> git show :ng6/src/app/registration/registration.component.ts
> git show :ng6/src/app/FundooNotes/FundooNotes.component.ts
> git show :application/service/NoteControllerService.php
> git show :application/controllers/Accountcontroller.php
> git show :application/service/AccountControllerService.php
> git show :application/controllers/Accountcontroller.php
> git show :application/service/AccountControllerService.php
> git show :ng6/src/app/registration/registration.component.ts
> git show :application/service/AccountControllerService.php
> git show :application/controllers/Accountcontroller.php
> git show :application/service/AccountControllerService.php
> git show :application/controllers/Accountcontroller.php
> git show :ng6/src/app/service/notes.service.ts
> git show :ng6/src/app/service/dataservice.service.ts
> git check-ignore -z --stdin
> git show :application/static/HardCode.php
> git ls-files --stage -- application/static/
> git check-ignore -z --stdin
> git show :application/config/config.php
> git show :application/static/HardCode.php
> git ls-files --stage -- application/static/
> git show :ng6/src/app/service/dataservice.service.ts
> git show :application/static/HardCode.php
> git ls-files --stage -- application/static/
> git show :application/config/config.php
> git show :application/config/database.php
> git show :application/static/HardCode.php
> git ls-files --stage -- application/static/
> git show :application/static/EmailConstant.php
> git ls-files --stage -- application/static/
> git check-ignore -z --stdin
> git show :application/static/HardCode.php
> git ls-files --stage -- application/static/
> git show :application/static/EmailConstant.php
> git ls-files --stage -- application/static/
> git show :ng6/src/app/serviceUrl
> git ls-files --stage -- ng6/src/app/
> git check-ignore -z --stdin
> git show :application/static/EmailConstant.php
> git ls-files --stage -- application/static/
> git show :ng6/src/app/serviceUrl/serviceUrl.ts
> git ls-files --stage -- ng6/src/app/serviceUrl/
> git check-ignore -z --stdin
> git show :ng6/src/app/service/notes.service.ts
> git show :ng6/src/app/serviceUrl/serviceUrl.ts
> git ls-files --stage -- ng6/src/app/serviceUrl/
> git show :ng6/src/app/service/dataservice.service.ts
> git show :ng6/src/app/serviceUrl/serviceUrl.ts
> git ls-files --stage -- ng6/src/app/serviceUrl/
> git show :ng6/src/app/service/dataservice.service.ts
> git show :ng6/src/app/app.module.ts
> git show :ng6/src/app/serviceUrl/serviceUrl.ts
> git ls-files --stage -- ng6/src/app/serviceUrl/
> git show :ng6/src/app/service/dataservice.service.ts
> git show :ng6/src/app/serviceUrl/serviceUrl.ts
> git ls-files --stage -- ng6/src/app/serviceUrl/
> git show :ng6/src/app/service/dataservice.service.ts
> git show :ng6/src/app/app.module.ts
> git show :ng6/src/app/service/dataservice.service.ts
> git show :ng6/src/app/serviceUrl/serviceUrl.ts
> git ls-files --stage -- ng6/src/app/serviceUrl/
> git show :ng6/src/app/service/dataservice.service.ts
> git show :ng6/src/app/serviceUrl/serviceUrl.ts
> git ls-files --stage -- ng6/src/app/serviceUrl/
> git show :ng6/src/app/service/dataservice.service.ts
> git show :ng6/src/app/serviceUrl/serviceUrl.ts
> git ls-files --stage -- ng6/src/app/serviceUrl/
> git show :ng6/src/app/service/dataservice.service.ts
> git show :ng6/src/app/serviceUrl/serviceUrl.ts
> git ls-files --stage -- ng6/src/app/serviceUrl/
> git show :ng6/src/app/service/dataservice.service.ts
> git show :ng6/src/app/serviceUrl/serviceUrl.ts
> git ls-files --stage -- ng6/src/app/serviceUrl/
> git show :ng6/src/app/service/dataservice.service.ts
> git show :ng6/src/app/serviceUrl/serviceUrl.ts
> git ls-files --stage -- ng6/src/app/serviceUrl/
> git show :ng6/src/app/service/dataservice.service.ts
> git show :ng6/src/app/service/notes.service.ts
> git show :ng6/src/app/serviceUrl/serviceUrl.ts
> git ls-files --stage -- ng6/src/app/serviceUrl/
> git show :ng6/src/app/service/notes.service.ts
> git show :ng6/src/app/service/dataservice.service.ts
> git show :ng6/src/app/service/notes.service.ts
> git show :ng6/src/app/service/dataservice.service.ts
> git show :ng6/src/app/service/notes.service.ts
> git show :ng6/src/app/service/dataservice.service.ts
> git show :ng6/src/app/service/notes.service.ts
> git show :ng6/src/app/serviceUrl/serviceUrl.ts
> git ls-files --stage -- ng6/src/app/serviceUrl/
> git show :ng6/src/app/service/notes.service.ts
> git show :ng6/src/app/serviceUrl/serviceUrl.ts
> git ls-files --stage -- ng6/src/app/serviceUrl/
> git show :ng6/src/app/service/notes.service.ts
> git show :ng6/src/app/serviceUrl/serviceUrl.ts
> git ls-files --stage -- ng6/src/app/serviceUrl/
> git show :ng6/src/app/service/notes.service.ts
> git show :ng6/src/app/serviceUrl/serviceUrl.ts
> git ls-files --stage -- ng6/src/app/serviceUrl/
> git show :ng6/src/app/service/notes.service.ts
> git show :ng6/src/app/serviceUrl/serviceUrl.ts
> git ls-files --stage -- ng6/src/app/serviceUrl/
> git show :ng6/src/app/service/notes.service.ts
> git show :ng6/src/app/serviceUrl/serviceUrl.ts
> git ls-files --stage -- ng6/src/app/serviceUrl/
> git show :ng6/src/app/service/notes.service.ts
> git show :ng6/src/app/serviceUrl/serviceUrl.ts
> git ls-files --stage -- ng6/src/app/serviceUrl/
> git show :ng6/src/app/service/notes.service.ts
> git show :ng6/src/app/serviceUrl/serviceUrl.ts
> git ls-files --stage -- ng6/src/app/serviceUrl/
> git show :ng6/src/app/service/notes.service.ts
> git show :ng6/src/app/serviceUrl/serviceUrl.ts
> git ls-files --stage -- ng6/src/app/serviceUrl/
> git show :ng6/src/app/service/notes.service.ts
> git show :ng6/src/app/serviceUrl/serviceUrl.ts
> git ls-files --stage -- ng6/src/app/serviceUrl/
> git show :ng6/src/app/service/notes.service.ts
> git show :ng6/src/app/serviceUrl/serviceUrl.ts
> git ls-files --stage -- ng6/src/app/serviceUrl/
> git show :ng6/src/app/service/notes.service.ts
> git show :ng6/src/app/serviceUrl/serviceUrl.ts
> git ls-files --stage -- ng6/src/app/serviceUrl/
> git show :ng6/src/app/service/notes.service.ts
> git show :ng6/src/app/serviceUrl/serviceUrl.ts
> git ls-files --stage -- ng6/src/app/serviceUrl/
> git show :ng6/src/app/service/notes.service.ts
> git show :ng6/src/app/serviceUrl/serviceUrl.ts
> git ls-files --stage -- ng6/src/app/serviceUrl/
> git show :ng6/src/app/service/notes.service.ts
> git show :ng6/src/app/serviceUrl/serviceUrl.ts
> git ls-files --stage -- ng6/src/app/serviceUrl/
> git show :ng6/src/app/service/notes.service.ts
> git show :ng6/src/app/serviceUrl/serviceUrl.ts
> git ls-files --stage -- ng6/src/app/serviceUrl/
> git show :ng6/src/app/service/notes.service.ts
> git show :ng6/src/app/serviceUrl/serviceUrl.ts
> git ls-files --stage -- ng6/src/app/serviceUrl/
> git show :ng6/src/app/service/notes.service.ts
> git show :ng6/src/app/serviceUrl/serviceUrl.ts
> git ls-files --stage -- ng6/src/app/serviceUrl/
> git show :ng6/src/app/service/notes.service.ts
> git show :ng6/src/app/serviceUrl/serviceUrl.ts
> git ls-files --stage -- ng6/src/app/serviceUrl/
> git show :ng6/src/app/service/notes.service.ts
> git show :ng6/src/app/service/createlabel.service.ts
> git show :ng6/src/app/serviceUrl/serviceUrl.ts
> git ls-files --stage -- ng6/src/app/serviceUrl/
> git show :ng6/src/app/service/dataservice.service.ts
> git show :ng6/src/app/service/createlabel.service.ts
> git show :ng6/src/app/service/dataservice.service.ts
> git show :ng6/src/app/service/createlabel.service.ts
> git show :ng6/src/app/service/dataservice.service.ts
> git show :ng6/src/app/service/createlabel.service.ts
> git show :ng6/src/app/serviceUrl/serviceUrl.ts
> git ls-files --stage -- ng6/src/app/serviceUrl/
> git show :ng6/src/app/service/createlabel.service.ts
> git show :ng6/src/app/serviceUrl/serviceUrl.ts
> git ls-files --stage -- ng6/src/app/serviceUrl/
> git show :ng6/src/app/service/createlabel.service.ts
> git show :ng6/src/app/serviceUrl/serviceUrl.ts
> git ls-files --stage -- ng6/src/app/serviceUrl/
> git show :ng6/src/app/service/createlabel.service.ts
> git show :ng6/src/app/serviceUrl/serviceUrl.ts
> git ls-files --stage -- ng6/src/app/serviceUrl/
> git show :ng6/src/app/service/notes.service.ts
> git show :ng6/src/app/service/dataservice.service.ts
> git show :ng6/src/app/service/createlabel.service.ts
> git show :ng6/src/app/service/view.service.ts
> git show :ng6/src/app/service/notes.service.ts
> git show :ng6/src/app/service/jwttokwn.service.ts
> git show :ng6/src/app/service/jwttokwn.service.spec.ts
> git show :ng6/src/app/service/jwttokwn.service.ts
> git show :ng6/src/app/service/notes.service.spec.ts
> git show :ng6/src/app/service/createlabel.service.spec.ts
> git show :ng6/src/app/service/auth.service.ts
> git show :ng6/src/app/notes/notes.component.html
> git show :application/static/EmailConstant.php
> git ls-files --stage -- application/static/
> git show :application/static/HardCode.php
> git ls-files --stage -- application/static/
> git show :application/service/AccountControllerService.php
> git show :application/static/HardCode.php
> git ls-files --stage -- application/static/
> git show :application/service/AccountControllerService.php
> git show :application/static/HardCode.php
> git ls-files --stage -- application/static/
> git show :application/service/AccountControllerService.php
> git show :application/static/HardCode.php
> git ls-files --stage -- application/static/
> git show :application/service/AccountControllerService.php
> git show :application/static/EmailConstant.php
> git ls-files --stage -- application/static/
> git show :application/service/AccountControllerService.php
> git show :application/service/NoteControllerService.php
> git show :application/service/AccountControllerService.php
> git show :application/service/NoteControllerService.php
> git show :application/service/AccountControllerService.php
> git show :application/static/HardCode.php
> git ls-files --stage -- application/static/
> git show :application/service/AccountControllerService.php
> git show :application/service/NoteControllerService.php
> git show :ng6/src/app/service/dataservice.service.ts
> git show :ng6/src/app/serviceUrl/serviceUrl.ts
> git ls-files --stage -- ng6/src/app/serviceUrl/
> git show :ng6/src/app/service/dataservice.service.ts
> git show :ng6/src/app/FundooNotes/FundooNotes.component.ts
> git show :application/service/NoteControllerService.php
> git show :application/service/AccountControllerService.php
> git show :application/service/NoteControllerService.php
> git show :ng6/src/app/serviceUrl/serviceUrl.ts
> git ls-files --stage -- ng6/src/app/serviceUrl/
> git show :ng6/src/app/service/dataservice.service.ts
> git show :ng6/src/app/notes/notes.component.ts
> git show :ng6/src/app/FundooNotes/FundooNotes.component.ts
> git show :application/service/NoteControllerService.php
> git show :application/service/AccountControllerService.php
> git show :application/service/NoteControllerService.php
> git show :application/service/NoteControllerService.php
> git show :system/core/Common.php
> git show :application/controllers/Notescontroller.php
> git show :application/controllers/Notescontroller.php
> git show :application/service/NoteControllerService.php
> git show :application/controllers/Notescontroller.php
> git show :system/core/CodeIgniter.php
> git show :system/core/Benchmark.php
> git show :system/core/CodeIgniter.php
> git show :system/core/Hooks.php
> git show :system/core/CodeIgniter.php
> git show :system/core/Hooks.php
> git show :system/core/CodeIgniter.php
> git show :system/core/Output.php
> git show :system/core/Common.php
> git show :system/core/Output.php
> git show :system/core/Common.php
> git show :system/core/Output.php
> git show :system/core/CodeIgniter.php
> git show :system/core/Controller.php
> git show :system/core/Output.php
> git show :system/core/Benchmark.php
> git show :system/core/Output.php
> git show :application/controllers/Notescontroller.php
> git show :application/service/NoteControllerService.php
> git show :application/service/NoteControllerService.php
> git show :application/controllers/Notescontroller.php
> git show :system/core/CodeIgniter.php
> git show :system/core/Common.php
> git show :application/controllers/Notescontroller.php
> git show :application/service/AccountControllerService.php
> git show :application/service/NoteControllerService.php
> git show :application/config/routes.php
> git show :application/service/NoteControllerService.php
> git show :application/controllers/Notescontroller.php
> git show :application/service/NoteControllerService.php
> git show :application/controllers/Notescontroller.php
> git show :application/controllers/Accountcontroller.php
> git show :application/controllers/Notescontroller.php
> git show :application/config/routes.php
> git show :ng6/src/app/FundooNotes/FundooNotes.component.ts
> git show :ng6/src/app/service/dataservice.service.ts
> git show :ng6/src/app/serviceUrl/serviceUrl.ts
> git ls-files --stage -- ng6/src/app/serviceUrl/
> git show :application/service/AccountControllerService.php
> git show :application/config/routes.php
> git show :ng6/src/app/serviceUrl/serviceUrl.ts
> git ls-files --stage -- ng6/src/app/serviceUrl/
> git show :application/config/routes.php
> git show :application/controllers/Accountcontroller.php
> git show :application/controllers/Notescontroller.php
> git show :application/service/NoteControllerService.php
> git show :application/controllers/Notescontroller.php
> git show :system/core/CodeIgniter.php
> git show :ng6/src/app/service/dataservice.service.ts
> git show :ng6/src/app/FundooNotes/FundooNotes.component.ts
> git show :ng6/src/app/FundooNotes/FundooNotes.component.html
> git show :ng6/src/app/FundooNotes/FundooNotes.component.ts
> git show :ng6/src/app/FundooNotes/FundooNotes.component.html
> git show :ng6/src/app/FundooNotes/FundooNotes.component.ts
> git show :application/service/AccountControllerService.php
> git show :ng6/src/app/FundooNotes/FundooNotes.component.html
> git show :ng6/src/app/FundooNotes/FundooNotes.component.ts
> git show :ng6/src/app/FundooNotes/FundooNotes.component.html
> git show :ng6/src/app/notes/notes.component.html
> git show :ng6/src/app/FundooNotes/FundooNotes.component.html
> git show :ng6/src/app/FundooNotes/FundooNotes.component.ts
> git show :ng6/src/app/FundooNotes/FundooNotes.component.html
> git check-ignore -z --stdin
> git show :ng6/src/app/FundooNotes/FundooNotes.component.css
> git show :ng6/src/app/FundooNotes/FundooNotes.component.html
> git show :ng6/src/app/FundooNotes/FundooNotes.component.css
> git show :ng6/src/app/FundooNotes/FundooNotes.component.html
> git show :ng6/src/app/FundooNotes/FundooNotes.component.ts
> git show :ng6/src/app/FundooNotes/FundooNotes.component.css
> git show :ng6/src/app/FundooNotes/FundooNotes.component.html
> git show :ng6/src/app/FundooNotes/FundooNotes.component.css
> git show :application/controllers/Labelcontroller.php
> git show :system/core/Common.php
> git show :ng6/src/app/FundooNotes/FundooNotes.component.css
> git show :ng6/src/app/FundooNotes/FundooNotes.component.ts
> git show :application/controllers/Labelcontroller.php
> git show :application/config/routes.php
> git show :ng6/src/app/serviceUrl/serviceUrl.ts
> git ls-files --stage -- ng6/src/app/serviceUrl/
> git show :ng6/src/app/service/notes.service.ts
> git show :application/controllers/Notescontroller.php
> git show :ng6/src/app/service/createlabel.service.ts
> git show :application/controllers/Labelcontroller.php
> git show :system/core/Common.php
> git show :application/service/AccountControllerService.php
> git show :system/core/Common.php
> git show :application/controllers/Accountcontroller.php
> git show :system/core/Common.php
> git show :ng6/src/app/service/createlabel.service.ts
> git check-ignore -z --stdin
> git show :ng6/src/app/editlabel/editlabel.component.ts
> git show :ng6/src/app/service/notes.service.ts
> git show :ng6/src/app/editlabel/editlabel.component.ts
> git show :ng6/src/app/service/createlabel.service.ts
> git show :application/controllers/Accountcontroller.php
> git show :application/controllers/Notescontroller.php
> git show :application/controllers/Labelcontroller.php
> git show :system/core/Common.php
> git show :application/controllers/Notescontroller.php
> git show :application/service/NoteControllerService.php
> git show :application/controllers/Labelcontroller.php
> git show :application/controllers/Notescontroller.php
> git show :application/service/NoteControllerService.php
> git show :application/controllers/Labelcontroller.php
> git show :ng6/src/app/notes/notes.component.ts
> git show :ng6/src/app/service/notes.service.ts
> git show :ng6/src/app/editlabel/editlabel.component.ts
> git show :ng6/src/app/service/createlabel.service.ts
> git show :ng6/src/app/editlabel/editlabel.component.ts
> git show :application/controllers/Notescontroller.php
> git show :ng6/src/app/notes/notes.component.ts
> git show :ng6/src/app/service/notes.service.ts
> git show :ng6/src/app/editlabel/editlabel.component.ts
> git show :ng6/src/app/notes/notes.component.ts
> git show :ng6/src/app/service/notes.service.ts
> git show :application/controllers/Accountcontroller.php
> git show :ng6/src/app/service/notes.service.ts
> git show :application/service/AccountControllerService.php
> git show :application/service/NoteControllerService.php
> git show :application/controllers/Notescontroller.php
> git show :application/controllers/Labelcontroller.php
> git show :ng6/src/app/notes/notes.component.ts
> git show :ng6/src/app/service/createlabel.service.ts
> git show :ng6/src/app/service/notes.service.ts
> git show :application/controllers/Labelcontroller.php
> git show :system/core/Common.php
> git show :application/controllers/Labelcontroller.php
> git show :ng6/src/app/notes/notes.component.ts
> git show :ng6/src/app/service/notes.service.ts
> git show :application/service/AccountControllerService.php
> git show :application/service/NoteControllerService.php
> git show :application/controllers/Notescontroller.php
> git show :application/controllers/Labelcontroller.php
> git show :application/controllers/Notescontroller.php
> git show :ng6/src/app/notes/notes.component.ts
> git show :ng6/src/app/service/notes.service.ts
> git show :ng6/src/app/serviceUrl/serviceUrl.ts
> git ls-files --stage -- ng6/src/app/serviceUrl/
> git show :application/config/routes.php
> git show :application/controllers/Labelcontroller.php
> git show :application/controllers/Notescontroller.php
> git show :application/controllers/Labelcontroller.php
> git show :ng6/src/app/editlabel/editlabel.component.html
> git show :ng6/src/app/editlabel/editlabel.component.ts
> git show :ng6/src/app/service/createlabel.service.ts
> git show :ng6/src/app/serviceUrl/serviceUrl.ts
> git ls-files --stage -- ng6/src/app/serviceUrl/
> git show :application/config/routes.php
> git show :application/controllers/Notescontroller.php
> git show :application/service/NoteControllerService.php
> git show :application/config/routes.php
> git show :application/controllers/Labelcontroller.php
> git show :application/controllers/Accountcontroller.php
> git show :application/controllers/Labelcontroller.php
> git show :application/controllers/Notescontroller.php
> git show :application/service/NoteControllerService.php
> git show :application/controllers/Notescontroller.php
> git show :application/controllers/Labelcontroller.php
> git show :application/service/NoteControllerService.php
> git show :application/config/routes.php
> git show :application/controllers/Labelcontroller.php
> git show :application/service/NoteControllerService.php
> git show :application/config/routes.php
> git show :application/service/NoteControllerService.php
> git show :application/config/routes.php
> git show :application/service/NoteControllerService.php
> git show :application/controllers/Labelcontroller.php
> git show :application/controllers/Notescontroller.php
