Looking for git in: git
Using git 2.7.4 from git
> git rev-parse --show-toplevel
> git config --get commit.template
Open repository: /var/www/html/code1/codeigniter
> git status -z -u
> git show :ng6/src/app/notes/notes.component.ts
> git check-ignore -z --stdin
> git check-ignore -z --stdin
> git show :ng6/src/app/service/notes.service.ts
> git show :ng6/src/app/notes/notes.component.ts
> git show :ng6/src/app/notes/notes.component.html
> git show :ng6/src/app/notes/notes.component.ts
> git status -z -u
> git status -z -u
> git status -z -u
> git show :ng6/src/app/notes/notes.component.html
> git status -z -u
> git show :ng6/src/app/notes/notes.component.ts
> git show :ng6/src/app/notes/notes.component.html
> git show :ng6/src/app/notes/notes.component.ts
> git status -z -u
> git show :ng6/src/app/service/notes.service.ts
> git show :ng6/src/app/notes/notes.component.ts
> git status -z -u
> git status -z -u
> git show :ng6/src/app/notes/notes.component.html
> git status -z -u
> git status -z -u
> git show :ng6/src/app/notes/notes.component.ts
> git status -z -u
> git show :ng6/src/app/notes/notes.component.html
> git check-ignore -z --stdin
> git show :ng6/src/app/service/notes.service.ts
> git show :ng6/src/app/notes/notes.component.ts
> git check-ignore -z --stdin
> git show :application/controllers/Notescontroller.php
> git show :ng6/src/app/service/notes.service.ts
> git check-ignore -z --stdin
> git show :application/controllers/Accountcontroller.php
> git status -z -u
> git status -z -u
> git show :application/controllers/Notescontroller.php
> git show :ng6/src/app/notes/notes.component.ts
> git show :ng6/src/app/notes/notes.component.html
> git show :ng6/src/app/notes/notes.component.ts
> git show :application/controllers/Notescontroller.php
> git status -z -u
> git show :application/controllers/Accountcontroller.php
> git status -z -u
> git status -z -u
> git show :application/controllers/test.php
> git ls-files --stage -- application/controllers/
> git check-ignore -z --stdin
> git show :application/controllers/Notescontroller.php
> git show :application/controllers/test.php
> git ls-files --stage -- application/controllers/
> git show :application/controllers/Accountcontroller.php
> git show :ng6/src/app/notes/notes.component.html
> git show :application/controllers/Notescontroller.php
> git show :application/controllers/Accountcontroller.php
> git show :system/core/Loader.php
> git show :application/controllers/Accountcontroller.php
> git show :application/controllers/test.php
> git ls-files --stage -- application/controllers/
> git show :application/controllers/Accountcontroller.php
