[Info  - 9:50:57 AM] 1330 files total
[Info  - 9:50:57 AM] Indexing project for definitions and static references
Parsing file:///var/www/html/code1/codeigniter/index.php
Parsing file:///var/www/html/code1/codeigniter/phpunittest/vendor/composer/autoload_psr4.php
Parsing file:///var/www/html/code1/codeigniter/phpunittest/vendor/composer/autoload_files.php
Parsing file:///var/www/html/code1/codeigniter/phpunittest/vendor/composer/autoload_real.php
Parsing file:///var/www/html/code1/codeigniter/phpunittest/vendor/composer/autoload_namespaces.php
Parsing file:///var/www/html/code1/codeigniter/phpunittest/vendor/composer/ClassLoader.php
Parsing file:///var/www/html/code1/codeigniter/phpunittest/vendor/composer/autoload_classmap.php
Parsing file:///var/www/html/code1/codeigniter/phpunittest/vendor/autoload.php
Parsing file:///var/www/html/code1/codeigniter/phpunittest/tests/unit/FirstTest.php
Parsing file:///var/www/html/code1/codeigniter/application/controllers/mail_configuration.php
Parsing file:///var/www/html/code1/codeigniter/application/controllers/Notescontroller.php
Parsing file:///var/www/html/code1/codeigniter/application/controllers/Manage_Accounts.php
Parsing file:///var/www/html/code1/codeigniter/application/controllers/Main.php
Parsing file:///var/www/html/code1/codeigniter/application/controllers/Labelcontroller.php
Parsing file:///var/www/html/code1/codeigniter/application/controllers/Accountcontroller.php
Parsing file:///var/www/html/code1/codeigniter/application/controllers/Welcome.php
Parsing file:///var/www/html/code1/codeigniter/application/controllers/forgot-password-recovery-mail.php
Parsing file:///var/www/html/code1/codeigniter/application/vendor/composer/autoload_psr4.php
Parsing file:///var/www/html/code1/codeigniter/application/vendor/composer/autoload_real.php
Parsing file:///var/www/html/code1/codeigniter/application/vendor/composer/autoload_static.php
Parsing file:///var/www/html/code1/codeigniter/application/vendor/composer/autoload_namespaces.php
Parsing file:///var/www/html/code1/codeigniter/application/vendor/composer/ClassLoader.php
Parsing file:///var/www/html/code1/codeigniter/application/vendor/composer/autoload_classmap.php
Parsing file:///var/www/html/code1/codeigniter/application/vendor/autoload.php
Parsing file:///var/www/html/code1/codeigniter/application/models/Data_model.php
Parsing file:///var/www/html/code1/codeigniter/application/models/Response_model.php
Parsing file:///var/www/html/code1/codeigniter/application/models/Login_and_registeration.php
Parsing file:///var/www/html/code1/codeigniter/application/views/Manage_Accounts.php
Parsing file:///var/www/html/code1/codeigniter/application/views/welcome_message.php
Parsing file:///var/www/html/code1/codeigniter/application/views/test.php
Parsing file:///var/www/html/code1/codeigniter/application/views/errors/html/error_exception.php
Parsing file:///var/www/html/code1/codeigniter/application/views/errors/html/error_404.php
Parsing file:///var/www/html/code1/codeigniter/application/views/errors/html/error_db.php
Parsing file:///var/www/html/code1/codeigniter/application/views/errors/html/error_php.php
Parsing file:///var/www/html/code1/codeigniter/application/views/errors/html/error_general.php
Parsing file:///var/www/html/code1/codeigniter/application/views/errors/cli/error_exception.php
Parsing file:///var/www/html/code1/codeigniter/application/views/errors/cli/error_404.php
Parsing file:///var/www/html/code1/codeigniter/application/views/errors/cli/error_db.php
Parsing file:///var/www/html/code1/codeigniter/application/views/errors/cli/error_php.php
Parsing file:///var/www/html/code1/codeigniter/application/views/errors/cli/error_general.php
Parsing file:///var/www/html/code1/codeigniter/application/views/Login.php
Parsing file:///var/www/html/code1/codeigniter/application/views/Register.php
Parsing file:///var/www/html/code1/codeigniter/application/config/smileys.php
Parsing file:///var/www/html/code1/codeigniter/application/config/mimes.php
Parsing file:///var/www/html/code1/codeigniter/application/config/foreign_chars.php
Parsing file:///var/www/html/code1/codeigniter/application/config/hooks.php
Parsing file:///var/www/html/code1/codeigniter/application/config/constants.php
Parsing file:///var/www/html/code1/codeigniter/application/config/routes.php
Parsing file:///var/www/html/code1/codeigniter/application/config/doctypes.php
Parsing file:///var/www/html/code1/codeigniter/application/config/profiler.php
Parsing file:///var/www/html/code1/codeigniter/application/config/user_agents.php
Parsing file:///var/www/html/code1/codeigniter/application/config/migration.php
Parsing file:///var/www/html/code1/codeigniter/application/config/autoload.php
Parsing file:///var/www/html/code1/codeigniter/application/config/config.php
Parsing file:///var/www/html/code1/codeigniter/application/config/memcached.php
Parsing file:///var/www/html/code1/codeigniter/application/config/database.php
Parsing file:///var/www/html/code1/codeigniter/system/language/english/ftp_lang.php
Parsing file:///var/www/html/code1/codeigniter/system/language/english/form_validation_lang.php
Parsing file:///var/www/html/code1/codeigniter/system/language/english/profiler_lang.php
Parsing file:///var/www/html/code1/codeigniter/system/language/english/pagination_lang.php
Parsing file:///var/www/html/code1/codeigniter/system/language/english/calendar_lang.php
Parsing file:///var/www/html/code1/codeigniter/system/language/english/migration_lang.php
Parsing file:///var/www/html/code1/codeigniter/system/language/english/email_lang.php
Parsing file:///var/www/html/code1/codeigniter/system/language/english/unit_test_lang.php
Parsing file:///var/www/html/code1/codeigniter/system/language/english/db_lang.php
Parsing file:///var/www/html/code1/codeigniter/system/language/english/imglib_lang.php
Parsing file:///var/www/html/code1/codeigniter/system/language/english/number_lang.php
Parsing file:///var/www/html/code1/codeigniter/system/language/english/upload_lang.php
Parsing file:///var/www/html/code1/codeigniter/system/language/english/date_lang.php
Parsing file:///var/www/html/code1/codeigniter/system/helpers/cookie_helper.php
Parsing file:///var/www/html/code1/codeigniter/system/helpers/xml_helper.php
Parsing file:///var/www/html/code1/codeigniter/system/helpers/array_helper.php
Parsing file:///var/www/html/code1/codeigniter/system/helpers/language_helper.php
Parsing file:///var/www/html/code1/codeigniter/system/helpers/text_helper.php
Parsing file:///var/www/html/code1/codeigniter/system/helpers/path_helper.php
Parsing file:///var/www/html/code1/codeigniter/system/helpers/url_helper.php
Parsing file:///var/www/html/code1/codeigniter/system/helpers/html_helper.php
Parsing file:///var/www/html/code1/codeigniter/system/helpers/smiley_helper.php
Parsing file:///var/www/html/code1/codeigniter/system/helpers/number_helper.php
Parsing file:///var/www/html/code1/codeigniter/system/helpers/captcha_helper.php
Parsing file:///var/www/html/code1/codeigniter/system/helpers/directory_helper.php
Parsing file:///var/www/html/code1/codeigniter/system/helpers/file_helper.php
Parsing file:///var/www/html/code1/codeigniter/system/helpers/inflector_helper.php
Parsing file:///var/www/html/code1/codeigniter/system/helpers/form_helper.php
Parsing file:///var/www/html/code1/codeigniter/system/helpers/security_helper.php
Parsing file:///var/www/html/code1/codeigniter/system/helpers/typography_helper.php
Parsing file:///var/www/html/code1/codeigniter/system/helpers/download_helper.php
Parsing file:///var/www/html/code1/codeigniter/system/helpers/date_helper.php
Parsing file:///var/www/html/code1/codeigniter/system/helpers/string_helper.php
Parsing file:///var/www/html/code1/codeigniter/system/helpers/email_helper.php
Parsing file:///var/www/html/code1/codeigniter/system/database/drivers/sqlsrv/sqlsrv_driver.php
Parsing file:///var/www/html/code1/codeigniter/system/database/drivers/sqlsrv/sqlsrv_result.php
Parsing file:///var/www/html/code1/codeigniter/system/database/drivers/sqlsrv/sqlsrv_forge.php
Parsing file:///var/www/html/code1/codeigniter/system/database/drivers/sqlsrv/sqlsrv_utility.php
Parsing file:///var/www/html/code1/codeigniter/system/database/drivers/postgre/postgre_utility.php
Parsing file:///var/www/html/code1/codeigniter/system/database/drivers/postgre/postgre_driver.php
Parsing file:///var/www/html/code1/codeigniter/system/database/drivers/postgre/postgre_forge.php
Parsing file:///var/www/html/code1/codeigniter/system/database/drivers/postgre/postgre_result.php
Parsing file:///var/www/html/code1/codeigniter/system/database/drivers/sqlite3/sqlite3_result.php
Parsing file:///var/www/html/code1/codeigniter/system/database/drivers/sqlite3/sqlite3_driver.php
Parsing file:///var/www/html/code1/codeigniter/system/database/drivers/sqlite3/sqlite3_utility.php
Parsing file:///var/www/html/code1/codeigniter/system/database/drivers/sqlite3/sqlite3_forge.php
Parsing file:///var/www/html/code1/codeigniter/system/database/drivers/odbc/odbc_result.php
Parsing file:///var/www/html/code1/codeigniter/system/database/drivers/odbc/odbc_utility.php
Parsing file:///var/www/html/code1/codeigniter/system/database/drivers/odbc/odbc_forge.php
Parsing file:///var/www/html/code1/codeigniter/system/database/drivers/odbc/odbc_driver.php
Parsing file:///var/www/html/code1/codeigniter/system/database/drivers/mysql/mysql_driver.php
Parsing file:///var/www/html/code1/codeigniter/system/database/drivers/mysql/mysql_utility.php
Parsing file:///var/www/html/code1/codeigniter/system/database/drivers/mysql/mysql_forge.php
Parsing file:///var/www/html/code1/codeigniter/system/database/drivers/mysql/mysql_result.php
Parsing file:///var/www/html/code1/codeigniter/system/database/drivers/ibase/ibase_forge.php
Parsing file:///var/www/html/code1/codeigniter/system/database/drivers/ibase/ibase_result.php
Parsing file:///var/www/html/code1/codeigniter/system/database/drivers/ibase/ibase_driver.php
Parsing file:///var/www/html/code1/codeigniter/system/database/drivers/ibase/ibase_utility.php
Parsing file:///var/www/html/code1/codeigniter/system/database/drivers/cubrid/cubrid_utility.php
Parsing file:///var/www/html/code1/codeigniter/system/database/drivers/cubrid/cubrid_driver.php
Parsing file:///var/www/html/code1/codeigniter/system/database/drivers/cubrid/cubrid_result.php
Parsing file:///var/www/html/code1/codeigniter/system/database/drivers/cubrid/cubrid_forge.php
Parsing file:///var/www/html/code1/codeigniter/system/database/drivers/mysqli/FirstProgram.php
Parsing file:///var/www/html/code1/codeigniter/system/database/drivers/mysqli/mysqli_forge.php
Parsing file:///var/www/html/code1/codeigniter/system/database/drivers/mysqli/mysqli_result.php
Parsing file:///var/www/html/code1/codeigniter/system/database/drivers/mysqli/mysqli_driver.php
Parsing file:///var/www/html/code1/codeigniter/system/database/drivers/mysqli/mysqli_utility.php
Parsing file:///var/www/html/code1/codeigniter/system/database/drivers/mssql/mssql_utility.php
Parsing file:///var/www/html/code1/codeigniter/system/database/drivers/mssql/mssql_forge.php
Parsing file:///var/www/html/code1/codeigniter/system/database/drivers/mssql/mssql_driver.php
Parsing file:///var/www/html/code1/codeigniter/system/database/drivers/mssql/mssql_result.php
Parsing file:///var/www/html/code1/codeigniter/system/database/drivers/pdo/pdo_driver.php
Parsing file:///var/www/html/code1/codeigniter/system/database/drivers/pdo/first.php
Parsing file:///var/www/html/code1/codeigniter/system/database/drivers/pdo/pdo_utility.php
Parsing file:///var/www/html/code1/codeigniter/system/database/drivers/pdo/subdrivers/pdo_pgsql_forge.php
Parsing file:///var/www/html/code1/codeigniter/system/database/drivers/pdo/subdrivers/pdo_ibm_forge.php
Parsing file:///var/www/html/code1/codeigniter/system/database/drivers/pdo/subdrivers/pdo_sqlite_driver.php
Parsing file:///var/www/html/code1/codeigniter/system/database/drivers/pdo/subdrivers/pdo_oci_driver.php
Parsing file:///var/www/html/code1/codeigniter/system/database/drivers/pdo/subdrivers/pdo_firebird_forge.php
Parsing file:///var/www/html/code1/codeigniter/system/database/drivers/pdo/subdrivers/pdo_sqlsrv_forge.php
Parsing file:///var/www/html/code1/codeigniter/system/database/drivers/pdo/subdrivers/pdo_informix_driver.php
Parsing file:///var/www/html/code1/codeigniter/system/database/drivers/pdo/subdrivers/pdo_informix_forge.php
Parsing file:///var/www/html/code1/codeigniter/system/database/drivers/pdo/subdrivers/pdo_sqlite_forge.php
Parsing file:///var/www/html/code1/codeigniter/system/database/drivers/pdo/subdrivers/pdo_odbc_driver.php
Parsing file:///var/www/html/code1/codeigniter/system/database/drivers/pdo/subdrivers/pdo_4d_forge.php
Parsing file:///var/www/html/code1/codeigniter/system/database/drivers/pdo/subdrivers/pdo_4d_driver.php
Parsing file:///var/www/html/code1/codeigniter/system/database/drivers/pdo/subdrivers/pdo_cubrid_driver.php
Parsing file:///var/www/html/code1/codeigniter/system/database/drivers/pdo/subdrivers/pdo_cubrid_forge.php
Parsing file:///var/www/html/code1/codeigniter/system/database/drivers/pdo/subdrivers/pdo_sqlsrv_driver.php
Parsing file:///var/www/html/code1/codeigniter/system/database/drivers/pdo/subdrivers/pdo_dblib_forge.php
Parsing file:///var/www/html/code1/codeigniter/system/database/drivers/pdo/subdrivers/pdo_firebird_driver.php
Parsing file:///var/www/html/code1/codeigniter/system/database/drivers/pdo/subdrivers/pdo_ibm_driver.php
Parsing file:///var/www/html/code1/codeigniter/system/database/drivers/pdo/subdrivers/pdo_pgsql_driver.php
Parsing file:///var/www/html/code1/codeigniter/system/database/drivers/pdo/subdrivers/pdo_dblib_driver.php
Parsing file:///var/www/html/code1/codeigniter/system/database/drivers/pdo/subdrivers/pdo_mysql_driver.php
Parsing file:///var/www/html/code1/codeigniter/system/database/drivers/pdo/subdrivers/pdo_odbc_forge.php
Parsing file:///var/www/html/code1/codeigniter/system/database/drivers/pdo/subdrivers/pdo_mysql_forge.php
Parsing file:///var/www/html/code1/codeigniter/system/database/drivers/pdo/subdrivers/pdo_oci_forge.php
Parsing file:///var/www/html/code1/codeigniter/system/database/drivers/pdo/pdo_forge.php
Parsing file:///var/www/html/code1/codeigniter/system/database/drivers/pdo/pdo_result.php
Parsing file:///var/www/html/code1/codeigniter/system/database/drivers/sqlite/sqlite_forge.php
Parsing file:///var/www/html/code1/codeigniter/system/database/drivers/sqlite/sqlite_driver.php
Parsing file:///var/www/html/code1/codeigniter/system/database/drivers/sqlite/sqlite_utility.php
Parsing file:///var/www/html/code1/codeigniter/system/database/drivers/sqlite/sqlite_result.php
Parsing file:///var/www/html/code1/codeigniter/system/database/drivers/oci8/oci8_result.php
Parsing file:///var/www/html/code1/codeigniter/system/database/drivers/oci8/oci8_driver.php
Parsing file:///var/www/html/code1/codeigniter/system/database/drivers/oci8/oci8_forge.php
Parsing file:///var/www/html/code1/codeigniter/system/database/drivers/oci8/oci8_utility.php
Parsing file:///var/www/html/code1/codeigniter/system/database/DB_utility.php
Parsing file:///var/www/html/code1/codeigniter/system/database/DB_cache.php
Parsing file:///var/www/html/code1/codeigniter/system/database/DB_forge.php
Parsing file:///var/www/html/code1/codeigniter/system/database/DB_query_builder.php
Parsing file:///var/www/html/code1/codeigniter/system/database/DB.php
Parsing file:///var/www/html/code1/codeigniter/system/database/DB_driver.php
Parsing file:///var/www/html/code1/codeigniter/system/database/DB_result.php
Parsing file:///var/www/html/code1/codeigniter/system/libraries/Xmlrpc.php
Parsing file:///var/www/html/code1/codeigniter/system/libraries/Calendar.php
Parsing file:///var/www/html/code1/codeigniter/system/libraries/Typography.php
Parsing file:///var/www/html/code1/codeigniter/system/libraries/Cache/drivers/Cache_apc.php
Parsing file:///var/www/html/code1/codeigniter/system/libraries/Cache/drivers/Cache_memcached.php
Parsing file:///var/www/html/code1/codeigniter/system/libraries/Cache/drivers/Cache_file.php
Parsing file:///var/www/html/code1/codeigniter/system/libraries/Cache/drivers/Cache_dummy.php
Parsing file:///var/www/html/code1/codeigniter/system/libraries/Cache/drivers/Cache_wincache.php
Parsing file:///var/www/html/code1/codeigniter/system/libraries/Cache/drivers/Cache_redis.php
Parsing file:///var/www/html/code1/codeigniter/system/libraries/Cache/Cache.php
Parsing file:///var/www/html/code1/codeigniter/system/libraries/Encryption.php
Parsing file:///var/www/html/code1/codeigniter/system/libraries/Javascript.php
Parsing file:///var/www/html/code1/codeigniter/system/libraries/Email.php
Parsing file:///var/www/html/code1/codeigniter/system/libraries/Trackback.php
Parsing file:///var/www/html/code1/codeigniter/system/libraries/Xmlrpcs.php
Parsing file:///var/www/html/code1/codeigniter/system/libraries/Ftp.php
Parsing file:///var/www/html/code1/codeigniter/system/libraries/Javascript/Jquery.php
Parsing file:///var/www/html/code1/codeigniter/system/libraries/Unit_test.php
Parsing file:///var/www/html/code1/codeigniter/system/libraries/Image_lib.php
Parsing file:///var/www/html/code1/codeigniter/system/libraries/Cart.php
Parsing file:///var/www/html/code1/codeigniter/system/libraries/Form_validation.php
Parsing file:///var/www/html/code1/codeigniter/system/libraries/Upload.php
Parsing file:///var/www/html/code1/codeigniter/system/libraries/User_agent.php
Parsing file:///var/www/html/code1/codeigniter/system/libraries/Profiler.php
Parsing file:///var/www/html/code1/codeigniter/system/libraries/Parser.php
Parsing file:///var/www/html/code1/codeigniter/system/libraries/Driver.php
Parsing file:///var/www/html/code1/codeigniter/system/libraries/Encrypt.php
Parsing file:///var/www/html/code1/codeigniter/system/libraries/Migration.php
Parsing file:///var/www/html/code1/codeigniter/system/libraries/Table.php
Parsing file:///var/www/html/code1/codeigniter/system/libraries/Session/Session_driver.php
Parsing file:///var/www/html/code1/codeigniter/system/libraries/Session/drivers/Session_memcached_driver.php
Parsing file:///var/www/html/code1/codeigniter/system/libraries/Session/drivers/Session_files_driver.php
Parsing file:///var/www/html/code1/codeigniter/system/libraries/Session/drivers/Session_database_driver.php
Parsing file:///var/www/html/code1/codeigniter/system/libraries/Session/drivers/Session_redis_driver.php
Parsing file:///var/www/html/code1/codeigniter/system/libraries/Session/SessionHandlerInterface.php
Parsing file:///var/www/html/code1/codeigniter/system/libraries/Session/Session.php
Parsing file:///var/www/html/code1/codeigniter/system/libraries/Pagination.php
Parsing file:///var/www/html/code1/codeigniter/system/libraries/Zip.php
Parsing file:///var/www/html/code1/codeigniter/system/core/URI.php
Parsing file:///var/www/html/code1/codeigniter/system/core/Loader.php
Parsing file:///var/www/html/code1/codeigniter/system/core/Exceptions.php
Parsing file:///var/www/html/code1/codeigniter/system/core/Log.php
Parsing file:///var/www/html/code1/codeigniter/system/core/Benchmark.php
Parsing file:///var/www/html/code1/codeigniter/system/core/Utf8.php
Parsing file:///var/www/html/code1/codeigniter/system/core/Controller.php
Parsing file:///var/www/html/code1/codeigniter/system/core/Common.php
Parsing file:///var/www/html/code1/codeigniter/system/core/Output.php
Parsing file:///var/www/html/code1/codeigniter/system/core/Hooks.php
Parsing file:///var/www/html/code1/codeigniter/system/core/CodeIgniter.php
Parsing file:///var/www/html/code1/codeigniter/system/core/Config.php
Parsing file:///var/www/html/code1/codeigniter/system/core/Security.php
Parsing file:///var/www/html/code1/codeigniter/system/core/compat/mbstring.php
Parsing file:///var/www/html/code1/codeigniter/system/core/compat/standard.php
Parsing file:///var/www/html/code1/codeigniter/system/core/compat/password.php
Parsing file:///var/www/html/code1/codeigniter/system/core/compat/hash.php
Parsing file:///var/www/html/code1/codeigniter/system/core/Input.php
Parsing file:///var/www/html/code1/codeigniter/system/core/Lang.php
Parsing file:///var/www/html/code1/codeigniter/system/core/Model.php
Parsing file:///var/www/html/code1/codeigniter/system/core/Router.php
Parsing file:///var/www/html/code1/codeigniter/system/test.php
[Info  - 9:51:11 AM] Indexing project for dynamic references
Parsing file:///var/www/html/code1/codeigniter/index.php
Parsing file:///var/www/html/code1/codeigniter/phpunittest/vendor/composer/autoload_psr4.php
Parsing file:///var/www/html/code1/codeigniter/phpunittest/vendor/composer/autoload_files.php
Parsing file:///var/www/html/code1/codeigniter/phpunittest/vendor/composer/autoload_real.php
Parsing file:///var/www/html/code1/codeigniter/phpunittest/vendor/composer/autoload_namespaces.php
Parsing file:///var/www/html/code1/codeigniter/phpunittest/vendor/composer/ClassLoader.php
Parsing file:///var/www/html/code1/codeigniter/phpunittest/vendor/composer/autoload_classmap.php
Parsing file:///var/www/html/code1/codeigniter/phpunittest/vendor/autoload.php
Parsing file:///var/www/html/code1/codeigniter/phpunittest/tests/unit/FirstTest.php
Parsing file:///var/www/html/code1/codeigniter/application/controllers/mail_configuration.php
Parsing file:///var/www/html/code1/codeigniter/application/controllers/Notescontroller.php
Parsing file:///var/www/html/code1/codeigniter/application/controllers/Manage_Accounts.php
Parsing file:///var/www/html/code1/codeigniter/application/controllers/Main.php
Parsing file:///var/www/html/code1/codeigniter/application/controllers/Labelcontroller.php
Parsing file:///var/www/html/code1/codeigniter/application/controllers/Accountcontroller.php
Parsing file:///var/www/html/code1/codeigniter/application/controllers/Welcome.php
Parsing file:///var/www/html/code1/codeigniter/application/controllers/forgot-password-recovery-mail.php
Parsing file:///var/www/html/code1/codeigniter/application/vendor/composer/autoload_psr4.php
Parsing file:///var/www/html/code1/codeigniter/application/vendor/composer/autoload_real.php
Parsing file:///var/www/html/code1/codeigniter/application/vendor/composer/autoload_static.php
Parsing file:///var/www/html/code1/codeigniter/application/vendor/composer/autoload_namespaces.php
Parsing file:///var/www/html/code1/codeigniter/application/vendor/composer/ClassLoader.php
Parsing file:///var/www/html/code1/codeigniter/application/vendor/composer/autoload_classmap.php
Parsing file:///var/www/html/code1/codeigniter/application/vendor/autoload.php
Parsing file:///var/www/html/code1/codeigniter/application/models/Data_model.php
Parsing file:///var/www/html/code1/codeigniter/application/models/Response_model.php
Parsing file:///var/www/html/code1/codeigniter/application/models/Login_and_registeration.php
Parsing file:///var/www/html/code1/codeigniter/application/views/Manage_Accounts.php
Parsing file:///var/www/html/code1/codeigniter/application/views/welcome_message.php
Parsing file:///var/www/html/code1/codeigniter/application/views/test.php
Parsing file:///var/www/html/code1/codeigniter/application/views/errors/html/error_exception.php
Parsing file:///var/www/html/code1/codeigniter/application/views/errors/html/error_404.php
Parsing file:///var/www/html/code1/codeigniter/application/views/errors/html/error_db.php
Parsing file:///var/www/html/code1/codeigniter/application/views/errors/html/error_php.php
Parsing file:///var/www/html/code1/codeigniter/application/views/errors/html/error_general.php
Parsing file:///var/www/html/code1/codeigniter/application/views/errors/cli/error_exception.php
Parsing file:///var/www/html/code1/codeigniter/application/views/errors/cli/error_404.php
Parsing file:///var/www/html/code1/codeigniter/application/views/errors/cli/error_db.php
Parsing file:///var/www/html/code1/codeigniter/application/views/errors/cli/error_php.php
Parsing file:///var/www/html/code1/codeigniter/application/views/errors/cli/error_general.php
Parsing file:///var/www/html/code1/codeigniter/application/views/Login.php
Parsing file:///var/www/html/code1/codeigniter/application/views/Register.php
Parsing file:///var/www/html/code1/codeigniter/application/config/smileys.php
Parsing file:///var/www/html/code1/codeigniter/application/config/mimes.php
Parsing file:///var/www/html/code1/codeigniter/application/config/foreign_chars.php
Parsing file:///var/www/html/code1/codeigniter/application/config/hooks.php
Parsing file:///var/www/html/code1/codeigniter/application/config/constants.php
Parsing file:///var/www/html/code1/codeigniter/application/config/routes.php
Parsing file:///var/www/html/code1/codeigniter/application/config/doctypes.php
Parsing file:///var/www/html/code1/codeigniter/application/config/profiler.php
Parsing file:///var/www/html/code1/codeigniter/application/config/user_agents.php
Parsing file:///var/www/html/code1/codeigniter/application/config/migration.php
Parsing file:///var/www/html/code1/codeigniter/application/config/autoload.php
Parsing file:///var/www/html/code1/codeigniter/application/config/config.php
Parsing file:///var/www/html/code1/codeigniter/application/config/memcached.php
Parsing file:///var/www/html/code1/codeigniter/application/config/database.php
Parsing file:///var/www/html/code1/codeigniter/system/language/english/ftp_lang.php
Parsing file:///var/www/html/code1/codeigniter/system/language/english/form_validation_lang.php
Parsing file:///var/www/html/code1/codeigniter/system/language/english/profiler_lang.php
Parsing file:///var/www/html/code1/codeigniter/system/language/english/pagination_lang.php
Parsing file:///var/www/html/code1/codeigniter/system/language/english/calendar_lang.php
Parsing file:///var/www/html/code1/codeigniter/system/language/english/migration_lang.php
Parsing file:///var/www/html/code1/codeigniter/system/language/english/email_lang.php
Parsing file:///var/www/html/code1/codeigniter/system/language/english/unit_test_lang.php
Parsing file:///var/www/html/code1/codeigniter/system/language/english/db_lang.php
Parsing file:///var/www/html/code1/codeigniter/system/language/english/imglib_lang.php
Parsing file:///var/www/html/code1/codeigniter/system/language/english/number_lang.php
Parsing file:///var/www/html/code1/codeigniter/system/language/english/upload_lang.php
Parsing file:///var/www/html/code1/codeigniter/system/language/english/date_lang.php
Parsing file:///var/www/html/code1/codeigniter/system/helpers/cookie_helper.php
Parsing file:///var/www/html/code1/codeigniter/system/helpers/xml_helper.php
Parsing file:///var/www/html/code1/codeigniter/system/helpers/array_helper.php
Parsing file:///var/www/html/code1/codeigniter/system/helpers/language_helper.php
Parsing file:///var/www/html/code1/codeigniter/system/helpers/text_helper.php
Parsing file:///var/www/html/code1/codeigniter/system/helpers/path_helper.php
Parsing file:///var/www/html/code1/codeigniter/system/helpers/url_helper.php
Parsing file:///var/www/html/code1/codeigniter/system/helpers/html_helper.php
Parsing file:///var/www/html/code1/codeigniter/system/helpers/smiley_helper.php
Parsing file:///var/www/html/code1/codeigniter/system/helpers/number_helper.php
Parsing file:///var/www/html/code1/codeigniter/system/helpers/captcha_helper.php
Parsing file:///var/www/html/code1/codeigniter/system/helpers/directory_helper.php
Parsing file:///var/www/html/code1/codeigniter/system/helpers/file_helper.php
Parsing file:///var/www/html/code1/codeigniter/system/helpers/inflector_helper.php
Parsing file:///var/www/html/code1/codeigniter/system/helpers/form_helper.php
Parsing file:///var/www/html/code1/codeigniter/system/helpers/security_helper.php
Parsing file:///var/www/html/code1/codeigniter/system/helpers/typography_helper.php
Parsing file:///var/www/html/code1/codeigniter/system/helpers/download_helper.php
Parsing file:///var/www/html/code1/codeigniter/system/helpers/date_helper.php
Parsing file:///var/www/html/code1/codeigniter/system/helpers/string_helper.php
Parsing file:///var/www/html/code1/codeigniter/system/helpers/email_helper.php
Parsing file:///var/www/html/code1/codeigniter/system/database/drivers/sqlsrv/sqlsrv_driver.php
Parsing file:///var/www/html/code1/codeigniter/system/database/drivers/sqlsrv/sqlsrv_result.php
Parsing file:///var/www/html/code1/codeigniter/system/database/drivers/sqlsrv/sqlsrv_forge.php
Parsing file:///var/www/html/code1/codeigniter/system/database/drivers/sqlsrv/sqlsrv_utility.php
Parsing file:///var/www/html/code1/codeigniter/system/database/drivers/postgre/postgre_utility.php
Parsing file:///var/www/html/code1/codeigniter/system/database/drivers/postgre/postgre_driver.php
Parsing file:///var/www/html/code1/codeigniter/system/database/drivers/postgre/postgre_forge.php
Parsing file:///var/www/html/code1/codeigniter/system/database/drivers/postgre/postgre_result.php
Parsing file:///var/www/html/code1/codeigniter/system/database/drivers/sqlite3/sqlite3_result.php
Parsing file:///var/www/html/code1/codeigniter/system/database/drivers/sqlite3/sqlite3_driver.php
Parsing file:///var/www/html/code1/codeigniter/system/database/drivers/sqlite3/sqlite3_utility.php
Parsing file:///var/www/html/code1/codeigniter/system/database/drivers/sqlite3/sqlite3_forge.php
Parsing file:///var/www/html/code1/codeigniter/system/database/drivers/odbc/odbc_result.php
Parsing file:///var/www/html/code1/codeigniter/system/database/drivers/odbc/odbc_utility.php
Parsing file:///var/www/html/code1/codeigniter/system/database/drivers/odbc/odbc_forge.php
Parsing file:///var/www/html/code1/codeigniter/system/database/drivers/odbc/odbc_driver.php
Parsing file:///var/www/html/code1/codeigniter/system/database/drivers/mysql/mysql_driver.php
Parsing file:///var/www/html/code1/codeigniter/system/database/drivers/mysql/mysql_utility.php
Parsing file:///var/www/html/code1/codeigniter/system/database/drivers/mysql/mysql_forge.php
Parsing file:///var/www/html/code1/codeigniter/system/database/drivers/mysql/mysql_result.php
Parsing file:///var/www/html/code1/codeigniter/system/database/drivers/ibase/ibase_forge.php
Parsing file:///var/www/html/code1/codeigniter/system/database/drivers/ibase/ibase_result.php
Parsing file:///var/www/html/code1/codeigniter/system/database/drivers/ibase/ibase_driver.php
Parsing file:///var/www/html/code1/codeigniter/system/database/drivers/ibase/ibase_utility.php
Parsing file:///var/www/html/code1/codeigniter/system/database/drivers/cubrid/cubrid_utility.php
Parsing file:///var/www/html/code1/codeigniter/system/database/drivers/cubrid/cubrid_driver.php
Parsing file:///var/www/html/code1/codeigniter/system/database/drivers/cubrid/cubrid_result.php
Parsing file:///var/www/html/code1/codeigniter/system/database/drivers/cubrid/cubrid_forge.php
Parsing file:///var/www/html/code1/codeigniter/system/database/drivers/mysqli/FirstProgram.php
Parsing file:///var/www/html/code1/codeigniter/system/database/drivers/mysqli/mysqli_forge.php
Parsing file:///var/www/html/code1/codeigniter/system/database/drivers/mysqli/mysqli_result.php
Parsing file:///var/www/html/code1/codeigniter/system/database/drivers/mysqli/mysqli_driver.php
Parsing file:///var/www/html/code1/codeigniter/system/database/drivers/mysqli/mysqli_utility.php
Parsing file:///var/www/html/code1/codeigniter/system/database/drivers/mssql/mssql_utility.php
Parsing file:///var/www/html/code1/codeigniter/system/database/drivers/mssql/mssql_forge.php
Parsing file:///var/www/html/code1/codeigniter/system/database/drivers/mssql/mssql_driver.php
Parsing file:///var/www/html/code1/codeigniter/system/database/drivers/mssql/mssql_result.php
Parsing file:///var/www/html/code1/codeigniter/system/database/drivers/pdo/pdo_driver.php
Parsing file:///var/www/html/code1/codeigniter/system/database/drivers/pdo/first.php
Parsing file:///var/www/html/code1/codeigniter/system/database/drivers/pdo/pdo_utility.php
Parsing file:///var/www/html/code1/codeigniter/system/database/drivers/pdo/subdrivers/pdo_pgsql_forge.php
Parsing file:///var/www/html/code1/codeigniter/system/database/drivers/pdo/subdrivers/pdo_ibm_forge.php
Parsing file:///var/www/html/code1/codeigniter/system/database/drivers/pdo/subdrivers/pdo_sqlite_driver.php
Parsing file:///var/www/html/code1/codeigniter/system/database/drivers/pdo/subdrivers/pdo_oci_driver.php
Parsing file:///var/www/html/code1/codeigniter/system/database/drivers/pdo/subdrivers/pdo_firebird_forge.php
Parsing file:///var/www/html/code1/codeigniter/system/database/drivers/pdo/subdrivers/pdo_sqlsrv_forge.php
Parsing file:///var/www/html/code1/codeigniter/system/database/drivers/pdo/subdrivers/pdo_informix_driver.php
Parsing file:///var/www/html/code1/codeigniter/system/database/drivers/pdo/subdrivers/pdo_informix_forge.php
Parsing file:///var/www/html/code1/codeigniter/system/database/drivers/pdo/subdrivers/pdo_sqlite_forge.php
Parsing file:///var/www/html/code1/codeigniter/system/database/drivers/pdo/subdrivers/pdo_odbc_driver.php
Parsing file:///var/www/html/code1/codeigniter/system/database/drivers/pdo/subdrivers/pdo_4d_forge.php
Parsing file:///var/www/html/code1/codeigniter/system/database/drivers/pdo/subdrivers/pdo_4d_driver.php
Parsing file:///var/www/html/code1/codeigniter/system/database/drivers/pdo/subdrivers/pdo_cubrid_driver.php
Parsing file:///var/www/html/code1/codeigniter/system/database/drivers/pdo/subdrivers/pdo_cubrid_forge.php
Parsing file:///var/www/html/code1/codeigniter/system/database/drivers/pdo/subdrivers/pdo_sqlsrv_driver.php
Parsing file:///var/www/html/code1/codeigniter/system/database/drivers/pdo/subdrivers/pdo_dblib_forge.php
Parsing file:///var/www/html/code1/codeigniter/system/database/drivers/pdo/subdrivers/pdo_firebird_driver.php
Parsing file:///var/www/html/code1/codeigniter/system/database/drivers/pdo/subdrivers/pdo_ibm_driver.php
Parsing file:///var/www/html/code1/codeigniter/system/database/drivers/pdo/subdrivers/pdo_pgsql_driver.php
Parsing file:///var/www/html/code1/codeigniter/system/database/drivers/pdo/subdrivers/pdo_dblib_driver.php
Parsing file:///var/www/html/code1/codeigniter/system/database/drivers/pdo/subdrivers/pdo_mysql_driver.php
Parsing file:///var/www/html/code1/codeigniter/system/database/drivers/pdo/subdrivers/pdo_odbc_forge.php
Parsing file:///var/www/html/code1/codeigniter/system/database/drivers/pdo/subdrivers/pdo_mysql_forge.php
Parsing file:///var/www/html/code1/codeigniter/system/database/drivers/pdo/subdrivers/pdo_oci_forge.php
Parsing file:///var/www/html/code1/codeigniter/system/database/drivers/pdo/pdo_forge.php
Parsing file:///var/www/html/code1/codeigniter/system/database/drivers/pdo/pdo_result.php
Parsing file:///var/www/html/code1/codeigniter/system/database/drivers/sqlite/sqlite_forge.php
Parsing file:///var/www/html/code1/codeigniter/system/database/drivers/sqlite/sqlite_driver.php
Parsing file:///var/www/html/code1/codeigniter/system/database/drivers/sqlite/sqlite_utility.php
Parsing file:///var/www/html/code1/codeigniter/system/database/drivers/sqlite/sqlite_result.php
Parsing file:///var/www/html/code1/codeigniter/system/database/drivers/oci8/oci8_result.php
Parsing file:///var/www/html/code1/codeigniter/system/database/drivers/oci8/oci8_driver.php
Parsing file:///var/www/html/code1/codeigniter/system/database/drivers/oci8/oci8_forge.php
Parsing file:///var/www/html/code1/codeigniter/system/database/drivers/oci8/oci8_utility.php
Parsing file:///var/www/html/code1/codeigniter/system/database/DB_utility.php
Parsing file:///var/www/html/code1/codeigniter/system/database/DB_cache.php
Parsing file:///var/www/html/code1/codeigniter/system/database/DB_forge.php
Parsing file:///var/www/html/code1/codeigniter/system/database/DB_query_builder.php
Parsing file:///var/www/html/code1/codeigniter/system/database/DB.php
Parsing file:///var/www/html/code1/codeigniter/system/database/DB_driver.php
Parsing file:///var/www/html/code1/codeigniter/system/database/DB_result.php
Parsing file:///var/www/html/code1/codeigniter/system/libraries/Xmlrpc.php
Parsing file:///var/www/html/code1/codeigniter/system/libraries/Calendar.php
Parsing file:///var/www/html/code1/codeigniter/system/libraries/Typography.php
Parsing file:///var/www/html/code1/codeigniter/system/libraries/Cache/drivers/Cache_apc.php
Parsing file:///var/www/html/code1/codeigniter/system/libraries/Cache/drivers/Cache_memcached.php
Parsing file:///var/www/html/code1/codeigniter/system/libraries/Cache/drivers/Cache_file.php
Parsing file:///var/www/html/code1/codeigniter/system/libraries/Cache/drivers/Cache_dummy.php
Parsing file:///var/www/html/code1/codeigniter/system/libraries/Cache/drivers/Cache_wincache.php
Parsing file:///var/www/html/code1/codeigniter/system/libraries/Cache/drivers/Cache_redis.php
Parsing file:///var/www/html/code1/codeigniter/system/libraries/Cache/Cache.php
Parsing file:///var/www/html/code1/codeigniter/system/libraries/Encryption.php
Parsing file:///var/www/html/code1/codeigniter/system/libraries/Javascript.php
Parsing file:///var/www/html/code1/codeigniter/system/libraries/Email.php
Parsing file:///var/www/html/code1/codeigniter/system/libraries/Trackback.php
Parsing file:///var/www/html/code1/codeigniter/system/libraries/Xmlrpcs.php
Parsing file:///var/www/html/code1/codeigniter/system/libraries/Ftp.php
Parsing file:///var/www/html/code1/codeigniter/system/libraries/Javascript/Jquery.php
Parsing file:///var/www/html/code1/codeigniter/system/libraries/Unit_test.php
Parsing file:///var/www/html/code1/codeigniter/system/libraries/Image_lib.php
Parsing file:///var/www/html/code1/codeigniter/system/libraries/Cart.php
Parsing file:///var/www/html/code1/codeigniter/system/libraries/Form_validation.php
Parsing file:///var/www/html/code1/codeigniter/system/libraries/Upload.php
Parsing file:///var/www/html/code1/codeigniter/system/libraries/User_agent.php
Parsing file:///var/www/html/code1/codeigniter/system/libraries/Profiler.php
Parsing file:///var/www/html/code1/codeigniter/system/libraries/Parser.php
Parsing file:///var/www/html/code1/codeigniter/system/libraries/Driver.php
Parsing file:///var/www/html/code1/codeigniter/system/libraries/Encrypt.php
Parsing file:///var/www/html/code1/codeigniter/system/libraries/Migration.php
Parsing file:///var/www/html/code1/codeigniter/system/libraries/Table.php
Parsing file:///var/www/html/code1/codeigniter/system/libraries/Session/Session_driver.php
Parsing file:///var/www/html/code1/codeigniter/system/libraries/Session/drivers/Session_memcached_driver.php
Parsing file:///var/www/html/code1/codeigniter/system/libraries/Session/drivers/Session_files_driver.php
Parsing file:///var/www/html/code1/codeigniter/system/libraries/Session/drivers/Session_database_driver.php
Parsing file:///var/www/html/code1/codeigniter/system/libraries/Session/drivers/Session_redis_driver.php
Parsing file:///var/www/html/code1/codeigniter/system/libraries/Session/SessionHandlerInterface.php
Parsing file:///var/www/html/code1/codeigniter/system/libraries/Session/Session.php
Parsing file:///var/www/html/code1/codeigniter/system/libraries/Pagination.php
Parsing file:///var/www/html/code1/codeigniter/system/libraries/Zip.php
Parsing file:///var/www/html/code1/codeigniter/system/core/URI.php
Parsing file:///var/www/html/code1/codeigniter/system/core/Loader.php
Parsing file:///var/www/html/code1/codeigniter/system/core/Exceptions.php
Parsing file:///var/www/html/code1/codeigniter/system/core/Log.php
Parsing file:///var/www/html/code1/codeigniter/system/core/Benchmark.php
Parsing file:///var/www/html/code1/codeigniter/system/core/Utf8.php
Parsing file:///var/www/html/code1/codeigniter/system/core/Controller.php
Parsing file:///var/www/html/code1/codeigniter/system/core/Common.php
Parsing file:///var/www/html/code1/codeigniter/system/core/Output.php
Parsing file:///var/www/html/code1/codeigniter/system/core/Hooks.php
Parsing file:///var/www/html/code1/codeigniter/system/core/CodeIgniter.php
Parsing file:///var/www/html/code1/codeigniter/system/core/Config.php
Parsing file:///var/www/html/code1/codeigniter/system/core/Security.php
Parsing file:///var/www/html/code1/codeigniter/system/core/compat/mbstring.php
Parsing file:///var/www/html/code1/codeigniter/system/core/compat/standard.php
Parsing file:///var/www/html/code1/codeigniter/system/core/compat/password.php
Parsing file:///var/www/html/code1/codeigniter/system/core/compat/hash.php
Parsing file:///var/www/html/code1/codeigniter/system/core/Input.php
Parsing file:///var/www/html/code1/codeigniter/system/core/Lang.php
Parsing file:///var/www/html/code1/codeigniter/system/core/Model.php
Parsing file:///var/www/html/code1/codeigniter/system/core/Router.php
Parsing file:///var/www/html/code1/codeigniter/system/test.php
[Info  - 9:51:17 AM] 29 Packages
[Info  - 9:51:17 AM] Restored webmozart/assert:1.3.0 from cache
[Info  - 9:51:17 AM] Restored phpdocumentor/type-resolver:0.4.0 from cache
[Info  - 9:51:17 AM] Restored phpdocumentor/reflection-common:1.0.1 from cache
[Info  - 9:51:17 AM] Restored phpdocumentor/reflection-docblock:4.3.0 from cache
[Info  - 9:51:17 AM] Restored phpunit/php-text-template:1.2.1 from cache
[Info  - 9:51:17 AM] Restored phpunit/phpunit:6.5.13 from cache
[Info  - 9:51:17 AM] Restored phpunit/php-token-stream:2.0.2 from cache
[Info  - 9:51:17 AM] Restored phpunit/php-timer:1.0.9 from cache
[Info  - 9:51:17 AM] Restored phpunit/php-file-iterator:1.4.5 from cache
[Info  - 9:51:17 AM] Restored phpunit/phpunit-mock-objects:5.0.10 from cache
[Info  - 9:51:18 AM] Restored phpunit/php-code-coverage:5.3.2 from cache
[Info  - 9:51:18 AM] Restored theseer/tokenizer:1.1.0 from cache
[Info  - 9:51:18 AM] Restored sebastian/version:2.0.1 from cache
[Info  - 9:51:18 AM] Restored sebastian/comparator:2.1.3 from cache
[Info  - 9:51:18 AM] Restored sebastian/diff:2.0.1 from cache
[Info  - 9:51:18 AM] Restored sebastian/object-reflector:1.1.1 from cache
[Info  - 9:51:18 AM] Restored sebastian/exporter:3.1.0 from cache
[Info  - 9:51:18 AM] Restored sebastian/object-enumerator:3.0.3 from cache
[Info  - 9:51:18 AM] Restored sebastian/global-state:2.0.0 from cache
[Info  - 9:51:18 AM] Restored sebastian/code-unit-reverse-lookup:1.0.1 from cache
[Info  - 9:51:18 AM] Restored sebastian/resource-operations:1.0.0 from cache
[Info  - 9:51:18 AM] Restored sebastian/environment:3.1.0 from cache
[Info  - 9:51:18 AM] Restored sebastian/recursion-context:3.0.0 from cache
[Info  - 9:51:18 AM] Restored phar-io/version:1.0.1 from cache
[Info  - 9:51:18 AM] Restored phar-io/manifest:1.0.1 from cache
[Info  - 9:51:18 AM] Restored myclabs/deep-copy:1.7.0 from cache
[Info  - 9:51:18 AM] Restored doctrine/instantiator:1.0.5 from cache
[Info  - 9:51:18 AM] Restored phpspec/prophecy:1.8.0 from cache
[Info  - 9:51:18 AM] Indexing phpmailer/phpmailer for definitions and static references
Parsing file:///var/www/html/code1/codeigniter/application/vendor/phpmailer/phpmailer/language/phpmailer.lang-gl.php
Parsing file:///var/www/html/code1/codeigniter/application/vendor/phpmailer/phpmailer/language/phpmailer.lang-pl.php
Parsing file:///var/www/html/code1/codeigniter/application/vendor/phpmailer/phpmailer/language/phpmailer.lang-hi.php
Parsing file:///var/www/html/code1/codeigniter/application/vendor/phpmailer/phpmailer/language/phpmailer.lang-da.php
Parsing file:///var/www/html/code1/codeigniter/application/vendor/phpmailer/phpmailer/language/phpmailer.lang-he.php
Parsing file:///var/www/html/code1/codeigniter/application/vendor/phpmailer/phpmailer/language/phpmailer.lang-ms.php
Parsing file:///var/www/html/code1/codeigniter/application/vendor/phpmailer/phpmailer/language/phpmailer.lang-am.php
Parsing file:///var/www/html/code1/codeigniter/application/vendor/phpmailer/phpmailer/language/phpmailer.lang-ko.php
Parsing file:///var/www/html/code1/codeigniter/application/vendor/phpmailer/phpmailer/language/phpmailer.lang-ba.php
Parsing file:///var/www/html/code1/codeigniter/application/vendor/phpmailer/phpmailer/language/phpmailer.lang-de.php
Parsing file:///var/www/html/code1/codeigniter/application/vendor/phpmailer/phpmailer/language/phpmailer.lang-sk.php
Parsing file:///var/www/html/code1/codeigniter/application/vendor/phpmailer/phpmailer/language/phpmailer.lang-hu.php
Parsing file:///var/www/html/code1/codeigniter/application/vendor/phpmailer/phpmailer/language/phpmailer.lang-rs.php
Parsing file:///var/www/html/code1/codeigniter/application/vendor/phpmailer/phpmailer/language/phpmailer.lang-lv.php
Parsing file:///var/www/html/code1/codeigniter/application/vendor/phpmailer/phpmailer/language/phpmailer.lang-nl.php
Parsing file:///var/www/html/code1/codeigniter/application/vendor/phpmailer/phpmailer/language/phpmailer.lang-uk.php
Parsing file:///var/www/html/code1/codeigniter/application/vendor/phpmailer/phpmailer/language/phpmailer.lang-ca.php
Parsing file:///var/www/html/code1/codeigniter/application/vendor/phpmailer/phpmailer/language/phpmailer.lang-el.php
Parsing file:///var/www/html/code1/codeigniter/application/vendor/phpmailer/phpmailer/language/phpmailer.lang-it.php
Parsing file:///var/www/html/code1/codeigniter/application/vendor/phpmailer/phpmailer/language/phpmailer.lang-ka.php
Parsing file:///var/www/html/code1/codeigniter/application/vendor/phpmailer/phpmailer/language/phpmailer.lang-ro.php
Parsing file:///var/www/html/code1/codeigniter/application/vendor/phpmailer/phpmailer/language/phpmailer.lang-zh_cn.php
Parsing file:///var/www/html/code1/codeigniter/application/vendor/phpmailer/phpmailer/language/phpmailer.lang-sl.php
Parsing file:///var/www/html/code1/codeigniter/application/vendor/phpmailer/phpmailer/language/phpmailer.lang-fa.php
Parsing file:///var/www/html/code1/codeigniter/application/vendor/phpmailer/phpmailer/language/phpmailer.lang-sv.php
Parsing file:///var/www/html/code1/codeigniter/application/vendor/phpmailer/phpmailer/language/phpmailer.lang-ar.php
Parsing file:///var/www/html/code1/codeigniter/application/vendor/phpmailer/phpmailer/language/phpmailer.lang-zh.php
Parsing file:///var/www/html/code1/codeigniter/application/vendor/phpmailer/phpmailer/language/phpmailer.lang-be.php
Parsing file:///var/www/html/code1/codeigniter/application/vendor/phpmailer/phpmailer/language/phpmailer.lang-id.php
Parsing file:///var/www/html/code1/codeigniter/application/vendor/phpmailer/phpmailer/language/phpmailer.lang-ch.php
Parsing file:///var/www/html/code1/codeigniter/application/vendor/phpmailer/phpmailer/language/phpmailer.lang-ja.php
Parsing file:///var/www/html/code1/codeigniter/application/vendor/phpmailer/phpmailer/language/phpmailer.lang-az.php
Parsing file:///var/www/html/code1/codeigniter/application/vendor/phpmailer/phpmailer/language/phpmailer.lang-vi.php
Parsing file:///var/www/html/code1/codeigniter/application/vendor/phpmailer/phpmailer/language/phpmailer.lang-hr.php
Parsing file:///var/www/html/code1/codeigniter/application/vendor/phpmailer/phpmailer/language/phpmailer.lang-fo.php
Parsing file:///var/www/html/code1/codeigniter/application/vendor/phpmailer/phpmailer/language/phpmailer.lang-es.php
Parsing file:///var/www/html/code1/codeigniter/application/vendor/phpmailer/phpmailer/language/phpmailer.lang-fi.php
Parsing file:///var/www/html/code1/codeigniter/application/vendor/phpmailer/phpmailer/language/phpmailer.lang-pt.php
Parsing file:///var/www/html/code1/codeigniter/application/vendor/phpmailer/phpmailer/language/phpmailer.lang-eo.php
Parsing file:///var/www/html/code1/codeigniter/application/vendor/phpmailer/phpmailer/language/phpmailer.lang-nb.php
Parsing file:///var/www/html/code1/codeigniter/application/vendor/phpmailer/phpmailer/language/phpmailer.lang-lt.php
Parsing file:///var/www/html/code1/codeigniter/application/vendor/phpmailer/phpmailer/language/phpmailer.lang-cs.php
Parsing file:///var/www/html/code1/codeigniter/application/vendor/phpmailer/phpmailer/language/phpmailer.lang-pt_br.php
Parsing file:///var/www/html/code1/codeigniter/application/vendor/phpmailer/phpmailer/language/phpmailer.lang-bg.php
Parsing file:///var/www/html/code1/codeigniter/application/vendor/phpmailer/phpmailer/language/phpmailer.lang-et.php
Parsing file:///var/www/html/code1/codeigniter/application/vendor/phpmailer/phpmailer/language/phpmailer.lang-tr.php
Parsing file:///var/www/html/code1/codeigniter/application/vendor/phpmailer/phpmailer/language/phpmailer.lang-fr.php
Parsing file:///var/www/html/code1/codeigniter/application/vendor/phpmailer/phpmailer/language/phpmailer.lang-ru.php
Parsing file:///var/www/html/code1/codeigniter/application/vendor/phpmailer/phpmailer/get_oauth_token.php
Parsing file:///var/www/html/code1/codeigniter/application/vendor/phpmailer/phpmailer/src/SMTP.php
Parsing file:///var/www/html/code1/codeigniter/application/vendor/phpmailer/phpmailer/src/OAuth.php
Parsing file:///var/www/html/code1/codeigniter/application/vendor/phpmailer/phpmailer/src/Exception.php
Parsing file:///var/www/html/code1/codeigniter/application/vendor/phpmailer/phpmailer/src/PHPMailer.php
[Info  - 9:51:18 AM] Ignoring file file:///var/www/html/code1/codeigniter/application/vendor/phpmailer/phpmailer/src/PHPMailer.php because it exceeds size limit of 150000 bytes (151002)
Parsing file:///var/www/html/code1/codeigniter/application/vendor/phpmailer/phpmailer/src/POP3.php
[Info  - 9:51:18 AM] Indexing phpmailer/phpmailer for dynamic references
Parsing file:///var/www/html/code1/codeigniter/application/vendor/phpmailer/phpmailer/language/phpmailer.lang-gl.php
Parsing file:///var/www/html/code1/codeigniter/application/vendor/phpmailer/phpmailer/language/phpmailer.lang-pl.php
Parsing file:///var/www/html/code1/codeigniter/application/vendor/phpmailer/phpmailer/language/phpmailer.lang-hi.php
Parsing file:///var/www/html/code1/codeigniter/application/vendor/phpmailer/phpmailer/language/phpmailer.lang-da.php
Parsing file:///var/www/html/code1/codeigniter/application/vendor/phpmailer/phpmailer/language/phpmailer.lang-he.php
Parsing file:///var/www/html/code1/codeigniter/application/vendor/phpmailer/phpmailer/language/phpmailer.lang-ms.php
Parsing file:///var/www/html/code1/codeigniter/application/vendor/phpmailer/phpmailer/language/phpmailer.lang-am.php
Parsing file:///var/www/html/code1/codeigniter/application/vendor/phpmailer/phpmailer/language/phpmailer.lang-ko.php
Parsing file:///var/www/html/code1/codeigniter/application/vendor/phpmailer/phpmailer/language/phpmailer.lang-ba.php
Parsing file:///var/www/html/code1/codeigniter/application/vendor/phpmailer/phpmailer/language/phpmailer.lang-de.php
Parsing file:///var/www/html/code1/codeigniter/application/vendor/phpmailer/phpmailer/language/phpmailer.lang-sk.php
Parsing file:///var/www/html/code1/codeigniter/application/vendor/phpmailer/phpmailer/language/phpmailer.lang-hu.php
Parsing file:///var/www/html/code1/codeigniter/application/vendor/phpmailer/phpmailer/language/phpmailer.lang-rs.php
Parsing file:///var/www/html/code1/codeigniter/application/vendor/phpmailer/phpmailer/language/phpmailer.lang-lv.php
Parsing file:///var/www/html/code1/codeigniter/application/vendor/phpmailer/phpmailer/language/phpmailer.lang-nl.php
Parsing file:///var/www/html/code1/codeigniter/application/vendor/phpmailer/phpmailer/language/phpmailer.lang-uk.php
Parsing file:///var/www/html/code1/codeigniter/application/vendor/phpmailer/phpmailer/language/phpmailer.lang-ca.php
Parsing file:///var/www/html/code1/codeigniter/application/vendor/phpmailer/phpmailer/language/phpmailer.lang-el.php
Parsing file:///var/www/html/code1/codeigniter/application/vendor/phpmailer/phpmailer/language/phpmailer.lang-it.php
Parsing file:///var/www/html/code1/codeigniter/application/vendor/phpmailer/phpmailer/language/phpmailer.lang-ka.php
Parsing file:///var/www/html/code1/codeigniter/application/vendor/phpmailer/phpmailer/language/phpmailer.lang-ro.php
Parsing file:///var/www/html/code1/codeigniter/application/vendor/phpmailer/phpmailer/language/phpmailer.lang-zh_cn.php
Parsing file:///var/www/html/code1/codeigniter/application/vendor/phpmailer/phpmailer/language/phpmailer.lang-sl.php
Parsing file:///var/www/html/code1/codeigniter/application/vendor/phpmailer/phpmailer/language/phpmailer.lang-fa.php
Parsing file:///var/www/html/code1/codeigniter/application/vendor/phpmailer/phpmailer/language/phpmailer.lang-sv.php
Parsing file:///var/www/html/code1/codeigniter/application/vendor/phpmailer/phpmailer/language/phpmailer.lang-ar.php
Parsing file:///var/www/html/code1/codeigniter/application/vendor/phpmailer/phpmailer/language/phpmailer.lang-zh.php
Parsing file:///var/www/html/code1/codeigniter/application/vendor/phpmailer/phpmailer/language/phpmailer.lang-be.php
Parsing file:///var/www/html/code1/codeigniter/application/vendor/phpmailer/phpmailer/language/phpmailer.lang-id.php
Parsing file:///var/www/html/code1/codeigniter/application/vendor/phpmailer/phpmailer/language/phpmailer.lang-ch.php
Parsing file:///var/www/html/code1/codeigniter/application/vendor/phpmailer/phpmailer/language/phpmailer.lang-ja.php
Parsing file:///var/www/html/code1/codeigniter/application/vendor/phpmailer/phpmailer/language/phpmailer.lang-az.php
Parsing file:///var/www/html/code1/codeigniter/application/vendor/phpmailer/phpmailer/language/phpmailer.lang-vi.php
Parsing file:///var/www/html/code1/codeigniter/application/vendor/phpmailer/phpmailer/language/phpmailer.lang-hr.php
Parsing file:///var/www/html/code1/codeigniter/application/vendor/phpmailer/phpmailer/language/phpmailer.lang-fo.php
Parsing file:///var/www/html/code1/codeigniter/application/vendor/phpmailer/phpmailer/language/phpmailer.lang-es.php
Parsing file:///var/www/html/code1/codeigniter/application/vendor/phpmailer/phpmailer/language/phpmailer.lang-fi.php
Parsing file:///var/www/html/code1/codeigniter/application/vendor/phpmailer/phpmailer/language/phpmailer.lang-pt.php
Parsing file:///var/www/html/code1/codeigniter/application/vendor/phpmailer/phpmailer/language/phpmailer.lang-eo.php
Parsing file:///var/www/html/code1/codeigniter/application/vendor/phpmailer/phpmailer/language/phpmailer.lang-nb.php
Parsing file:///var/www/html/code1/codeigniter/application/vendor/phpmailer/phpmailer/language/phpmailer.lang-lt.php
Parsing file:///var/www/html/code1/codeigniter/application/vendor/phpmailer/phpmailer/language/phpmailer.lang-cs.php
Parsing file:///var/www/html/code1/codeigniter/application/vendor/phpmailer/phpmailer/language/phpmailer.lang-pt_br.php
Parsing file:///var/www/html/code1/codeigniter/application/vendor/phpmailer/phpmailer/language/phpmailer.lang-bg.php
Parsing file:///var/www/html/code1/codeigniter/application/vendor/phpmailer/phpmailer/language/phpmailer.lang-et.php
Parsing file:///var/www/html/code1/codeigniter/application/vendor/phpmailer/phpmailer/language/phpmailer.lang-tr.php
Parsing file:///var/www/html/code1/codeigniter/application/vendor/phpmailer/phpmailer/language/phpmailer.lang-fr.php
Parsing file:///var/www/html/code1/codeigniter/application/vendor/phpmailer/phpmailer/language/phpmailer.lang-ru.php
Parsing file:///var/www/html/code1/codeigniter/application/vendor/phpmailer/phpmailer/get_oauth_token.php
Parsing file:///var/www/html/code1/codeigniter/application/vendor/phpmailer/phpmailer/src/SMTP.php
Parsing file:///var/www/html/code1/codeigniter/application/vendor/phpmailer/phpmailer/src/OAuth.php
Parsing file:///var/www/html/code1/codeigniter/application/vendor/phpmailer/phpmailer/src/Exception.php
Parsing file:///var/www/html/code1/codeigniter/application/vendor/phpmailer/phpmailer/src/PHPMailer.php
[Info  - 9:51:18 AM] Ignoring file file:///var/www/html/code1/codeigniter/application/vendor/phpmailer/phpmailer/src/PHPMailer.php because it exceeds size limit of 150000 bytes (151002)
Parsing file:///var/www/html/code1/codeigniter/application/vendor/phpmailer/phpmailer/src/POP3.php
[Warn  - 9:51:18 AM] Could not compute cache key for phpmailer/phpmailer
[Info  - 9:51:18 AM] All 1330 PHP files parsed in 20 seconds. 170 MiB allocated.
