Looking for git in: git
Using git 2.7.4 from git
> git rev-parse --show-toplevel
> git config --get commit.template
Open repository: /var/www/html/code1/codeigniter
> git status -z -u
> git show :ng6/src/app/notes/notes.component.html
> git check-ignore -z --stdin
> git show :ng6/src/app/notes/notes.component.ts
> git show :ng6/src/app/notes/notes.component.html
> git check-ignore -z --stdin
> git show :ng6/src/app/service/notes.service.ts
> git show :ng6/src/app/notes/notes.component.ts
> git show :ng6/src/app/service/notes.service.ts
> git show :ng6/src/app/notes/notes.component.html
> git check-ignore -z --stdin
> git check-ignore -z --stdin
> git show :ng6/src/app/bin/bin.component.css
> git status -z -u
> git show :ng6/src/app/notes/notes.component.html
> git show :ng6/src/app/notes/notes.component.ts
> git check-ignore -z --stdin
> git show :ng6/src/app/reminder/reminder.component.html
> git show :ng6/src/app/notes/notes.component.html
> git show :ng6/src/app/reminder/reminder.component.html
> git status -z -u
> git show :ng6/src/app/notes/notes.component.ts
> git show :ng6/src/app/reminder/reminder.component.ts
> git status -z -u
> git show :ng6/src/app/reminder/reminder.component.html
> git show :ng6/src/app/notes/notes.component.html
> git show :ng6/src/app/reminder/reminder.component.html
> git show :ng6/src/app/notes/notes.component.html
> git show :ng6/src/app/reminder/reminder.component.html
> git show :ng6/src/app/reminder/reminder.component.css
> git show :ng6/src/app/reminder/reminder.component.html
> git show :ng6/src/app/reminder/reminder.component.css
> git show :ng6/src/app/notes/notes.component.html
> git show :ng6/src/app/notes/notes.component.ts
> git check-ignore -z --stdin
> git show :ng6/src/app/app.module.ts
> git show :ng6/src/app/app-routing.module.ts
> git check-ignore -z --stdin
> git check-ignore -z --stdin
> git show :ng6/src/app/auth.guard.ts
> git ls-files --stage -- ng6/src/app/
> git show :ng6/src/app/notes/notes.component.ts
> git show :ng6/src/app/auth.guard.ts
> git ls-files --stage -- ng6/src/app/
> git show :ng6/src/app/app.module.ts
> git show :ng6/src/app/app.component.ts
> git show :ng6/src/app/app-routing.module.ts
> git show :ng6/src/app/auth.guard.ts
> git ls-files --stage -- ng6/src/app/
> git show :ng6/src/app/app.component.css
> git ls-files --stage -- ng6/src/app/
> git show :ng6/src/app/app-routing.module.ts
> git show :ng6/src/app/auth.guard.ts
> git ls-files --stage -- ng6/src/app/
> git check-ignore -z --stdin
> git check-ignore -z --stdin
> git show :ng6/src/app/auth.service.spec.ts
> git ls-files --stage -- ng6/src/app/
> git show :ng6/src/app/auth.guard.ts
> git ls-files --stage -- ng6/src/app/
> git check-ignore -z --stdin
> git show :ng6/src/app/service/auth.service.ts
> git ls-files --stage -- ng6/src/app/service/
> git show :ng6/src/app/auth.guard.ts
> git ls-files --stage -- ng6/src/app/
> git show :ng6/src/app/service/auth.service.ts
> git ls-files --stage -- ng6/src/app/service/
> git show :ng6/src/app/service/notes.service.ts
> git show :ng6/src/app/notes/notes.component.ts
> git show :ng6/src/app/login/login.component.ts
> git show :ng6/src/app/service/auth.service.ts
> git ls-files --stage -- ng6/src/app/service/
> git show :ng6/src/app/auth.guard.ts
> git ls-files --stage -- ng6/src/app/
> git show :ng6/src/app/app.component.css
> git ls-files --stage -- ng6/src/app/
> git show :ng6/src/app/app-routing.module.ts
> git show :ng6/src/app/app.component.ts
> git show :ng6/src/app/app.module.ts
> git show :ng6/src/app/app.component.css
> git ls-files --stage -- ng6/src/app/
> git show :ng6/src/app/app-routing.module.ts
> git show :ng6/src/app/app.component.ts
> git show :ng6/src/app/app.module.ts
> git show :ng6/src/app/auth.guard.ts
> git ls-files --stage -- ng6/src/app/
> git show :ng6/src/app/app.module.ts
> git show :ng6/src/app/service/auth.service.ts
> git ls-files --stage -- ng6/src/app/service/
> git show :ng6/src/app/app.module.ts
> git show :ng6/src/app/app-routing.module.ts
> git show :ng6/src/app/login/login.component.ts
> git show :ng6/src/app/service/auth.service.ts
> git ls-files --stage -- ng6/src/app/service/
> git show :ng6/src/app/app.module.ts
> git show :ng6/src/app/app.component.ts
> git show :ng6/src/app/app.component.spec.ts
> git show :ng6/src/app/app.component.html
> git show :ng6/src/app/app.component.css
> git ls-files --stage -- ng6/src/app/
> git show :ng6/src/app/app-routing.module.ts
> git show :ng6/src/app/app.module.ts
> git show :ng6/src/app/app-routing.module.ts
> git show :ng6/src/app/notes/notes.component.ts
> git show :ng6/src/app/app-routing.module.ts
> git check-ignore -z --stdin
> git check-ignore -z --stdin
> git show :ng6/src/app/service/auth.service.ts
> git ls-files --stage -- ng6/src/app/service/
> git show :ng6/src/app/app-routing.module.ts
> git show :ng6/src/app/auth.guard.ts
> git ls-files --stage -- ng6/src/app/
> git show :ng6/src/app/app.module.ts
> git show :ng6/src/app/app-routing.module.ts
> git show :ng6/src/app/app.module.ts
> git show :ng6/src/app/app.component.ts
> git show :ng6/src/app/app.module.ts
> git show :ng6/src/app/auth.guard.ts
> git ls-files --stage -- ng6/src/app/
> git show :ng6/src/app/app.component.css
> git ls-files --stage -- ng6/src/app/
> git show :ng6/src/app/app-routing.module.ts
> git show :ng6/src/app/service/auth.service.spec.ts
> git ls-files --stage -- ng6/src/app/service/
> git show :ng6/src/app/service/auth.service.ts
> git ls-files --stage -- ng6/src/app/service/
> git show :ng6/src/app/app.module.ts
> git show :ng6/src/app/service/auth.service.ts
> git ls-files --stage -- ng6/src/app/service/
> git show :ng6/src/app/service/auth.service.spec.ts
> git ls-files --stage -- ng6/src/app/service/
> git show :ng6/src/app/service/auth.service.ts
> git ls-files --stage -- ng6/src/app/service/
> git show :ng6/src/app/login/login.component.ts
> git show :ng6/src/app/service/notes.service.ts
> git show :ng6/src/app/app.module.ts
> git show :ng6/src/app/service/auth.service.ts
> git ls-files --stage -- ng6/src/app/service/
> git show :ng6/src/app/app.module.ts
> git show :ng6/src/app/login/login.component.ts
> git show :ng6/src/app/auth.guard.ts
> git ls-files --stage -- ng6/src/app/
> git show :ng6/src/app/app.module.ts
> git show :ng6/src/app/login/login.component.ts
> git show :ng6/src/app/app.module.ts
> git show :ng6/src/app/service/auth.service.spec.ts
> git ls-files --stage -- ng6/src/app/service/
> git show :ng6/src/app/service/auth.service.ts
> git ls-files --stage -- ng6/src/app/service/
> git show :ng6/src/app/service/auth.service.spec.ts
> git ls-files --stage -- ng6/src/app/service/
> git check-ignore -z --stdin
> git show :ng6/src/app/login/login.component.ts
> git show :ng6/src/app/app.module.ts
> git show :ng6/src/app/app.component.ts
> git show :ng6/src/app/app-routing.module.ts
> git show :ng6/src/app/login/login.component.ts
> git show :ng6/src/app/service/auth.service.spec.ts
> git ls-files --stage -- ng6/src/app/service/
> git show :ng6/src/app/service/auth.service.ts
> git ls-files --stage -- ng6/src/app/service/
> git show :ng6/src/app/login/login.component.ts
> git show :ng6/src/app/notes/notes.component.html
> git show :ng6/src/app/login/login.component.ts
> git show :ng6/src/app/notes/notes.component.html
> git show :ng6/src/app/login/login.component.ts
> git show :ng6/src/app/service/auth.service.spec.ts
> git ls-files --stage -- ng6/src/app/service/
> git show :ng6/src/app/login/login.component.ts
> git show :ng6/src/app/app.module.ts
> git show :ng6/src/app/service/auth.service.ts
> git ls-files --stage -- ng6/src/app/service/
> git show :ng6/src/app/app.module.ts
> git show :ng6/src/app/app-routing.module.ts
> git show :ng6/src/app/auth.guard.ts
> git ls-files --stage -- ng6/src/app/
> git show :ng6/src/app/auth.guard.spec.ts
> git ls-files --stage -- ng6/src/app/
> git show :ng6/src/app/auth.guard.ts
> git ls-files --stage -- ng6/src/app/
> git show :ng6/src/app/app-routing.module.ts
> git show :ng6/src/app/service/auth.service.ts
> git ls-files --stage -- ng6/src/app/service/
> git show :ng6/src/app/service/auth.service.spec.ts
> git ls-files --stage -- ng6/src/app/service/
> git show :ng6/src/app/app.module.ts
> git show :ng6/src/app/app.component.ts
> git show :ng6/src/app/app.component.spec.ts
> git show :ng6/src/app/app-routing.module.spec.ts
> git show :ng6/src/app/app-routing.module.ts
> git show :ng6/src/app/service/notes.service.ts
> git show :ng6/src/app/notes/notes.component.ts
> git show :ng6/src/app/login/login.component.ts
> git show :ng6/src/app/app.module.ts
> git show :ng6/src/app/notes/notes.component.html
> git check-ignore -z --stdin
> git show :ng6/src/app/service/auth.service.ts
> git ls-files --stage -- ng6/src/app/service/
> git show :ng6/src/app/login/login.component.ts
> git show :ng6/src/app/service/auth.service.ts
> git ls-files --stage -- ng6/src/app/service/
> git show :ng6/src/app/service/auth.service.spec.ts
> git ls-files --stage -- ng6/src/app/service/
> git show :ng6/src/app/service/createlabel.service.spec.ts
> git show :ng6/src/app/service/auth.service.ts
> git ls-files --stage -- ng6/src/app/service/
> git show :ng6/src/app/service/auth.service.spec.ts
> git ls-files --stage -- ng6/src/app/service/
> git show :ng6/src/app/service/auth.service.ts
> git ls-files --stage -- ng6/src/app/service/
> git show :ng6/src/app/service/createlabel.service.spec.ts
> git show :ng6/src/app/app.module.ts
> git show :ng6/src/app/app-routing.module.ts
> git show :ng6/src/app/login/login.component.ts
> git show :ng6/src/app/auth.guard.ts
> git ls-files --stage -- ng6/src/app/
> git check-ignore -z --stdin
> git check-ignore -z --stdin
> git check-ignore -z --stdin
> git show :ng6/tsconfig.json
> git show :ng6/src/app/login/login.component.ts
> git show :ng6/src/app/auth.guard.ts
> git ls-files --stage -- ng6/src/app/
> git show :ng6/tsconfig.json
> git show :ng6/src/app/auth.guard.ts
> git ls-files --stage -- ng6/src/app/
> git check-ignore -z --stdin
> git check-ignore -z --stdin
> git show :ng6/src/app/app-routing.module.ts
> git show :ng6/src/app/auth.guard.ts
> git ls-files --stage -- ng6/src/app/
> git show :ng6/src/app/service/auth.service.ts
> git ls-files --stage -- ng6/src/app/service/
> git show :ng6/src/app/app.module.ts
> git show :ng6/src/app/auth.guard.ts
> git ls-files --stage -- ng6/src/app/
> git show :ng6/src/app/app.module.ts
> git show :ng6/src/app/app-routing.module.ts
> git show :ng6/src/app/service/auth.service.ts
> git ls-files --stage -- ng6/src/app/service/
> git show :ng6/src/app/login/login.component.ts
> git show :ng6/src/app/app-routing.module.ts
> git show :ng6/src/app/service/auth.service.ts
> git ls-files --stage -- ng6/src/app/service/
> git show :ng6/src/app/notes/notes.component.ts
> git show :ng6/src/app/login/login.component.ts
> git show :ng6/src/app/service/notes.service.ts
> git show :ng6/src/app/notes/notes.component.html
> git show :ng6/src/app/notes/notes.component.ts
> git show :ng6/src/app/notes/notes.component.css
> git show :ng6/src/app/notes/notes.component.html
> git show :ng6/src/app/notes/notes.component.ts
> git show :ng6/src/app/notes/notes.component.html
> git show :ng6/src/app/notes/notes.component.css
> git show :ng6/src/app/notes/notes.component.html
> git show :ng6/src/app/notes/notes.component.ts
> git show :ng6/src/app/notes/notes.component.html
> git show :ng6/src/app/notes/notes.component.css
> git show :ng6/src/app/notes/notes.component.html
> git show :ng6/src/app/notes/notes.component.ts
> git check-ignore -z --stdin
