[Info  - 10:49:39 AM] Using tsserver from: /usr/share/code/resources/app/extensions/node_modules/typescript/lib
[Info  - 10:49:39 AM] Forking TSServer
PATH: /usr/local/sbin:/usr/local/bin:/usr/sbin:/usr/bin:/sbin:/bin:/snap/bin 
[Info  - 10:49:39 AM] Started TSServer
[Error  - 12:18:36 PM] 'completionInfo' request failed with error.
Error processing request. Cannot read property 'close' of undefined
TypeError: Cannot read property 'close' of undefined
    at /usr/share/code/resources/app/extensions/node_modules/typescript/lib/tsserver.js:85423:37
    at Map.forEach (<anonymous>)
    at Object.finishCachingPerDirectoryResolution (/usr/share/code/resources/app/extensions/node_modules/typescript/lib/tsserver.js:85420:45)
    at ConfiguredProject.Project.updateGraphWorker (/usr/share/code/resources/app/extensions/node_modules/typescript/lib/tsserver.js:115470:38)
    at ConfiguredProject.Project.updateGraph (/usr/share/code/resources/app/extensions/node_modules/typescript/lib/tsserver.js:115416:42)
    at ConfiguredProject.updateGraph (/usr/share/code/resources/app/extensions/node_modules/typescript/lib/tsserver.js:115786:61)
    at ConfiguredProject.Project.getLanguageService (/usr/share/code/resources/app/extensions/node_modules/typescript/lib/tsserver.js:115122:26)
    at IOSession.Session.getCompletions (/usr/share/code/resources/app/extensions/node_modules/typescript/lib/tsserver.js:119049:43)
    at Session.handlers.ts.createMapFromTemplate._a.(anonymous function) (/usr/share/code/resources/app/extensions/node_modules/typescript/lib/tsserver.js:118124:61)
    at /usr/share/code/resources/app/extensions/node_modules/typescript/lib/tsserver.js:119531:88
    at IOSession.Session.executeWithRequestId (/usr/share/code/resources/app/extensions/node_modules/typescript/lib/tsserver.js:119522:28)
    at IOSession.Session.executeCommand (/usr/share/code/resources/app/extensions/node_modules/typescript/lib/tsserver.js:119531:33)
    at IOSession.Session.onMessage (/usr/share/code/resources/app/extensions/node_modules/typescript/lib/tsserver.js:119551:35)
    at Interface.<anonymous> (/usr/share/code/resources/app/extensions/node_modules/typescript/lib/tsserver.js:120805:27)
    at emitOne (events.js:116:13)
    at Interface.emit (events.js:211:7)
    at Interface._onLine (readline.js:282:10)
    at Interface._normalWrite (readline.js:424:12)
    at Socket.ondata (readline.js:141:10)
    at emitOne (events.js:116:13)
    at Socket.emit (events.js:211:7)
    at addChunk (_stream_readable.js:263:12)
    at readableAddChunk (_stream_readable.js:250:11)
    at Socket.Readable.push (_stream_readable.js:208:10)
    at Pipe.onread (net.js:594:20)
[Error  - 1:19:21 PM] 'navtree' request failed with error.
Error processing request. No Project.
Error: No Project.
    at Object.ThrowNoProject (/usr/share/code/resources/app/extensions/node_modules/typescript/lib/tsserver.js:114062:23)
    at IOSession.Session.getFileAndLanguageServiceForSyntacticOperation (/usr/share/code/resources/app/extensions/node_modules/typescript/lib/tsserver.js:118883:42)
    at IOSession.Session.getNavigationTree (/usr/share/code/resources/app/extensions/node_modules/typescript/lib/tsserver.js:119230:31)
    at Session.handlers.ts.createMapFromTemplate._a.(anonymous function) (/usr/share/code/resources/app/extensions/node_modules/typescript/lib/tsserver.js:118219:61)
    at /usr/share/code/resources/app/extensions/node_modules/typescript/lib/tsserver.js:119531:88
    at IOSession.Session.executeWithRequestId (/usr/share/code/resources/app/extensions/node_modules/typescript/lib/tsserver.js:119522:28)
    at IOSession.Session.executeCommand (/usr/share/code/resources/app/extensions/node_modules/typescript/lib/tsserver.js:119531:33)
    at IOSession.Session.onMessage (/usr/share/code/resources/app/extensions/node_modules/typescript/lib/tsserver.js:119551:35)
    at Interface.<anonymous> (/usr/share/code/resources/app/extensions/node_modules/typescript/lib/tsserver.js:120805:27)
    at emitOne (events.js:116:13)
    at Interface.emit (events.js:211:7)
    at Interface._onLine (readline.js:282:10)
    at Interface._normalWrite (readline.js:424:12)
    at Socket.ondata (readline.js:141:10)
    at emitOne (events.js:116:13)
    at Socket.emit (events.js:211:7)
    at addChunk (_stream_readable.js:263:12)
    at readableAddChunk (_stream_readable.js:250:11)
    at Socket.Readable.push (_stream_readable.js:208:10)
    at Pipe.onread (net.js:594:20)
[Error  - 1:19:21 PM] 'getOutliningSpans' request failed with error.
Error processing request. No Project.
Error: No Project.
    at Object.ThrowNoProject (/usr/share/code/resources/app/extensions/node_modules/typescript/lib/tsserver.js:114062:23)
    at IOSession.Session.getFileAndLanguageServiceForSyntacticOperation (/usr/share/code/resources/app/extensions/node_modules/typescript/lib/tsserver.js:118883:42)
    at IOSession.Session.getOutliningSpans (/usr/share/code/resources/app/extensions/node_modules/typescript/lib/tsserver.js:118897:31)
    at Session.handlers.ts.createMapFromTemplate._a.(anonymous function) (/usr/share/code/resources/app/extensions/node_modules/typescript/lib/tsserver.js:118082:61)
    at /usr/share/code/resources/app/extensions/node_modules/typescript/lib/tsserver.js:119531:88
    at IOSession.Session.executeWithRequestId (/usr/share/code/resources/app/extensions/node_modules/typescript/lib/tsserver.js:119522:28)
    at IOSession.Session.executeCommand (/usr/share/code/resources/app/extensions/node_modules/typescript/lib/tsserver.js:119531:33)
    at IOSession.Session.onMessage (/usr/share/code/resources/app/extensions/node_modules/typescript/lib/tsserver.js:119551:35)
    at Interface.<anonymous> (/usr/share/code/resources/app/extensions/node_modules/typescript/lib/tsserver.js:120805:27)
    at emitOne (events.js:116:13)
    at Interface.emit (events.js:211:7)
    at Interface._onLine (readline.js:282:10)
    at Interface._normalWrite (readline.js:424:12)
    at Socket.ondata (readline.js:141:10)
    at emitOne (events.js:116:13)
    at Socket.emit (events.js:211:7)
    at addChunk (_stream_readable.js:263:12)
    at readableAddChunk (_stream_readable.js:250:11)
    at Socket.Readable.push (_stream_readable.js:208:10)
    at Pipe.onread (net.js:594:20)
[Error  - 1:19:30 PM] 'getOutliningSpans' request failed with error.
Error processing request. No Project.
Error: No Project.
    at Object.ThrowNoProject (/usr/share/code/resources/app/extensions/node_modules/typescript/lib/tsserver.js:114062:23)
    at IOSession.Session.getFileAndLanguageServiceForSyntacticOperation (/usr/share/code/resources/app/extensions/node_modules/typescript/lib/tsserver.js:118883:42)
    at IOSession.Session.getOutliningSpans (/usr/share/code/resources/app/extensions/node_modules/typescript/lib/tsserver.js:118897:31)
    at Session.handlers.ts.createMapFromTemplate._a.(anonymous function) (/usr/share/code/resources/app/extensions/node_modules/typescript/lib/tsserver.js:118082:61)
    at /usr/share/code/resources/app/extensions/node_modules/typescript/lib/tsserver.js:119531:88
    at IOSession.Session.executeWithRequestId (/usr/share/code/resources/app/extensions/node_modules/typescript/lib/tsserver.js:119522:28)
    at IOSession.Session.executeCommand (/usr/share/code/resources/app/extensions/node_modules/typescript/lib/tsserver.js:119531:33)
    at IOSession.Session.onMessage (/usr/share/code/resources/app/extensions/node_modules/typescript/lib/tsserver.js:119551:35)
    at Interface.<anonymous> (/usr/share/code/resources/app/extensions/node_modules/typescript/lib/tsserver.js:120805:27)
    at emitOne (events.js:116:13)
    at Interface.emit (events.js:211:7)
    at Interface._onLine (readline.js:282:10)
    at Interface._normalWrite (readline.js:424:12)
    at Socket.ondata (readline.js:141:10)
    at emitOne (events.js:116:13)
    at Socket.emit (events.js:211:7)
    at addChunk (_stream_readable.js:263:12)
    at readableAddChunk (_stream_readable.js:250:11)
    at Socket.Readable.push (_stream_readable.js:208:10)
    at Pipe.onread (net.js:594:20)
[Error  - 1:19:31 PM] 'getCodeFixes' request failed with error.
Error processing request. No Project.
Error: No Project.
    at Object.ThrowNoProject (/usr/share/code/resources/app/extensions/node_modules/typescript/lib/tsserver.js:114062:23)
    at ScriptInfo.getDefaultProject (/usr/share/code/resources/app/extensions/node_modules/typescript/lib/tsserver.js:114640:46)
    at ProjectService.doEnsureDefaultProjectForFile (/usr/share/code/resources/app/extensions/node_modules/typescript/lib/tsserver.js:116321:48)
    at ProjectService.ensureDefaultProjectForFile (/usr/share/code/resources/app/extensions/node_modules/typescript/lib/tsserver.js:116316:75)
    at IOSession.Session.getFileAndProjectWorker (/usr/share/code/resources/app/extensions/node_modules/typescript/lib/tsserver.js:118892:87)
    at IOSession.Session.getFileAndProject (/usr/share/code/resources/app/extensions/node_modules/typescript/lib/tsserver.js:118877:29)
    at IOSession.Session.getCodeFixes (/usr/share/code/resources/app/extensions/node_modules/typescript/lib/tsserver.js:119371:31)
    at Session.handlers.ts.createMapFromTemplate._a.(anonymous function) (/usr/share/code/resources/app/extensions/node_modules/typescript/lib/tsserver.js:118248:61)
    at /usr/share/code/resources/app/extensions/node_modules/typescript/lib/tsserver.js:119531:88
    at IOSession.Session.executeWithRequestId (/usr/share/code/resources/app/extensions/node_modules/typescript/lib/tsserver.js:119522:28)
    at IOSession.Session.executeCommand (/usr/share/code/resources/app/extensions/node_modules/typescript/lib/tsserver.js:119531:33)
    at IOSession.Session.onMessage (/usr/share/code/resources/app/extensions/node_modules/typescript/lib/tsserver.js:119551:35)
    at Interface.<anonymous> (/usr/share/code/resources/app/extensions/node_modules/typescript/lib/tsserver.js:120805:27)
    at emitOne (events.js:116:13)
    at Interface.emit (events.js:211:7)
    at Interface._onLine (readline.js:282:10)
    at Interface._normalWrite (readline.js:424:12)
    at Socket.ondata (readline.js:141:10)
    at emitOne (events.js:116:13)
    at Socket.emit (events.js:211:7)
    at addChunk (_stream_readable.js:263:12)
    at readableAddChunk (_stream_readable.js:250:11)
    at Socket.Readable.push (_stream_readable.js:208:10)
    at Pipe.onread (net.js:594:20)
[Error  - 1:19:31 PM] 'getApplicableRefactors' request failed with error.
Error processing request. No Project.
Error: No Project.
    at Object.ThrowNoProject (/usr/share/code/resources/app/extensions/node_modules/typescript/lib/tsserver.js:114062:23)
    at ScriptInfo.getDefaultProject (/usr/share/code/resources/app/extensions/node_modules/typescript/lib/tsserver.js:114640:46)
    at ProjectService.doEnsureDefaultProjectForFile (/usr/share/code/resources/app/extensions/node_modules/typescript/lib/tsserver.js:116321:48)
    at ProjectService.ensureDefaultProjectForFile (/usr/share/code/resources/app/extensions/node_modules/typescript/lib/tsserver.js:116316:75)
    at IOSession.Session.getFileAndProjectWorker (/usr/share/code/resources/app/extensions/node_modules/typescript/lib/tsserver.js:118892:87)
    at IOSession.Session.getFileAndProject (/usr/share/code/resources/app/extensions/node_modules/typescript/lib/tsserver.js:118877:29)
    at IOSession.Session.getApplicableRefactors (/usr/share/code/resources/app/extensions/node_modules/typescript/lib/tsserver.js:119317:31)
    at Session.handlers.ts.createMapFromTemplate._a.(anonymous function) (/usr/share/code/resources/app/extensions/node_modules/typescript/lib/tsserver.js:118266:61)
    at /usr/share/code/resources/app/extensions/node_modules/typescript/lib/tsserver.js:119531:88
    at IOSession.Session.executeWithRequestId (/usr/share/code/resources/app/extensions/node_modules/typescript/lib/tsserver.js:119522:28)
    at IOSession.Session.executeCommand (/usr/share/code/resources/app/extensions/node_modules/typescript/lib/tsserver.js:119531:33)
    at IOSession.Session.onMessage (/usr/share/code/resources/app/extensions/node_modules/typescript/lib/tsserver.js:119551:35)
    at Interface.<anonymous> (/usr/share/code/resources/app/extensions/node_modules/typescript/lib/tsserver.js:120805:27)
    at emitOne (events.js:116:13)
    at Interface.emit (events.js:211:7)
    at Interface._onLine (readline.js:282:10)
    at Interface._normalWrite (readline.js:424:12)
    at Socket.ondata (readline.js:141:10)
    at emitOne (events.js:116:13)
    at Socket.emit (events.js:211:7)
    at addChunk (_stream_readable.js:263:12)
    at readableAddChunk (_stream_readable.js:250:11)
    at Socket.Readable.push (_stream_readable.js:208:10)
    at Pipe.onread (net.js:594:20)
[Error  - 1:19:32 PM] 'getOutliningSpans' request failed with error.
Error processing request. No Project.
Error: No Project.
    at Object.ThrowNoProject (/usr/share/code/resources/app/extensions/node_modules/typescript/lib/tsserver.js:114062:23)
    at IOSession.Session.getFileAndLanguageServiceForSyntacticOperation (/usr/share/code/resources/app/extensions/node_modules/typescript/lib/tsserver.js:118883:42)
    at IOSession.Session.getOutliningSpans (/usr/share/code/resources/app/extensions/node_modules/typescript/lib/tsserver.js:118897:31)
    at Session.handlers.ts.createMapFromTemplate._a.(anonymous function) (/usr/share/code/resources/app/extensions/node_modules/typescript/lib/tsserver.js:118082:61)
    at /usr/share/code/resources/app/extensions/node_modules/typescript/lib/tsserver.js:119531:88
    at IOSession.Session.executeWithRequestId (/usr/share/code/resources/app/extensions/node_modules/typescript/lib/tsserver.js:119522:28)
    at IOSession.Session.executeCommand (/usr/share/code/resources/app/extensions/node_modules/typescript/lib/tsserver.js:119531:33)
    at IOSession.Session.onMessage (/usr/share/code/resources/app/extensions/node_modules/typescript/lib/tsserver.js:119551:35)
    at Interface.<anonymous> (/usr/share/code/resources/app/extensions/node_modules/typescript/lib/tsserver.js:120805:27)
    at emitOne (events.js:116:13)
    at Interface.emit (events.js:211:7)
    at Interface._onLine (readline.js:282:10)
    at Interface._normalWrite (readline.js:424:12)
    at Socket.ondata (readline.js:141:10)
    at emitOne (events.js:116:13)
    at Socket.emit (events.js:211:7)
    at addChunk (_stream_readable.js:263:12)
    at readableAddChunk (_stream_readable.js:250:11)
    at Socket.Readable.push (_stream_readable.js:208:10)
    at Pipe.onread (net.js:594:20)
[Error  - 1:19:32 PM] 'getApplicableRefactors' request failed with error.
Error processing request. No Project.
Error: No Project.
    at Object.ThrowNoProject (/usr/share/code/resources/app/extensions/node_modules/typescript/lib/tsserver.js:114062:23)
    at ScriptInfo.getDefaultProject (/usr/share/code/resources/app/extensions/node_modules/typescript/lib/tsserver.js:114640:46)
    at ProjectService.doEnsureDefaultProjectForFile (/usr/share/code/resources/app/extensions/node_modules/typescript/lib/tsserver.js:116321:48)
    at ProjectService.ensureDefaultProjectForFile (/usr/share/code/resources/app/extensions/node_modules/typescript/lib/tsserver.js:116316:75)
    at IOSession.Session.getFileAndProjectWorker (/usr/share/code/resources/app/extensions/node_modules/typescript/lib/tsserver.js:118892:87)
    at IOSession.Session.getFileAndProject (/usr/share/code/resources/app/extensions/node_modules/typescript/lib/tsserver.js:118877:29)
    at IOSession.Session.getApplicableRefactors (/usr/share/code/resources/app/extensions/node_modules/typescript/lib/tsserver.js:119317:31)
    at Session.handlers.ts.createMapFromTemplate._a.(anonymous function) (/usr/share/code/resources/app/extensions/node_modules/typescript/lib/tsserver.js:118266:61)
    at /usr/share/code/resources/app/extensions/node_modules/typescript/lib/tsserver.js:119531:88
    at IOSession.Session.executeWithRequestId (/usr/share/code/resources/app/extensions/node_modules/typescript/lib/tsserver.js:119522:28)
    at IOSession.Session.executeCommand (/usr/share/code/resources/app/extensions/node_modules/typescript/lib/tsserver.js:119531:33)
    at IOSession.Session.onMessage (/usr/share/code/resources/app/extensions/node_modules/typescript/lib/tsserver.js:119551:35)
    at Interface.<anonymous> (/usr/share/code/resources/app/extensions/node_modules/typescript/lib/tsserver.js:120805:27)
    at emitOne (events.js:116:13)
    at Interface.emit (events.js:211:7)
    at Interface._onLine (readline.js:282:10)
    at Interface._normalWrite (readline.js:424:12)
    at Socket.ondata (readline.js:141:10)
    at emitOne (events.js:116:13)
    at Socket.emit (events.js:211:7)
    at addChunk (_stream_readable.js:263:12)
    at readableAddChunk (_stream_readable.js:250:11)
    at Socket.Readable.push (_stream_readable.js:208:10)
    at Pipe.onread (net.js:594:20)
[Error  - 1:19:32 PM] 'navtree' request failed with error.
Error processing request. No Project.
Error: No Project.
    at Object.ThrowNoProject (/usr/share/code/resources/app/extensions/node_modules/typescript/lib/tsserver.js:114062:23)
    at IOSession.Session.getFileAndLanguageServiceForSyntacticOperation (/usr/share/code/resources/app/extensions/node_modules/typescript/lib/tsserver.js:118883:42)
    at IOSession.Session.getNavigationTree (/usr/share/code/resources/app/extensions/node_modules/typescript/lib/tsserver.js:119230:31)
    at Session.handlers.ts.createMapFromTemplate._a.(anonymous function) (/usr/share/code/resources/app/extensions/node_modules/typescript/lib/tsserver.js:118219:61)
    at /usr/share/code/resources/app/extensions/node_modules/typescript/lib/tsserver.js:119531:88
    at IOSession.Session.executeWithRequestId (/usr/share/code/resources/app/extensions/node_modules/typescript/lib/tsserver.js:119522:28)
    at IOSession.Session.executeCommand (/usr/share/code/resources/app/extensions/node_modules/typescript/lib/tsserver.js:119531:33)
    at IOSession.Session.onMessage (/usr/share/code/resources/app/extensions/node_modules/typescript/lib/tsserver.js:119551:35)
    at Interface.<anonymous> (/usr/share/code/resources/app/extensions/node_modules/typescript/lib/tsserver.js:120805:27)
    at emitOne (events.js:116:13)
    at Interface.emit (events.js:211:7)
    at Interface._onLine (readline.js:282:10)
    at Interface._normalWrite (readline.js:424:12)
    at Socket.ondata (readline.js:141:10)
    at emitOne (events.js:116:13)
    at Socket.emit (events.js:211:7)
    at addChunk (_stream_readable.js:263:12)
    at readableAddChunk (_stream_readable.js:250:11)
    at Socket.Readable.push (_stream_readable.js:208:10)
    at Pipe.onread (net.js:594:20)
[Error  - 1:19:36 PM] 'quickinfo' request failed with error.
Error processing request. No Project.
Error: No Project.
    at Object.ThrowNoProject (/usr/share/code/resources/app/extensions/node_modules/typescript/lib/tsserver.js:114062:23)
    at ScriptInfo.getDefaultProject (/usr/share/code/resources/app/extensions/node_modules/typescript/lib/tsserver.js:114640:46)
    at ProjectService.doEnsureDefaultProjectForFile (/usr/share/code/resources/app/extensions/node_modules/typescript/lib/tsserver.js:116321:48)
    at ProjectService.ensureDefaultProjectForFile (/usr/share/code/resources/app/extensions/node_modules/typescript/lib/tsserver.js:116316:75)
    at IOSession.Session.getFileAndProjectWorker (/usr/share/code/resources/app/extensions/node_modules/typescript/lib/tsserver.js:118892:87)
    at IOSession.Session.getFileAndProject (/usr/share/code/resources/app/extensions/node_modules/typescript/lib/tsserver.js:118877:29)
    at IOSession.Session.getQuickInfoWorker (/usr/share/code/resources/app/extensions/node_modules/typescript/lib/tsserver.js:118951:31)
    at Session.handlers.ts.createMapFromTemplate._a.(anonymous function) (/usr/share/code/resources/app/extensions/node_modules/typescript/lib/tsserver.js:118076:61)
    at /usr/share/code/resources/app/extensions/node_modules/typescript/lib/tsserver.js:119531:88
    at IOSession.Session.executeWithRequestId (/usr/share/code/resources/app/extensions/node_modules/typescript/lib/tsserver.js:119522:28)
    at IOSession.Session.executeCommand (/usr/share/code/resources/app/extensions/node_modules/typescript/lib/tsserver.js:119531:33)
    at IOSession.Session.onMessage (/usr/share/code/resources/app/extensions/node_modules/typescript/lib/tsserver.js:119551:35)
    at Interface.<anonymous> (/usr/share/code/resources/app/extensions/node_modules/typescript/lib/tsserver.js:120805:27)
    at emitOne (events.js:116:13)
    at Interface.emit (events.js:211:7)
    at Interface._onLine (readline.js:282:10)
    at Interface._normalWrite (readline.js:424:12)
    at Socket.ondata (readline.js:141:10)
    at emitOne (events.js:116:13)
    at Socket.emit (events.js:211:7)
    at addChunk (_stream_readable.js:263:12)
    at readableAddChunk (_stream_readable.js:250:11)
    at Socket.Readable.push (_stream_readable.js:208:10)
    at Pipe.onread (net.js:594:20)
[Error  - 1:19:36 PM] 'occurrences' request failed with error.
Error processing request. No Project.
Error: No Project.
    at Object.ThrowNoProject (/usr/share/code/resources/app/extensions/node_modules/typescript/lib/tsserver.js:114062:23)
    at ScriptInfo.getDefaultProject (/usr/share/code/resources/app/extensions/node_modules/typescript/lib/tsserver.js:114640:46)
    at ProjectService.doEnsureDefaultProjectForFile (/usr/share/code/resources/app/extensions/node_modules/typescript/lib/tsserver.js:116321:48)
    at ProjectService.ensureDefaultProjectForFile (/usr/share/code/resources/app/extensions/node_modules/typescript/lib/tsserver.js:116316:75)
    at IOSession.Session.getFileAndProjectWorker (/usr/share/code/resources/app/extensions/node_modules/typescript/lib/tsserver.js:118892:87)
    at IOSession.Session.getFileAndProject (/usr/share/code/resources/app/extensions/node_modules/typescript/lib/tsserver.js:118877:29)
    at IOSession.Session.getOccurrences (/usr/share/code/resources/app/extensions/node_modules/typescript/lib/tsserver.js:118682:31)
    at Session.handlers.ts.createMapFromTemplate._a.(anonymous function) (/usr/share/code/resources/app/extensions/node_modules/typescript/lib/tsserver.js:118225:61)
    at /usr/share/code/resources/app/extensions/node_modules/typescript/lib/tsserver.js:119531:88
    at IOSession.Session.executeWithRequestId (/usr/share/code/resources/app/extensions/node_modules/typescript/lib/tsserver.js:119522:28)
    at IOSession.Session.executeCommand (/usr/share/code/resources/app/extensions/node_modules/typescript/lib/tsserver.js:119531:33)
    at IOSession.Session.onMessage (/usr/share/code/resources/app/extensions/node_modules/typescript/lib/tsserver.js:119551:35)
    at Interface.<anonymous> (/usr/share/code/resources/app/extensions/node_modules/typescript/lib/tsserver.js:120805:27)
    at emitOne (events.js:116:13)
    at Interface.emit (events.js:211:7)
    at Interface._onLine (readline.js:282:10)
    at Interface._normalWrite (readline.js:424:12)
    at Socket.ondata (readline.js:141:10)
    at emitOne (events.js:116:13)
    at Socket.emit (events.js:211:7)
    at addChunk (_stream_readable.js:263:12)
    at readableAddChunk (_stream_readable.js:250:11)
    at Socket.Readable.push (_stream_readable.js:208:10)
    at Pipe.onread (net.js:594:20)
[Error  - 1:19:36 PM] 'getCodeFixes' request failed with error.
Error processing request. No Project.
Error: No Project.
    at Object.ThrowNoProject (/usr/share/code/resources/app/extensions/node_modules/typescript/lib/tsserver.js:114062:23)
    at ScriptInfo.getDefaultProject (/usr/share/code/resources/app/extensions/node_modules/typescript/lib/tsserver.js:114640:46)
    at ProjectService.doEnsureDefaultProjectForFile (/usr/share/code/resources/app/extensions/node_modules/typescript/lib/tsserver.js:116321:48)
    at ProjectService.ensureDefaultProjectForFile (/usr/share/code/resources/app/extensions/node_modules/typescript/lib/tsserver.js:116316:75)
    at IOSession.Session.getFileAndProjectWorker (/usr/share/code/resources/app/extensions/node_modules/typescript/lib/tsserver.js:118892:87)
    at IOSession.Session.getFileAndProject (/usr/share/code/resources/app/extensions/node_modules/typescript/lib/tsserver.js:118877:29)
    at IOSession.Session.getCodeFixes (/usr/share/code/resources/app/extensions/node_modules/typescript/lib/tsserver.js:119371:31)
    at Session.handlers.ts.createMapFromTemplate._a.(anonymous function) (/usr/share/code/resources/app/extensions/node_modules/typescript/lib/tsserver.js:118248:61)
    at /usr/share/code/resources/app/extensions/node_modules/typescript/lib/tsserver.js:119531:88
    at IOSession.Session.executeWithRequestId (/usr/share/code/resources/app/extensions/node_modules/typescript/lib/tsserver.js:119522:28)
    at IOSession.Session.executeCommand (/usr/share/code/resources/app/extensions/node_modules/typescript/lib/tsserver.js:119531:33)
    at IOSession.Session.onMessage (/usr/share/code/resources/app/extensions/node_modules/typescript/lib/tsserver.js:119551:35)
    at Interface.<anonymous> (/usr/share/code/resources/app/extensions/node_modules/typescript/lib/tsserver.js:120805:27)
    at emitOne (events.js:116:13)
    at Interface.emit (events.js:211:7)
    at Interface._onLine (readline.js:282:10)
    at Interface._normalWrite (readline.js:424:12)
    at Socket.ondata (readline.js:141:10)
    at emitOne (events.js:116:13)
    at Socket.emit (events.js:211:7)
    at addChunk (_stream_readable.js:263:12)
    at readableAddChunk (_stream_readable.js:250:11)
    at Socket.Readable.push (_stream_readable.js:208:10)
    at Pipe.onread (net.js:594:20)
