[2018-12-04 09:20:06.131] [sharedprocess] [info] main {"machineId":"bc6780d3df07958fd8265e1f2de50453f8eb6c8632bd6d10c08d9ff36801141a"}
[2018-12-04 09:20:06.383] [sharedprocess] [info] Scanned user extensions: 9
[2018-12-04 09:20:07.255] [sharedprocess] [info] Scanned user extensions: 9
[2018-12-04 09:20:07.261] [sharedprocess] [info] Scanned user extensions: 9
[2018-12-04 09:20:08.152] [sharedprocess] [info] Scanned system extensions: 71
[2018-12-04 09:20:08.154] [sharedprocess] [info] Scanned system extensions: 71
[2018-12-04 09:20:10.994] [sharedprocess] [info] Scanned user extensions: 9
[2018-12-04 09:20:11.915] [sharedprocess] [info] Installing extension: better-phpunit
[2018-12-04 09:20:11.919] [sharedprocess] [info] Scanned user extensions: 9
[2018-12-04 09:20:15.009] [sharedprocess] [info] Downloaded extension: better-phpunit /tmp/21f98629-34f2-4697-a57d-e6a045fa00d5
[2018-12-04 09:20:15.340] [sharedprocess] [info] Extracted extension to /home/bridgeit/.vscode/extensions/.calebporzio.better-phpunit-1.2.2: calebporzio.better-phpunit-1.2.2
[2018-12-04 09:20:15.340] [sharedprocess] [info] Renamed to /home/bridgeit/.vscode/extensions/calebporzio.better-phpunit-1.2.2
[2018-12-04 09:20:15.340] [sharedprocess] [info] Installation completed. calebporzio.better-phpunit-1.2.2
[2018-12-04 09:20:16.527] [sharedprocess] [info] Extensions installed successfully: calebporzio.better-phpunit
[2018-12-04 09:20:16.641] [sharedprocess] [info] Scanned user extensions: 9
[2018-12-04 09:20:16.673] [sharedprocess] [info] Scanned system extensions: 71
[2018-12-04 09:20:46.136] [sharedprocess] [info] Starting to clean up unused language packs.
[2018-12-04 09:25:11.025] [sharedprocess] [info] Scanned user extensions: 9
[2018-12-04 09:30:11.042] [sharedprocess] [info] Scanned user extensions: 9
[2018-12-04 09:35:11.059] [sharedprocess] [info] Scanned user extensions: 9
[2018-12-04 09:40:11.077] [sharedprocess] [info] Scanned user extensions: 9
[2018-12-04 09:45:11.095] [sharedprocess] [info] Scanned user extensions: 9
[2018-12-04 09:50:11.112] [sharedprocess] [info] Scanned user extensions: 9
[2018-12-04 09:55:11.131] [sharedprocess] [info] Scanned user extensions: 9
[2018-12-04 10:00:11.150] [sharedprocess] [info] Scanned user extensions: 9
[2018-12-04 10:05:11.169] [sharedprocess] [info] Scanned user extensions: 9
[2018-12-04 10:10:11.189] [sharedprocess] [info] Scanned user extensions: 9
[2018-12-04 10:15:11.206] [sharedprocess] [info] Scanned user extensions: 9
[2018-12-04 10:20:31.255] [sharedprocess] [info] Scanned user extensions: 9
[2018-12-04 10:25:51.284] [sharedprocess] [info] Scanned user extensions: 9
[2018-12-04 10:30:51.329] [sharedprocess] [info] Scanned user extensions: 9
[2018-12-04 10:35:51.346] [sharedprocess] [info] Scanned user extensions: 9
[2018-12-04 10:40:51.362] [sharedprocess] [info] Scanned user extensions: 9
[2018-12-04 10:45:51.377] [sharedprocess] [info] Scanned user extensions: 9
[2018-12-04 10:50:51.394] [sharedprocess] [info] Scanned user extensions: 9
[2018-12-04 10:55:51.411] [sharedprocess] [info] Scanned user extensions: 9
[2018-12-04 11:00:51.429] [sharedprocess] [info] Scanned user extensions: 9
[2018-12-04 11:05:51.447] [sharedprocess] [info] Scanned user extensions: 9
[2018-12-04 11:10:51.464] [sharedprocess] [info] Scanned user extensions: 9
[2018-12-04 11:15:51.482] [sharedprocess] [info] Scanned user extensions: 9
[2018-12-04 11:20:51.497] [sharedprocess] [info] Scanned user extensions: 9
[2018-12-04 11:25:51.514] [sharedprocess] [info] Scanned user extensions: 9
[2018-12-04 11:30:51.549] [sharedprocess] [info] Scanned user extensions: 9
[2018-12-04 11:35:51.565] [sharedprocess] [info] Scanned user extensions: 9
[2018-12-04 11:40:51.580] [sharedprocess] [info] Scanned user extensions: 9
[2018-12-04 11:45:51.596] [sharedprocess] [info] Scanned user extensions: 9
[2018-12-04 11:50:51.612] [sharedprocess] [info] Scanned user extensions: 9
[2018-12-04 11:55:51.628] [sharedprocess] [info] Scanned user extensions: 9
[2018-12-04 12:00:51.647] [sharedprocess] [info] Scanned user extensions: 9
[2018-12-04 12:05:51.667] [sharedprocess] [info] Scanned user extensions: 9
[2018-12-04 12:10:51.683] [sharedprocess] [info] Scanned user extensions: 9
[2018-12-04 12:15:51.700] [sharedprocess] [info] Scanned user extensions: 9
[2018-12-04 12:20:51.715] [sharedprocess] [info] Scanned user extensions: 9
[2018-12-04 12:25:51.726] [sharedprocess] [info] Scanned user extensions: 9
[2018-12-04 12:30:51.776] [sharedprocess] [info] Scanned user extensions: 9
[2018-12-04 12:35:51.790] [sharedprocess] [info] Scanned user extensions: 9
[2018-12-04 12:40:51.810] [sharedprocess] [info] Scanned user extensions: 9
[2018-12-04 12:45:51.827] [sharedprocess] [info] Scanned user extensions: 9
[2018-12-04 12:50:51.844] [sharedprocess] [info] Scanned user extensions: 9
[2018-12-04 12:55:51.860] [sharedprocess] [info] Scanned user extensions: 9
[2018-12-04 13:00:51.875] [sharedprocess] [info] Scanned user extensions: 9
[2018-12-04 13:05:51.901] [sharedprocess] [info] Scanned user extensions: 9
[2018-12-04 13:10:51.916] [sharedprocess] [info] Scanned user extensions: 9
[2018-12-04 13:15:51.928] [sharedprocess] [info] Scanned user extensions: 9
[2018-12-04 13:20:51.939] [sharedprocess] [info] Scanned user extensions: 9
[2018-12-04 13:25:51.953] [sharedprocess] [info] Scanned user extensions: 9
[2018-12-04 13:30:51.994] [sharedprocess] [info] Scanned user extensions: 9
[2018-12-04 13:35:52.011] [sharedprocess] [info] Scanned user extensions: 9
[2018-12-04 13:40:52.028] [sharedprocess] [info] Scanned user extensions: 9
[2018-12-04 13:45:52.043] [sharedprocess] [info] Scanned user extensions: 9
[2018-12-04 13:50:52.057] [sharedprocess] [info] Scanned user extensions: 9
[2018-12-04 13:55:52.071] [sharedprocess] [info] Scanned user extensions: 9
[2018-12-04 14:00:52.088] [sharedprocess] [info] Scanned user extensions: 9
[2018-12-04 14:05:52.103] [sharedprocess] [info] Scanned user extensions: 9
[2018-12-04 14:10:52.118] [sharedprocess] [info] Scanned user extensions: 9
[2018-12-04 14:15:52.135] [sharedprocess] [info] Scanned user extensions: 9
[2018-12-04 14:20:52.155] [sharedprocess] [info] Scanned user extensions: 9
[2018-12-04 14:25:52.170] [sharedprocess] [info] Scanned user extensions: 9
[2018-12-04 14:30:52.208] [sharedprocess] [info] Scanned user extensions: 9
[2018-12-04 14:35:52.222] [sharedprocess] [info] Scanned user extensions: 9
[2018-12-04 14:40:52.237] [sharedprocess] [info] Scanned user extensions: 9
[2018-12-04 14:45:52.254] [sharedprocess] [info] Scanned user extensions: 9
[2018-12-04 14:50:52.271] [sharedprocess] [info] Scanned user extensions: 9
[2018-12-04 14:55:52.288] [sharedprocess] [info] Scanned user extensions: 9
[2018-12-04 15:00:52.303] [sharedprocess] [info] Scanned user extensions: 9
[2018-12-04 15:05:52.322] [sharedprocess] [info] Scanned user extensions: 9
[2018-12-04 15:10:52.336] [sharedprocess] [info] Scanned user extensions: 9
[2018-12-04 15:15:52.351] [sharedprocess] [info] Scanned user extensions: 9
[2018-12-04 15:20:52.371] [sharedprocess] [info] Scanned user extensions: 9
[2018-12-04 15:25:52.392] [sharedprocess] [info] Scanned user extensions: 9
[2018-12-04 15:30:52.504] [sharedprocess] [info] Scanned user extensions: 9
[2018-12-04 15:35:52.519] [sharedprocess] [info] Scanned user extensions: 9
[2018-12-04 15:40:52.538] [sharedprocess] [info] Scanned user extensions: 9
[2018-12-04 15:45:52.560] [sharedprocess] [info] Scanned user extensions: 9
[2018-12-04 15:50:52.575] [sharedprocess] [info] Scanned user extensions: 9
[2018-12-04 15:55:52.593] [sharedprocess] [info] Scanned user extensions: 9
[2018-12-04 16:00:52.607] [sharedprocess] [info] Scanned user extensions: 9
[2018-12-04 16:05:52.623] [sharedprocess] [info] Scanned user extensions: 9
[2018-12-04 16:10:52.642] [sharedprocess] [info] Scanned user extensions: 9
[2018-12-04 16:15:52.665] [sharedprocess] [info] Scanned user extensions: 9
[2018-12-04 16:20:52.682] [sharedprocess] [info] Scanned user extensions: 9
[2018-12-04 16:25:52.696] [sharedprocess] [info] Scanned user extensions: 9
