[2018-11-16 09:54:13.591] [sharedprocess] [info] main {"machineId":"bc6780d3df07958fd8265e1f2de50453f8eb6c8632bd6d10c08d9ff36801141a"}
[2018-11-16 09:54:14.074] [sharedprocess] [info] Scanned user extensions: 8
[2018-11-16 09:54:14.427] [sharedprocess] [info] Scanned user extensions: 8
[2018-11-16 09:54:14.432] [sharedprocess] [info] Scanned user extensions: 8
[2018-11-16 09:54:15.959] [sharedprocess] [info] Scanned system extensions: 71
[2018-11-16 09:54:15.960] [sharedprocess] [info] Scanned system extensions: 71
[2018-11-16 09:54:16.141] [sharedprocess] [info] Deleted from disk felixfbecker.php-intellisense-2.3.9
[2018-11-16 09:54:17.847] [sharedprocess] [info] Scanned user extensions: 8
[2018-11-16 09:54:53.598] [sharedprocess] [info] Starting to clean up unused language packs.
[2018-11-16 09:59:17.886] [sharedprocess] [info] Scanned user extensions: 8
[2018-11-16 10:04:17.902] [sharedprocess] [info] Scanned user extensions: 8
[2018-11-16 10:09:17.921] [sharedprocess] [info] Scanned user extensions: 8
[2018-11-16 10:14:17.938] [sharedprocess] [info] Scanned user extensions: 8
[2018-11-16 10:19:17.953] [sharedprocess] [info] Scanned user extensions: 8
[2018-11-16 10:24:17.967] [sharedprocess] [info] Scanned user extensions: 8
[2018-11-16 10:29:17.983] [sharedprocess] [info] Scanned user extensions: 8
[2018-11-16 10:34:17.999] [sharedprocess] [info] Scanned user extensions: 8
[2018-11-16 10:39:18.009] [sharedprocess] [info] Scanned user extensions: 8
[2018-11-16 10:44:18.024] [sharedprocess] [info] Scanned user extensions: 8
[2018-11-16 10:49:18.039] [sharedprocess] [info] Scanned user extensions: 8
[2018-11-16 10:54:18.181] [sharedprocess] [info] Scanned user extensions: 8
[2018-11-16 10:59:18.196] [sharedprocess] [info] Scanned user extensions: 8
[2018-11-16 11:04:18.211] [sharedprocess] [info] Scanned user extensions: 8
[2018-11-16 11:09:18.226] [sharedprocess] [info] Scanned user extensions: 8
[2018-11-16 11:14:18.240] [sharedprocess] [info] Scanned user extensions: 8
[2018-11-16 11:19:18.255] [sharedprocess] [info] Scanned user extensions: 8
[2018-11-16 11:24:18.274] [sharedprocess] [info] Scanned user extensions: 8
[2018-11-16 11:29:18.288] [sharedprocess] [info] Scanned user extensions: 8
[2018-11-16 11:34:18.304] [sharedprocess] [info] Scanned user extensions: 8
[2018-11-16 11:39:18.319] [sharedprocess] [info] Scanned user extensions: 8
[2018-11-16 11:44:18.332] [sharedprocess] [info] Scanned user extensions: 8
[2018-11-16 11:49:18.343] [sharedprocess] [info] Scanned user extensions: 8
[2018-11-16 11:54:18.383] [sharedprocess] [info] Scanned user extensions: 8
[2018-11-16 11:59:18.398] [sharedprocess] [info] Scanned user extensions: 8
[2018-11-16 12:04:18.413] [sharedprocess] [info] Scanned user extensions: 8
[2018-11-16 12:09:18.428] [sharedprocess] [info] Scanned user extensions: 8
[2018-11-16 12:14:18.443] [sharedprocess] [info] Scanned user extensions: 8
[2018-11-16 12:19:18.460] [sharedprocess] [info] Scanned user extensions: 8
[2018-11-16 12:24:18.478] [sharedprocess] [info] Scanned user extensions: 8
[2018-11-16 12:29:18.492] [sharedprocess] [info] Scanned user extensions: 8
[2018-11-16 12:34:18.508] [sharedprocess] [info] Scanned user extensions: 8
[2018-11-16 12:39:18.523] [sharedprocess] [info] Scanned user extensions: 8
[2018-11-16 12:44:18.539] [sharedprocess] [info] Scanned user extensions: 8
[2018-11-16 12:49:18.554] [sharedprocess] [info] Scanned user extensions: 8
[2018-11-16 12:54:18.598] [sharedprocess] [info] Scanned user extensions: 8
[2018-11-16 12:59:18.613] [sharedprocess] [info] Scanned user extensions: 8
[2018-11-16 13:04:18.637] [sharedprocess] [info] Scanned user extensions: 8
[2018-11-16 13:09:18.652] [sharedprocess] [info] Scanned user extensions: 8
[2018-11-16 13:14:18.668] [sharedprocess] [info] Scanned user extensions: 8
[2018-11-16 13:19:18.683] [sharedprocess] [info] Scanned user extensions: 8
[2018-11-16 13:24:18.699] [sharedprocess] [info] Scanned user extensions: 8
[2018-11-16 13:29:18.713] [sharedprocess] [info] Scanned user extensions: 8
[2018-11-16 13:34:18.729] [sharedprocess] [info] Scanned user extensions: 8
[2018-11-16 13:39:18.745] [sharedprocess] [info] Scanned user extensions: 8
[2018-11-16 13:44:18.764] [sharedprocess] [info] Scanned user extensions: 8
[2018-11-16 13:49:18.779] [sharedprocess] [info] Scanned user extensions: 8
[2018-11-16 13:54:18.819] [sharedprocess] [info] Scanned user extensions: 8
[2018-11-16 13:59:18.835] [sharedprocess] [info] Scanned user extensions: 8
[2018-11-16 14:04:18.849] [sharedprocess] [info] Scanned user extensions: 8
[2018-11-16 14:09:18.865] [sharedprocess] [info] Scanned user extensions: 8
[2018-11-16 14:14:18.880] [sharedprocess] [info] Scanned user extensions: 8
[2018-11-16 14:19:18.895] [sharedprocess] [info] Scanned user extensions: 8
[2018-11-16 14:24:18.911] [sharedprocess] [info] Scanned user extensions: 8
[2018-11-16 14:29:18.927] [sharedprocess] [info] Scanned user extensions: 8
[2018-11-16 14:34:18.942] [sharedprocess] [info] Scanned user extensions: 8
[2018-11-16 14:39:18.957] [sharedprocess] [info] Scanned user extensions: 8
[2018-11-16 14:44:18.972] [sharedprocess] [info] Scanned user extensions: 8
[2018-11-16 14:49:18.987] [sharedprocess] [info] Scanned user extensions: 8
[2018-11-16 14:54:19.344] [sharedprocess] [info] Scanned user extensions: 8
[2018-11-16 14:59:19.359] [sharedprocess] [info] Scanned user extensions: 8
[2018-11-16 15:04:19.373] [sharedprocess] [info] Scanned user extensions: 8
[2018-11-16 15:09:19.387] [sharedprocess] [info] Scanned user extensions: 8
[2018-11-16 15:14:19.404] [sharedprocess] [info] Scanned user extensions: 8
[2018-11-16 15:19:19.415] [sharedprocess] [info] Scanned user extensions: 8
[2018-11-16 15:24:19.427] [sharedprocess] [info] Scanned user extensions: 8
[2018-11-16 15:29:19.443] [sharedprocess] [info] Scanned user extensions: 8
[2018-11-16 15:34:19.460] [sharedprocess] [info] Scanned user extensions: 8
[2018-11-16 15:39:19.477] [sharedprocess] [info] Scanned user extensions: 8
[2018-11-16 15:44:19.494] [sharedprocess] [info] Scanned user extensions: 8
[2018-11-16 15:49:19.508] [sharedprocess] [info] Scanned user extensions: 8
[2018-11-16 15:54:19.638] [sharedprocess] [info] Scanned user extensions: 8
[2018-11-16 15:59:19.652] [sharedprocess] [info] Scanned user extensions: 8
[2018-11-16 16:04:19.669] [sharedprocess] [info] Scanned user extensions: 8
[2018-11-16 16:09:19.684] [sharedprocess] [info] Scanned user extensions: 8
[2018-11-16 16:14:19.700] [sharedprocess] [info] Scanned user extensions: 8
[2018-11-16 16:19:19.714] [sharedprocess] [info] Scanned user extensions: 8
[2018-11-16 16:24:19.737] [sharedprocess] [info] Scanned user extensions: 8
[2018-11-16 16:29:19.750] [sharedprocess] [info] Scanned user extensions: 8
[2018-11-16 16:34:19.765] [sharedprocess] [info] Scanned user extensions: 8
[2018-11-16 16:39:19.779] [sharedprocess] [info] Scanned user extensions: 8
[2018-11-16 16:44:19.796] [sharedprocess] [info] Scanned user extensions: 8
[2018-11-16 16:49:19.811] [sharedprocess] [info] Scanned user extensions: 8
[2018-11-16 16:54:20.020] [sharedprocess] [info] Scanned user extensions: 8
[2018-11-16 16:59:20.034] [sharedprocess] [info] Scanned user extensions: 8
[2018-11-16 17:04:20.048] [sharedprocess] [info] Scanned user extensions: 8
[2018-11-16 17:09:20.063] [sharedprocess] [info] Scanned user extensions: 8
[2018-11-16 17:14:20.078] [sharedprocess] [info] Scanned user extensions: 8
[2018-11-16 17:19:20.095] [sharedprocess] [info] Scanned user extensions: 8
[2018-11-16 17:24:20.110] [sharedprocess] [info] Scanned user extensions: 8
[2018-11-16 17:29:20.125] [sharedprocess] [info] Scanned user extensions: 8
[2018-11-16 17:34:20.138] [sharedprocess] [info] Scanned user extensions: 8
[2018-11-16 17:39:20.151] [sharedprocess] [info] Scanned user extensions: 8
[2018-11-16 17:44:20.168] [sharedprocess] [info] Scanned user extensions: 8
[2018-11-16 17:49:20.182] [sharedprocess] [info] Scanned user extensions: 8
[2018-11-16 17:54:20.220] [sharedprocess] [info] Scanned user extensions: 8
[2018-11-16 17:59:20.235] [sharedprocess] [info] Scanned user extensions: 8
[2018-11-16 18:04:20.250] [sharedprocess] [info] Scanned user extensions: 8
[2018-11-16 18:09:20.265] [sharedprocess] [info] Scanned user extensions: 8
[2018-11-16 18:14:20.280] [sharedprocess] [info] Scanned user extensions: 8
[2018-11-16 18:19:20.294] [sharedprocess] [info] Scanned user extensions: 8
[2018-11-16 18:24:20.309] [sharedprocess] [info] Scanned user extensions: 8
[2018-11-16 18:29:20.323] [sharedprocess] [info] Scanned user extensions: 8
[2018-11-16 18:34:20.338] [sharedprocess] [info] Scanned user extensions: 8
[2018-11-16 18:39:20.353] [sharedprocess] [info] Scanned user extensions: 8
[2018-11-16 18:44:20.368] [sharedprocess] [info] Scanned user extensions: 8
[2018-11-16 18:49:20.385] [sharedprocess] [info] Scanned user extensions: 8
[2018-11-16 18:54:20.423] [sharedprocess] [info] Scanned user extensions: 8
[2018-11-16 18:59:20.439] [sharedprocess] [info] Scanned user extensions: 8
[2018-11-16 19:04:20.454] [sharedprocess] [info] Scanned user extensions: 8
[2018-11-16 19:09:20.472] [sharedprocess] [info] Scanned user extensions: 8
