[2018-11-28 09:40:07.359] [sharedprocess] [info] main {"machineId":"bc6780d3df07958fd8265e1f2de50453f8eb6c8632bd6d10c08d9ff36801141a"}
[2018-11-28 09:40:08.206] [sharedprocess] [info] Scanned user extensions: 9
[2018-11-28 09:40:09.097] [sharedprocess] [info] Scanned user extensions: 9
[2018-11-28 09:40:09.214] [sharedprocess] [info] Scanned user extensions: 9
[2018-11-28 09:40:10.132] [sharedprocess] [info] Scanned system extensions: 71
[2018-11-28 09:40:10.137] [sharedprocess] [info] Scanned system extensions: 71
[2018-11-28 09:40:11.827] [sharedprocess] [info] Scanned user extensions: 9
[2018-11-28 09:40:13.045] [sharedprocess] [info] Installing extension: vscode-java-test
[2018-11-28 09:40:13.045] [sharedprocess] [info] Installing extension: vscode-maven
[2018-11-28 09:40:13.056] [sharedprocess] [info] Scanned user extensions: 9
[2018-11-28 09:40:13.061] [sharedprocess] [info] Scanned user extensions: 9
[2018-11-28 09:40:13.642] [sharedprocess] [info] Downloaded extension: vscode-maven /tmp/703eeb55-47cc-487c-b107-29737720a35c
[2018-11-28 09:40:14.190] [sharedprocess] [info] Extracted extension to /home/bridgeit/.vscode/extensions/.vscjava.vscode-maven-0.11.3: vscjava.vscode-maven-0.11.3
[2018-11-28 09:40:14.190] [sharedprocess] [info] Renamed to /home/bridgeit/.vscode/extensions/vscjava.vscode-maven-0.11.3
[2018-11-28 09:40:14.190] [sharedprocess] [info] Installation completed. vscjava.vscode-maven-0.11.3
[2018-11-28 09:40:17.629] [sharedprocess] [info] Extensions installed successfully: vscjava.vscode-maven
[2018-11-28 09:40:17.746] [sharedprocess] [info] Scanned user extensions: 9
[2018-11-28 09:40:17.768] [sharedprocess] [info] Scanned system extensions: 71
[2018-11-28 09:40:19.193] [sharedprocess] [info] Downloaded extension: vscode-java-test /tmp/eba753a1-cf5b-4fda-b4fe-70989a156680
[2018-11-28 09:40:32.232] [sharedprocess] [info] Extracted extension to /home/bridgeit/.vscode/extensions/.vscjava.vscode-java-test-0.11.1: vscjava.vscode-java-test-0.11.1
[2018-11-28 09:40:32.232] [sharedprocess] [info] Renamed to /home/bridgeit/.vscode/extensions/vscjava.vscode-java-test-0.11.1
[2018-11-28 09:40:32.232] [sharedprocess] [info] Installation completed. vscjava.vscode-java-test-0.11.1
[2018-11-28 09:40:47.366] [sharedprocess] [info] Starting to clean up unused language packs.
[2018-11-28 09:40:59.654] [sharedprocess] [info] Scanned user extensions: 9
[2018-11-28 09:40:59.683] [sharedprocess] [info] Scanned system extensions: 71
[2018-11-28 09:40:59.683] [sharedprocess] [info] Extensions installed successfully: vscjava.vscode-java-test
[2018-11-28 09:40:59.805] [sharedprocess] [info] Scanned user extensions: 9
[2018-11-28 09:40:59.826] [sharedprocess] [info] Scanned system extensions: 71
[2018-11-28 09:45:11.866] [sharedprocess] [info] Scanned user extensions: 9
[2018-11-28 09:50:11.883] [sharedprocess] [info] Scanned user extensions: 9
[2018-11-28 09:55:11.903] [sharedprocess] [info] Scanned user extensions: 9
[2018-11-28 10:00:11.922] [sharedprocess] [info] Scanned user extensions: 9
[2018-11-28 10:05:11.940] [sharedprocess] [info] Scanned user extensions: 9
[2018-11-28 10:10:11.961] [sharedprocess] [info] Scanned user extensions: 9
[2018-11-28 10:15:11.982] [sharedprocess] [info] Scanned user extensions: 9
[2018-11-28 10:20:11.999] [sharedprocess] [info] Scanned user extensions: 9
[2018-11-28 10:25:12.015] [sharedprocess] [info] Scanned user extensions: 9
[2018-11-28 10:30:12.032] [sharedprocess] [info] Scanned user extensions: 9
[2018-11-28 10:35:12.050] [sharedprocess] [info] Scanned user extensions: 9
[2018-11-28 10:40:12.093] [sharedprocess] [info] Scanned user extensions: 9
[2018-11-28 10:45:12.114] [sharedprocess] [info] Scanned user extensions: 9
[2018-11-28 10:50:12.133] [sharedprocess] [info] Scanned user extensions: 9
[2018-11-28 10:55:12.150] [sharedprocess] [info] Scanned user extensions: 9
[2018-11-28 11:00:12.169] [sharedprocess] [info] Scanned user extensions: 9
[2018-11-28 11:05:12.186] [sharedprocess] [info] Scanned user extensions: 9
[2018-11-28 11:10:12.200] [sharedprocess] [info] Scanned user extensions: 9
[2018-11-28 11:15:12.214] [sharedprocess] [info] Scanned user extensions: 9
[2018-11-28 11:20:12.232] [sharedprocess] [info] Scanned user extensions: 9
[2018-11-28 11:25:12.250] [sharedprocess] [info] Scanned user extensions: 9
[2018-11-28 11:30:12.266] [sharedprocess] [info] Scanned user extensions: 9
[2018-11-28 11:35:12.285] [sharedprocess] [info] Scanned user extensions: 9
[2018-11-28 11:40:12.342] [sharedprocess] [info] Scanned user extensions: 9
[2018-11-28 11:45:12.362] [sharedprocess] [info] Scanned user extensions: 9
[2018-11-28 11:50:12.379] [sharedprocess] [info] Scanned user extensions: 9
[2018-11-28 11:55:12.397] [sharedprocess] [info] Scanned user extensions: 9
[2018-11-28 12:00:12.419] [sharedprocess] [info] Scanned user extensions: 9
[2018-11-28 12:05:12.439] [sharedprocess] [info] Scanned user extensions: 9
[2018-11-28 12:10:12.458] [sharedprocess] [info] Scanned user extensions: 9
[2018-11-28 12:15:12.475] [sharedprocess] [info] Scanned user extensions: 9
[2018-11-28 12:20:12.494] [sharedprocess] [info] Scanned user extensions: 9
[2018-11-28 12:25:12.513] [sharedprocess] [info] Scanned user extensions: 9
[2018-11-28 12:30:12.534] [sharedprocess] [info] Scanned user extensions: 9
[2018-11-28 12:35:12.550] [sharedprocess] [info] Scanned user extensions: 9
[2018-11-28 12:40:12.595] [sharedprocess] [info] Scanned user extensions: 9
[2018-11-28 12:45:12.616] [sharedprocess] [info] Scanned user extensions: 9
[2018-11-28 12:50:12.634] [sharedprocess] [info] Scanned user extensions: 9
[2018-11-28 12:55:12.652] [sharedprocess] [info] Scanned user extensions: 9
[2018-11-28 13:00:12.670] [sharedprocess] [info] Scanned user extensions: 9
[2018-11-28 13:05:12.687] [sharedprocess] [info] Scanned user extensions: 9
[2018-11-28 13:10:12.705] [sharedprocess] [info] Scanned user extensions: 9
[2018-11-28 13:15:12.723] [sharedprocess] [info] Scanned user extensions: 9
[2018-11-28 13:20:12.742] [sharedprocess] [info] Scanned user extensions: 9
[2018-11-28 13:25:12.761] [sharedprocess] [info] Scanned user extensions: 9
[2018-11-28 13:30:12.779] [sharedprocess] [info] Scanned user extensions: 9
[2018-11-28 13:35:12.797] [sharedprocess] [info] Scanned user extensions: 9
[2018-11-28 13:40:12.867] [sharedprocess] [info] Scanned user extensions: 9
[2018-11-28 13:45:12.886] [sharedprocess] [info] Scanned user extensions: 9
[2018-11-28 13:50:12.905] [sharedprocess] [info] Scanned user extensions: 9
[2018-11-28 13:55:12.924] [sharedprocess] [info] Scanned user extensions: 9
[2018-11-28 14:00:12.943] [sharedprocess] [info] Scanned user extensions: 9
[2018-11-28 14:05:12.963] [sharedprocess] [info] Scanned user extensions: 9
[2018-11-28 14:10:12.983] [sharedprocess] [info] Scanned user extensions: 9
[2018-11-28 14:15:13.001] [sharedprocess] [info] Scanned user extensions: 9
[2018-11-28 14:20:13.020] [sharedprocess] [info] Scanned user extensions: 9
[2018-11-28 14:25:13.037] [sharedprocess] [info] Scanned user extensions: 9
[2018-11-28 14:30:13.056] [sharedprocess] [info] Scanned user extensions: 9
[2018-11-28 14:35:13.109] [sharedprocess] [info] Scanned user extensions: 9
[2018-11-28 14:40:18.528] [sharedprocess] [info] Scanned user extensions: 9
[2018-11-28 14:45:18.548] [sharedprocess] [info] Scanned user extensions: 9
[2018-11-28 14:50:18.564] [sharedprocess] [info] Scanned user extensions: 9
[2018-11-28 14:55:18.582] [sharedprocess] [info] Scanned user extensions: 9
[2018-11-28 15:00:18.600] [sharedprocess] [info] Scanned user extensions: 9
[2018-11-28 15:05:18.614] [sharedprocess] [info] Scanned user extensions: 9
[2018-11-28 15:10:18.634] [sharedprocess] [info] Scanned user extensions: 9
[2018-11-28 15:15:18.653] [sharedprocess] [info] Scanned user extensions: 9
[2018-11-28 15:20:18.672] [sharedprocess] [info] Scanned user extensions: 9
[2018-11-28 15:25:18.688] [sharedprocess] [info] Scanned user extensions: 9
[2018-11-28 15:30:18.704] [sharedprocess] [info] Scanned user extensions: 9
[2018-11-28 15:35:18.721] [sharedprocess] [info] Scanned user extensions: 9
[2018-11-28 15:40:18.760] [sharedprocess] [info] Scanned user extensions: 9
[2018-11-28 15:45:18.777] [sharedprocess] [info] Scanned user extensions: 9
[2018-11-28 15:50:18.800] [sharedprocess] [info] Scanned user extensions: 9
[2018-11-28 15:55:18.818] [sharedprocess] [info] Scanned user extensions: 9
[2018-11-28 16:00:18.834] [sharedprocess] [info] Scanned user extensions: 9
[2018-11-28 16:05:18.853] [sharedprocess] [info] Scanned user extensions: 9
[2018-11-28 16:10:18.870] [sharedprocess] [info] Scanned user extensions: 9
[2018-11-28 16:15:18.914] [sharedprocess] [info] Scanned user extensions: 9
[2018-11-28 16:20:19.063] [sharedprocess] [info] Scanned user extensions: 9
[2018-11-28 16:25:19.082] [sharedprocess] [info] Scanned user extensions: 9
[2018-11-28 16:30:19.101] [sharedprocess] [info] Scanned user extensions: 9
[2018-11-28 16:35:19.127] [sharedprocess] [info] Scanned user extensions: 9
[2018-11-28 16:40:19.201] [sharedprocess] [info] Scanned user extensions: 9
[2018-11-28 16:45:19.221] [sharedprocess] [info] Scanned user extensions: 9
[2018-11-28 16:50:19.238] [sharedprocess] [info] Scanned user extensions: 9
[2018-11-28 16:55:19.256] [sharedprocess] [info] Scanned user extensions: 9
[2018-11-28 17:00:19.271] [sharedprocess] [info] Scanned user extensions: 9
[2018-11-28 17:05:19.289] [sharedprocess] [info] Scanned user extensions: 9
[2018-11-28 17:10:19.307] [sharedprocess] [info] Scanned user extensions: 9
[2018-11-28 17:15:19.327] [sharedprocess] [info] Scanned user extensions: 9
[2018-11-28 17:20:19.341] [sharedprocess] [info] Scanned user extensions: 9
[2018-11-28 17:25:19.355] [sharedprocess] [info] Scanned user extensions: 9
[2018-11-28 17:30:19.373] [sharedprocess] [info] Scanned user extensions: 9
[2018-11-28 17:35:19.390] [sharedprocess] [info] Scanned user extensions: 9
[2018-11-28 17:40:19.431] [sharedprocess] [info] Scanned user extensions: 9
[2018-11-28 17:45:19.453] [sharedprocess] [info] Scanned user extensions: 9
[2018-11-28 17:50:19.469] [sharedprocess] [info] Scanned user extensions: 9
[2018-11-28 17:55:19.483] [sharedprocess] [info] Scanned user extensions: 9
[2018-11-28 18:00:19.494] [sharedprocess] [info] Scanned user extensions: 9
[2018-11-28 18:05:19.506] [sharedprocess] [info] Scanned user extensions: 9
[2018-11-28 18:10:19.522] [sharedprocess] [info] Scanned user extensions: 9
[2018-11-28 18:15:19.537] [sharedprocess] [info] Scanned user extensions: 9
[2018-11-28 18:20:19.551] [sharedprocess] [info] Scanned user extensions: 9
[2018-11-28 18:25:19.565] [sharedprocess] [info] Scanned user extensions: 9
[2018-11-28 18:30:19.586] [sharedprocess] [info] Scanned user extensions: 9
[2018-11-28 18:35:19.604] [sharedprocess] [info] Scanned user extensions: 9
[2018-11-28 18:40:19.859] [sharedprocess] [info] Scanned user extensions: 9
[2018-11-28 18:45:19.876] [sharedprocess] [info] Scanned user extensions: 9
[2018-11-28 18:50:19.894] [sharedprocess] [info] Scanned user extensions: 9
[2018-11-28 18:55:19.915] [sharedprocess] [info] Scanned user extensions: 9
[2018-11-28 19:00:19.934] [sharedprocess] [info] Scanned user extensions: 9
[2018-11-28 19:05:19.950] [sharedprocess] [info] Scanned user extensions: 9
[2018-11-28 19:10:19.968] [sharedprocess] [info] Scanned user extensions: 9
[2018-11-28 19:15:21.147] [sharedprocess] [info] Scanned user extensions: 9
[2018-11-28 19:20:21.173] [sharedprocess] [info] Scanned user extensions: 9
[2018-11-28 19:25:21.192] [sharedprocess] [info] Scanned user extensions: 9
[2018-11-28 19:30:21.213] [sharedprocess] [info] Scanned user extensions: 9
[2018-11-28 19:35:21.241] [sharedprocess] [info] Scanned user extensions: 9
[2018-11-28 19:40:21.457] [sharedprocess] [info] Scanned user extensions: 9
[2018-11-28 19:45:21.471] [sharedprocess] [info] Scanned user extensions: 9
[2018-11-28 19:50:21.488] [sharedprocess] [info] Scanned user extensions: 9
