[2018-11-17 10:57:23.642] [sharedprocess] [info] main {"machineId":"bc6780d3df07958fd8265e1f2de50453f8eb6c8632bd6d10c08d9ff36801141a"}
[2018-11-17 10:57:24.190] [sharedprocess] [info] Scanned user extensions: 8
[2018-11-17 10:57:24.888] [sharedprocess] [info] Scanned user extensions: 8
[2018-11-17 10:57:24.894] [sharedprocess] [info] Scanned user extensions: 8
[2018-11-17 10:57:25.029] [sharedprocess] [info] Scanned system extensions: 71
[2018-11-17 10:57:25.043] [sharedprocess] [info] Scanned system extensions: 71
[2018-11-17 10:57:27.831] [sharedprocess] [info] Installing extension: java
[2018-11-17 10:57:27.835] [sharedprocess] [info] Scanned user extensions: 8
[2018-11-17 10:57:28.422] [sharedprocess] [info] Scanned user extensions: 8
[2018-11-17 10:58:03.647] [sharedprocess] [info] Starting to clean up unused language packs.
[2018-11-17 10:58:05.865] [sharedprocess] [info] Downloaded extension: java /tmp/6a6c8076-7bc9-47f4-924b-eb1237df4ab4
[2018-11-17 10:58:07.218] [sharedprocess] [info] Extracted extension to /home/bridgeit/.vscode/extensions/.redhat.java-0.34.0: redhat.java-0.34.0
[2018-11-17 10:58:07.219] [sharedprocess] [info] Renamed to /home/bridgeit/.vscode/extensions/redhat.java-0.34.0
[2018-11-17 10:58:07.220] [sharedprocess] [info] Installation completed. redhat.java-0.34.0
[2018-11-17 10:58:07.297] [sharedprocess] [info] Extensions installed successfully: redhat.java
[2018-11-17 10:58:07.411] [sharedprocess] [info] Scanned user extensions: 8
[2018-11-17 10:58:07.437] [sharedprocess] [info] Scanned system extensions: 71
[2018-11-17 11:02:28.445] [sharedprocess] [info] Scanned user extensions: 8
[2018-11-17 11:07:28.456] [sharedprocess] [info] Scanned user extensions: 8
[2018-11-17 11:12:28.466] [sharedprocess] [info] Scanned user extensions: 8
[2018-11-17 11:17:28.477] [sharedprocess] [info] Scanned user extensions: 8
[2018-11-17 11:22:28.487] [sharedprocess] [info] Scanned user extensions: 8
[2018-11-17 11:27:28.496] [sharedprocess] [info] Scanned user extensions: 8
[2018-11-17 11:32:28.511] [sharedprocess] [info] Scanned user extensions: 8
[2018-11-17 11:37:28.524] [sharedprocess] [info] Scanned user extensions: 8
[2018-11-17 11:42:28.532] [sharedprocess] [info] Scanned user extensions: 8
[2018-11-17 11:47:28.542] [sharedprocess] [info] Scanned user extensions: 8
[2018-11-17 11:52:28.553] [sharedprocess] [info] Scanned user extensions: 8
[2018-11-17 11:57:28.589] [sharedprocess] [info] Scanned user extensions: 8
[2018-11-17 12:02:28.599] [sharedprocess] [info] Scanned user extensions: 8
[2018-11-17 12:07:28.608] [sharedprocess] [info] Scanned user extensions: 8
[2018-11-17 12:12:28.618] [sharedprocess] [info] Scanned user extensions: 8
[2018-11-17 12:17:28.630] [sharedprocess] [info] Scanned user extensions: 8
[2018-11-17 12:22:28.642] [sharedprocess] [info] Scanned user extensions: 8
[2018-11-17 12:27:28.653] [sharedprocess] [info] Scanned user extensions: 8
[2018-11-17 12:32:28.664] [sharedprocess] [info] Scanned user extensions: 8
[2018-11-17 12:37:28.673] [sharedprocess] [info] Scanned user extensions: 8
[2018-11-17 12:42:28.684] [sharedprocess] [info] Scanned user extensions: 8
[2018-11-17 12:47:28.694] [sharedprocess] [info] Scanned user extensions: 8
[2018-11-17 12:52:28.705] [sharedprocess] [info] Scanned user extensions: 8
[2018-11-17 12:57:28.851] [sharedprocess] [info] Scanned user extensions: 8
[2018-11-17 13:02:28.862] [sharedprocess] [info] Scanned user extensions: 8
[2018-11-17 13:07:28.871] [sharedprocess] [info] Scanned user extensions: 8
[2018-11-17 13:12:28.881] [sharedprocess] [info] Scanned user extensions: 8
[2018-11-17 13:17:28.890] [sharedprocess] [info] Scanned user extensions: 8
[2018-11-17 13:22:28.900] [sharedprocess] [info] Scanned user extensions: 8
[2018-11-17 13:27:28.908] [sharedprocess] [info] Scanned user extensions: 8
[2018-11-17 13:32:28.925] [sharedprocess] [info] Scanned user extensions: 8
[2018-11-17 13:37:28.934] [sharedprocess] [info] Scanned user extensions: 8
[2018-11-17 13:42:28.944] [sharedprocess] [info] Scanned user extensions: 8
[2018-11-17 13:47:28.953] [sharedprocess] [info] Scanned user extensions: 8
[2018-11-17 13:52:28.962] [sharedprocess] [info] Scanned user extensions: 8
[2018-11-17 13:57:29.000] [sharedprocess] [info] Scanned user extensions: 8
[2018-11-17 14:02:29.009] [sharedprocess] [info] Scanned user extensions: 8
[2018-11-17 14:07:29.018] [sharedprocess] [info] Scanned user extensions: 8
[2018-11-17 14:12:29.028] [sharedprocess] [info] Scanned user extensions: 8
[2018-11-17 14:17:29.038] [sharedprocess] [info] Scanned user extensions: 8
[2018-11-17 14:22:29.047] [sharedprocess] [info] Scanned user extensions: 8
[2018-11-17 14:27:29.058] [sharedprocess] [info] Scanned user extensions: 8
[2018-11-17 14:32:29.068] [sharedprocess] [info] Scanned user extensions: 8
[2018-11-17 14:37:29.079] [sharedprocess] [info] Scanned user extensions: 8
[2018-11-17 14:42:29.091] [sharedprocess] [info] Scanned user extensions: 8
[2018-11-17 14:47:29.103] [sharedprocess] [info] Scanned user extensions: 8
[2018-11-17 14:52:29.112] [sharedprocess] [info] Scanned user extensions: 8
[2018-11-17 14:57:29.232] [sharedprocess] [info] Scanned user extensions: 8
[2018-11-17 15:02:29.242] [sharedprocess] [info] Scanned user extensions: 8
[2018-11-17 15:07:29.253] [sharedprocess] [info] Scanned user extensions: 8
[2018-11-17 15:12:29.262] [sharedprocess] [info] Scanned user extensions: 8
[2018-11-17 15:17:29.272] [sharedprocess] [info] Scanned user extensions: 8
[2018-11-17 15:22:29.285] [sharedprocess] [info] Scanned user extensions: 8
[2018-11-17 15:27:29.294] [sharedprocess] [info] Scanned user extensions: 8
[2018-11-17 15:32:29.303] [sharedprocess] [info] Scanned user extensions: 8
[2018-11-17 15:37:29.315] [sharedprocess] [info] Scanned user extensions: 8
[2018-11-17 15:42:29.324] [sharedprocess] [info] Scanned user extensions: 8
[2018-11-17 15:47:29.333] [sharedprocess] [info] Scanned user extensions: 8
[2018-11-17 15:52:29.343] [sharedprocess] [info] Scanned user extensions: 8
[2018-11-17 15:57:29.381] [sharedprocess] [info] Scanned user extensions: 8
[2018-11-17 16:02:29.390] [sharedprocess] [info] Scanned user extensions: 8
[2018-11-17 16:07:29.400] [sharedprocess] [info] Scanned user extensions: 8
[2018-11-17 16:12:29.410] [sharedprocess] [info] Scanned user extensions: 8
[2018-11-17 16:17:29.420] [sharedprocess] [info] Scanned user extensions: 8
[2018-11-17 16:22:29.430] [sharedprocess] [info] Scanned user extensions: 8
[2018-11-17 16:27:29.440] [sharedprocess] [info] Scanned user extensions: 8
[2018-11-17 16:32:29.449] [sharedprocess] [info] Scanned user extensions: 8
[2018-11-17 16:37:29.459] [sharedprocess] [info] Scanned user extensions: 8
[2018-11-17 16:42:29.468] [sharedprocess] [info] Scanned user extensions: 8
[2018-11-17 16:47:29.477] [sharedprocess] [info] Scanned user extensions: 8
[2018-11-17 16:52:29.487] [sharedprocess] [info] Scanned user extensions: 8
[2018-11-17 16:57:29.525] [sharedprocess] [info] Scanned user extensions: 8
[2018-11-17 17:02:29.535] [sharedprocess] [info] Scanned user extensions: 8
[2018-11-17 17:07:29.544] [sharedprocess] [info] Scanned user extensions: 8
[2018-11-17 17:12:29.554] [sharedprocess] [info] Scanned user extensions: 8
[2018-11-17 17:17:29.563] [sharedprocess] [info] Scanned user extensions: 8
[2018-11-17 17:22:29.572] [sharedprocess] [info] Scanned user extensions: 8
[2018-11-17 17:27:29.581] [sharedprocess] [info] Scanned user extensions: 8
[2018-11-17 17:32:29.591] [sharedprocess] [info] Scanned user extensions: 8
[2018-11-17 17:37:29.602] [sharedprocess] [info] Scanned user extensions: 8
[2018-11-17 17:42:29.615] [sharedprocess] [info] Scanned user extensions: 8
[2018-11-17 17:47:29.624] [sharedprocess] [info] Scanned user extensions: 8
[2018-11-17 17:52:29.634] [sharedprocess] [info] Scanned user extensions: 8
[2018-11-17 17:57:29.789] [sharedprocess] [info] Scanned user extensions: 8
[2018-11-17 18:02:29.802] [sharedprocess] [info] Scanned user extensions: 8
[2018-11-17 18:07:29.811] [sharedprocess] [info] Scanned user extensions: 8
[2018-11-17 18:12:29.821] [sharedprocess] [info] Scanned user extensions: 8
[2018-11-17 18:17:29.831] [sharedprocess] [info] Scanned user extensions: 8
[2018-11-17 18:22:29.841] [sharedprocess] [info] Scanned user extensions: 8
[2018-11-17 18:27:29.852] [sharedprocess] [info] Scanned user extensions: 8
[2018-11-17 18:32:29.864] [sharedprocess] [info] Scanned user extensions: 8
[2018-11-17 18:37:29.873] [sharedprocess] [info] Scanned user extensions: 8
[2018-11-17 18:42:29.884] [sharedprocess] [info] Scanned user extensions: 8
[2018-11-17 18:47:29.895] [sharedprocess] [info] Scanned user extensions: 8
[2018-11-17 18:52:29.906] [sharedprocess] [info] Scanned user extensions: 8
[2018-11-17 18:57:29.940] [sharedprocess] [info] Scanned user extensions: 8
[2018-11-17 19:02:29.950] [sharedprocess] [info] Scanned user extensions: 8
[2018-11-17 19:07:29.962] [sharedprocess] [info] Scanned user extensions: 8
