[2018-11-30 09:42:05.601] [renderer1] [info] no standard startup: panel is active
[2018-11-30 10:55:00.960] [renderer1] [error] Inotify limit reached (ENOSPC)
[2018-11-30 11:22:03.218] [renderer1] [error] Cannot read property 'lineNumber' of null: TypeError: Cannot read property 'lineNumber' of null
	at Object.e.to (/usr/share/code/resources/app/out/vs/workbench/node/extensionHostProcess.js:692:25)
	at e.provideHover (/usr/share/code/resources/app/out/vs/workbench/node/extensionHostProcess.js:749:117)
	at /usr/share/code/resources/app/out/vs/workbench/node/extensionHostProcess.js:763:824
	at e._withAdapter (/usr/share/code/resources/app/out/vs/workbench/node/extensionHostProcess.js:761:91)
	at e.$provideHover (/usr/share/code/resources/app/out/vs/workbench/node/extensionHostProcess.js:763:786)
	at e._doInvokeHandler (/usr/share/code/resources/app/out/vs/workbench/node/extensionHostProcess.js:681:309)
	at e._invokeHandler (/usr/share/code/resources/app/out/vs/workbench/node/extensionHostProcess.js:681:27)
	at e._receiveRequest (/usr/share/code/resources/app/out/vs/workbench/node/extensionHostProcess.js:679:802)
	at e._receiveOneMessage (/usr/share/code/resources/app/out/vs/workbench/node/extensionHostProcess.js:678:993)
	at /usr/share/code/resources/app/out/vs/workbench/node/extensionHostProcess.js:677:791
	at /usr/share/code/resources/app/out/vs/workbench/node/extensionHostProcess.js:98:597
	at e.fire (/usr/share/code/resources/app/out/vs/workbench/node/extensionHostProcess.js:99:917)
	at a (/usr/share/code/resources/app/out/vs/workbench/node/extensionHostProcess.js:164:787)
	at Socket._socketDataListener (/usr/share/code/resources/app/out/vs/workbench/node/extensionHostProcess.js:164:1006)
	at emitOne (events.js:116:13)
	at Socket.emit (events.js:211:7)
	at addChunk (_stream_readable.js:263:12)
	at readableAddChunk (_stream_readable.js:250:11)
	at Socket.Readable.push (_stream_readable.js:208:10)
	at Pipe.onread (net.js:594:20)
[2018-11-30 11:55:51.407] [renderer1] [error] Cannot read property 'lineNumber' of null: TypeError: Cannot read property 'lineNumber' of null
	at Object.e.to (/usr/share/code/resources/app/out/vs/workbench/node/extensionHostProcess.js:692:25)
	at e.provideHover (/usr/share/code/resources/app/out/vs/workbench/node/extensionHostProcess.js:749:117)
	at /usr/share/code/resources/app/out/vs/workbench/node/extensionHostProcess.js:763:824
	at e._withAdapter (/usr/share/code/resources/app/out/vs/workbench/node/extensionHostProcess.js:761:91)
	at e.$provideHover (/usr/share/code/resources/app/out/vs/workbench/node/extensionHostProcess.js:763:786)
	at e._doInvokeHandler (/usr/share/code/resources/app/out/vs/workbench/node/extensionHostProcess.js:681:309)
	at e._invokeHandler (/usr/share/code/resources/app/out/vs/workbench/node/extensionHostProcess.js:681:27)
	at e._receiveRequest (/usr/share/code/resources/app/out/vs/workbench/node/extensionHostProcess.js:679:802)
	at e._receiveOneMessage (/usr/share/code/resources/app/out/vs/workbench/node/extensionHostProcess.js:678:993)
	at /usr/share/code/resources/app/out/vs/workbench/node/extensionHostProcess.js:677:791
	at /usr/share/code/resources/app/out/vs/workbench/node/extensionHostProcess.js:98:597
	at e.fire (/usr/share/code/resources/app/out/vs/workbench/node/extensionHostProcess.js:99:917)
	at a (/usr/share/code/resources/app/out/vs/workbench/node/extensionHostProcess.js:164:787)
	at Socket._socketDataListener (/usr/share/code/resources/app/out/vs/workbench/node/extensionHostProcess.js:164:1006)
	at emitOne (events.js:116:13)
	at Socket.emit (events.js:211:7)
	at addChunk (_stream_readable.js:263:12)
	at readableAddChunk (_stream_readable.js:250:11)
	at Socket.Readable.push (_stream_readable.js:208:10)
	at Pipe.onread (net.js:594:20)
[2018-11-30 16:02:12.722] [renderer1] [error] Cannot read property 'lineNumber' of null: TypeError: Cannot read property 'lineNumber' of null
	at Object.e.to (/usr/share/code/resources/app/out/vs/workbench/node/extensionHostProcess.js:692:25)
	at e.provideHover (/usr/share/code/resources/app/out/vs/workbench/node/extensionHostProcess.js:749:117)
	at /usr/share/code/resources/app/out/vs/workbench/node/extensionHostProcess.js:763:824
	at e._withAdapter (/usr/share/code/resources/app/out/vs/workbench/node/extensionHostProcess.js:761:91)
	at e.$provideHover (/usr/share/code/resources/app/out/vs/workbench/node/extensionHostProcess.js:763:786)
	at e._doInvokeHandler (/usr/share/code/resources/app/out/vs/workbench/node/extensionHostProcess.js:681:309)
	at e._invokeHandler (/usr/share/code/resources/app/out/vs/workbench/node/extensionHostProcess.js:681:27)
	at e._receiveRequest (/usr/share/code/resources/app/out/vs/workbench/node/extensionHostProcess.js:679:802)
	at e._receiveOneMessage (/usr/share/code/resources/app/out/vs/workbench/node/extensionHostProcess.js:678:993)
	at /usr/share/code/resources/app/out/vs/workbench/node/extensionHostProcess.js:677:791
	at /usr/share/code/resources/app/out/vs/workbench/node/extensionHostProcess.js:98:597
	at e.fire (/usr/share/code/resources/app/out/vs/workbench/node/extensionHostProcess.js:99:917)
	at a (/usr/share/code/resources/app/out/vs/workbench/node/extensionHostProcess.js:164:787)
	at Socket._socketDataListener (/usr/share/code/resources/app/out/vs/workbench/node/extensionHostProcess.js:164:1006)
	at emitOne (events.js:116:13)
	at Socket.emit (events.js:211:7)
	at addChunk (_stream_readable.js:263:12)
	at readableAddChunk (_stream_readable.js:250:11)
	at Socket.Readable.push (_stream_readable.js:208:10)
	at Pipe.onread (net.js:594:20)
[2018-11-30 16:02:16.794] [renderer1] [error] Cannot read property 'lineNumber' of null: TypeError: Cannot read property 'lineNumber' of null
	at Object.e.to (/usr/share/code/resources/app/out/vs/workbench/node/extensionHostProcess.js:692:25)
	at e.provideHover (/usr/share/code/resources/app/out/vs/workbench/node/extensionHostProcess.js:749:117)
	at /usr/share/code/resources/app/out/vs/workbench/node/extensionHostProcess.js:763:824
	at e._withAdapter (/usr/share/code/resources/app/out/vs/workbench/node/extensionHostProcess.js:761:91)
	at e.$provideHover (/usr/share/code/resources/app/out/vs/workbench/node/extensionHostProcess.js:763:786)
	at e._doInvokeHandler (/usr/share/code/resources/app/out/vs/workbench/node/extensionHostProcess.js:681:309)
	at e._invokeHandler (/usr/share/code/resources/app/out/vs/workbench/node/extensionHostProcess.js:681:27)
	at e._receiveRequest (/usr/share/code/resources/app/out/vs/workbench/node/extensionHostProcess.js:679:802)
	at e._receiveOneMessage (/usr/share/code/resources/app/out/vs/workbench/node/extensionHostProcess.js:678:993)
	at /usr/share/code/resources/app/out/vs/workbench/node/extensionHostProcess.js:677:791
	at /usr/share/code/resources/app/out/vs/workbench/node/extensionHostProcess.js:98:597
	at e.fire (/usr/share/code/resources/app/out/vs/workbench/node/extensionHostProcess.js:99:917)
	at a (/usr/share/code/resources/app/out/vs/workbench/node/extensionHostProcess.js:164:787)
	at Socket._socketDataListener (/usr/share/code/resources/app/out/vs/workbench/node/extensionHostProcess.js:164:1006)
	at emitOne (events.js:116:13)
	at Socket.emit (events.js:211:7)
	at addChunk (_stream_readable.js:263:12)
	at readableAddChunk (_stream_readable.js:250:11)
	at Socket.Readable.push (_stream_readable.js:208:10)
	at Pipe.onread (net.js:594:20)
[2018-11-30 16:02:22.173] [renderer1] [error] Cannot read property 'lineNumber' of null: TypeError: Cannot read property 'lineNumber' of null
	at Object.e.to (/usr/share/code/resources/app/out/vs/workbench/node/extensionHostProcess.js:692:25)
	at e.provideHover (/usr/share/code/resources/app/out/vs/workbench/node/extensionHostProcess.js:749:117)
	at /usr/share/code/resources/app/out/vs/workbench/node/extensionHostProcess.js:763:824
	at e._withAdapter (/usr/share/code/resources/app/out/vs/workbench/node/extensionHostProcess.js:761:91)
	at e.$provideHover (/usr/share/code/resources/app/out/vs/workbench/node/extensionHostProcess.js:763:786)
	at e._doInvokeHandler (/usr/share/code/resources/app/out/vs/workbench/node/extensionHostProcess.js:681:309)
	at e._invokeHandler (/usr/share/code/resources/app/out/vs/workbench/node/extensionHostProcess.js:681:27)
	at e._receiveRequest (/usr/share/code/resources/app/out/vs/workbench/node/extensionHostProcess.js:679:802)
	at e._receiveOneMessage (/usr/share/code/resources/app/out/vs/workbench/node/extensionHostProcess.js:678:993)
	at /usr/share/code/resources/app/out/vs/workbench/node/extensionHostProcess.js:677:791
	at /usr/share/code/resources/app/out/vs/workbench/node/extensionHostProcess.js:98:597
	at e.fire (/usr/share/code/resources/app/out/vs/workbench/node/extensionHostProcess.js:99:917)
	at a (/usr/share/code/resources/app/out/vs/workbench/node/extensionHostProcess.js:164:787)
	at Socket._socketDataListener (/usr/share/code/resources/app/out/vs/workbench/node/extensionHostProcess.js:164:1006)
	at emitOne (events.js:116:13)
	at Socket.emit (events.js:211:7)
	at addChunk (_stream_readable.js:263:12)
	at readableAddChunk (_stream_readable.js:250:11)
	at Socket.Readable.push (_stream_readable.js:208:10)
	at Pipe.onread (net.js:594:20)
[2018-11-30 16:53:45.778] [renderer1] [error] Cannot read property 'lineNumber' of null: TypeError: Cannot read property 'lineNumber' of null
	at Object.e.to (/usr/share/code/resources/app/out/vs/workbench/node/extensionHostProcess.js:692:25)
	at e.provideHover (/usr/share/code/resources/app/out/vs/workbench/node/extensionHostProcess.js:749:117)
	at /usr/share/code/resources/app/out/vs/workbench/node/extensionHostProcess.js:763:824
	at e._withAdapter (/usr/share/code/resources/app/out/vs/workbench/node/extensionHostProcess.js:761:91)
	at e.$provideHover (/usr/share/code/resources/app/out/vs/workbench/node/extensionHostProcess.js:763:786)
	at e._doInvokeHandler (/usr/share/code/resources/app/out/vs/workbench/node/extensionHostProcess.js:681:309)
	at e._invokeHandler (/usr/share/code/resources/app/out/vs/workbench/node/extensionHostProcess.js:681:27)
	at e._receiveRequest (/usr/share/code/resources/app/out/vs/workbench/node/extensionHostProcess.js:679:802)
	at e._receiveOneMessage (/usr/share/code/resources/app/out/vs/workbench/node/extensionHostProcess.js:678:993)
	at /usr/share/code/resources/app/out/vs/workbench/node/extensionHostProcess.js:677:791
	at /usr/share/code/resources/app/out/vs/workbench/node/extensionHostProcess.js:98:597
	at e.fire (/usr/share/code/resources/app/out/vs/workbench/node/extensionHostProcess.js:99:917)
	at a (/usr/share/code/resources/app/out/vs/workbench/node/extensionHostProcess.js:164:787)
	at Socket._socketDataListener (/usr/share/code/resources/app/out/vs/workbench/node/extensionHostProcess.js:164:1006)
	at emitOne (events.js:116:13)
	at Socket.emit (events.js:211:7)
	at addChunk (_stream_readable.js:263:12)
	at readableAddChunk (_stream_readable.js:250:11)
	at Socket.Readable.push (_stream_readable.js:208:10)
	at Pipe.onread (net.js:594:20)
[2018-11-30 16:54:53.783] [renderer1] [error] Cannot read property 'lineNumber' of null: TypeError: Cannot read property 'lineNumber' of null
	at Object.e.to (/usr/share/code/resources/app/out/vs/workbench/node/extensionHostProcess.js:692:25)
	at e.provideHover (/usr/share/code/resources/app/out/vs/workbench/node/extensionHostProcess.js:749:117)
	at /usr/share/code/resources/app/out/vs/workbench/node/extensionHostProcess.js:763:824
	at e._withAdapter (/usr/share/code/resources/app/out/vs/workbench/node/extensionHostProcess.js:761:91)
	at e.$provideHover (/usr/share/code/resources/app/out/vs/workbench/node/extensionHostProcess.js:763:786)
	at e._doInvokeHandler (/usr/share/code/resources/app/out/vs/workbench/node/extensionHostProcess.js:681:309)
	at e._invokeHandler (/usr/share/code/resources/app/out/vs/workbench/node/extensionHostProcess.js:681:27)
	at e._receiveRequest (/usr/share/code/resources/app/out/vs/workbench/node/extensionHostProcess.js:679:802)
	at e._receiveOneMessage (/usr/share/code/resources/app/out/vs/workbench/node/extensionHostProcess.js:678:993)
	at /usr/share/code/resources/app/out/vs/workbench/node/extensionHostProcess.js:677:791
	at /usr/share/code/resources/app/out/vs/workbench/node/extensionHostProcess.js:98:597
	at e.fire (/usr/share/code/resources/app/out/vs/workbench/node/extensionHostProcess.js:99:917)
	at a (/usr/share/code/resources/app/out/vs/workbench/node/extensionHostProcess.js:164:787)
	at Socket._socketDataListener (/usr/share/code/resources/app/out/vs/workbench/node/extensionHostProcess.js:164:1006)
	at emitOne (events.js:116:13)
	at Socket.emit (events.js:211:7)
	at addChunk (_stream_readable.js:263:12)
	at readableAddChunk (_stream_readable.js:250:11)
	at Socket.Readable.push (_stream_readable.js:208:10)
	at Pipe.onread (net.js:594:20)
[2018-11-30 16:55:19.242] [renderer1] [error] Cannot read property 'lineNumber' of null: TypeError: Cannot read property 'lineNumber' of null
	at Object.e.to (/usr/share/code/resources/app/out/vs/workbench/node/extensionHostProcess.js:692:25)
	at e.provideHover (/usr/share/code/resources/app/out/vs/workbench/node/extensionHostProcess.js:749:117)
	at /usr/share/code/resources/app/out/vs/workbench/node/extensionHostProcess.js:763:824
	at e._withAdapter (/usr/share/code/resources/app/out/vs/workbench/node/extensionHostProcess.js:761:91)
	at e.$provideHover (/usr/share/code/resources/app/out/vs/workbench/node/extensionHostProcess.js:763:786)
	at e._doInvokeHandler (/usr/share/code/resources/app/out/vs/workbench/node/extensionHostProcess.js:681:309)
	at e._invokeHandler (/usr/share/code/resources/app/out/vs/workbench/node/extensionHostProcess.js:681:27)
	at e._receiveRequest (/usr/share/code/resources/app/out/vs/workbench/node/extensionHostProcess.js:679:802)
	at e._receiveOneMessage (/usr/share/code/resources/app/out/vs/workbench/node/extensionHostProcess.js:678:993)
	at /usr/share/code/resources/app/out/vs/workbench/node/extensionHostProcess.js:677:791
	at /usr/share/code/resources/app/out/vs/workbench/node/extensionHostProcess.js:98:597
	at e.fire (/usr/share/code/resources/app/out/vs/workbench/node/extensionHostProcess.js:99:917)
	at a (/usr/share/code/resources/app/out/vs/workbench/node/extensionHostProcess.js:164:787)
	at Socket._socketDataListener (/usr/share/code/resources/app/out/vs/workbench/node/extensionHostProcess.js:164:1006)
	at emitOne (events.js:116:13)
	at Socket.emit (events.js:211:7)
	at addChunk (_stream_readable.js:263:12)
	at readableAddChunk (_stream_readable.js:250:11)
	at Socket.Readable.push (_stream_readable.js:208:10)
	at Pipe.onread (net.js:594:20)
[2018-11-30 16:55:21.470] [renderer1] [error] Cannot read property 'lineNumber' of null: TypeError: Cannot read property 'lineNumber' of null
	at Object.e.to (/usr/share/code/resources/app/out/vs/workbench/node/extensionHostProcess.js:692:25)
	at e.provideHover (/usr/share/code/resources/app/out/vs/workbench/node/extensionHostProcess.js:749:117)
	at /usr/share/code/resources/app/out/vs/workbench/node/extensionHostProcess.js:763:824
	at e._withAdapter (/usr/share/code/resources/app/out/vs/workbench/node/extensionHostProcess.js:761:91)
	at e.$provideHover (/usr/share/code/resources/app/out/vs/workbench/node/extensionHostProcess.js:763:786)
	at e._doInvokeHandler (/usr/share/code/resources/app/out/vs/workbench/node/extensionHostProcess.js:681:309)
	at e._invokeHandler (/usr/share/code/resources/app/out/vs/workbench/node/extensionHostProcess.js:681:27)
	at e._receiveRequest (/usr/share/code/resources/app/out/vs/workbench/node/extensionHostProcess.js:679:802)
	at e._receiveOneMessage (/usr/share/code/resources/app/out/vs/workbench/node/extensionHostProcess.js:678:993)
	at /usr/share/code/resources/app/out/vs/workbench/node/extensionHostProcess.js:677:791
	at /usr/share/code/resources/app/out/vs/workbench/node/extensionHostProcess.js:98:597
	at e.fire (/usr/share/code/resources/app/out/vs/workbench/node/extensionHostProcess.js:99:917)
	at a (/usr/share/code/resources/app/out/vs/workbench/node/extensionHostProcess.js:164:787)
	at Socket._socketDataListener (/usr/share/code/resources/app/out/vs/workbench/node/extensionHostProcess.js:164:1006)
	at emitOne (events.js:116:13)
	at Socket.emit (events.js:211:7)
	at addChunk (_stream_readable.js:263:12)
	at readableAddChunk (_stream_readable.js:250:11)
	at Socket.Readable.push (_stream_readable.js:208:10)
	at Pipe.onread (net.js:594:20)
[2018-11-30 18:41:45.503] [renderer1] [error] Cannot read property 'lineNumber' of null: TypeError: Cannot read property 'lineNumber' of null
	at Object.e.to (/usr/share/code/resources/app/out/vs/workbench/node/extensionHostProcess.js:692:25)
	at e.provideHover (/usr/share/code/resources/app/out/vs/workbench/node/extensionHostProcess.js:749:117)
	at /usr/share/code/resources/app/out/vs/workbench/node/extensionHostProcess.js:763:824
	at e._withAdapter (/usr/share/code/resources/app/out/vs/workbench/node/extensionHostProcess.js:761:91)
	at e.$provideHover (/usr/share/code/resources/app/out/vs/workbench/node/extensionHostProcess.js:763:786)
	at e._doInvokeHandler (/usr/share/code/resources/app/out/vs/workbench/node/extensionHostProcess.js:681:309)
	at e._invokeHandler (/usr/share/code/resources/app/out/vs/workbench/node/extensionHostProcess.js:681:27)
	at e._receiveRequest (/usr/share/code/resources/app/out/vs/workbench/node/extensionHostProcess.js:679:802)
	at e._receiveOneMessage (/usr/share/code/resources/app/out/vs/workbench/node/extensionHostProcess.js:678:993)
	at /usr/share/code/resources/app/out/vs/workbench/node/extensionHostProcess.js:677:791
	at /usr/share/code/resources/app/out/vs/workbench/node/extensionHostProcess.js:98:597
	at e.fire (/usr/share/code/resources/app/out/vs/workbench/node/extensionHostProcess.js:99:917)
	at a (/usr/share/code/resources/app/out/vs/workbench/node/extensionHostProcess.js:164:787)
	at Socket._socketDataListener (/usr/share/code/resources/app/out/vs/workbench/node/extensionHostProcess.js:164:1006)
	at emitOne (events.js:116:13)
	at Socket.emit (events.js:211:7)
	at addChunk (_stream_readable.js:263:12)
	at readableAddChunk (_stream_readable.js:250:11)
	at Socket.Readable.push (_stream_readable.js:208:10)
	at Pipe.onread (net.js:594:20)
[2018-11-30 19:22:01.265] [renderer1] [error] Cannot read property 'lineNumber' of null: TypeError: Cannot read property 'lineNumber' of null
	at Object.e.to (/usr/share/code/resources/app/out/vs/workbench/node/extensionHostProcess.js:692:25)
	at e.provideHover (/usr/share/code/resources/app/out/vs/workbench/node/extensionHostProcess.js:749:117)
	at /usr/share/code/resources/app/out/vs/workbench/node/extensionHostProcess.js:763:824
	at e._withAdapter (/usr/share/code/resources/app/out/vs/workbench/node/extensionHostProcess.js:761:91)
	at e.$provideHover (/usr/share/code/resources/app/out/vs/workbench/node/extensionHostProcess.js:763:786)
	at e._doInvokeHandler (/usr/share/code/resources/app/out/vs/workbench/node/extensionHostProcess.js:681:309)
	at e._invokeHandler (/usr/share/code/resources/app/out/vs/workbench/node/extensionHostProcess.js:681:27)
	at e._receiveRequest (/usr/share/code/resources/app/out/vs/workbench/node/extensionHostProcess.js:679:802)
	at e._receiveOneMessage (/usr/share/code/resources/app/out/vs/workbench/node/extensionHostProcess.js:678:993)
	at /usr/share/code/resources/app/out/vs/workbench/node/extensionHostProcess.js:677:791
	at /usr/share/code/resources/app/out/vs/workbench/node/extensionHostProcess.js:98:597
	at e.fire (/usr/share/code/resources/app/out/vs/workbench/node/extensionHostProcess.js:99:917)
	at a (/usr/share/code/resources/app/out/vs/workbench/node/extensionHostProcess.js:164:787)
	at Socket._socketDataListener (/usr/share/code/resources/app/out/vs/workbench/node/extensionHostProcess.js:164:1006)
	at emitOne (events.js:116:13)
	at Socket.emit (events.js:211:7)
	at addChunk (_stream_readable.js:263:12)
	at readableAddChunk (_stream_readable.js:250:11)
	at Socket.Readable.push (_stream_readable.js:208:10)
	at Pipe.onread (net.js:594:20)
[2018-11-30 19:35:36.545] [renderer1] [error] Cannot read property 'lineNumber' of null: TypeError: Cannot read property 'lineNumber' of null
	at Object.e.to (/usr/share/code/resources/app/out/vs/workbench/node/extensionHostProcess.js:692:25)
	at e.provideHover (/usr/share/code/resources/app/out/vs/workbench/node/extensionHostProcess.js:749:117)
	at /usr/share/code/resources/app/out/vs/workbench/node/extensionHostProcess.js:763:824
	at e._withAdapter (/usr/share/code/resources/app/out/vs/workbench/node/extensionHostProcess.js:761:91)
	at e.$provideHover (/usr/share/code/resources/app/out/vs/workbench/node/extensionHostProcess.js:763:786)
	at e._doInvokeHandler (/usr/share/code/resources/app/out/vs/workbench/node/extensionHostProcess.js:681:309)
	at e._invokeHandler (/usr/share/code/resources/app/out/vs/workbench/node/extensionHostProcess.js:681:27)
	at e._receiveRequest (/usr/share/code/resources/app/out/vs/workbench/node/extensionHostProcess.js:679:802)
	at e._receiveOneMessage (/usr/share/code/resources/app/out/vs/workbench/node/extensionHostProcess.js:678:993)
	at /usr/share/code/resources/app/out/vs/workbench/node/extensionHostProcess.js:677:791
	at /usr/share/code/resources/app/out/vs/workbench/node/extensionHostProcess.js:98:597
	at e.fire (/usr/share/code/resources/app/out/vs/workbench/node/extensionHostProcess.js:99:917)
	at a (/usr/share/code/resources/app/out/vs/workbench/node/extensionHostProcess.js:164:787)
	at Socket._socketDataListener (/usr/share/code/resources/app/out/vs/workbench/node/extensionHostProcess.js:164:1006)
	at emitOne (events.js:116:13)
	at Socket.emit (events.js:211:7)
	at addChunk (_stream_readable.js:263:12)
	at readableAddChunk (_stream_readable.js:250:11)
	at Socket.Readable.push (_stream_readable.js:208:10)
	at Pipe.onread (net.js:594:20)
