[2018-11-30 09:42:06.655] [sharedprocess] [info] main {"machineId":"bc6780d3df07958fd8265e1f2de50453f8eb6c8632bd6d10c08d9ff36801141a"}
[2018-11-30 09:42:06.804] [sharedprocess] [info] Scanned user extensions: 9
[2018-11-30 09:42:08.413] [sharedprocess] [info] Scanned user extensions: 9
[2018-11-30 09:42:08.421] [sharedprocess] [info] Scanned user extensions: 9
[2018-11-30 09:42:09.204] [sharedprocess] [info] Deleted from disk calebporzio.better-phpunit-1.1.1
[2018-11-30 09:42:09.996] [sharedprocess] [info] Scanned system extensions: 71
[2018-11-30 09:42:09.996] [sharedprocess] [info] Scanned system extensions: 71
[2018-11-30 09:42:14.019] [sharedprocess] [info] Scanned user extensions: 9
[2018-11-30 09:42:46.660] [sharedprocess] [info] Starting to clean up unused language packs.
[2018-11-30 09:47:14.039] [sharedprocess] [info] Scanned user extensions: 9
[2018-11-30 09:52:14.055] [sharedprocess] [info] Scanned user extensions: 9
[2018-11-30 09:57:14.072] [sharedprocess] [info] Scanned user extensions: 9
[2018-11-30 10:02:14.084] [sharedprocess] [info] Scanned user extensions: 9
[2018-11-30 10:07:14.095] [sharedprocess] [info] Scanned user extensions: 9
[2018-11-30 10:12:14.111] [sharedprocess] [info] Scanned user extensions: 9
[2018-11-30 10:17:14.127] [sharedprocess] [info] Scanned user extensions: 9
[2018-11-30 10:22:14.143] [sharedprocess] [info] Scanned user extensions: 9
[2018-11-30 10:27:14.159] [sharedprocess] [info] Scanned user extensions: 9
[2018-11-30 10:32:14.177] [sharedprocess] [info] Scanned user extensions: 9
[2018-11-30 10:37:14.193] [sharedprocess] [info] Scanned user extensions: 9
[2018-11-30 10:42:14.256] [sharedprocess] [info] Scanned user extensions: 9
[2018-11-30 10:47:14.270] [sharedprocess] [info] Scanned user extensions: 9
[2018-11-30 10:52:14.287] [sharedprocess] [info] Scanned user extensions: 9
[2018-11-30 10:57:14.298] [sharedprocess] [info] Scanned user extensions: 9
[2018-11-30 11:02:14.313] [sharedprocess] [info] Scanned user extensions: 9
[2018-11-30 11:07:14.330] [sharedprocess] [info] Scanned user extensions: 9
[2018-11-30 11:12:14.350] [sharedprocess] [info] Scanned user extensions: 9
[2018-11-30 11:17:14.364] [sharedprocess] [info] Scanned user extensions: 9
[2018-11-30 11:22:14.379] [sharedprocess] [info] Scanned user extensions: 9
[2018-11-30 11:27:14.396] [sharedprocess] [info] Scanned user extensions: 9
[2018-11-30 11:32:14.411] [sharedprocess] [info] Scanned user extensions: 9
[2018-11-30 11:37:14.429] [sharedprocess] [info] Scanned user extensions: 9
[2018-11-30 11:42:14.474] [sharedprocess] [info] Scanned user extensions: 9
[2018-11-30 11:47:14.490] [sharedprocess] [info] Scanned user extensions: 9
[2018-11-30 11:52:14.506] [sharedprocess] [info] Scanned user extensions: 9
[2018-11-30 11:57:14.523] [sharedprocess] [info] Scanned user extensions: 9
[2018-11-30 12:02:14.539] [sharedprocess] [info] Scanned user extensions: 9
[2018-11-30 12:07:14.554] [sharedprocess] [info] Scanned user extensions: 9
[2018-11-30 12:12:14.571] [sharedprocess] [info] Scanned user extensions: 9
[2018-11-30 12:17:14.587] [sharedprocess] [info] Scanned user extensions: 9
[2018-11-30 12:22:14.602] [sharedprocess] [info] Scanned user extensions: 9
[2018-11-30 12:27:14.620] [sharedprocess] [info] Scanned user extensions: 9
[2018-11-30 12:32:14.636] [sharedprocess] [info] Scanned user extensions: 9
[2018-11-30 12:37:14.654] [sharedprocess] [info] Scanned user extensions: 9
[2018-11-30 12:42:14.865] [sharedprocess] [info] Scanned user extensions: 9
[2018-11-30 12:47:14.888] [sharedprocess] [info] Scanned user extensions: 9
[2018-11-30 12:52:14.898] [sharedprocess] [info] Scanned user extensions: 9
[2018-11-30 12:57:14.917] [sharedprocess] [info] Scanned user extensions: 9
[2018-11-30 13:02:14.930] [sharedprocess] [info] Scanned user extensions: 9
[2018-11-30 13:07:14.947] [sharedprocess] [info] Scanned user extensions: 9
[2018-11-30 13:12:15.259] [sharedprocess] [info] Scanned user extensions: 9
[2018-11-30 13:17:15.275] [sharedprocess] [info] Scanned user extensions: 9
[2018-11-30 13:22:15.291] [sharedprocess] [info] Scanned user extensions: 9
[2018-11-30 13:27:15.311] [sharedprocess] [info] Scanned user extensions: 9
[2018-11-30 13:32:15.323] [sharedprocess] [info] Scanned user extensions: 9
[2018-11-30 13:37:15.340] [sharedprocess] [info] Scanned user extensions: 9
[2018-11-30 13:42:15.379] [sharedprocess] [info] Scanned user extensions: 9
[2018-11-30 13:47:15.396] [sharedprocess] [info] Scanned user extensions: 9
[2018-11-30 13:52:15.412] [sharedprocess] [info] Scanned user extensions: 9
[2018-11-30 13:57:15.429] [sharedprocess] [info] Scanned user extensions: 9
[2018-11-30 14:02:15.445] [sharedprocess] [info] Scanned user extensions: 9
[2018-11-30 14:07:15.461] [sharedprocess] [info] Scanned user extensions: 9
[2018-11-30 14:12:15.476] [sharedprocess] [info] Scanned user extensions: 9
[2018-11-30 14:17:15.494] [sharedprocess] [info] Scanned user extensions: 9
[2018-11-30 14:22:15.509] [sharedprocess] [info] Scanned user extensions: 9
[2018-11-30 14:27:15.524] [sharedprocess] [info] Scanned user extensions: 9
[2018-11-30 14:32:15.544] [sharedprocess] [info] Scanned user extensions: 9
[2018-11-30 14:37:15.555] [sharedprocess] [info] Scanned user extensions: 9
[2018-11-30 14:42:15.638] [sharedprocess] [info] Scanned user extensions: 9
[2018-11-30 14:47:15.655] [sharedprocess] [info] Scanned user extensions: 9
[2018-11-30 14:52:15.672] [sharedprocess] [info] Scanned user extensions: 9
[2018-11-30 14:57:15.683] [sharedprocess] [info] Scanned user extensions: 9
[2018-11-30 15:02:15.696] [sharedprocess] [info] Scanned user extensions: 9
[2018-11-30 15:07:15.713] [sharedprocess] [info] Scanned user extensions: 9
[2018-11-30 15:12:15.727] [sharedprocess] [info] Scanned user extensions: 9
[2018-11-30 15:17:15.744] [sharedprocess] [info] Scanned user extensions: 9
[2018-11-30 15:22:15.760] [sharedprocess] [info] Scanned user extensions: 9
[2018-11-30 15:27:15.777] [sharedprocess] [info] Scanned user extensions: 9
[2018-11-30 15:32:15.790] [sharedprocess] [info] Scanned user extensions: 9
[2018-11-30 15:37:15.806] [sharedprocess] [info] Scanned user extensions: 9
[2018-11-30 15:42:15.927] [sharedprocess] [info] Scanned user extensions: 9
[2018-11-30 15:47:15.943] [sharedprocess] [info] Scanned user extensions: 9
[2018-11-30 15:52:15.960] [sharedprocess] [info] Scanned user extensions: 9
[2018-11-30 15:57:16.032] [sharedprocess] [info] Scanned user extensions: 9
[2018-11-30 16:02:16.048] [sharedprocess] [info] Scanned user extensions: 9
[2018-11-30 16:07:16.059] [sharedprocess] [info] Scanned user extensions: 9
[2018-11-30 16:12:16.075] [sharedprocess] [info] Scanned user extensions: 9
[2018-11-30 16:17:16.094] [sharedprocess] [info] Scanned user extensions: 9
[2018-11-30 16:22:16.106] [sharedprocess] [info] Scanned user extensions: 9
[2018-11-30 16:27:16.125] [sharedprocess] [info] Scanned user extensions: 9
[2018-11-30 16:32:16.140] [sharedprocess] [info] Scanned user extensions: 9
[2018-11-30 16:37:16.157] [sharedprocess] [info] Scanned user extensions: 9
[2018-11-30 16:42:16.277] [sharedprocess] [info] Scanned user extensions: 9
[2018-11-30 16:47:16.291] [sharedprocess] [info] Scanned user extensions: 9
[2018-11-30 16:52:16.307] [sharedprocess] [info] Scanned user extensions: 9
[2018-11-30 16:57:16.327] [sharedprocess] [info] Scanned user extensions: 9
[2018-11-30 17:02:16.344] [sharedprocess] [info] Scanned user extensions: 9
[2018-11-30 17:07:16.365] [sharedprocess] [info] Scanned user extensions: 9
[2018-11-30 17:12:16.384] [sharedprocess] [info] Scanned user extensions: 9
[2018-11-30 17:17:16.399] [sharedprocess] [info] Scanned user extensions: 9
[2018-11-30 17:22:16.416] [sharedprocess] [info] Scanned user extensions: 9
[2018-11-30 17:27:16.436] [sharedprocess] [info] Scanned user extensions: 9
[2018-11-30 17:32:16.452] [sharedprocess] [info] Scanned user extensions: 9
[2018-11-30 17:37:16.466] [sharedprocess] [info] Scanned user extensions: 9
[2018-11-30 17:42:16.504] [sharedprocess] [info] Scanned user extensions: 9
[2018-11-30 17:47:16.520] [sharedprocess] [info] Scanned user extensions: 9
[2018-11-30 17:52:16.535] [sharedprocess] [info] Scanned user extensions: 9
[2018-11-30 17:57:16.552] [sharedprocess] [info] Scanned user extensions: 9
[2018-11-30 18:02:16.566] [sharedprocess] [info] Scanned user extensions: 9
[2018-11-30 18:07:16.581] [sharedprocess] [info] Scanned user extensions: 9
[2018-11-30 18:12:16.597] [sharedprocess] [info] Scanned user extensions: 9
[2018-11-30 18:17:16.632] [sharedprocess] [info] Scanned user extensions: 9
[2018-11-30 18:22:16.643] [sharedprocess] [info] Scanned user extensions: 9
[2018-11-30 18:27:16.660] [sharedprocess] [info] Scanned user extensions: 9
[2018-11-30 18:32:16.675] [sharedprocess] [info] Scanned user extensions: 9
[2018-11-30 18:37:16.694] [sharedprocess] [info] Scanned user extensions: 9
[2018-11-30 18:42:17.308] [sharedprocess] [info] Scanned user extensions: 9
[2018-11-30 18:47:17.323] [sharedprocess] [info] Scanned user extensions: 9
[2018-11-30 18:52:17.339] [sharedprocess] [info] Scanned user extensions: 9
[2018-11-30 18:57:17.356] [sharedprocess] [info] Scanned user extensions: 9
[2018-11-30 19:02:17.372] [sharedprocess] [info] Scanned user extensions: 9
[2018-11-30 19:07:17.395] [sharedprocess] [info] Scanned user extensions: 9
[2018-11-30 19:12:17.418] [sharedprocess] [info] Scanned user extensions: 9
[2018-11-30 19:17:17.435] [sharedprocess] [info] Scanned user extensions: 9
[2018-11-30 19:22:17.446] [sharedprocess] [info] Scanned user extensions: 9
[2018-11-30 19:27:17.465] [sharedprocess] [info] Scanned user extensions: 9
[2018-11-30 19:32:17.481] [sharedprocess] [info] Scanned user extensions: 9
[2018-11-30 19:37:17.492] [sharedprocess] [info] Scanned user extensions: 9
[2018-11-30 19:42:17.561] [sharedprocess] [info] Scanned user extensions: 9
[2018-11-30 19:47:17.579] [sharedprocess] [info] Scanned user extensions: 9
