Looking for git in: git
Using git 2.7.4 from git
> git rev-parse --show-toplevel
> git config --get commit.template
Open repository: /var/www/html/code1/codeigniter
> git status -z -u
> git check-ignore -z --stdin
> git show :ng6/src/app/notes/notes.component.ts
> git check-ignore -z --stdin
> git check-ignore -z --stdin
> git check-ignore -z --stdin
> git check-ignore -z --stdin
> git show :application/controllers/testingcontroller.php
> git ls-files --stage -- application/controllers/
> git check-ignore -z --stdin
> git show :application/config/routes.php
> git show :application/controllers/testingcontroller.php
> git ls-files --stage -- application/controllers/
> git show :application/controllers/test.php
> git ls-files --stage -- application/controllers/
> git status -z -u
> git show :application/controllers/testingcontroller.php
> git ls-files --stage -- application/controllers/
> git show :application/controllers/test.php
> git ls-files --stage -- application/controllers/
> git show :application/controllers/testingcontroller.php
> git ls-files --stage -- application/controllers/
> git show :application/controllers/test.php
> git ls-files --stage -- application/controllers/
> git show :application/config/routes.php
> git status -z -u
> git show :application/controllers/testingcontroller.php
> git ls-files --stage -- application/controllers/
> git show :application/controllers/test.php
> git ls-files --stage -- application/controllers/
> git show :application/controllers/Notescontroller.php
> git show :application/controllers/Accountcontroller.php
> git check-ignore -z --stdin
> git check-ignore -z --stdin
> git show :application/views/tests.php
> git ls-files --stage -- application/views/
> git show :application/views/style.css
> git show :application/views/test.php
> git show :application/views/tests.php
> git ls-files --stage -- application/views/
> git show :application/controllers/testingcontroller.php
> git ls-files --stage -- application/controllers/
> git show :application/controllers/test.php
> git ls-files --stage -- application/controllers/
> git status -z -u
> git show :application/controllers/testingcontroller.php
> git ls-files --stage -- application/controllers/
> git show :application/controllers/test.php
> git ls-files --stage -- application/controllers/
> git status -z -u
> git status -z -u
> git status -z -u
> git show :application/config/routes.php
> git status -z -u
> git show :application/controllers/test.php
> git ls-files --stage -- application/controllers/
> git show :application/config/routes.php
> git show :application/controllers/test.php
> git ls-files --stage -- application/controllers/
> git show :application/config/routes.php
> git show :application/controllers/test.php
> git ls-files --stage -- application/controllers/
> git show :application/config/routes.php
> git show :application/controllers/test.php
> git ls-files --stage -- application/controllers/
> git show :application/views/tests.php
> git ls-files --stage -- application/views/
> git show :application/controllers/test.php
> git ls-files --stage -- application/controllers/
> git show :application/config/routes.php
> git show :application/controllers/Notescontroller.php
> git show :application/controllers/test.php
> git ls-files --stage -- application/controllers/
> git show :application/controllers/Notescontroller.php
> git show :application/config/routes.php
> git show :application/controllers/test.php
> git ls-files --stage -- application/controllers/
> git show :application/config/routes.php
> git show :application/controllers/test.php
> git ls-files --stage -- application/controllers/
> git show :ng6/src/app/service/createlabel.service.ts
> git show :application/controllers/test.php
> git ls-files --stage -- application/controllers/
> git show :ng6/src/app/notes/notes.component.ts
> git show :application/controllers/test.php
> git ls-files --stage -- application/controllers/
> git check-ignore -z --stdin
> git check-ignore -z --stdin
> git show :application/config/routes.php
> git show :ng6/src/app/bin/bin.component.css
> git check-ignore -z --stdin
> git check-ignore -z --stdin
> git show :ng6/src/app/notes/notes.component.html
